--- 2026-06-15 15:34:10 ---
🔭 Argus 正在扫描...

  [1/27] 沪深300ETF (在线)
  [2/27] 中证500ETF (在线)
  [3/27] 中证1000ETF (在线)
  [4/27] 创业板ETF (在线)
  [5/27] 科创50ETF (在线)
  [6/27] 半导体ETF (在线)
  [7/27] 芯片ETF (在线)
  [8/27] 通信ETF (在线)
  [9/27] 稀有金属ETF (在线)
  [10/27] 人工智能ETF (在线)
  [11/27] 医药ETF (在线)
  [12/27] 酒ETF (在线)
  [13/27] 汽车ETF (在线)
  [14/27] 银行ETF (在线)
  [15/27] 证券ETF (在线)
  [16/27] 房地产ETF (在线)
  [17/27] 有色金属ETF (在线)
  [18/27] 黄金股ETF (在线)
  [19/27] 新能源ETF (在线)
  [20/27] 光伏ETF (在线)
  [21/27] 传媒ETF (在线)
  [22/27] 军工ETF (在线)
  [23/27] 游戏ETF (在线)
  [24/27] 环保ETF (在线)
  [25/27] 恒生科技ETF (在线)
  [26/27] 红利ETF (在线)
  [27/27] 机器人ETF (在线)
  完成! (在线: 27, 缓存: 0)

============================================================
  ★ 买入信号  (1只)
============================================================
  代码        名称  现价  MA5  MA20  MA50  MA100 距MA50  量比 回踩MA50 MA5拐头       状态                  突破 风险等级    信号评估                    场外基金
562800 稀有金属ETF 1.097 1.04 1.062 1.086  1.076  +1.0%  1.56       是       ↑ ★ 买入信号 ⬆ 突破(5/5日在MA50下)     低位 中|均线紊乱 014111 嘉实稀有金属ETF联接C

============================================================
  ▲ 接近支撑  (1只)
============================================================
  代码      名称  现价   MA5  MA20  MA50  MA100 距MA50  量比 回踩MA50 MA5拐头       状态         试探 风险等级
562500 机器人ETF 1.087 1.131 1.157 1.075  1.059  +1.1%  0.71       是       ↓ ▲ 接近支撑 ◆ 安全垫1.6%      NaN

============================================================
  ◇ 多头排列  (8只)
============================================================
  代码        名称  现价   MA5  MA20  MA50  MA100 距MA50  量比 回踩MA50 MA5拐头       状态                  突破 风险等级
515880     通信ETF 1.689 1.640 1.594 1.433  1.566 +17.9%  1.27       否       ↓ ◇ 多头排列                            NaN
159995     芯片ETF 2.514 2.419 2.487 2.175  2.026 +15.6%  0.85       否       ↓ ◇ 多头排列                            NaN
512480   半导体ETF 2.231 2.135 2.165 1.900  1.754 +17.4%  0.83       否       ↑ ◇ 多头排列                            NaN
510300  沪深300ETF 4.919 4.820 4.874 4.804  4.741  +2.4%  1.96       是       ↓ ◇ 多头排列                            NaN
159915   创业板ETF 4.045 3.913 3.981 3.772  3.530  +7.2%  0.99       是       ↓ ◇ 多头排列                            NaN
512100 中证1000ETF 3.439 3.336 3.407 3.361  3.315  +2.3%  1.00       是       ↓ ◇ 多头排列 ⬆ 突破(4/5日在MA50下)      NaN
510500  中证500ETF 8.544 8.272 8.465 8.384  8.340  +1.9%  1.79       是       ↓ ◇ 多头排列 ⬆ 突破(5/5日在MA50下)      NaN
588000   科创50ETF 1.844 1.771 1.835 1.678  1.592  +9.9%  0.83       是       ↓ ◇ 多头排列                            NaN

============================================================
  - 趋势完好  (2只)
============================================================
  代码        名称  现价   MA5  MA20  MA50  MA100 距MA50  量比 回踩MA50 MA5拐头       状态 风险等级
512800     银行ETF 0.802 0.803 0.782 0.789  0.787  +1.7%  1.47       是       ↑ - 趋势完好      NaN
515070 人工智能ETF 2.474 2.410 2.490 2.316  2.160  +6.8%  0.90       是       ↓ - 趋势完好      NaN

============================================================
  ✗ 趋势偏弱  (15只)
============================================================
  代码        名称  现价   MA5  MA20  MA50  MA100 距MA50  量比 回踩MA50 MA5拐头       状态 风险等级
512690       酒ETF 0.426 0.425 0.441 0.466  0.495  -8.6%  0.64       是       ↓ ✗ 趋势偏弱      NaN
516110     汽车ETF 1.193 1.186 1.243 1.289  1.328  -7.4%  0.50       是       ↓ ✗ 趋势偏弱      NaN
510880     红利ETF 3.249 3.273 3.247 3.252  3.233  -0.1%  1.18       是       ↓ ✗ 趋势偏弱      NaN
512880     证券ETF 1.072 1.030 1.034 1.053  1.102  +1.8%  1.96       是       ↑ ✗ 趋势偏弱      NaN
512200   房地产ETF 1.285 1.270 1.329 1.373  1.435  -6.4%  0.46       是       ↓ ✗ 趋势偏弱      NaN
517520   黄金股ETF 1.918 1.773 1.880 2.100  2.304  -8.7%  1.66       是       ↓ ✗ 趋势偏弱      NaN
516160   新能源ETF 2.968 2.897 3.054 3.124  3.100  -5.0%  1.68       是       ↓ ✗ 趋势偏弱      NaN
515790     光伏ETF 1.018 1.005 1.066 1.067  1.088  -4.6%  0.59       是       ↓ ✗ 趋势偏弱      NaN
512980     传媒ETF 0.842 0.843 0.898 0.964  1.047 -12.7%  0.91       是       ↓ ✗ 趋势偏弱      NaN
512660     军工ETF 1.266 1.238 1.294 1.349  1.403  -6.2%  0.90       是       ↓ ✗ 趋势偏弱      NaN
159869     游戏ETF 1.078 1.078 1.146 1.245  1.367 -13.4%  0.80       是       ↓ ✗ 趋势偏弱      NaN
512580     环保ETF 1.340 1.322 1.387 1.391  1.373  -3.7%  0.82       是       ↓ ✗ 趋势偏弱      NaN
513180 恒生科技ETF 0.602 0.599 0.617 0.626  0.658  -3.8%  0.57       是       ↓ ✗ 趋势偏弱      NaN
512010     医药ETF 0.329 0.326 0.335 0.355  0.366  -7.4%  0.68       是       ↑ ✗ 趋势偏弱      NaN
512400 有色金属ETF 2.063 1.926 1.968 2.058  2.131  +0.3%  2.06       是       ↑ ✗ 趋势偏弱      NaN

────────────────────────────────────────────────────────────
  扫描: 27  成功: 27  异常: 0
  ★买入: 1  ▲支撑: 1  ◇多头: 8  ◆试探: 1  ⬆突破: 3

  📕 小红书日志已保存: scan_20260615_xhs.txt

============================================================
  🔍 尾盘对比 (14:45 vs 15:00)
============================================================
  尾盘无显著变化，行情平稳收尾

  📨 已推送飞书
