--- 2026-05-21 14:50:38 ---
🌅 Argus 早盘分析(实时数据)...

  [1/27] 沪深300ETF (在线)
  [2/27] 中证500ETF (在线)
  [3/27] 中证1000ETF (在线)
  [4/27] 创业板ETF (在线)
  [5/27] 科创50ETF (在线)
  [6/27] 半导体ETF (在线)
  [7/27] 芯片ETF (在线)
  [8/27] 通信ETF (在线)
  [9/27] 稀有金属ETF (在线)
  [10/27] 人工智能ETF (在线)
  [11/27] 医药ETF (在线)
  [12/27] 酒ETF (在线)
  [13/27] 汽车ETF (在线)
  [14/27] 银行ETF (在线)
  [15/27] 证券ETF (在线)
  [16/27] 房地产ETF (在线)
  [17/27] 有色金属ETF (在线)
  [18/27] 黄金股ETF (在线)
  [19/27] 新能源ETF (在线)
  [20/27] 光伏ETF (在线)
  [21/27] 传媒ETF (在线)
  [22/27] 军工ETF (在线)
  [23/27] 游戏ETF (在线)
  [24/27] 环保ETF (在线)
  [25/27] 恒生科技ETF (在线)
  [26/27] 红利ETF (在线)
  [27/27] 机器人ETF (在线)
  完成! (在线: 27, 缓存: 0)

============================================================
  ▲ 接近支撑  (4只)
============================================================
  代码        名称  现价  昨收 开盘涨跌 早盘涨跌  早盘量能 距MA50  量比 MA5拐头       状态
510300  沪深300ETF 4.810 4.871   +0.53%   -1.25%      1.03  +2.2%  0.99       ↓ ▲ 接近支撑
510500  中证500ETF 8.508 8.748   +0.59%   -2.74%      0.71  +3.2%  0.68       ↓ ▲ 接近支撑
512100 中证1000ETF 3.428 3.545   +0.28%   -3.30%      0.96  +4.2%  0.92       ↓ ▲ 接近支撑
512580     环保ETF 1.412 1.449   +0.07%   -2.55%      0.72  +1.1%  0.70       ↓ ▲ 接近支撑

============================================================
  ◇ 多头排列  (4只)
============================================================
  代码      名称  现价  昨收 开盘涨跌 早盘涨跌  早盘量能 距MA50  量比 MA5拐头       状态
159995   芯片ETF 2.465 2.547   +2.47%   -3.22%      1.25 +28.1%  1.20       ↑ ◇ 多头排列
562500 机器人ETF 1.185 1.193   +0.17%   -0.67%      1.52 +16.3%  1.47       ↑ ◇ 多头排列
588000 科创50ETF 1.860 1.931   +1.86%   -3.68%      1.31 +21.1%  1.26       ↑ ◇ 多头排列
512480 半导体ETF 2.128 2.227   +1.75%   -4.45%      1.15 +26.8%  1.11       ↑ ◇ 多头排列

============================================================
  - 趋势完好  (2只)
============================================================
  代码        名称  现价  昨收 开盘涨跌 早盘涨跌  早盘量能 距MA50  量比 MA5拐头       状态
159915   创业板ETF 3.844 3.932   +0.97%   -2.24%      1.33  +8.9%  1.28       ↓ - 趋势完好
515070 人工智能ETF 2.446 2.536   +0.91%   -3.55%      1.03 +15.3%  0.99       ↓ - 趋势完好

============================================================
  ✗ 趋势偏弱  (17只)
============================================================
  代码        名称  现价  昨收 开盘涨跌 早盘涨跌  早盘量能 距MA50  量比 MA5拐头       状态
513180 恒生科技ETF 0.608 0.621   +0.81%   -2.09%      1.11  -3.8%  1.08       ↓ ✗ 趋势偏弱
159869     游戏ETF 1.214 1.248   +0.16%   -2.72%      0.88  -7.7%  0.86       ↓ ✗ 趋势偏弱
512660     军工ETF 1.337 1.371   +0.58%   -2.48%      0.87  -3.1%  0.84       ↓ ✗ 趋势偏弱
512980     传媒ETF 0.943 0.969   +0.52%   -2.68%      0.97  -6.7%  0.94       ↓ ✗ 趋势偏弱
515790     光伏ETF 1.090 1.126   +0.62%   -3.20%      1.38  -0.0%  1.33       ↓ ✗ 趋势偏弱
516160   新能源ETF 3.142 3.231   +0.46%   -2.75%      0.95  -0.5%  0.92       ↓ ✗ 趋势偏弱
517520   黄金股ETF 1.906 1.949   +1.18%   -2.21%      1.32 -15.4%  1.28       ↓ ✗ 趋势偏弱
512400 有色金属ETF 1.946 1.985   +1.11%   -1.96%      0.97  -6.8%  0.94       ↓ ✗ 趋势偏弱
512880     证券ETF 1.053 1.049   +0.67%   +0.38%      1.98  -1.6%  1.91       ↓ ✗ 趋势偏弱
510880     红利ETF 3.168 3.215   -0.31%   -1.46%      1.51  -3.0%  1.46       ↓ ✗ 趋势偏弱
516110     汽车ETF 1.298 1.277   -0.23%   +1.64%      1.83  -1.5%  1.77       ↓ ✗ 趋势偏弱
512690       酒ETF 0.453 0.455   -0.22%   -0.44%      0.92  -7.0%  0.89       ↓ ✗ 趋势偏弱
512010     医药ETF 0.349 0.347   +0.00%   +0.58%      1.48  -4.7%  1.43       ↓ ✗ 趋势偏弱
562800 稀有金属ETF 1.052 1.080   +0.65%   -2.59%      1.09  -2.1%  1.05       ↓ ✗ 趋势偏弱
515880     通信ETF 1.441 1.517   +1.05%   -5.01%      1.41 +15.4%  1.36       ↓ ✗ 趋势偏弱
512200   房地产ETF 1.363 1.416   -0.21%   -3.74%      0.72  -3.2%  0.70       ↓ ✗ 趋势偏弱
512800     银行ETF 0.771 0.768   +0.00%   +0.39%      1.19  -2.6%  1.15       ↓ ✗ 趋势偏弱

────────────────────────────────────────────────────────────
  扫描: 27  成功: 27  异常: 0
  ★买入: 0  ▲支撑: 4  ◇多头: 4

============================================================
  🌅 早盘概览
============================================================
  ↑涨 4 只  ↓跌 23 只  平 0 只
  领涨: 汽车ETF +1.64%  量能 1.83x
  领跌: 通信ETF -5.01%  量能 1.41x


============================================================
  📊 持仓监控 (1 只)
============================================================
  🔵 持有 中证500ETF(004348 南方中证500C)
     ★ 买入信号 → ▲ 接近支撑  距MA50 +3.2%  → 持有观望
  📨 已推送飞书
