--- 2026-06-12 10:28:10 ---
🌅 Argus 早盘分析(实时数据)...

  [1/27] 沪深300ETF (在线)
  [2/27] 中证500ETF (在线)
  [3/27] 中证1000ETF (在线)
  [4/27] 创业板ETF (在线)
  [5/27] 科创50ETF (在线)
  [6/27] 半导体ETF (在线)
  [7/27] 芯片ETF (在线)
  [8/27] 通信ETF (在线)
  [9/27] 稀有金属ETF (在线)
  [10/27] 人工智能ETF (在线)
  [11/27] 医药ETF (在线)
  [12/27] 酒ETF (在线)
  [13/27] 汽车ETF (在线)
  [14/27] 银行ETF (在线)
  [15/27] 证券ETF (在线)
  [16/27] 房地产ETF (在线)
  [17/27] 有色金属ETF (在线)
  [18/27] 黄金股ETF (在线)
  [19/27] 新能源ETF (在线)
  [20/27] 光伏ETF (在线)
  [21/27] 传媒ETF (在线)
  [22/27] 军工ETF (在线)
  [23/27] 游戏ETF (在线)
  [24/27] 环保ETF (在线)
  [25/27] 恒生科技ETF (在线)
  [26/27] 红利ETF (在线)
  [27/27] 机器人ETF (在线)
  完成! (在线: 27, 缓存: 0)

============================================================
  ▲ 接近支撑  (4只)
============================================================
  代码        名称  现价  昨收 开盘涨跌 早盘涨跌  早盘量能 距MA50  量比 MA5拐头       状态                试探
510300  沪深300ETF 4.806 4.751   +1.24%   +1.16%      1.17  +0.2%  0.28       ↓ ▲ 接近支撑        ◆ 安全垫1.1%
515070 人工智能ETF 2.360 2.352   +2.21%   +0.34%      1.58  +2.5%  0.39       ↓ ▲ 接近支撑 ◇ 待验证 安全垫6.8%
159915   创业板ETF 3.880 3.830   +2.66%   +1.31%      1.82  +3.3%  0.44       ↓ ▲ 接近支撑                    
562500   机器人ETF 1.108 1.090   +1.38%   +1.65%      1.42  +3.0%  0.38       ↓ ▲ 接近支撑                    

============================================================
  ◇ 多头排列  (2只)
============================================================
  代码        名称  现价  昨收 开盘涨跌 早盘涨跌  早盘量能 距MA50  量比 MA5拐头       状态                  突破
512800     银行ETF 0.808 0.802   -0.62%   +0.75%      3.03  +2.4%  0.77       ↑ ◇ 多头排列                      
562800 稀有金属ETF 1.093 1.058   +1.98%   +3.31%      2.40  +0.6%  0.60       ↑ ◇ 多头排列 ⬆ 突破(5/5日在MA50下)

============================================================
  - 趋势完好  (5只)
============================================================
  代码      名称  现价  昨收 开盘涨跌 早盘涨跌  早盘量能 距MA50  量比 MA5拐头       状态
510880   红利ETF 3.281 3.260   -0.43%   +0.64%      1.19  +0.9%  0.31       ↓ - 趋势完好
588000 科创50ETF 1.792 1.756   +3.93%   +2.05%      1.64  +7.5%  0.40       ↓ - 趋势完好
159995   芯片ETF 2.428 2.399   +3.88%   +1.21%      1.73 +12.5%  0.43       ↓ - 趋势完好
512480 半导体ETF 2.150 2.130   +4.08%   +0.94%      1.82 +14.1%  0.45       ↓ - 趋势完好
515880   通信ETF 1.603 1.603   +2.93%   +0.00%      2.75 +12.8%  0.68       ↓ - 趋势完好

============================================================
  ✗ 趋势偏弱  (16只)
============================================================
  代码        名称  现价  昨收 开盘涨跌 早盘涨跌  早盘量能 距MA50  量比 MA5拐头       状态
513180 恒生科技ETF 0.597 0.589   +1.36%   +1.36%      1.30  -4.6%  0.34       ↓ ✗ 趋势偏弱
512580     环保ETF 1.331 1.306   +0.31%   +1.91%      1.83  -4.3%  0.48       ↓ ✗ 趋势偏弱
159869     游戏ETF 1.058 1.049   +0.95%   +0.86%      2.13 -15.2%  0.55       ↓ ✗ 趋势偏弱
512660     军工ETF 1.264 1.219   +1.48%   +3.69%      2.74  -6.4%  0.71       ↓ ✗ 趋势偏弱
512980     传媒ETF 0.831 0.823   +0.49%   +0.97%      1.81 -14.1%  0.47       ↓ ✗ 趋势偏弱
515790     光伏ETF 1.012 0.998   +1.10%   +1.40%      1.06  -5.2%  0.27       ↓ ✗ 趋势偏弱
516160   新能源ETF 2.912 2.859   +0.70%   +1.85%      1.21  -6.8%  0.31       ↓ ✗ 趋势偏弱
517520   黄金股ETF 1.781 1.698   +2.65%   +4.89%      2.20 -15.4%  0.56       ↓ ✗ 趋势偏弱
512100 中证1000ETF 3.335 3.286   +1.10%   +1.49%      1.09  -0.6%  0.26       ↓ ✗ 趋势偏弱
512880     证券ETF 1.023 1.008   +0.10%   +1.49%      2.54  -2.8%  0.65       ↓ ✗ 趋势偏弱
516110     汽车ETF 1.174 1.166   +0.00%   +0.69%      1.01  -9.1%  0.25       ↓ ✗ 趋势偏弱
512690       酒ETF 0.428 0.424   -0.24%   +0.94%      1.35  -8.4%  0.34       ↓ ✗ 趋势偏弱
512010     医药ETF 0.326 0.325   +0.31%   +0.31%      1.82  -8.4%  0.45       ↓ ✗ 趋势偏弱
510500  中证500ETF 8.286 8.133   +2.02%   +1.88%      1.16  -1.0%  0.28       ↓ ✗ 趋势偏弱
512400 有色金属ETF 1.959 1.880   +2.77%   +4.20%      2.55  -4.7%  0.65       ↓ ✗ 趋势偏弱
512200   房地产ETF 1.266 1.260   +0.40%   +0.48%      2.55  -7.9%  0.65       ↓ ✗ 趋势偏弱

────────────────────────────────────────────────────────────
  扫描: 27  成功: 27  异常: 0
  ★买入: 0  ▲支撑: 4  ◇多头: 2  ◆试探: 2  ⬆突破: 1

============================================================
  🌅 早盘概览
============================================================
  ↑涨 26 只  ↓跌 0 只  平 1 只
  领涨: 黄金股ETF +4.89%  量能 2.2x
  领跌: 通信ETF +0.00%  量能 2.75x
  量能异常(>2x): 银行ETF(3.03)  通信ETF(2.75)  军工ETF(2.74)  有色金属ETF(2.55)  房地产ETF(2.55)  证券ETF(2.54)  稀有金属ETF(2.4)  黄金股ETF(2.2)  游戏ETF(2.13)

  📨 已推送飞书
