--- 2026-05-27 15:48:40 ---
🔭 Argus 正在扫描...

  [1/27] 沪深300ETF (在线)
  [2/27] 中证500ETF (在线)
  [3/27] 中证1000ETF (在线)
  [4/27] 创业板ETF (在线)
  [5/27] 科创50ETF (在线)
  [6/27] 半导体ETF (在线)
  [7/27] 芯片ETF (在线)
  [8/27] 通信ETF (在线)
  [9/27] 稀有金属ETF (在线)
  [10/27] 人工智能ETF (在线)
  [11/27] 医药ETF (在线)
  [12/27] 酒ETF (在线)
  [13/27] 汽车ETF (在线)
  [14/27] 银行ETF (在线)
  [15/27] 证券ETF (在线)
  [16/27] 房地产ETF (在线)
  [17/27] 有色金属ETF (在线)
  [18/27] 黄金股ETF (在线)
  [19/27] 新能源ETF (在线)
  [20/27] 光伏ETF (在线)
  [21/27] 传媒ETF (在线)
  [22/27] 军工ETF (在线)
  [23/27] 游戏ETF (在线)
  [24/27] 环保ETF (在线)
  [25/27] 恒生科技ETF (在线)
  [26/27] 红利ETF (在线)
  [27/27] 机器人ETF (在线)
  完成! (在线: 27, 缓存: 0)

============================================================
  ▲ 接近支撑  (3只)
============================================================
  代码        名称  现价 距MA50  量比 MA5拐头       状态         试探
512580     环保ETF 1.425  +1.9%  0.63       ↓ ▲ 接近支撑 ◆ 安全垫2.6%
516160   新能源ETF 3.180  +0.7%  0.79       ↓ ▲ 接近支撑 ◆ 安全垫2.3%
562800 稀有金属ETF 1.105  +2.9%  0.76       ↓ ▲ 接近支撑             

============================================================
  ◇ 多头排列  (8只)
============================================================
  代码        名称  现价 距MA50  量比 MA5拐头       状态
510300  沪深300ETF 4.972  +5.3%  0.78       ↑ ◇ 多头排列
515070 人工智能ETF 2.590 +20.1%  0.91       ↑ ◇ 多头排列
159995     芯片ETF 2.707 +37.1%  1.25       ↑ ◇ 多头排列
562500   机器人ETF 1.205 +17.0%  1.45       ↑ ◇ 多头排列
588000   科创50ETF 1.968 +25.8%  1.06       ↑ ◇ 多头排列
159915   创业板ETF 4.055 +13.4%  1.18       ↑ ◇ 多头排列
510500  中证500ETF 8.752  +6.0%  0.33       ↑ ◇ 多头排列
512480   半导体ETF 2.321 +34.9%  1.10       ↑ ◇ 多头排列

============================================================
  - 趋势完好  (2只)
============================================================
  代码        名称  现价 距MA50  量比 MA5拐头       状态
515790     光伏ETF 1.114  +2.4%  0.78       ↓ - 趋势完好
512100 中证1000ETF 3.499  +6.0%  0.54       ↓ - 趋势完好

============================================================
  ✗ 趋势偏弱  (14只)
============================================================
  代码        名称  现价 距MA50  量比 MA5拐头       状态
515880     通信ETF 1.548 +21.4%  0.89       ↑ ✗ 趋势偏弱
513180 恒生科技ETF 0.630  -0.1%  1.51       ↓ ✗ 趋势偏弱
159869     游戏ETF 1.180  -9.4%  0.80       ↓ ✗ 趋势偏弱
512660     军工ETF 1.348  -1.7%  0.88       ↓ ✗ 趋势偏弱
512980     传媒ETF 0.921  -8.0%  0.88       ↓ ✗ 趋势偏弱
512400 有色金属ETF 2.095  +1.0%  1.50       ↑ ✗ 趋势偏弱
512200   房地产ETF 1.369  -2.4%  0.87       ↓ ✗ 趋势偏弱
512880     证券ETF 1.056  -1.0%  1.19       ↓ ✗ 趋势偏弱
510880     红利ETF 3.186  -2.2%  0.81       ↓ ✗ 趋势偏弱
516110     汽车ETF 1.305  -0.8%  1.33       ↑ ✗ 趋势偏弱
512690       酒ETF 0.444  -8.2%  0.97       ↓ ✗ 趋势偏弱
512010     医药ETF 0.340  -6.7%  0.83       ↓ ✗ 趋势偏弱
517520   黄金股ETF 2.047  -7.7%  0.88       ↓ ✗ 趋势偏弱
512800     银行ETF 0.771  -2.5%  0.86       ↓ ✗ 趋势偏弱

────────────────────────────────────────────────────────────
  扫描: 27  成功: 27  异常: 0
  ★买入: 0  ▲支撑: 3  ◇多头: 8  ◆试探: 2


============================================================
  📊 持仓监控 (1 只)
============================================================
  🟢 加仓 中证500ETF(004348 南方中证500C)
     ◇ 多头排列 → ◇ 多头排列  距MA50 +6.0%  → 多头排列，可加仓 [追涨]
  📨 已推送飞书
