--- 2026-05-25 10:28:10 ---
🌅 Argus 早盘分析(实时数据)...

  [1/27] 沪深300ETF (在线)
  [2/27] 中证500ETF (在线)
  [3/27] 中证1000ETF (在线)
  [4/27] 创业板ETF (在线)
  [5/27] 科创50ETF (在线)
  [6/27] 半导体ETF (在线)
  [7/27] 芯片ETF (在线)
  [8/27] 通信ETF (在线)
  [9/27] 稀有金属ETF (在线)
  [10/27] 人工智能ETF (在线)
  [11/27] 医药ETF (在线)
  [12/27] 酒ETF (在线)
  [13/27] 汽车ETF (在线)
  [14/27] 银行ETF (在线)
  [15/27] 证券ETF (在线)
  [16/27] 房地产ETF (在线)
  [17/27] 有色金属ETF (在线)
  [18/27] 黄金股ETF (在线)
  [19/27] 新能源ETF (在线)
  [20/27] 光伏ETF (在线)
  [21/27] 传媒ETF (在线)
  [22/27] 军工ETF (在线)
  [23/27] 游戏ETF (在线)
  [24/27] 环保ETF (在线)
  [25/27] 恒生科技ETF (在线)
  [26/27] 红利ETF (在线)
  [27/27] 机器人ETF (在线)
  完成! (在线: 27, 缓存: 0)

============================================================
  ▲ 接近支撑  (3只)
============================================================
  代码        名称  现价  昨收 开盘涨跌 早盘涨跌  早盘量能 距MA50  量比 MA5拐头       状态
512580     环保ETF 1.421 1.431   -0.07%   -0.70%      2.48  +1.6%  0.62       ↓ ▲ 接近支撑
516160   新能源ETF 3.168 3.196   +0.00%   -0.88%      1.42  +0.2%  0.35       ↓ ▲ 接近支撑
562800 稀有金属ETF 1.088 1.084   +1.11%   +0.37%      1.17  +1.4%  0.29       ↓ ▲ 接近支撑

============================================================
  ◇ 多头排列  (7只)
============================================================
  代码        名称  现价  昨收 开盘涨跌 早盘涨跌  早盘量能 距MA50  量比 MA5拐头       状态
510300  沪深300ETF 4.907 4.862   +0.37%   +0.93%      1.73  +4.1%  0.42       ↓ ◇ 多头排列
515070 人工智能ETF 2.549 2.505   +0.16%   +1.76%      1.78 +19.0%  0.44       ↑ ◇ 多头排列
159995     芯片ETF 2.620 2.536   +0.04%   +3.31%      1.97 +34.0%  0.48       ↑ ◇ 多头排列
562500   机器人ETF 1.205 1.208   +0.50%   -0.25%      1.89 +17.4%  0.48       ↑ ◇ 多头排列
588000   科创50ETF 1.928 1.887   +0.00%   +2.17%      1.68 +24.1%  0.41       ↑ ◇ 多头排列
159915   创业板ETF 3.985 3.946   +0.91%   +0.99%      1.74 +12.0%  0.42       ↓ ◇ 多头排列
512480   半导体ETF 2.266 2.189   +0.09%   +3.52%      1.75 +33.0%  0.42       ↑ ◇ 多头排列

============================================================
  - 趋势完好  (3只)
============================================================
  代码        名称  现价  昨收 开盘涨跌 早盘涨跌  早盘量能 距MA50  量比 MA5拐头       状态
510500  中证500ETF 8.698 8.658   +0.58%   +0.46%      1.92  +5.4%  0.46       ↑ - 趋势完好
515790     光伏ETF 1.114 1.111   +0.45%   +0.27%      1.35  +2.3%  0.34       ↑ - 趋势完好
512100 中证1000ETF 3.516 3.495   +0.46%   +0.60%      1.29  +6.6%  0.31       ↑ - 趋势完好

============================================================
  ✗ 趋势偏弱  (14只)
============================================================
  代码        名称  现价  昨收 开盘涨跌 早盘涨跌  早盘量能 距MA50  量比 MA5拐头       状态
515880     通信ETF 1.534 1.505   +0.73%   +1.93%      1.92 +21.2%  0.46       ↑ ✗ 趋势偏弱
513180 恒生科技ETF 0.613 0.618   -0.65%   -0.81%      0.53  -2.8%  0.13       ↓ ✗ 趋势偏弱
159869     游戏ETF 1.186 1.213   +0.25%   -2.23%      2.07  -9.2%  0.52       ↓ ✗ 趋势偏弱
512660     军工ETF 1.361 1.357   +0.59%   +0.29%      1.29  -0.9%  0.32       ↓ ✗ 趋势偏弱
512980     传媒ETF 0.932 0.941   +0.43%   -0.96%      1.48  -7.2%  0.37       ↓ ✗ 趋势偏弱
512400 有色金属ETF 2.033 2.019   +1.54%   +0.69%      2.45  -2.2%  0.60       ↓ ✗ 趋势偏弱
512200   房地产ETF 1.374 1.372   -0.44%   +0.15%      0.67  -2.2%  0.16       ↓ ✗ 趋势偏弱
512880     证券ETF 1.041 1.037   +0.39%   +0.39%      1.60  -2.5%  0.39       ↓ ✗ 趋势偏弱
510880     红利ETF 3.204 3.156   +0.70%   +1.52%      2.74  -1.8%  0.70       ↓ ✗ 趋势偏弱
516110     汽车ETF 1.305 1.304   -0.23%   +0.08%      1.36  -0.9%  0.34       ↑ ✗ 趋势偏弱
512690       酒ETF 0.449 0.444   -0.23%   +1.13%      3.23  -7.4%  0.79       ↓ ✗ 趋势偏弱
512010     医药ETF 0.340 0.345   -0.58%   -1.45%      2.84  -6.8%  0.70       ↓ ✗ 趋势偏弱
517520   黄金股ETF 1.989 1.957   +1.38%   +1.64%      1.17 -10.8%  0.29       ↓ ✗ 趋势偏弱
512800     银行ETF 0.770 0.769   -0.26%   +0.13%      1.03  -2.7%  0.25       ↓ ✗ 趋势偏弱

────────────────────────────────────────────────────────────
  扫描: 27  成功: 27  异常: 0
  ★买入: 0  ▲支撑: 3  ◇多头: 7

============================================================
  🌅 早盘概览
============================================================
  ↑涨 20 只  ↓跌 7 只  平 0 只
  领涨: 半导体ETF +3.52%  量能 1.75x
  领跌: 游戏ETF -2.23%  量能 2.07x
  量能异常(>2x): 酒ETF(3.23)  医药ETF(2.84)  红利ETF(2.74)  环保ETF(2.48)  有色金属ETF(2.45)  游戏ETF(2.07)


============================================================
  📊 持仓监控 (1 只)
============================================================
  🟡 关注 中证500ETF(004348 南方中证500C)
     ★ 买入信号 → - 趋势完好  距MA50 +5.4%  → 趋势转弱，密切关注
  📨 已推送飞书
