--- 2026-06-17 10:28:09 ---
🌅 Argus 早盘分析(实时数据)...

  [1/28] 沪深300ETF (在线)
  [2/28] 中证500ETF (在线)
  [3/28] 中证1000ETF (在线)
  [4/28] 创业板ETF (在线)
  [5/28] 科创50ETF (在线)
  [6/28] 半导体ETF (在线)
  [7/28] 芯片ETF (在线)
  [8/28] 通信ETF (在线)
  [9/28] 稀有金属ETF (在线)
  [10/28] 人工智能ETF (在线)
  [11/28] 医药ETF (在线)
  [12/28] 酒ETF (在线)
  [13/28] 汽车ETF (在线)
  [14/28] 银行ETF (在线)
  [15/28] 证券ETF (在线)
  [16/28] 房地产ETF (在线)
  [17/28] 有色金属ETF (在线)
  [18/28] 黄金股ETF (在线)
  [19/28] 新能源ETF (在线)
  [20/28] 光伏ETF (在线)
  [21/28] 传媒ETF (在线)
  [22/28] 军工ETF (在线)
  [23/28] 游戏ETF (在线)
  [24/28] 环保ETF (在线)
  [25/28] 恒生科技ETF (在线)
  [26/28] 红利ETF (在线)
  [27/28] 红利低波ETF (在线)
  [28/28] 机器人ETF (在线)
  完成! (在线: 28, 缓存: 0)

============================================================
  ★ 买入信号  (1只)
============================================================
  代码        名称  现价  昨收 开盘涨跌 早盘涨跌  早盘量能 距MA50  量比 MA5拐头       状态                  突破    信号评估                    场外基金
562800 稀有金属ETF 1.159 1.147   -0.70%   +1.05%      6.23  +6.1%  1.53       ↑ ★ 买入信号 ⬆ 突破(3/5日在MA50下) 中|均线紊乱 014111 嘉实稀有金属ETF联接C

============================================================
  ◇ 多头排列  (9只)
============================================================
  代码        名称  现价  昨收 开盘涨跌 早盘涨跌  早盘量能 距MA50  量比 MA5拐头       状态                  突破
510300  沪深300ETF 4.925 4.910   -0.24%   +0.31%      1.31  +2.2%  0.32       ↑ ◇ 多头排列                      
510500  中证500ETF 8.696 8.632   -0.35%   +0.74%      0.72  +3.3%  0.17       ↑ ◇ 多头排列 ⬆ 突破(3/5日在MA50下)
512100 中证1000ETF 3.503 3.491   -0.46%   +0.34%      0.63  +3.7%  0.15       ↑ ◇ 多头排列 ⬆ 突破(3/5日在MA50下)
159915   创业板ETF 4.131 4.111   -0.61%   +0.49%      1.05  +8.4%  0.25       ↑ ◇ 多头排列                      
588000   科创50ETF 1.862 1.855   -1.46%   +0.38%      1.25  +9.7%  0.30       ↑ ◇ 多头排列                      
512480   半导体ETF 2.285 2.254   -1.42%   +1.38%      1.41 +18.2%  0.34       ↑ ◇ 多头排列                      
159995     芯片ETF 2.566 2.536   -1.34%   +1.18%      1.69 +16.1%  0.41       ↑ ◇ 多头排列                      
515880     通信ETF 1.740 1.729   -1.62%   +0.64%      1.37 +19.3%  0.33       ↑ ◇ 多头排列                      
515070 人工智能ETF 2.502 2.480   -1.17%   +0.89%      1.53  +6.9%  0.37       ↑ ◇ 多头排列                      

============================================================
  - 趋势完好  (1只)
============================================================
  代码      名称  现价  昨收 开盘涨跌 早盘涨跌  早盘量能 距MA50  量比 MA5拐头       状态
562500 机器人ETF 1.142 1.121   -0.09%   +1.87%      2.43  +5.4%  0.61       ↓ - 趋势完好

============================================================
  ✗ 趋势偏弱  (17只)
============================================================
  代码        名称  现价  昨收 开盘涨跌 早盘涨跌  早盘量能 距MA50  量比 MA5拐头       状态
512690       酒ETF 0.413 0.419   +0.00%   -1.43%      1.26 -10.7%  0.31       ↓ ✗ 趋势偏弱
510880     红利ETF 3.174 3.196   +0.06%   -0.69%      1.77  -2.3%  0.44       ↓ ✗ 趋势偏弱
513180 恒生科技ETF 0.589 0.590   -0.17%   -0.17%      0.85  -5.7%  0.21       ↓ ✗ 趋势偏弱
512580     环保ETF 1.358 1.368   -0.80%   -0.73%      1.94  -2.5%  0.49       ↑ ✗ 趋势偏弱
159869     游戏ETF 1.049 1.063   -0.28%   -1.32%      1.07 -15.0%  0.27       ↓ ✗ 趋势偏弱
512660     军工ETF 1.288 1.267   -0.24%   +1.66%      1.73  -4.5%  0.43       ↑ ✗ 趋势偏弱
512980     传媒ETF 0.823 0.835   -0.24%   -1.44%      0.95 -14.1%  0.24       ↓ ✗ 趋势偏弱
512010     医药ETF 0.322 0.323   +0.31%   -0.31%      1.08  -8.8%  0.27       ↓ ✗ 趋势偏弱
515790     光伏ETF 1.028 1.034   +0.00%   -0.58%      1.95  -3.7%  0.49       ↑ ✗ 趋势偏弱
517520   黄金股ETF 1.897 1.889   +0.58%   +0.42%      2.65  -9.0%  0.65       ↑ ✗ 趋势偏弱
512400 有色金属ETF 2.057 2.049   -0.39%   +0.39%      1.91  -0.1%  0.47       ↑ ✗ 趋势偏弱
512200   房地产ETF 1.249 1.259   -0.16%   -0.79%      3.15  -8.8%  0.77       ↓ ✗ 趋势偏弱
512880     证券ETF 1.083 1.082   -0.28%   +0.09%      1.50  +2.6%  0.37       ↑ ✗ 趋势偏弱
512890 红利低波ETF 1.139 1.145   +0.09%   -0.52%      1.58  -3.0%  0.40       ↓ ✗ 趋势偏弱
516110     汽车ETF 1.159 1.172   +0.34%   -1.11%      0.57  -9.7%  0.14       ↓ ✗ 趋势偏弱
516160   新能源ETF 3.032 3.039   -0.56%   -0.23%      1.38  -3.0%  0.34       ↑ ✗ 趋势偏弱
512800     银行ETF 0.786 0.792   +0.25%   -0.76%      1.84  -0.3%  0.45       ↓ ✗ 趋势偏弱

────────────────────────────────────────────────────────────
  扫描: 28  成功: 28  异常: 0
  ★买入: 1  ▲支撑: 0  ◇多头: 9  ⬆突破: 3

============================================================
  🌅 早盘概览
============================================================
  ↑涨 15 只  ↓跌 13 只  平 0 只
  领涨: 机器人ETF +1.87%  量能 2.43x
  领跌: 传媒ETF -1.44%  量能 0.95x
  量能异常(>2x): 稀有金属ETF(6.23)  房地产ETF(3.15)  黄金股ETF(2.65)  机器人ETF(2.43)


============================================================
  💰 定投模块
============================================================
  红利低波 512890(A类007466) 宽基/红利
  窗口② 6/16-6/28  剩11天到兜底 | 本窗口:🟢可投
  现价1.14 | 分位0% | 距MA20 -1.8% | 趋势:空头排列
  评分 100/100 (便宜度100(分位0%) 空头排列+15 破MA20+5) | 触发线75
  → ✅ 今天适合定投 800元 — 评分100≥75
  📨 已推送飞书
