--- 2026-06-16 17:02:54 ---
🔭 Argus 正在扫描...



============================================================
  ★ 买入信号  (3只)
============================================================
  代码        名称  现价 距MA50  量比 MA5拐头       状态                  突破 风险等级                 信号评估                    场外基金
510300  沪深300ETF 4.910  +2.0%  1.10       ↑ ★ 买入信号                           低位 中|均线紊乱,近期阴多阳少  002987 广发沪深300ETF联接C
562800 稀有金属ETF 1.147  +5.3%  2.00       ↑ ★ 买入信号 ⬆ 突破(4/5日在MA50下)     追涨       中|均线紊乱,量偏大 014111 嘉实稀有金属ETF联接C
512100 中证1000ETF 3.491  +3.6%  0.89       ↑ ★ 买入信号 ⬆ 突破(3/5日在MA50下)     低位              中|均线紊乱 011861 南方中证1000ETF联接C

============================================================
  ▲ 接近支撑  (1只)
============================================================
  代码      名称  现价 距MA50  量比 MA5拐头       状态 试探 风险等级
562500 机器人ETF 1.121  +3.9%   0.6       ↓ ▲ 接近支撑           NaN

============================================================
  ◇ 多头排列  (6只)
============================================================
  代码       名称  现价 距MA50  量比 MA5拐头       状态                  突破 风险等级
588000  科创50ETF 1.855  +9.9%  0.72       ↑ ◇ 多头排列                            NaN
512480  半导体ETF 2.254 +17.6%  0.66       ↑ ◇ 多头排列                            NaN
159995    芯片ETF 2.536 +15.7%  0.72       ↑ ◇ 多头排列                            NaN
515880    通信ETF 1.729 +19.6%  0.99       ↑ ◇ 多头排列                            NaN
510500 中证500ETF 8.632  +2.8%  0.77       ↑ ◇ 多头排列 ⬆ 突破(4/5日在MA50下)      NaN
159915  创业板ETF 4.111  +8.5%  0.75       ↑ ◇ 多头排列                            NaN

============================================================
  - 趋势完好  (2只)
============================================================
  代码        名称  现价 距MA50  量比 MA5拐头       状态 风险等级
512800     银行ETF 0.792  +0.4%  0.98       ↓ - 趋势完好      NaN
515070 人工智能ETF 2.480  +6.5%  0.76       ↑ - 趋势完好      NaN

============================================================
  ✗ 趋势偏弱  (16只)
============================================================
  代码        名称  现价 距MA50  量比 MA5拐头       状态 风险等级
512690       酒ETF 0.419  -9.8%  0.73       ↓ ✗ 趋势偏弱      NaN
510880     红利ETF 3.196  -1.7%  1.49       ↓ ✗ 趋势偏弱      NaN
513180 恒生科技ETF 0.590  -5.6%  0.66       ↓ ✗ 趋势偏弱      NaN
512580     环保ETF 1.368  -1.7%  1.01       ↑ ✗ 趋势偏弱      NaN
159869     游戏ETF 1.063 -14.2%  0.68       ↓ ✗ 趋势偏弱      NaN
512660     军工ETF 1.267  -6.0%  0.71       ↑ ✗ 趋势偏弱      NaN
512980     传媒ETF 0.835 -13.1%  0.54       ↓ ✗ 趋势偏弱      NaN
515790     光伏ETF 1.034  -3.1%  0.85       ↑ ✗ 趋势偏弱      NaN
516160   新能源ETF 3.039  -2.8%  1.44       ↑ ✗ 趋势偏弱      NaN
517520   黄金股ETF 1.889  -9.7%  0.97       ↑ ✗ 趋势偏弱      NaN
512400 有色金属ETF 2.049  -0.4%  1.23       ↑ ✗ 趋势偏弱      NaN
512880     证券ETF 1.082  +2.6%  0.97       ↑ ✗ 趋势偏弱      NaN
512890 红利低波ETF 1.145  -2.6%  1.33       ↓ ✗ 趋势偏弱      NaN
516110     汽车ETF 1.172  -8.9%  1.16       ↓ ✗ 趋势偏弱      NaN
512010     医药ETF 0.323  -8.8%  0.58       ↑ ✗ 趋势偏弱      NaN
512200   房地产ETF 1.259  -8.2%  0.71       ↓ ✗ 趋势偏弱      NaN

────────────────────────────────────────────────────────────
  扫描: 28  成功: 28  异常: 0
  ★买入: 3  ▲支撑: 1  ◇多头: 6  ⬆突破: 3


============================================================
  💰 定投模块
============================================================
  红利低波 512890(A类007466) 宽基/红利
  窗口② 6/16-6/28  剩12天到兜底 | 本窗口:🟢可投
  现价1.145 | 分位3% | 距MA20 -1.5% | 趋势:空头排列
  评分 100/100 (便宜度97(分位3%) 空头排列+15 破MA20+4) | 触发线75
  → ✅ 今天适合定投 800元 — 评分100≥75
  📕 小红书日志已保存: scan_20260616_xhs.txt
  📨 已推送飞书
