--- 2026-06-26 10:28:14 ---
🌅 Argus 早盘分析(实时数据)...

  [1/28] 沪深300ETF (在线)
  [2/28] 中证500ETF (在线)
  [3/28] 中证1000ETF (在线)
  [4/28] 创业板ETF (在线)
  [5/28] 科创50ETF (在线)
  [6/28] 半导体ETF (在线)
  [7/28] 芯片ETF (在线)
  [8/28] 通信ETF (在线)
  [9/28] 稀有金属ETF (在线)
  [10/28] 人工智能ETF (在线)
  [11/28] 医药ETF (在线)
  [12/28] 酒ETF (在线)
  [13/28] 汽车ETF (在线)
  [14/28] 银行ETF (在线)
  [15/28] 证券ETF (在线)
  [16/28] 房地产ETF (在线)
  [17/28] 有色金属ETF (在线)
  [18/28] 黄金股ETF (在线)
  [19/28] 新能源ETF (在线)
  [20/28] 光伏ETF (在线)
  [21/28] 传媒ETF (在线)
  [22/28] 军工ETF (在线)
  [23/28] 游戏ETF (在线)
  [24/28] 环保ETF (在线)
  [25/28] 恒生科技ETF (在线)
  [26/28] 红利ETF (在线)
  [27/28] 红利低波ETF (在线)
  [28/28] 机器人ETF (在线)
  完成! (在线: 28, 缓存: 0)

============================================================
  ▲ 接近支撑  (1只)
============================================================
  代码      名称  现价  昨收 开盘涨跌 早盘涨跌  早盘量能 距MA50  量比 MA5拐头       状态         试探
562500 机器人ETF 1.118 1.141   +0.00%   -2.02%      1.21  +0.6%   0.3       ↓ ▲ 接近支撑 ◆ 安全垫4.6%

============================================================
  ◇ 多头排列  (4只)
============================================================
  代码      名称  现价  昨收 开盘涨跌 早盘涨跌  早盘量能 距MA50  量比 MA5拐头       状态
512880   证券ETF 1.131 1.149   -0.61%   -1.57%      2.33  +6.3%  0.57       ↑ ◇ 多头排列
588000 科创50ETF 2.132 2.178   -1.65%   -2.11%      1.89 +19.7%  0.46       ↑ ◇ 多头排列
512480 半导体ETF 2.738 2.774   -1.59%   -1.30%      2.31 +32.3%  0.56       ↑ ◇ 多头排列
159995   芯片ETF 3.110 3.175   -1.73%   -2.05%      2.80 +31.5%  0.68       ↑ ◇ 多头排列

============================================================
  - 趋势完好  (7只)
============================================================
  代码        名称  现价  昨收 开盘涨跌 早盘涨跌  早盘量能 距MA50  量比 MA5拐头       状态
515070 人工智能ETF 2.650 2.758   -1.41%   -3.92%      2.09  +9.1%  0.51       ↓ - 趋势完好
562800 稀有金属ETF 1.138 1.172   -0.77%   -2.90%      2.18  +2.2%  0.54       ↓ - 趋势完好
510300  沪深300ETF 4.943 5.048   -0.79%   -2.08%      1.11  +1.4%  0.27       ↓ - 趋势完好
159915   创业板ETF 4.262 4.395   -1.52%   -3.03%      1.65  +8.5%  0.40       ↓ - 趋势完好
512100 中证1000ETF 3.525 3.569   -0.53%   -1.23%      0.72  +2.9%  0.17       ↓ - 趋势完好
510500  中证500ETF 8.948 9.085   -0.87%   -1.51%      1.28  +4.7%  0.31       ↑ - 趋势完好
515880     通信ETF 1.783 1.883   -2.02%   -5.31%      2.71 +16.0%  0.65       ↓ - 趋势完好

============================================================
  ✗ 趋势偏弱  (16只)
============================================================
  代码        名称  现价  昨收 开盘涨跌 早盘涨跌  早盘量能 距MA50  量比 MA5拐头       状态
510880     红利ETF 2.970 3.006   +0.00%   -1.20%      2.47  -8.0%  0.62       ↓ ✗ 趋势偏弱
513180 恒生科技ETF 0.542 0.559   -0.89%   -3.04%      1.69 -12.4%  0.42       ↓ ✗ 趋势偏弱
512580     环保ETF 1.320 1.333   -0.08%   -0.98%      3.88  -5.5%  0.97       ↓ ✗ 趋势偏弱
159869     游戏ETF 1.084 1.099   -0.82%   -1.36%      4.71 -10.1%  1.18       ↑ ✗ 趋势偏弱
512660     军工ETF 1.242 1.260   -0.79%   -1.43%      1.63  -7.5%  0.41       ↓ ✗ 趋势偏弱
512980     传媒ETF 0.816 0.827   -0.97%   -1.33%      3.15 -12.9%  0.79       ↓ ✗ 趋势偏弱
515790     光伏ETF 1.019 1.008   -0.20%   +1.09%      2.37  -4.5%  0.59       ↓ ✗ 趋势偏弱
517520   黄金股ETF 1.590 1.631   +0.18%   -2.51%      1.55 -21.1%  0.38       ↓ ✗ 趋势偏弱
512400 有色金属ETF 1.871 1.922   -0.05%   -2.65%      2.52  -8.8%  0.62       ↓ ✗ 趋势偏弱
512200   房地产ETF 1.208 1.202   -0.75%   +0.50%      1.61 -10.9%  0.39       ↓ ✗ 趋势偏弱
512890 红利低波ETF 1.082 1.086   +0.00%   -0.37%      1.24  -7.1%  0.31       ↓ ✗ 趋势偏弱
516110     汽车ETF 1.085 1.106   -0.09%   -1.90%      1.70 -14.0%  0.42       ↓ ✗ 趋势偏弱
512690       酒ETF 0.394 0.396   +0.00%   -0.51%      2.09 -12.7%  0.51       ↓ ✗ 趋势偏弱
512010     医药ETF 0.339 0.341   +0.00%   -0.59%      2.69  -2.8%  0.66       ↑ ✗ 趋势偏弱
516160   新能源ETF 2.948 2.990   -0.03%   -1.40%      2.68  -5.9%  0.66       ↓ ✗ 趋势偏弱
512800     银行ETF 0.748 0.753   +0.00%   -0.66%      1.34  -4.7%  0.33       ↓ ✗ 趋势偏弱

────────────────────────────────────────────────────────────
  扫描: 28  成功: 28  异常: 0
  ★买入: 0  ◆持有: 0  ▲支撑: 1  ◇多头: 4  ◆试探: 1

============================================================
  🌅 早盘概览
============================================================
  ↑涨 2 只  ↓跌 26 只  平 0 只
  领涨: 光伏ETF +1.09%  量能 2.37x
  领跌: 通信ETF -5.31%  量能 2.71x
  量能异常(>2x): 游戏ETF(4.71)  环保ETF(3.88)  传媒ETF(3.15)  芯片ETF(2.8)  通信ETF(2.71)  医药ETF(2.69)  新能源ETF(2.68)  有色金属ETF(2.52)  红利ETF(2.47)  光伏ETF(2.37)  证券ETF(2.33)  半导体ETF(2.31)  稀有金属ETF(2.18)  人工智能ETF(2.09)  酒ETF(2.09)


============================================================
  💰 定投模块
============================================================
  红利低波 512890(A类007466) 宽基/红利
  窗口② 6/16-6/28  剩2天到兜底 | 本窗口:✅已投
  现价1.083 | 分位0% | 距MA20 -5.5% | 趋势:空头排列
  → ✅ 本窗口已定投(2026-06-17)，下次窗口见
  📨 已推送飞书
