--- 2026-05-18 15:34:14 ---
🔭 Argus 正在扫描...

  [1/24] 沪深300ETF (在线)
  [2/24] 中证500ETF (在线)
  [3/24] 中证1000ETF (在线)
  [4/24] 创业板ETF (在线)
  [5/24] 科创50ETF (在线)
  [6/24] 半导体ETF (在线)
  [7/24] 芯片ETF (在线)
  [8/24] 通信ETF (在线)
  [9/24] 稀有金属ETF (在线)
  [10/24] 人工智能ETF (在线)
  [11/24] 医药ETF (在线)
  [12/24] 酒ETF (在线)
  [13/24] 汽车ETF (在线)
  [14/24] 银行ETF (在线)
  [15/24] 证券ETF (在线)
  [16/24] 房地产ETF (在线)
  [17/24] 有色金属ETF (在线)
  [18/24] 黄金股ETF (在线)
  [19/24] 新能源ETF (在线)
  [20/24] 光伏ETF (在线)
  [21/24] 传媒ETF (在线)
  [22/24] 军工ETF (在线)
  [23/24] 游戏ETF (在线)
  [24/24] 环保ETF (在线)
  完成! (在线: 24, 缓存: 0)

============================================================
  ▲ 接近支撑  (2只)
============================================================
  代码        名称  现价   MA5  MA20  MA50  MA100 距MA50  量比 回踩MA50 MA5拐头       状态
516160   新能源ETF 3.199 3.278 3.251 3.145  3.058  +1.7%  1.15       否       ↓ ▲ 接近支撑
562800 稀有金属ETF 1.104 1.160 1.140 1.078  1.047  +2.4%  1.16       否       ↓ ▲ 接近支撑

============================================================
  - 趋势完好  (10只)
============================================================
  代码        名称  现价   MA5  MA20  MA50  MA100 距MA50  量比 回踩MA50 MA5拐头       状态
510300  沪深300ETF 4.878 4.953 4.838 4.689  4.718  +4.0%  0.92       否       ↓ - 趋势完好
515790     光伏ETF 1.108 1.125 1.086 1.091  1.068  +1.6%  2.25       是       ↑ - 趋势完好
515070 人工智能ETF 2.466 2.504 2.300 2.077  2.046 +18.8%  1.24       否       ↑ - 趋势完好
159995     芯片ETF 2.315 2.331 2.061 1.876  1.874 +23.4%  1.20       否       ↑ - 趋势完好
512580     环保ETF 1.427 1.452 1.426 1.388  1.351  +2.8%  0.83       否       ↓ - 趋势完好
588000   科创50ETF 1.787 1.819 1.640 1.504  1.509 +18.8%  1.46       否       ↑ - 趋势完好
159915   创业板ETF 3.970 3.973 3.763 3.473  3.368 +14.3%  1.39       否       ↑ - 趋势完好
510500  中证500ETF 8.612 8.833 8.518 8.221  8.151  +4.8%  1.79       否       ↓ - 趋势完好
512100 中证1000ETF 3.488 3.542 3.407 3.271  3.245  +6.7%  1.21       否       ↓ - 趋势完好
512480   半导体ETF 2.035 2.042 1.807 1.633  1.612 +24.6%  1.47       否       ↑ - 趋势完好

============================================================
  ✗ 趋势偏弱  (12只)
============================================================
  代码        名称  现价   MA5  MA20  MA50  MA100 距MA50  量比 回踩MA50 MA5拐头       状态
515880     通信ETF 1.500 1.517 1.388 1.215  1.874 +23.4%  1.43       否       ↑ ✗ 趋势偏弱
512660     军工ETF 1.385 1.449 1.417 1.390  1.412  -0.4%  1.31       是       ↓ ✗ 趋势偏弱
512980     传媒ETF 0.982 1.004 1.013 1.018  1.069  -3.6%  1.15       是       ↓ ✗ 趋势偏弱
517520   黄金股ETF 2.049 2.188 2.234 2.305  2.340 -11.1%  1.55       是       ↓ ✗ 趋势偏弱
512200   房地产ETF 1.433 1.480 1.428 1.413  1.469  +1.4%  1.16       是       ↓ ✗ 趋势偏弱
512880     证券ETF 1.048 1.083 1.076 1.077  1.141  -2.7%  1.29       是       ↓ ✗ 趋势偏弱
512800     银行ETF 0.779 0.782 0.794 0.792  0.795  -1.7%  1.15       是       ↓ ✗ 趋势偏弱
516110     汽车ETF 1.300 1.314 1.327 1.322  1.363  -1.6%  1.28       是       ↓ ✗ 趋势偏弱
159869     游戏ETF 1.274 1.304 1.313 1.328  1.432  -4.1%  0.97       是       ↓ ✗ 趋势偏弱
512010     医药ETF 0.356 0.366 0.368 0.367  0.377  -3.1%  1.14       是       ↓ ✗ 趋势偏弱
512400 有色金属ETF 2.039 2.155 2.149 2.116  2.115  -3.6%  1.30       是       ↓ ✗ 趋势偏弱
512690       酒ETF 0.455 0.465 0.480 0.492  0.517  -7.5%  1.26       是       ↓ ✗ 趋势偏弱

────────────────────────────────────────────────────────────
  扫描: 24  成功: 24  异常: 0
  ★买入: 0  ▲支撑: 2  ◇多头: 0


============================================================
  📊 持仓监控 (2 只)
============================================================
  🟡 关注 中证500ETF(004348 南方中证500C)
     ★ 买入信号 → - 趋势完好  距MA50 +4.8%  → 趋势转弱，密切关注
  🔴 止损 传媒ETF(004752 广发中证传媒ETF联接A)
     ✗ 趋势偏弱 → ✗ 趋势偏弱  距MA50 -3.6%  → 趋势走坏，建议止损
  📕 小红书日志已保存: scan_0518_xhs.txt

============================================================
  🔍 尾盘对比 (14:45 vs 15:00)
============================================================
       名称  盘中价  收盘价   涨跌  量比变化                信号变化
  黄金股ETF   1.998   2.049 +2.55% 1.14→1.55                       —
    医药ETF   0.348   0.356 +2.30% 1.25→1.14                       —
    游戏ETF   1.246   1.274 +2.25% 0.88→0.97                       —
有色金属ETF   1.997   2.039 +2.10%  0.88→1.3                       —
  房地产ETF   1.407   1.433 +1.85% 1.08→1.16                       —
  创业板ETF   3.903   3.970 +1.72% 0.96→1.39                       —
    汽车ETF   1.285   1.300 +1.17% 1.67→1.28                       —
    光伏ETF   1.096   1.108 +1.09% 0.74→2.25                       —
    军工ETF   1.370   1.385 +1.09% 0.89→1.31                       —
    银行ETF   0.771   0.779 +1.04% 0.86→1.15                       —
 沪深300ETF   4.829   4.878 +1.01% 0.47→0.92 ▲ 接近支撑 → - 趋势完好
    传媒ETF   0.973   0.982 +0.92% 0.96→1.15                       —
      酒ETF   0.451   0.455 +0.89% 0.85→1.26                       —
  新能源ETF   3.176   3.199 +0.72% 1.31→1.15                       —
    通信ETF   1.510   1.500 -0.66% 0.88→1.43                       —
    证券ETF   1.043   1.048 +0.48% 0.76→1.29                       —
    芯片ETF   2.324   2.315 -0.39%  0.99→1.2                       —
  半导体ETF   2.043   2.035 -0.39%  0.9→1.47                       —
    环保ETF   1.423   1.427 +0.28% 0.69→0.83 ▲ 接近支撑 → - 趋势完好

────────────────────────────────────────────────────────────
  尾盘异动: 19 只  信号翻转: 2 只  大幅波动(≥1%): 11 只
  ⚠ 信号翻转:
    沪深300ETF: ▲ 接近支撑 → - 趋势完好
    环保ETF: ▲ 接近支撑 → - 趋势完好
  ⚠ 大幅波动:
    黄金股ETF: +2.55%
    医药ETF: +2.30%
    游戏ETF: +2.25%
    有色金属ETF: +2.10%
    房地产ETF: +1.85%
    创业板ETF: +1.72%
    汽车ETF: +1.17%
    光伏ETF: +1.09%
    军工ETF: +1.09%
    银行ETF: +1.04%
    沪深300ETF: +1.01%

  📨 已推送飞书
