--- 2026-05-19 15:34:13 ---
🔭 Argus 正在扫描...

  [1/27] 沪深300ETF (在线)
  [2/27] 中证500ETF (在线)
  [3/27] 中证1000ETF (在线)
  [4/27] 创业板ETF (在线)
  [5/27] 科创50ETF (在线)
  [6/27] 半导体ETF (在线)
  [7/27] 芯片ETF (在线)
  [8/27] 通信ETF (在线)
  [9/27] 稀有金属ETF (在线)
  [10/27] 人工智能ETF (在线)
  [11/27] 医药ETF (在线)
  [12/27] 酒ETF (在线)
  [13/27] 汽车ETF (在线)
  [14/27] 银行ETF (在线)
  [15/27] 证券ETF (在线)
  [16/27] 房地产ETF (在线)
  [17/27] 有色金属ETF (在线)
  [18/27] 黄金股ETF (在线)
  [19/27] 新能源ETF (在线)
  [20/27] 光伏ETF (在线)
  [21/27] 传媒ETF (在线)
  [22/27] 军工ETF (在线)
  [23/27] 游戏ETF (在线)
  [24/27] 环保ETF (在线)
  [25/27] 恒生科技ETF (在线)
  [26/27] 红利ETF (在线)
  [27/27] 机器人ETF (在线)
  完成! (在线: 27, 缓存: 0)

============================================================
  ▲ 接近支撑  (3只)
============================================================
  代码        名称  现价   MA5  MA20  MA50  MA100 距MA50  量比 回踩MA50 MA5拐头       状态
512580     环保ETF 1.426 1.444 1.429 1.390  1.352  +2.6%  0.76       否       ↓ ▲ 接近支撑
516160   新能源ETF 3.196 3.249 3.256 3.148  3.062  +1.5%  1.42       否       ↓ ▲ 接近支撑
562800 稀有金属ETF 1.098 1.139 1.142 1.078  1.049  +1.9%  0.92       否       ↓ ▲ 接近支撑

============================================================
  ◇ 多头排列  (3只)
============================================================
  代码      名称  现价   MA5  MA20  MA50  MA100 距MA50  量比 回踩MA50 MA5拐头       状态
562500 机器人ETF 1.183 1.152 1.068 1.008  1.026 +17.3%  1.55       否       ↑ ◇ 多头排列
512480 半导体ETF 2.058 2.050 1.830 1.643  1.618 +25.2%  0.95       否       ↑ ◇ 多头排列
159995   芯片ETF 2.344 2.338 2.088 1.886  1.881 +24.2%  1.04       否       ↑ ◇ 多头排列

============================================================
  - 趋势完好  (7只)
============================================================
  代码        名称  现价   MA5  MA20  MA50  MA100 距MA50  量比 回踩MA50 MA5拐头       状态
515790     光伏ETF 1.101 1.121 1.088 1.091  1.070  +0.9%  0.79       是       ↓ - 趋势完好
515070 人工智能ETF 2.486 2.507 2.321 2.087  2.052 +19.1%  0.78       否       ↑ - 趋势完好
510300  沪深300ETF 4.852 4.930 4.846 4.692  4.720  +3.4%  0.51       否       ↓ - 趋势完好
588000   科创50ETF 1.803 1.817 1.656 1.511  1.514 +19.3%  1.09       否       ↓ - 趋势完好
510500  中证500ETF 8.631 8.777 8.544 8.226  8.165  +4.9%  0.65       否       ↓ - 趋势完好
512100 中证1000ETF 3.503 3.532 3.419 3.275  3.250  +7.0%  0.74       否       ↓ - 趋势完好
159915   创业板ETF 3.923 3.968 3.784 3.488  3.376 +12.5%  1.01       否       ↓ - 趋势完好

============================================================
  ✗ 趋势偏弱  (14只)
============================================================
  代码        名称  现价   MA5  MA20  MA50  MA100 距MA50  量比 回踩MA50 MA5拐头       状态
513180 恒生科技ETF 0.617 0.637 0.638 0.633  0.683  -2.5%  1.13       是       ↓ ✗ 趋势偏弱
159869     游戏ETF 1.250 1.288 1.309 1.325  1.431  -5.7%  0.94       是       ↓ ✗ 趋势偏弱
512660     军工ETF 1.375 1.427 1.418 1.388  1.414  -0.9%  0.96       是       ↓ ✗ 趋势偏弱
512980     传媒ETF 0.976 0.994 1.012 1.017  1.069  -4.0%  1.01       是       ↓ ✗ 趋势偏弱
517520   黄金股ETF 2.009 2.138 2.220 2.291  2.341 -12.3%  1.23       是       ↓ ✗ 趋势偏弱
512400 有色金属ETF 2.009 2.115 2.144 2.109  2.118  -4.7%  0.95       是       ↓ ✗ 趋势偏弱
512200   房地产ETF 1.415 1.461 1.430 1.412  1.469  +0.2%  1.18       是       ↓ ✗ 趋势偏弱
512880     证券ETF 1.047 1.073 1.075 1.075  1.140  -2.6%  0.84       是       ↓ ✗ 趋势偏弱
510880     红利ETF 3.217 3.233 3.269 3.271  3.220  -1.7%  1.31       是       ↓ ✗ 趋势偏弱
516110     汽车ETF 1.290 1.306 1.325 1.321  1.362  -2.3%  1.70       是       ↓ ✗ 趋势偏弱
512690       酒ETF 0.451 0.461 0.478 0.490  0.516  -8.0%  0.87       是       ↓ ✗ 趋势偏弱
512010     医药ETF 0.349 0.361 0.366 0.367  0.377  -4.9%  1.32       是       ↓ ✗ 趋势偏弱
515880     通信ETF 1.517 1.524 1.402 1.224  1.860 +23.9%  0.95       否       ↑ ✗ 趋势偏弱
512800     银行ETF 0.771 0.779 0.793 0.792  0.794  -2.7%  0.97       是       ↓ ✗ 趋势偏弱

────────────────────────────────────────────────────────────
  扫描: 27  成功: 27  异常: 0
  ★买入: 0  ▲支撑: 3  ◇多头: 3


============================================================
  📊 持仓监控 (1 只)
============================================================
  🟡 关注 中证500ETF(004348 南方中证500C)
     ★ 买入信号 → - 趋势完好  距MA50 +4.9%  → 趋势转弱，密切关注
  📕 小红书日志已保存: scan_20260519_xhs.txt

============================================================
  🔍 尾盘对比 (14:45 vs 15:00)
============================================================
       名称  盘中价  收盘价   涨跌  量比变化                信号变化
    芯片ETF   2.423   2.344 -3.26% 0.92→1.04                       —
  科创50ETF   1.863   1.803 -3.22% 1.15→1.09 ◇ 多头排列 → - 趋势完好
稀有金属ETF   1.065   1.098 +3.10% 1.37→0.92 ✗ 趋势偏弱 → ▲ 接近支撑
  半导体ETF   2.123   2.058 -3.06%  1.2→0.95                       —
    传媒ETF   0.996   0.976 -2.01% 1.14→1.01                       —
    游戏ETF   1.271   1.250 -1.65% 0.82→0.94                       —
    光伏ETF   1.118   1.101 -1.52% 0.98→0.79                       —
有色金属ETF   1.979   2.009 +1.52% 0.71→0.95                       —
人工智能ETF   2.524   2.486 -1.51% 0.77→0.78 ◇ 多头排列 → - 趋势完好
  黄金股ETF   1.983   2.009 +1.31%  1.2→1.23                       —
  机器人ETF   1.197   1.183 -1.17% 1.09→1.55                       —
    证券ETF   1.057   1.047 -0.95% 0.84→0.84                       —
中证1000ETF   3.534   3.503 -0.88% 0.61→0.74 ◇ 多头排列 → - 趋势完好
    环保ETF   1.438   1.426 -0.83% 0.77→0.76 - 趋势完好 → ▲ 接近支撑
  房地产ETF   1.426   1.415 -0.77%  1.4→1.18                       —
 中证500ETF   8.692   8.631 -0.70%  0.8→0.65                       —
恒生科技ETF   0.620   0.617 -0.48% 0.95→1.13                       —
    通信ETF   1.510   1.517 +0.46% 1.03→0.95                       —
      酒ETF   0.453   0.451 -0.44% 0.67→0.87                       —
    银行ETF   0.774   0.771 -0.39% 0.72→0.97                       —

────────────────────────────────────────────────────────────
  尾盘异动: 20 只  信号翻转: 5 只  大幅波动(≥1%): 11 只
  ⚠ 信号翻转:
    科创50ETF: ◇ 多头排列 → - 趋势完好
    稀有金属ETF: ✗ 趋势偏弱 → ▲ 接近支撑
    人工智能ETF: ◇ 多头排列 → - 趋势完好
    中证1000ETF: ◇ 多头排列 → - 趋势完好
    环保ETF: - 趋势完好 → ▲ 接近支撑
  ⚠ 大幅波动:
    芯片ETF: -3.26%
    科创50ETF: -3.22%
    稀有金属ETF: +3.10%
    半导体ETF: -3.06%
    传媒ETF: -2.01%
    游戏ETF: -1.65%
    光伏ETF: -1.52%
    有色金属ETF: +1.52%
    人工智能ETF: -1.51%
    黄金股ETF: +1.31%
    机器人ETF: -1.17%

  📨 已推送飞书
