--- 2026-05-28 22:52:22 ---
🔭 Argus 正在扫描...

  [1/27] 沪深300ETF (在线)
  [2/27] 中证500ETF (在线)
  [3/27] 中证1000ETF (在线)
  [4/27] 创业板ETF (在线)
  [5/27] 科创50ETF (在线)
  [6/27] 半导体ETF (在线)
  [7/27] 芯片ETF (在线)
  [8/27] 通信ETF (在线)
  [9/27] 稀有金属ETF (在线)
  [10/27] 人工智能ETF (在线)
  [11/27] 医药ETF (在线)
  [12/27] 酒ETF (在线)
  [13/27] 汽车ETF (在线)
  [14/27] 银行ETF (在线)
  [15/27] 证券ETF (在线)
  [16/27] 房地产ETF (在线)
  [17/27] 有色金属ETF (在线)
  [18/27] 黄金股ETF (在线)
  [19/27] 新能源ETF (在线)
  [20/27] 光伏ETF (在线)
  [21/27] 传媒ETF (在线)
  [22/27] 军工ETF (在线)
  [23/27] 游戏ETF (在线)
  [24/27] 环保ETF (在线)
  [25/27] 恒生科技ETF (在线)
  [26/27] 红利ETF (在线)
  [27/27] 机器人ETF (在线)
  完成! (在线: 27, 缓存: 0)

============================================================
  ▲ 接近支撑  (3只)
============================================================
  代码        名称  现价 距MA50  量比 MA5拐头       状态         试探
510500  中证500ETF 8.649  +4.6%  0.47       ↓ ▲ 接近支撑             
516160   新能源ETF 3.201  +1.4%  0.76       ↓ ▲ 接近支撑 ◆ 安全垫2.0%
562800 稀有金属ETF 1.085  +1.1%  0.60       ↓ ▲ 接近支撑             

============================================================
  ◇ 多头排列  (7只)
============================================================
  代码        名称  现价 距MA50  量比 MA5拐头       状态
510300  沪深300ETF 4.932  +4.3%  0.36       ↑ ◇ 多头排列
512580     环保ETF 1.450  +3.7%  1.10       ↓ ◇ 多头排列
159915   创业板ETF 4.138 +14.8%  1.02       ↑ ◇ 多头排列
588000   科创50ETF 1.942 +22.7%  1.09       ↓ ◇ 多头排列
512480   半导体ETF 2.294 +31.1%  0.94       ↑ ◇ 多头排列
515790     光伏ETF 1.128  +3.9%  1.18       ↓ ◇ 多头排列
515070 人工智能ETF 2.585 +18.5%  1.14       ↑ ◇ 多头排列

============================================================
  - 趋势完好  (3只)
============================================================
  代码        名称  现价 距MA50  量比 MA5拐头       状态
562500   机器人ETF 1.165 +12.5%  0.93       ↓ - 趋势完好
159995     芯片ETF 2.637 +31.4%  1.00       ↑ - 趋势完好
512100 中证1000ETF 3.472  +5.0%  0.77       ↓ - 趋势完好

============================================================
  ✗ 趋势偏弱  (14只)
============================================================
  代码        名称  现价 距MA50  量比 MA5拐头       状态
512690       酒ETF 0.443  -8.0%  1.10       ↓ ✗ 趋势偏弱
516110     汽车ETF 1.256  -4.3%  1.08       ↓ ✗ 趋势偏弱
510880     红利ETF 3.170  -2.5%  0.91       ↓ ✗ 趋势偏弱
512880     证券ETF 1.021  -4.0%  1.18       ↓ ✗ 趋势偏弱
512200   房地产ETF 1.341  -4.0%  0.61       ↓ ✗ 趋势偏弱
512400 有色金属ETF 1.991  -3.6%  1.03       ↑ ✗ 趋势偏弱
517520   黄金股ETF 1.893 -13.8%  1.32       ↓ ✗ 趋势偏弱
515880     通信ETF 1.619 +25.0%  1.23       ↑ ✗ 趋势偏弱
512980     传媒ETF 0.902  -9.4%  1.11       ↓ ✗ 趋势偏弱
512660     军工ETF 1.344  -1.7%  1.17       ↓ ✗ 趋势偏弱
159869     游戏ETF 1.157 -10.5%  0.98       ↓ ✗ 趋势偏弱
513180 恒生科技ETF 0.618  -1.8%  0.82       ↓ ✗ 趋势偏弱
512010     医药ETF 0.336  -7.5%  0.86       ↓ ✗ 趋势偏弱
512800     银行ETF 0.761  -3.6%  1.32       ↓ ✗ 趋势偏弱

────────────────────────────────────────────────────────────
  扫描: 27  成功: 27  异常: 0
  ★买入: 0  ▲支撑: 3  ◇多头: 7  ◆试探: 1


============================================================
  📊 持仓监控 (3 只)
============================================================
  🔵 持有 中证500ETF(004348 南方中证500C)
     ◇ 多头排列 → ▲ 接近支撑  距MA50 +4.6%  → 持有观望
  🟢 加仓 环保ETF(002984 广发中证环保ETF联接C)
     ▲ 接近支撑 → ◇ 多头排列  距MA50 +3.7%  → 多头排列，可加仓 [低位]
  🔵 持有 新能源ETF(012832 南方中证新能源ETF联接C)
     ▲ 接近支撑 → ▲ 接近支撑  距MA50 +1.4%  → 持有观望
  📕 小红书日志已保存: scan_20260528_xhs.txt
  📨 已推送飞书
