--- 2026-06-08 15:53:00 ---
🔭 Argus 正在扫描...

  [1/27] 沪深300ETF (在线)
  [2/27] 中证500ETF (在线)
  [3/27] 中证1000ETF (在线)
  [4/27] 创业板ETF (在线)
  [5/27] 科创50ETF (在线)
  [6/27] 半导体ETF (在线)
  [7/27] 芯片ETF (在线)
  [8/27] 通信ETF (在线)
  [9/27] 稀有金属ETF (在线)
  [10/27] 人工智能ETF (在线)
  [11/27] 医药ETF (在线)
  [12/27] 酒ETF (在线)
  [13/27] 汽车ETF (在线)
  [14/27] 银行ETF (在线)
  [15/27] 证券ETF (在线)
  [16/27] 房地产ETF (在线)
  [17/27] 有色金属ETF (在线)
  [18/27] 黄金股ETF (在线)
  [19/27] 新能源ETF (在线)
  [20/27] 光伏ETF (在线)
  [21/27] 传媒ETF (在线)
  [22/27] 军工ETF (在线)
  [23/27] 游戏ETF (在线)
  [24/27] 环保ETF (在线)
  [25/27] 恒生科技ETF (在线)
  [26/27] 红利ETF (在线)
  [27/27] 机器人ETF (在线)
  完成! (在线: 27, 缓存: 0)

============================================================
  ▲ 接近支撑  (2只)
============================================================
  代码      名称  现价   MA5  MA20  MA50  MA100 距MA50  量比 回踩MA50 MA5拐头       状态                试探
588000 科创50ETF 1.683 1.776 1.847 1.636  1.581  +2.9%  1.04       否       ↓ ▲ 接近支撑 ◇ 待验证 安全垫3.5%
159915 创业板ETF 3.827 4.024 3.995 3.707  3.500  +3.2%  1.21       否       ↓ ▲ 接近支撑                    

============================================================
  ◇ 多头排列  (2只)
============================================================
  代码      名称  现价   MA5  MA20  MA50  MA100 距MA50  量比 回踩MA50 MA5拐头       状态                  突破
512800   银行ETF 0.789 0.784 0.776 0.788  0.788  +0.1%  1.33       是       ↑ ◇ 多头排列 ⬆ 突破(4/5日在MA50下)
562500 机器人ETF 1.163 1.129 1.160 1.055  1.054 +10.3%  1.37       否       ↓ ◇ 多头排列                      

============================================================
  - 趋势完好  (4只)
============================================================
  代码        名称  现价   MA5  MA20  MA50  MA100 距MA50  量比 回踩MA50 MA5拐头       状态
512480   半导体ETF 1.995 2.102 2.144 1.833  1.727  +8.8%  0.82       否       ↓ - 趋势完好
159995     芯片ETF 2.293 2.421 2.467 2.101  2.000  +9.2%  0.99       否       ↓ - 趋势完好
515070 人工智能ETF 2.379 2.500 2.514 2.261  2.142  +5.2%  0.96       否       ↓ - 趋势完好
510880     红利ETF 3.304 3.317 3.237 3.252  3.231  +1.6%  0.95       是       ↓ - 趋势完好

============================================================
  ✗ 趋势偏弱  (19只)
============================================================
  代码        名称  现价   MA5  MA20  MA50  MA100 距MA50  量比 回踩MA50 MA5拐头       状态
510500  中证500ETF 8.068 8.343 8.591 8.334  8.332  -3.2%  0.89       是       ↓ ✗ 趋势偏弱
513180 恒生科技ETF 0.603 0.630 0.627 0.627  0.666  -3.9%  0.86       是       ↓ ✗ 趋势偏弱
512580     环保ETF 1.297 1.365 1.417 1.397  1.373  -7.2%  0.85       是       ↓ ✗ 趋势偏弱
159869     游戏ETF 1.096 1.117 1.198 1.265  1.391 -13.3%  1.07       是       ↓ ✗ 趋势偏弱
512660     军工ETF 1.220 1.262 1.342 1.356  1.417 -10.0%  0.94       是       ↓ ✗ 趋势偏弱
512980     传媒ETF 0.854 0.880 0.936 0.978  1.062 -12.7%  0.78       是       ↓ ✗ 趋势偏弱
515790     光伏ETF 0.987 1.043 1.095 1.076  1.089  -8.2%  0.71       是       ↓ ✗ 趋势偏弱
516160   新能源ETF 2.811 2.979 3.142 3.145  3.105 -10.6%  0.89       是       ↓ ✗ 趋势偏弱
517520   黄金股ETF 1.716 1.853 1.971 2.143  2.324 -19.9%  1.63       是       ↓ ✗ 趋势偏弱
512200   房地产ETF 1.262 1.303 1.376 1.383  1.449  -8.7%  0.55       是       ↓ ✗ 趋势偏弱
512100 中证1000ETF 3.258 3.352 3.456 3.336  3.312  -2.3%  1.49       是       ↓ ✗ 趋势偏弱
512880     证券ETF 1.001 1.022 1.045 1.054  1.113  -5.1%  1.05       是       ↓ ✗ 趋势偏弱
516110     汽车ETF 1.209 1.229 1.273 1.300  1.341  -7.0%  0.74       是       ↓ ✗ 趋势偏弱
512690       酒ETF 0.425 0.437 0.450 0.473  0.501 -10.1%  0.80       是       ↓ ✗ 趋势偏弱
512010     医药ETF 0.322 0.328 0.344 0.359  0.370 -10.2%  1.00       是       ↓ ✗ 趋势偏弱
562800 稀有金属ETF 1.041 1.051 1.092 1.082  1.073  -3.8%  0.92       是       ↓ ✗ 趋势偏弱
515880     通信ETF 1.601 1.665 1.565 1.376  1.642 +16.3%  1.49       否       ↑ ✗ 趋势偏弱
512400 有色金属ETF 1.820 1.953 2.015 2.062  2.139 -11.7%  1.19       是       ↓ ✗ 趋势偏弱
510300  沪深300ETF 4.739 4.882 4.902 4.772  4.744  -0.7%  1.04       是       ↓ ✗ 趋势偏弱

────────────────────────────────────────────────────────────
  扫描: 27  成功: 27  异常: 0
  ★买入: 0  ▲支撑: 2  ◇多头: 2  ◆试探: 1  ⬆突破: 1

  📕 小红书日志已保存: scan_20260608_xhs.txt
  📨 已推送飞书
