--- 2026-06-05 10:28:06 ---
🌅 Argus 早盘分析(实时数据)...

  [1/27] 沪深300ETF (在线)
  [2/27] 中证500ETF (在线)
  [3/27] 中证1000ETF (在线)
  [4/27] 创业板ETF (在线)
  [5/27] 科创50ETF (在线)
  [6/27] 半导体ETF (在线)
  [7/27] 芯片ETF (在线)
  [8/27] 通信ETF (在线)
  [9/27] 稀有金属ETF (在线)
  [10/27] 人工智能ETF (在线)
  [11/27] 医药ETF (在线)
  [12/27] 酒ETF (在线)
  [13/27] 汽车ETF (在线)
  [14/27] 银行ETF (在线)
  [15/27] 证券ETF (在线)
  [16/27] 房地产ETF (在线)
  [17/27] 有色金属ETF (在线)
  [18/27] 黄金股ETF (在线)
  [19/27] 新能源ETF (在线)
  [20/27] 光伏ETF (在线)
  [21/27] 传媒ETF (在线)
  [22/27] 军工ETF (在线)
  [23/27] 游戏ETF (在线)
  [24/27] 环保ETF (在线)
  [25/27] 恒生科技ETF (在线)
  [26/27] 红利ETF (在线)
  [27/27] 机器人ETF (在线)
  完成! (在线: 27, 缓存: 0)

============================================================
  ▲ 接近支撑  (2只)
============================================================
  代码        名称  现价  昨收 开盘涨跌 早盘涨跌  早盘量能 距MA50  量比 MA5拐头       状态         试探
510500  中证500ETF 8.449 8.448   -0.39%   +0.01%      1.46  +1.5%  0.35       ↓ ▲ 接近支撑             
512100 中证1000ETF 3.392 3.385   -0.56%   +0.21%      1.66  +1.8%  0.40       ↓ ▲ 接近支撑 ◆ 安全垫0.6%

============================================================
  ◇ 多头排列  (5只)
============================================================
  代码        名称  现价  昨收 开盘涨跌 早盘涨跌  早盘量能 距MA50  量比 MA5拐头       状态
510300  沪深300ETF 4.936 4.926   -0.35%   +0.20%      0.99  +3.5%  0.24       ↓ ◇ 多头排列
159915   创业板ETF 4.105 4.100   -0.41%   +0.12%      1.42 +11.0%  0.34       ↓ ◇ 多头排列
510880     红利ETF 3.337 3.327   -0.39%   +0.30%      1.83  +2.6%  0.46       ↑ ◇ 多头排列
515070 人工智能ETF 2.578 2.566   -0.78%   +0.47%      1.76 +14.4%  0.43       ↓ ◇ 多头排列
515880     通信ETF 1.756 1.708   -0.64%   +2.81%      2.00 +28.4%  0.48       ↑ ◇ 多头排列

============================================================
  - 趋势完好  (4只)
============================================================
  代码      名称  现价  昨收 开盘涨跌 早盘涨跌  早盘量能 距MA50  量比 MA5拐头       状态
562500 机器人ETF 1.113 1.129   +0.00%   -1.42%      1.22  +5.6%  0.30       ↓ - 趋势完好
512480 半导体ETF 2.176 2.193   -1.96%   -0.78%      1.16 +19.3%  0.28       ↓ - 趋势完好
588000 科创50ETF 1.827 1.832   -1.69%   -0.27%      1.20 +12.0%  0.29       ↓ - 趋势完好
159995   芯片ETF 2.501 2.530   -2.33%   -1.15%      1.40 +19.6%  0.34       ↓ - 趋势完好

============================================================
  ✗ 趋势偏弱  (16只)
============================================================
  代码        名称  现价  昨收 开盘涨跌 早盘涨跌  早盘量能 距MA50  量比 MA5拐头       状态
562800 稀有金属ETF 1.053 1.054   -1.04%   -0.09%      1.82  -2.7%  0.45       ↓ ✗ 趋势偏弱
513180 恒生科技ETF 0.625 0.631   -0.32%   -0.95%      1.19  -0.5%  0.30       ↑ ✗ 趋势偏弱
512580     环保ETF 1.360 1.378   -0.44%   -1.31%      2.04  -2.8%  0.51       ↓ ✗ 趋势偏弱
159869     游戏ETF 1.126 1.110   +0.09%   +1.44%      2.42 -11.2%  0.60       ↓ ✗ 趋势偏弱
512660     军工ETF 1.288 1.278   +0.08%   +0.78%      1.62  -5.1%  0.40       ↓ ✗ 趋势偏弱
512980     传媒ETF 0.876 0.875   +0.23%   +0.11%      1.08 -10.7%  0.27       ↓ ✗ 趋势偏弱
515790     光伏ETF 1.052 1.066   -0.56%   -1.31%      1.14  -2.5%  0.28       ↓ ✗ 趋势偏弱
517520   黄金股ETF 1.858 1.863   -0.16%   -0.27%      0.87 -13.7%  0.21       ↓ ✗ 趋势偏弱
512400 有色金属ETF 1.964 1.970   -1.02%   -0.30%      1.31  -4.8%  0.32       ↓ ✗ 趋势偏弱
512200   房地产ETF 1.305 1.306   +0.00%   -0.08%      1.59  -5.8%  0.39       ↓ ✗ 趋势偏弱
512880     证券ETF 1.023 1.022   +0.00%   +0.10%      1.81  -3.1%  0.45       ↓ ✗ 趋势偏弱
516110     汽车ETF 1.210 1.225   +0.00%   -1.22%      0.86  -7.0%  0.21       ↓ ✗ 趋势偏弱
512690       酒ETF 0.434 0.433   +0.46%   +0.23%      1.97  -8.4%  0.48       ↓ ✗ 趋势偏弱
512010     医药ETF 0.329 0.325   +0.62%   +1.23%      2.77  -8.5%  0.68       ↓ ✗ 趋势偏弱
516160   新能源ETF 2.974 3.009   -0.27%   -1.16%      1.30  -5.6%  0.32       ↓ ✗ 趋势偏弱
512800     银行ETF 0.782 0.774   +0.13%   +1.03%      1.86  -0.8%  0.46       ↑ ✗ 趋势偏弱

────────────────────────────────────────────────────────────
  扫描: 27  成功: 27  异常: 0
  ★买入: 0  ▲支撑: 2  ◇多头: 5  ◆试探: 1

============================================================
  🌅 早盘概览
============================================================
  ↑涨 14 只  ↓跌 13 只  平 0 只
  领涨: 通信ETF +2.81%  量能 2.0x
  领跌: 机器人ETF -1.42%  量能 1.22x
  量能异常(>2x): 医药ETF(2.77)  游戏ETF(2.42)  环保ETF(2.04)


============================================================
  📊 持仓监控 (3 只)
============================================================
  🔵 持有 中证500ETF(004348 南方中证500C)
     ◇ 多头排列 → ▲ 接近支撑  距MA50 +1.5%  → 持有观望
  🔴 止损 环保ETF(002984 广发中证环保ETF联接C)
     ▲ 接近支撑 → ✗ 趋势偏弱  距MA50 -2.8%  → 趋势走坏，建议止损
  🔴 止损 新能源ETF(012832 南方中证新能源ETF联接C)
     ▲ 接近支撑 → ✗ 趋势偏弱  距MA50 -5.6%  → 趋势走坏，建议止损
  📨 已推送飞书
