--- 2026-05-22 15:34:13 ---
🔭 Argus 正在扫描...

  [1/27] 沪深300ETF (在线)
  [2/27] 中证500ETF (在线)
  [3/27] 中证1000ETF (在线)
  [4/27] 创业板ETF (在线)
  [5/27] 科创50ETF (在线)
  [6/27] 半导体ETF (在线)
  [7/27] 芯片ETF (在线)
  [8/27] 通信ETF (在线)
  [9/27] 稀有金属ETF (在线)
  [10/27] 人工智能ETF (在线)
  [11/27] 医药ETF (在线)
  [12/27] 酒ETF (在线)
  [13/27] 汽车ETF (在线)
  [14/27] 银行ETF (在线)
  [15/27] 证券ETF (在线)
  [16/27] 房地产ETF (在线)
  [17/27] 有色金属ETF (在线)
  [18/27] 黄金股ETF (在线)
  [19/27] 新能源ETF (在线)
  [20/27] 光伏ETF (在线)
  [21/27] 传媒ETF (在线)
  [22/27] 军工ETF (在线)
  [23/27] 游戏ETF (在线)
  [24/27] 环保ETF (在线)
  [25/27] 恒生科技ETF (在线)
  [26/27] 红利ETF (在线)
  [27/27] 机器人ETF (在线)
  完成! (在线: 27, 缓存: 0)

============================================================
  ▲ 接近支撑  (5只)
============================================================
  代码        名称  现价   MA5  MA20  MA50  MA100 距MA50  量比 回踩MA50 MA5拐头       状态
510300  沪深300ETF 4.808 4.856 4.861 4.705  4.726  +2.2%  1.03       否       ↓ ▲ 接近支撑
510500  中证500ETF 8.503 8.639 8.596 8.243  8.208  +3.1%  0.73       否       ↓ ▲ 接近支撑
512100 中证1000ETF 3.432 3.502 3.447 3.290  3.267  +4.3%  1.09       否       ↓ ▲ 接近支撑
512580     环保ETF 1.414 1.431 1.435 1.396  1.358  +1.3%  0.74       是       ↓ ▲ 接近支撑
515790     光伏ETF 1.093 1.109 1.093 1.090  1.074  +0.2%  1.39       是       ↓ ▲ 接近支撑

============================================================
  ◇ 多头排列  (4只)
============================================================
  代码      名称  现价   MA5  MA20  MA50  MA100 距MA50  量比 回踩MA50 MA5拐头       状态
159995   芯片ETF 2.477 2.423 2.182 1.925  1.905 +28.7%  1.24       否       ↑ ◇ 多头排列
562500 机器人ETF 1.187 1.185 1.095 1.019  1.034 +16.5%  1.53       否       ↑ ◇ 多头排列
588000 科创50ETF 1.860 1.850 1.713 1.536  1.529 +21.1%  1.32       否       ↑ ◇ 多头排列
512480 半导体ETF 2.132 2.117 1.910 1.678  1.641 +27.0%  1.16       否       ↑ ◇ 多头排列

============================================================
  - 趋势完好  (2只)
============================================================
  代码        名称  现价   MA5  MA20  MA50  MA100 距MA50  量比 回踩MA50 MA5拐头       状态
515070 人工智能ETF 2.442 2.491 2.371  2.12  2.071 +15.2%  1.05       否       ↓ - 趋势完好
159915   创业板ETF 3.846 3.919 3.820  3.53  3.400  +8.9%  1.33       否       ↓ - 趋势完好

============================================================
  ✗ 趋势偏弱  (16只)
============================================================
  代码        名称  现价   MA5  MA20  MA50  MA100 距MA50  量比 回踩MA50 MA5拐头       状态
515880     通信ETF 1.440 1.497 1.429 1.248  1.818 +15.4%  1.43       否       ↓ ✗ 趋势偏弱
513180 恒生科技ETF 0.608 0.619 0.634 0.632  0.679  -3.8%  1.11       是       ↓ ✗ 趋势偏弱
159869     游戏ETF 1.214 1.252 1.296 1.316  1.426  -7.7%  0.89       是       ↓ ✗ 趋势偏弱
512660     军工ETF 1.337 1.369 1.412 1.379  1.417  -3.1%  0.87       是       ↓ ✗ 趋势偏弱
512980     传媒ETF 0.943 0.974 1.002 1.010  1.070  -6.7%  0.98       是       ↓ ✗ 趋势偏弱
516160   新能源ETF 3.146 3.194 3.255 3.157  3.075  -0.4%  0.94       是       ↓ ✗ 趋势偏弱
512400 有色金属ETF 1.947 1.992 2.114 2.088  2.124  -6.7%  0.97       是       ↓ ✗ 趋势偏弱
512200   房地产ETF 1.364 1.411 1.431 1.408  1.467  -3.1%  0.74       是       ↓ ✗ 趋势偏弱
512880     证券ETF 1.054 1.051 1.071 1.071  1.136  -1.6%  1.95       是       ↓ ✗ 趋势偏弱
510880     红利ETF 3.172 3.210 3.265 3.266  3.222  -2.9%  1.51       是       ↓ ✗ 趋势偏弱
516110     汽车ETF 1.300 1.292 1.317 1.318  1.359  -1.4%  1.83       是       ↓ ✗ 趋势偏弱
512690       酒ETF 0.454 0.453 0.473 0.487  0.513  -6.8%  0.93       是       ↓ ✗ 趋势偏弱
512010     医药ETF 0.349 0.350 0.363 0.366  0.376  -4.7%  1.46       是       ↓ ✗ 趋势偏弱
562800 稀有金属ETF 1.053 1.080 1.135 1.074  1.056  -2.0%  1.07       是       ↓ ✗ 趋势偏弱
517520   黄金股ETF 1.905 1.980 2.166 2.253  2.340 -15.4%  1.30       是       ↓ ✗ 趋势偏弱
512800     银行ETF 0.771 0.773 0.788 0.792  0.793  -2.6%  1.23       是       ↓ ✗ 趋势偏弱

────────────────────────────────────────────────────────────
  扫描: 27  成功: 27  异常: 0
  ★买入: 0  ▲支撑: 5  ◇多头: 4


============================================================
  📊 持仓监控 (1 只)
============================================================
  🔵 持有 中证500ETF(004348 南方中证500C)
     ★ 买入信号 → ▲ 接近支撑  距MA50 +3.1%  → 持有观望
  📕 小红书日志已保存: scan_20260522_xhs.txt

============================================================
  🔍 尾盘对比 (14:45 vs 15:00)
============================================================
       名称  盘中价  收盘价   涨跌  量比变化                信号变化
    通信ETF   1.501   1.440 -4.06% 0.98→1.43                       —
有色金属ETF   2.017   1.947 -3.47% 0.82→0.97                       —
  黄金股ETF   1.955   1.905 -2.56%   0.8→1.3                       —
人工智能ETF   2.504   2.442 -2.48% 0.91→1.05 ◇ 多头排列 → - 趋势完好
  半导体ETF   2.185   2.132 -2.43% 0.88→1.16                       —
  创业板ETF   3.941   3.846 -2.41% 0.98→1.33                       —
    芯片ETF   2.528   2.477 -2.02% 0.89→1.24                       —
      酒ETF   0.445   0.454 +2.02% 0.82→0.93                       —
恒生科技ETF   0.619   0.608 -1.78% 0.85→1.11                       —
    证券ETF   1.036   1.054 +1.74% 1.01→1.95                       —
中证1000ETF   3.492   3.432 -1.72% 0.89→1.09 - 趋势完好 → ▲ 接近支撑
 中证500ETF   8.648   8.503 -1.68% 0.92→0.73 - 趋势完好 → ▲ 接近支撑
    医药ETF   0.344   0.349 +1.45% 0.93→1.46                       —
    光伏ETF   1.108   1.093 -1.35% 0.77→1.39 - 趋势完好 → ▲ 接近支撑
  新能源ETF   3.189   3.146 -1.35%  1.1→0.94 ▲ 接近支撑 → ✗ 趋势偏弱
  科创50ETF   1.884   1.860 -1.27%  0.9→1.32                       —
    军工ETF   1.354   1.337 -1.26% 0.74→0.87                       —
    环保ETF   1.428   1.414 -0.98%  0.7→0.74                       —
 沪深300ETF   4.855   4.808 -0.97% 0.98→1.03                       —
    传媒ETF   0.937   0.943 +0.64% 0.83→0.98                       —
  房地产ETF   1.372   1.364 -0.58% 0.89→0.74                       —
    银行ETF   0.767   0.771 +0.52% 0.84→1.23                       —
    红利ETF   3.156   3.172 +0.51% 1.06→1.51                       —
    游戏ETF   1.210   1.214 +0.33% 0.78→0.89                       —

────────────────────────────────────────────────────────────
  尾盘异动: 24 只  信号翻转: 5 只  大幅波动(≥1%): 17 只
  ⚠ 信号翻转:
    人工智能ETF: ◇ 多头排列 → - 趋势完好
    中证1000ETF: - 趋势完好 → ▲ 接近支撑
    中证500ETF: - 趋势完好 → ▲ 接近支撑
    光伏ETF: - 趋势完好 → ▲ 接近支撑
    新能源ETF: ▲ 接近支撑 → ✗ 趋势偏弱
  ⚠ 大幅波动:
    通信ETF: -4.06%
    有色金属ETF: -3.47%
    黄金股ETF: -2.56%
    人工智能ETF: -2.48%
    半导体ETF: -2.43%
    创业板ETF: -2.41%
    芯片ETF: -2.02%
    酒ETF: +2.02%
    恒生科技ETF: -1.78%
    证券ETF: +1.74%
    中证1000ETF: -1.72%
    中证500ETF: -1.68%
    医药ETF: +1.45%
    光伏ETF: -1.35%
    新能源ETF: -1.35%
    科创50ETF: -1.27%
    军工ETF: -1.26%

  📨 已推送飞书
