--- 2026-05-20 10:28:16 ---
🌅 Argus 早盘分析(实时数据)...

  [1/27] 沪深300ETF (在线)
  [2/27] 中证500ETF (在线)
  [3/27] 中证1000ETF (在线)
  [4/27] 创业板ETF (在线)
  [5/27] 科创50ETF (在线)
  [6/27] 半导体ETF (在线)
  [7/27] 芯片ETF (在线)
  [8/27] 通信ETF (在线)
  [9/27] 稀有金属ETF (在线)
  [10/27] 人工智能ETF (在线)
  [11/27] 医药ETF (在线)
  [12/27] 酒ETF (在线)
  [13/27] 汽车ETF (在线)
  [14/27] 银行ETF (在线)
  [15/27] 证券ETF (在线)
  [16/27] 房地产ETF (在线)
  [17/27] 有色金属ETF (在线)
  [18/27] 黄金股ETF (在线)
  [19/27] 新能源ETF (在线)
  [20/27] 光伏ETF (在线)
  [21/27] 传媒ETF (在线)
  [22/27] 军工ETF (在线)
  [23/27] 游戏ETF (在线)
  [24/27] 环保ETF (在线)
  [25/27] 恒生科技ETF (在线)
  [26/27] 红利ETF (在线)
  [27/27] 机器人ETF (在线)
  完成! (在线: 27, 缓存: 0)

============================================================
  ▲ 接近支撑  (1只)
============================================================
  代码      名称  现价  昨收 开盘涨跌 早盘涨跌  早盘量能 距MA50  量比 MA5拐头       状态
516160 新能源ETF 3.183 3.196   -0.22%   -0.41%      1.02  +0.9%  0.26       ↓ ▲ 接近支撑

============================================================
  ◇ 多头排列  (6只)
============================================================
  代码        名称  现价  昨收 开盘涨跌 早盘涨跌  早盘量能 距MA50  量比 MA5拐头       状态
562500   机器人ETF 1.185 1.198   -1.09%   -1.09%      1.91 +16.7%  0.51       ↑ ◇ 多头排列
515790     光伏ETF 1.120 1.117   -0.63%   +0.27%      2.00  +2.7%  0.52       ↓ ◇ 多头排列
588000   科创50ETF 1.911 1.871   -0.75%   +2.14%      2.50 +25.1%  0.62       ↑ ◇ 多头排列
512480   半导体ETF 2.198 2.131   -0.61%   +3.14%      2.21 +31.9%  0.54       ↑ ◇ 多头排列
159995     芯片ETF 2.520 2.430   -0.70%   +3.70%      2.02 +31.8%  0.50       ↑ ◇ 多头排列
515070 人工智能ETF 2.552 2.524   -0.48%   +1.11%      1.87 +20.9%  0.47       ↓ ◇ 多头排列

============================================================
  - 趋势完好  (5只)
============================================================
  代码        名称  现价  昨收 开盘涨跌 早盘涨跌  早盘量能 距MA50  量比 MA5拐头       状态
512580     环保ETF 1.434 1.440   -0.35%   -0.42%      1.20  +2.8%  0.31       ↓ - 趋势完好
510300  沪深300ETF 4.864 4.869   -0.49%   -0.10%      0.99  +3.5%  0.24       ↓ - 趋势完好
510500  中证500ETF 8.660 8.703   -0.59%   -0.49%      1.62  +5.1%  0.39       ↓ - 趋势完好
512100 中证1000ETF 3.508 3.542   -0.71%   -0.96%      1.61  +6.8%  0.39       ↓ - 趋势完好
159915   创业板ETF 3.936 3.922   -0.69%   +0.36%      1.80 +11.9%  0.43       ↓ - 趋势完好

============================================================
  ✗ 趋势偏弱  (15只)
============================================================
  代码        名称  现价  昨收 开盘涨跌 早盘涨跌  早盘量能 距MA50  量比 MA5拐头       状态
515880     通信ETF 1.522 1.511   -1.32%   +0.73%      2.05 +22.6%  0.50       ↓ ✗ 趋势偏弱
513180 恒生科技ETF 0.616 0.620   -0.65%   -0.65%      1.33  -2.6%  0.35       ↓ ✗ 趋势偏弱
159869     游戏ETF 1.245 1.273   -0.71%   -2.20%      1.46  -5.7%  0.38       ↓ ✗ 趋势偏弱
512660     军工ETF 1.369 1.377   -0.44%   -0.58%      1.01  -1.0%  0.26       ↓ ✗ 趋势偏弱
512980     传媒ETF 0.969 0.998   -0.70%   -2.91%      2.19  -4.4%  0.57       ↓ ✗ 趋势偏弱
517520   黄金股ETF 1.920 1.986   -1.81%   -3.32%      1.92 -15.2%  0.49       ↓ ✗ 趋势偏弱
512400 有色金属ETF 1.935 1.981   -1.56%   -2.32%      1.38  -7.6%  0.35       ↓ ✗ 趋势偏弱
512200   房地产ETF 1.409 1.426   -0.63%   -1.19%      1.92  -0.1%  0.49       ↓ ✗ 趋势偏弱
512880     证券ETF 1.050 1.056   -0.57%   -0.57%      1.12  -2.1%  0.28       ↓ ✗ 趋势偏弱
510880     红利ETF 3.218 3.222   +0.00%   -0.12%      1.25  -1.5%  0.33       ↓ ✗ 趋势偏弱
516110     汽车ETF 1.271 1.294   -0.31%   -1.78%      2.51  -3.6%  0.64       ↓ ✗ 趋势偏弱
512690       酒ETF 0.457 0.452   +0.00%   +1.11%      2.38  -6.5%  0.60       ↓ ✗ 趋势偏弱
512010     医药ETF 0.345 0.349   -0.29%   -1.15%      1.84  -5.9%  0.46       ↓ ✗ 趋势偏弱
562800 稀有金属ETF 1.050 1.066   -1.13%   -1.50%      1.27  -2.3%  0.32       ↓ ✗ 趋势偏弱
512800     银行ETF 0.773 0.775   +0.00%   -0.26%      2.09  -2.4%  0.53       ↓ ✗ 趋势偏弱

────────────────────────────────────────────────────────────
  扫描: 27  成功: 27  异常: 0
  ★买入: 0  ▲支撑: 1  ◇多头: 6

============================================================
  🌅 早盘概览
============================================================
  ↑涨 8 只  ↓跌 19 只  平 0 只
  领涨: 芯片ETF +3.70%  量能 2.02x
  领跌: 黄金股ETF -3.32%  量能 1.92x
  量能异常(>2x): 汽车ETF(2.51)  科创50ETF(2.5)  酒ETF(2.38)  半导体ETF(2.21)  传媒ETF(2.19)  银行ETF(2.09)  通信ETF(2.05)  芯片ETF(2.02)


============================================================
  📊 持仓监控 (1 只)
============================================================
  🟡 关注 中证500ETF(004348 南方中证500C)
     ★ 买入信号 → - 趋势完好  距MA50 +5.1%  → 趋势转弱，密切关注
  📨 已推送飞书
