--- 2026-06-03 15:34:15 ---
🔭 Argus 正在扫描...

  [1/27] 沪深300ETF (在线)
  [2/27] 中证500ETF (在线)
  [3/27] 中证1000ETF (在线)
  [4/27] 创业板ETF (在线)
  [5/27] 科创50ETF (在线)
  [6/27] 半导体ETF (在线)
  [7/27] 芯片ETF (在线)
  [8/27] 通信ETF (在线)
  [9/27] 稀有金属ETF (在线)
  [10/27] 人工智能ETF (在线)
  [11/27] 医药ETF (在线)
  [12/27] 酒ETF (在线)
  [13/27] 汽车ETF (在线)
  [14/27] 银行ETF (在线)
  [15/27] 证券ETF (在线)
  [16/27] 房地产ETF (在线)
  [17/27] 有色金属ETF (在线)
  [18/27] 黄金股ETF (在线)
  [19/27] 新能源ETF (在线)
  [20/27] 光伏ETF (在线)
  [21/27] 传媒ETF (在线)
  [22/27] 军工ETF (在线)
  [23/27] 游戏ETF (在线)
  [24/27] 环保ETF (在线)
  [25/27] 恒生科技ETF (在线)
  [26/27] 红利ETF (在线)
  [27/27] 机器人ETF (在线)
  完成! (在线: 27, 缓存: 0)

============================================================
  ▲ 接近支撑  (3只)
============================================================
  代码        名称  现价   MA5  MA20  MA50  MA100 距MA50  量比 回踩MA50 MA5拐头       状态         试探
510500  中证500ETF 8.455 8.465 8.671 8.296  8.313  +1.9%  0.53       是       ↓ ▲ 接近支撑             
512100 中证1000ETF 3.389 3.394 3.484 3.318  3.305  +2.1%  1.53       是       ↓ ▲ 接近支撑 ◆ 安全垫0.4%
512580     环保ETF 1.400 1.417 1.435 1.400  1.372  +0.0%  1.06       是       ↓ ▲ 接近支撑 ◆ 安全垫2.0%

============================================================
  ◇ 多头排列  (5只)
============================================================
  代码        名称  现价   MA5  MA20  MA50  MA100 距MA50  量比 回踩MA50 MA5拐头       状态                  突破
510300  沪深300ETF 4.965 4.925 4.914 4.752  4.743  +4.5%  0.72       是       ↓ ◇ 多头排列                      
159915   创业板ETF 4.145 4.074 3.980 3.665  3.478 +13.1%  1.16       否       ↑ ◇ 多头排列                      
510880     红利ETF 3.324 3.263 3.229 3.249  3.227  +2.3%  1.17       是       ↑ ◇ 多头排列 ⬆ 突破(3/5日在MA50下)
515070 人工智能ETF 2.583 2.517 2.507 2.226  2.127 +16.1%  1.38       否       ↓ ◇ 多头排列                      
515880     通信ETF 1.716 1.618 1.533 1.340  1.685 +28.0%  1.39       否       ↑ ◇ 多头排列                      

============================================================
  - 趋势完好  (4只)
============================================================
  代码      名称  现价   MA5  MA20  MA50  MA100 距MA50  量比 回踩MA50 MA5拐头       状态
562500 机器人ETF 1.127 1.127 1.156 1.046  1.052  +7.7%  0.71       否       ↓ - 趋势完好
159995   芯片ETF 2.483 2.473 2.442 2.058  1.981 +20.6%  1.12       否       ↓ - 趋势完好
588000 科创50ETF 1.823 1.829 1.848 1.612  1.571 +13.1%  1.11       否       ↓ - 趋势完好
512480 半导体ETF 2.150 2.146 2.123 1.795  1.709 +19.8%  0.94       否       ↓ - 趋势完好

============================================================
  ✗ 趋势偏弱  (15只)
============================================================
  代码        名称  现价   MA5  MA20  MA50  MA100 距MA50  量比 回踩MA50 MA5拐头       状态
513180 恒生科技ETF 0.641 0.632 0.632 0.628  0.670  +2.1%  0.79       是       ↑ ✗ 趋势偏弱
159869     游戏ETF 1.124 1.144 1.233 1.274  1.402 -11.8%  0.75       是       ↓ ✗ 趋势偏弱
512660     军工ETF 1.273 1.287 1.373 1.358  1.421  -6.2%  1.51       是       ↓ ✗ 趋势偏弱
512980     传媒ETF 0.891 0.907 0.961 0.985  1.066  -9.5%  0.79       是       ↓ ✗ 趋势偏弱
515790     光伏ETF 1.065 1.078 1.106 1.081  1.087  -1.5%  0.92       是       ↓ ✗ 趋势偏弱
516160   新能源ETF 3.060 3.108 3.204 3.155  3.104  -3.0%  0.68       是       ↓ ✗ 趋势偏弱
517520   黄金股ETF 1.918 1.908 2.043 2.162  2.331 -11.3%  0.59       是       ↓ ✗ 趋势偏弱
512400 有色金属ETF 2.032 1.990 2.061 2.060  2.140  -1.4%  1.03       是       ↓ ✗ 趋势偏弱
512200   房地产ETF 1.316 1.340 1.406 1.388  1.455  -5.2%  0.55       是       ↓ ✗ 趋势偏弱
512880     证券ETF 1.035 1.032 1.057 1.057  1.120  -2.1%  0.96       是       ↓ ✗ 趋势偏弱
516110     汽车ETF 1.234 1.241 1.290 1.304  1.348  -5.4%  0.64       是       ↓ ✗ 趋势偏弱
512690       酒ETF 0.444 0.450 0.456 0.476  0.504  -6.8%  1.14       是       ↓ ✗ 趋势偏弱
512010     医药ETF 0.330 0.337 0.350 0.361  0.372  -8.5%  1.20       是       ↓ ✗ 趋势偏弱
562800 稀有金属ETF 1.052 1.059 1.113 1.075  1.069  -2.1%  0.69       是       ↓ ✗ 趋势偏弱
512800     银行ETF 0.783 0.779 0.777 0.788  0.789  -0.7%  0.97       是       ↑ ✗ 趋势偏弱

────────────────────────────────────────────────────────────
  扫描: 27  成功: 27  异常: 0
  ★买入: 0  ▲支撑: 3  ◇多头: 5  ◆试探: 2  ⬆突破: 1


============================================================
  📊 持仓监控 (3 只)
============================================================
  🔵 持有 中证500ETF(004348 南方中证500C)
     ◇ 多头排列 → ▲ 接近支撑  距MA50 +1.9%  → 持有观望
  🔵 持有 环保ETF(002984 广发中证环保ETF联接C)
     ▲ 接近支撑 → ▲ 接近支撑  距MA50 +0.0%  → 持有观望
  🔴 止损 新能源ETF(012832 南方中证新能源ETF联接C)
     ▲ 接近支撑 → ✗ 趋势偏弱  距MA50 -3.0%  → 趋势走坏，建议止损
  📕 小红书日志已保存: scan_20260603_xhs.txt

============================================================
  🔍 尾盘对比 (14:45 vs 15:00)
============================================================
  尾盘无显著变化，行情平稳收尾

  📨 已推送飞书
