--- 2026-05-15 14:50:25 ---
🔭 Argus 正在扫描...

  [1/24] 沪深300ETF (缓存)
  [2/24] 中证500ETF (缓存)
  [3/24] 中证1000ETF (缓存)
  [4/24] 创业板ETF (缓存)
  [5/24] 科创50ETF (缓存)
  [6/24] 半导体ETF (缓存)
  [7/24] 芯片ETF (缓存)
  [8/24] 通信ETF (缓存)
  [9/24] 机器人ETF (缓存)
  [10/24] 人工智能ETF (缓存)
  [11/24] 医药ETF (缓存)
  [12/24] 酒ETF (缓存)
  [13/24] 汽车ETF (缓存)
  [14/24] 银行ETF (缓存)
  [15/24] 证券ETF (缓存)
  [16/24] 房地产ETF (缓存)
  [17/24] 有色金属ETF (缓存)
  [18/24] 黄金股ETF (缓存)
  [19/24] 新能源ETF (缓存)
  [20/24] 光伏ETF (缓存)
  [21/24] 传媒ETF (缓存)
  [22/24] 军工ETF (缓存)
  [23/24] 游戏ETF (缓存)
  [24/24] 环保ETF (缓存)
  完成! (在线: 0, 缓存: 24)

============================================================
  ▲ 接近支撑  (2只)
============================================================
  代码      名称  现价   MA5  MA20  MA50  MA100 距MA50  量比 回踩MA50 MA5拐头       状态
516160 新能源ETF 3.198 3.278 3.251 3.145  3.058  +1.7%  1.12       否       ↓ ▲ 接近支撑
562800 机器人ETF 1.102 1.159 1.140 1.078  1.047  +2.2%  1.11       否       ↓ ▲ 接近支撑

============================================================
  - 趋势完好  (10只)
============================================================
  代码        名称  现价   MA5  MA20  MA50  MA100 距MA50  量比 回踩MA50 MA5拐头       状态
510300  沪深300ETF 4.879 4.953 4.838 4.689  4.718  +4.0%  0.89       否       ↓ - 趋势完好
515790     光伏ETF 1.106 1.125 1.086 1.091  1.068  +1.4%  2.21       是       ↑ - 趋势完好
515070 人工智能ETF 2.479 2.506 2.301 2.077  2.046 +19.4%  1.16       否       ↑ - 趋势完好
159995     芯片ETF 2.321 2.333 2.062 1.876  1.874 +23.7%  1.17       否       ↑ - 趋势完好
512580     环保ETF 1.429 1.453 1.426 1.389  1.351  +2.9%  0.80       否       ↓ - 趋势完好
588000   科创50ETF 1.793 1.820 1.640 1.505  1.510 +19.2%  1.42       否       ↑ - 趋势完好
159915   创业板ETF 3.943 3.968 3.762 3.473  3.368 +13.5%  1.34       否       ↑ - 趋势完好
510500  中证500ETF 8.621 8.835 8.518 8.221  8.151  +4.9%  1.74       否       ↓ - 趋势完好
512100 中证1000ETF 3.490 3.542 3.407 3.271  3.245  +6.7%  1.17       否       ↓ - 趋势完好
512480   半导体ETF 2.042 2.043 1.808 1.633  1.612 +25.0%  1.41       否       ↑ - 趋势完好

============================================================
  ✗ 趋势偏弱  (12只)
============================================================
  代码        名称  现价   MA5  MA20  MA50  MA100 距MA50  量比 回踩MA50 MA5拐头       状态
515880     通信ETF 1.503 1.518 1.388 1.215  1.874 +23.7%  1.38       否       ↑ ✗ 趋势偏弱
512660     军工ETF 1.386 1.449 1.417 1.390  1.412  -0.3%  1.27       是       ↓ ✗ 趋势偏弱
512980     传媒ETF 0.980 1.003 1.013 1.018  1.069  -3.8%  1.11       是       ↓ ✗ 趋势偏弱
560080   黄金股ETF 0.974 0.992 0.997 1.010  1.035  -3.6%  1.10       是       ↓ ✗ 趋势偏弱
512200   房地产ETF 1.435 1.480 1.428 1.413  1.469  +1.6%  1.14       是       ↓ ✗ 趋势偏弱
512880     证券ETF 1.049 1.083 1.076 1.077  1.141  -2.6%  1.24       是       ↓ ✗ 趋势偏弱
512800     银行ETF 0.779 0.782 0.794 0.792  0.795  -1.7%  1.09       是       ↓ ✗ 趋势偏弱
516110     汽车ETF 1.302 1.315 1.327 1.322  1.363  -1.5%  1.26       是       ↓ ✗ 趋势偏弱
159869     游戏ETF 1.273 1.304 1.313 1.328  1.432  -4.2%  0.95       是       ↓ ✗ 趋势偏弱
512010     医药ETF 0.357 0.366 0.368 0.367  0.377  -2.9%  1.11       是       ↓ ✗ 趋势偏弱
512400 有色金属ETF 2.038 2.155 2.149 2.116  2.115  -3.7%  1.23       是       ↓ ✗ 趋势偏弱
512690       酒ETF 0.456 0.466 0.480 0.492  0.517  -7.3%  1.19       是       ↓ ✗ 趋势偏弱

────────────────────────────────────────────────────────────
  扫描: 24  成功: 24  异常: 0
  ★买入: 0  ▲支撑: 2  ◇多头: 0


============================================================
  📊 持仓监控 (1 只)
============================================================
  🟡 关注 中证500ETF(004348 南方中证500C)
     ★ 买入信号 → - 趋势完好  距MA50 +4.9%  → 趋势转弱，密切关注
  📕 小红书日志已保存: scan_0515_xhs.txt
  📨 已推送飞书
