--- 2026-05-18 10:57:09 ---
🌅 Argus 早盘分析(实时数据)...

  [1/24] 沪深300ETF (在线)
  [2/24] 中证500ETF (在线)
  [3/24] 中证1000ETF (在线)
  [4/24] 创业板ETF (在线)
  [5/24] 科创50ETF (在线)
  [6/24] 半导体ETF (在线)
  [7/24] 芯片ETF (在线)
  [8/24] 通信ETF (在线)
  [9/24] 稀有金属ETF (在线)
  [10/24] 人工智能ETF (在线)
  [11/24] 医药ETF (在线)
  [12/24] 酒ETF (在线)
  [13/24] 汽车ETF (在线)
  [14/24] 银行ETF (在线)
  [15/24] 证券ETF (在线)
  [16/24] 房地产ETF (在线)
  [17/24] 有色金属ETF (在线)
  [18/24] 黄金股ETF (在线)
  [19/24] 新能源ETF (在线)
  [20/24] 光伏ETF (在线)
  [21/24] 传媒ETF (在线)
  [22/24] 军工ETF (在线)
  [23/24] 游戏ETF (在线)
  [24/24] 环保ETF (在线)
  完成! (在线: 24, 缓存: 0)

============================================================
  ▲ 接近支撑  (3只)
============================================================
  代码        名称  现价  昨收 开盘涨跌 早盘涨跌  早盘量能 距MA50  量比 MA5拐头       状态
512580     环保ETF 1.426 1.427   -0.21%   -0.07%      1.01  +2.6%  0.38       ↓ ▲ 接近支撑
516160   新能源ETF 3.190 3.199   -1.31%   -0.28%      1.74  +1.3%  0.64       ↓ ▲ 接近支撑
562800 稀有金属ETF 1.104 1.132   -0.71%   -2.47%      3.16  +2.4%  1.16       ↓ ▲ 接近支撑

============================================================
  ◇ 多头排列  (2只)
============================================================
  代码      名称  现价  昨收 开盘涨跌 早盘涨跌  早盘量能 距MA50  量比 MA5拐头       状态
512480 半导体ETF 2.077 2.035   +0.00%   +2.06%      1.85 +26.4%  0.67       ↑ ◇ 多头排列
159995   芯片ETF 2.364 2.315   +0.30%   +2.12%      2.12 +25.3%  0.77       ↑ ◇ 多头排列

============================================================
  - 趋势完好  (7只)
============================================================
  代码        名称  现价  昨收 开盘涨跌 早盘涨跌  早盘量能 距MA50  量比 MA5拐头       状态
515790     光伏ETF 1.100 1.108   -0.99%   -0.72%      1.13  +0.8%  0.42       ↓ - 趋势完好
515070 人工智能ETF 2.497 2.466   -0.77%   +1.26%      1.43 +19.6%  0.53       ↑ - 趋势完好
510300  沪深300ETF 4.855 4.878   -0.47%   -0.47%      0.66  +3.5%  0.24       ↓ - 趋势完好
588000   科创50ETF 1.813 1.787   -0.95%   +1.45%      1.80 +20.0%  0.65       ↑ - 趋势完好
159915   创业板ETF 3.934 3.970   -1.46%   -0.91%      1.46 +12.8%  0.53       ↓ - 趋势完好
512100 中证1000ETF 3.508 3.488   -0.43%   +0.57%      0.96  +7.1%  0.35       ↓ - 趋势完好
510500  中证500ETF 8.656 8.612   -0.62%   +0.51%      0.74  +5.2%  0.27       ↓ - 趋势完好

============================================================
  ✗ 趋势偏弱  (12只)
============================================================
  代码        名称  现价  昨收 开盘涨跌 早盘涨跌  早盘量能 距MA50  量比 MA5拐头       状态
512010     医药ETF 0.350 0.356   -0.28%   -1.69%      1.67  -4.7%  0.61       ↓ ✗ 趋势偏弱
159869     游戏ETF 1.250 1.274   -1.26%   -1.88%      1.26  -5.7%  0.47       ↓ ✗ 趋势偏弱
516110     汽车ETF 1.284 1.300   -0.08%   -1.23%      3.80  -2.8%  1.39       ↓ ✗ 趋势偏弱
512800     银行ETF 0.772 0.779   -0.26%   -0.90%      1.16  -2.5%  0.42       ↓ ✗ 趋势偏弱
512880     证券ETF 1.047 1.048   -0.29%   -0.10%      1.26  -2.6%  0.47       ↓ ✗ 趋势偏弱
512200   房地产ETF 1.409 1.433   -0.77%   -1.67%      1.33  -0.2%  0.49       ↓ ✗ 趋势偏弱
512400 有色金属ETF 2.000 2.039   -2.40%   -1.91%      1.47  -5.1%  0.54       ↓ ✗ 趋势偏弱
517520   黄金股ETF 1.990 2.049   -2.39%   -2.88%      1.70 -13.1%  0.63       ↓ ✗ 趋势偏弱
512980     传媒ETF 0.974 0.982   -1.02%   -0.81%      1.59  -4.2%  0.59       ↓ ✗ 趋势偏弱
512660     军工ETF 1.385 1.385   -0.79%   +0.00%      1.11  -0.2%  0.41       ↓ ✗ 趋势偏弱
515880     通信ETF 1.528 1.500   -1.67%   +1.87%      1.63 +24.8%  0.59       ↑ ✗ 趋势偏弱
512690       酒ETF 0.451 0.455   +0.22%   -0.88%      1.44  -8.0%  0.53       ↓ ✗ 趋势偏弱

────────────────────────────────────────────────────────────
  扫描: 24  成功: 24  异常: 0
  ★买入: 0  ▲支撑: 3  ◇多头: 2

============================================================
  🌅 早盘概览
============================================================
  ↑涨 7 只  ↓跌 16 只  平 1 只
  领涨: 芯片ETF +2.12%  量能 2.12x
  领跌: 黄金股ETF -2.88%  量能 1.7x
  量能异常(>2x): 汽车ETF(3.8)  稀有金属ETF(3.16)  芯片ETF(2.12)


============================================================
  📊 持仓监控 (1 只)
============================================================
  🟡 关注 中证500ETF(004348 南方中证500C)
     ★ 买入信号 → - 趋势完好  距MA50 +5.2%  → 趋势转弱，密切关注
  📨 已推送飞书
