--- 2026-06-03 10:28:15 ---
🌅 Argus 早盘分析(实时数据)...

  [1/27] 沪深300ETF (在线)
  [2/27] 中证500ETF (在线)
  [3/27] 中证1000ETF (在线)
  [4/27] 创业板ETF (在线)
  [5/27] 科创50ETF (在线)
  [6/27] 半导体ETF (在线)
  [7/27] 芯片ETF (在线)
  [8/27] 通信ETF (在线)
  [9/27] 稀有金属ETF (在线)
  [10/27] 人工智能ETF (在线)
  [11/27] 医药ETF (在线)
  [12/27] 酒ETF (在线)
  [13/27] 汽车ETF (在线)
  [14/27] 银行ETF (在线)
  [15/27] 证券ETF (在线)
  [16/27] 房地产ETF (在线)
  [17/27] 有色金属ETF (在线)
  [18/27] 黄金股ETF (在线)
  [19/27] 新能源ETF (在线)
  [20/27] 光伏ETF (在线)
  [21/27] 传媒ETF (在线)
  [22/27] 军工ETF (在线)
  [23/27] 游戏ETF (在线)
  [24/27] 环保ETF (在线)
  [25/27] 恒生科技ETF (在线)
  [26/27] 红利ETF (在线)
  [27/27] 机器人ETF (在线)
  完成! (在线: 27, 缓存: 0)

============================================================
  ▲ 接近支撑  (3只)
============================================================
  代码        名称  现价  昨收 开盘涨跌 早盘涨跌  早盘量能 距MA50  量比 MA5拐头       状态         试探
510500  中证500ETF 8.497 8.406   -0.07%   +1.08%      0.76  +2.4%  0.18       ↓ ▲ 接近支撑             
512100 中证1000ETF 3.410 3.368   +0.06%   +1.25%      1.46  +2.8%  0.35       ↓ ▲ 接近支撑 ◆ 安全垫0.4%
512580     环保ETF 1.401 1.405   -0.43%   -0.28%      1.09  +0.1%  0.28       ↓ ▲ 接近支撑 ◆ 安全垫2.0%

============================================================
  ◇ 多头排列  (5只)
============================================================
  代码        名称  现价  昨收 开盘涨跌 早盘涨跌  早盘量能 距MA50  量比 MA5拐头       状态                  突破
510300  沪深300ETF 4.987 4.936   +0.04%   +1.03%      0.87  +4.9%  0.21       ↓ ◇ 多头排列                      
159915   创业板ETF 4.177 4.071   +0.59%   +2.60%      2.38 +13.9%  0.57       ↑ ◇ 多头排列                      
510880     红利ETF 3.272 3.308   -0.54%   -1.09%      1.87  +0.8%  0.48       ↑ ◇ 多头排列 ⬆ 突破(3/5日在MA50下)
515070 人工智能ETF 2.604 2.495   +0.28%   +4.37%      3.15 +17.0%  0.77       ↓ ◇ 多头排列                      
515880     通信ETF 1.738 1.635   +2.14%   +6.30%      2.39 +29.6%  0.59       ↑ ◇ 多头排列                      

============================================================
  - 趋势完好  (4只)
============================================================
  代码      名称  现价  昨收 开盘涨跌 早盘涨跌  早盘量能 距MA50  量比 MA5拐头       状态
562500 机器人ETF 1.142 1.122   -0.36%   +1.78%      1.23  +9.1%  0.32       ↓ - 趋势完好
159995   芯片ETF 2.494 2.396   +0.50%   +4.09%      2.77 +21.2%  0.67       ↓ - 趋势完好
588000 科创50ETF 1.830 1.781   +0.39%   +2.75%      1.90 +13.5%  0.46       ↓ - 趋势完好
512480 半导体ETF 2.156 2.080   +0.24%   +3.65%      1.63 +20.1%  0.39       ↓ - 趋势完好

============================================================
  ✗ 趋势偏弱  (15只)
============================================================
  代码        名称  现价  昨收 开盘涨跌 早盘涨跌  早盘量能 距MA50  量比 MA5拐头       状态
513180 恒生科技ETF 0.642 0.652   -0.31%   -1.53%      1.38  +2.3%  0.36       ↑ ✗ 趋势偏弱
159869     游戏ETF 1.134 1.133   -0.44%   +0.09%      1.75 -11.0%  0.44       ↓ ✗ 趋势偏弱
512660     军工ETF 1.276 1.267   -0.32%   +0.71%      1.68  -6.0%  0.42       ↓ ✗ 趋势偏弱
512980     传媒ETF 0.897 0.906   -1.10%   -0.99%      1.74  -8.9%  0.44       ↓ ✗ 趋势偏弱
515790     光伏ETF 1.077 1.055   -0.09%   +2.09%      1.67  -0.4%  0.42       ↓ ✗ 趋势偏弱
516160   新能源ETF 3.077 3.075   -0.16%   +0.07%      0.95  -2.5%  0.24       ↓ ✗ 趋势偏弱
517520   黄金股ETF 1.926 1.940   -1.70%   -0.72%      0.86 -10.9%  0.22       ↓ ✗ 趋势偏弱
512400 有色金属ETF 2.033 2.015   -0.89%   +0.89%      2.24  -1.3%  0.56       ↓ ✗ 趋势偏弱
512200   房地产ETF 1.314 1.332   +0.00%   -1.35%      0.75  -5.3%  0.19       ↓ ✗ 趋势偏弱
512880     证券ETF 1.036 1.037   -0.39%   -0.10%      1.40  -2.0%  0.35       ↓ ✗ 趋势偏弱
516110     汽车ETF 1.242 1.250   -0.32%   -0.64%      1.16  -4.8%  0.28       ↓ ✗ 趋势偏弱
512690       酒ETF 0.439 0.448   -0.22%   -2.01%      2.02  -7.8%  0.50       ↓ ✗ 趋势偏弱
512010     医药ETF 0.330 0.336   -0.30%   -1.79%      2.83  -8.5%  0.70       ↓ ✗ 趋势偏弱
562800 稀有金属ETF 1.072 1.052   -0.67%   +1.90%      1.79  -0.5%  0.44       ↓ ✗ 趋势偏弱
512800     银行ETF 0.782 0.790   -0.25%   -1.01%      2.04  -0.8%  0.50       ↑ ✗ 趋势偏弱

────────────────────────────────────────────────────────────
  扫描: 27  成功: 27  异常: 0
  ★买入: 0  ▲支撑: 3  ◇多头: 5  ◆试探: 2  ⬆突破: 1

============================================================
  🌅 早盘概览
============================================================
  ↑涨 16 只  ↓跌 11 只  平 0 只
  领涨: 通信ETF +6.30%  量能 2.39x
  领跌: 酒ETF -2.01%  量能 2.02x
  量能异常(>2x): 人工智能ETF(3.15)  医药ETF(2.83)  芯片ETF(2.77)  通信ETF(2.39)  创业板ETF(2.38)  有色金属ETF(2.24)  银行ETF(2.04)  酒ETF(2.02)


============================================================
  📊 持仓监控 (3 只)
============================================================
  🔵 持有 中证500ETF(004348 南方中证500C)
     ◇ 多头排列 → ▲ 接近支撑  距MA50 +2.4%  → 持有观望
  🔵 持有 环保ETF(002984 广发中证环保ETF联接C)
     ▲ 接近支撑 → ▲ 接近支撑  距MA50 +0.1%  → 持有观望
  🔴 止损 新能源ETF(012832 南方中证新能源ETF联接C)
     ▲ 接近支撑 → ✗ 趋势偏弱  距MA50 -2.5%  → 趋势走坏，建议止损
  📨 已推送飞书
