--- 2026-05-18 14:43:13 ---
🔭 Argus 正在扫描...

  [1/24] 沪深300ETF (在线)
  [2/24] 中证500ETF (在线)
  [3/24] 中证1000ETF (在线)
  [4/24] 创业板ETF (在线)
  [5/24] 科创50ETF (在线)
  [6/24] 半导体ETF (在线)
  [7/24] 芯片ETF (在线)
  [8/24] 通信ETF (在线)
  [9/24] 稀有金属ETF (在线)
  [10/24] 人工智能ETF (在线)
  [11/24] 医药ETF (在线)
  [12/24] 酒ETF (在线)
  [13/24] 汽车ETF (在线)
  [14/24] 银行ETF (在线)
  [15/24] 证券ETF (在线)
  [16/24] 房地产ETF (在线)
  [17/24] 有色金属ETF (在线)
  [18/24] 黄金股ETF (在线)
  [19/24] 新能源ETF (在线)
  [20/24] 光伏ETF (在线)
  [21/24] 传媒ETF (在线)
  [22/24] 军工ETF (在线)
  [23/24] 游戏ETF (在线)
  [24/24] 环保ETF (在线)
  完成! (在线: 24, 缓存: 0)

============================================================
  ▲ 接近支撑  (4只)
============================================================
  代码        名称  现价   MA5  MA20  MA50  MA100 距MA50  量比 回踩MA50 MA5拐头       状态
510300  沪深300ETF 4.829 4.926 4.845 4.692  4.720  +2.9%  0.47       否       ↓ ▲ 接近支撑
516160   新能源ETF 3.176 3.245 3.255 3.148  3.062  +0.9%  1.31       是       ↓ ▲ 接近支撑
562800 稀有金属ETF 1.104 1.160 1.140 1.078  1.047  +2.4%  1.16       否       ↓ ▲ 接近支撑
512580     环保ETF 1.423 1.443 1.429 1.390  1.352  +2.4%  0.69       否       ↓ ▲ 接近支撑

============================================================
  - 趋势完好  (8只)
============================================================
  代码        名称  现价   MA5  MA20  MA50  MA100 距MA50  量比 回踩MA50 MA5拐头       状态
588000   科创50ETF 1.789 1.814 1.655 1.511  1.513 +18.4%  1.03       否       ↓ - 趋势完好
512480   半导体ETF 2.043 2.047 1.830 1.643  1.618 +24.4%  0.90       否       ↑ - 趋势完好
159995     芯片ETF 2.324 2.334 2.087 1.886  1.880 +23.2%  0.99       否       ↑ - 趋势完好
512100 中证1000ETF 3.490 3.529 3.419 3.275  3.250  +6.6%  0.69       否       ↓ - 趋势完好
515070 人工智能ETF 2.470 2.504 2.320 2.087  2.052 +18.4%  0.75       否       ↑ - 趋势完好
515790     光伏ETF 1.096 1.120 1.088 1.091  1.070  +0.5%  0.74       是       ↓ - 趋势完好
510500  中证500ETF 8.587 8.768 8.541 8.225  8.165  +4.4%  0.61       否       ↓ - 趋势完好
159915   创业板ETF 3.903 3.964 3.782 3.487  3.376 +11.9%  0.96       否       ↓ - 趋势完好

============================================================
  ✗ 趋势偏弱  (12只)
============================================================
  代码        名称  现价   MA5  MA20  MA50  MA100 距MA50  量比 回踩MA50 MA5拐头       状态
512660     军工ETF 1.370 1.426 1.417 1.388  1.414  -1.3%  0.89       是       ↓ ✗ 趋势偏弱
512980     传媒ETF 0.973 0.993 1.012 1.016  1.069  -4.3%  0.96       是       ↓ ✗ 趋势偏弱
517520   黄金股ETF 1.998 2.136 2.219 2.291  2.341 -12.8%  1.14       是       ↓ ✗ 趋势偏弱
512400 有色金属ETF 1.997 2.113 2.144 2.108  2.118  -5.3%  0.88       是       ↓ ✗ 趋势偏弱
512800     银行ETF 0.771 0.779 0.793 0.792  0.794  -2.7%  0.86       是       ↓ ✗ 趋势偏弱
512880     证券ETF 1.043 1.072 1.075 1.075  1.140  -3.0%  0.76       是       ↓ ✗ 趋势偏弱
516110     汽车ETF 1.285 1.305 1.324 1.321  1.362  -2.7%  1.67       是       ↓ ✗ 趋势偏弱
159869     游戏ETF 1.246 1.287 1.309 1.325  1.431  -6.0%  0.88       是       ↓ ✗ 趋势偏弱
512010     医药ETF 0.348 0.361 0.366 0.367  0.377  -5.2%  1.25       是       ↓ ✗ 趋势偏弱
515880     通信ETF 1.510 1.522 1.402 1.224  1.860 +23.4%  0.88       否       ↑ ✗ 趋势偏弱
512200   房地产ETF 1.407 1.459 1.430 1.412  1.469  -0.3%  1.08       是       ↓ ✗ 趋势偏弱
512690       酒ETF 0.451 0.461 0.478 0.490  0.516  -8.0%  0.85       是       ↓ ✗ 趋势偏弱

────────────────────────────────────────────────────────────
  扫描: 24  成功: 24  异常: 0
  ★买入: 0  ▲支撑: 4  ◇多头: 0


============================================================
  📊 持仓监控 (2 只)
============================================================
  🟡 关注 中证500ETF(004348 南方中证500C)
     ★ 买入信号 → - 趋势完好  距MA50 +4.4%  → 趋势转弱，密切关注
  🔴 止损 传媒ETF(004752 广发中证传媒ETF联接A)
     ✗ 趋势偏弱 → ✗ 趋势偏弱  距MA50 -4.3%  → 趋势走坏，建议止损
  📨 已推送飞书
