--- 2026-06-16 15:34:05 ---
🔭 Argus 正在扫描...

  [1/27] 沪深300ETF (在线)
  [2/27] 中证500ETF (在线)
  [3/27] 中证1000ETF (在线)
  [4/27] 创业板ETF (在线)
  [5/27] 科创50ETF (在线)
  [6/27] 半导体ETF (在线)
  [7/27] 芯片ETF (在线)
  [8/27] 通信ETF (在线)
  [9/27] 稀有金属ETF (在线)
  [10/27] 人工智能ETF (在线)
  [11/27] 医药ETF (在线)
  [12/27] 酒ETF (在线)
  [13/27] 汽车ETF (在线)
  [14/27] 银行ETF (在线)
  [15/27] 证券ETF (在线)
  [16/27] 房地产ETF (在线)
  [17/27] 有色金属ETF (在线)
  [18/27] 黄金股ETF (在线)
  [19/27] 新能源ETF (在线)
  [20/27] 光伏ETF (在线)
  [21/27] 传媒ETF (在线)
  [22/27] 军工ETF (在线)
  [23/27] 游戏ETF (在线)
  [24/27] 环保ETF (在线)
  [25/27] 恒生科技ETF (在线)
  [26/27] 红利ETF (在线)
  [27/27] 机器人ETF (在线)
  完成! (在线: 27, 缓存: 0)

============================================================
  ★ 买入信号  (3只)
============================================================
  代码        名称  现价   MA5  MA20  MA50  MA100 距MA50  量比 回踩MA50 MA5拐头       状态                  突破 风险等级                 信号评估                    场外基金
510300  沪深300ETF 4.910 4.836 4.876 4.811  4.741  +2.0%  1.10       是       ↑ ★ 买入信号                           低位 中|均线紊乱,近期阴多阳少  002987 广发沪深300ETF联接C
562800 稀有金属ETF 1.147 1.072 1.065 1.090  1.077  +5.3%  2.00       是       ↑ ★ 买入信号 ⬆ 突破(4/5日在MA50下)     追涨       中|均线紊乱,量偏大 014111 嘉实稀有金属ETF联接C
512100 中证1000ETF 3.491 3.366 3.404 3.368  3.317  +3.6%  0.89       是       ↑ ★ 买入信号 ⬆ 突破(3/5日在MA50下)     低位              中|均线紊乱 011861 南方中证1000ETF联接C

============================================================
  ▲ 接近支撑  (1只)
============================================================
  代码      名称  现价   MA5  MA20  MA50  MA100 距MA50  量比 回踩MA50 MA5拐头       状态 试探 风险等级
562500 机器人ETF 1.121 1.122 1.154 1.079  1.059  +3.9%   0.6       是       ↓ ▲ 接近支撑           NaN

============================================================
  ◇ 多头排列  (6只)
============================================================
  代码       名称  现价   MA5  MA20  MA50  MA100 距MA50  量比 回踩MA50 MA5拐头       状态                  突破 风险等级
588000  科创50ETF 1.855 1.791 1.834 1.687  1.595  +9.9%  0.72       是       ↑ ◇ 多头排列                            NaN
512480  半导体ETF 2.254 2.164 2.171 1.916  1.760 +17.6%  0.66       否       ↑ ◇ 多头排列                            NaN
159995    芯片ETF 2.536 2.444 2.492 2.192  2.033 +15.7%  0.72       否       ↑ ◇ 多头排列                            NaN
515880    通信ETF 1.729 1.647 1.605 1.445  1.552 +19.6%  0.99       否       ↑ ◇ 多头排列                            NaN
510500 中证500ETF 8.632 8.344 8.462 8.401  8.343  +2.8%  0.77       是       ↑ ◇ 多头排列 ⬆ 突破(4/5日在MA50下)      NaN
159915  创业板ETF 4.111 3.940 3.991 3.790  3.538  +8.5%  0.75       是       ↑ ◇ 多头排列                            NaN

============================================================
  - 趋势完好  (2只)
============================================================
  代码        名称  现价   MA5  MA20  MA50  MA100 距MA50  量比 回踩MA50 MA5拐头       状态 风险等级
512800     银行ETF 0.792 0.803 0.783 0.789  0.787  +0.4%  0.98       是       ↓ - 趋势完好      NaN
515070 人工智能ETF 2.480 2.414 2.488 2.328  2.164  +6.5%  0.76       是       ↑ - 趋势完好      NaN

============================================================
  ✗ 趋势偏弱  (15只)
============================================================
  代码        名称  现价   MA5  MA20  MA50  MA100 距MA50  量比 回踩MA50 MA5拐头       状态 风险等级
512690       酒ETF 0.419 0.425 0.439 0.464  0.493  -9.8%  0.73       是       ↓ ✗ 趋势偏弱      NaN
516110     汽车ETF 1.172 1.178 1.237 1.286  1.325  -8.9%  1.16       是       ↓ ✗ 趋势偏弱      NaN
510880     红利ETF 3.196 3.254 3.246 3.251  3.233  -1.7%  1.49       是       ↓ ✗ 趋势偏弱      NaN
512880     证券ETF 1.082 1.045 1.036 1.054  1.100  +2.6%  0.97       是       ↑ ✗ 趋势偏弱      NaN
512400 有色金属ETF 2.049 1.962 1.972 2.058  2.130  -0.4%  1.23       是       ↑ ✗ 趋势偏弱      NaN
517520   黄金股ETF 1.889 1.802 1.875 2.091  2.300  -9.7%  0.97       是       ↑ ✗ 趋势偏弱      NaN
516160   新能源ETF 3.039 2.925 3.046 3.125  3.100  -2.8%  1.44       是       ↑ ✗ 趋势偏弱      NaN
515790     光伏ETF 1.034 1.009 1.062 1.067  1.088  -3.1%  0.85       是       ↑ ✗ 趋势偏弱      NaN
512980     传媒ETF 0.835 0.837 0.890 0.961  1.043 -13.1%  0.54       是       ↓ ✗ 趋势偏弱      NaN
512660     军工ETF 1.267 1.244 1.289 1.348  1.400  -6.0%  0.71       是       ↑ ✗ 趋势偏弱      NaN
159869     游戏ETF 1.063 1.069 1.135 1.239  1.360 -14.2%  0.68       是       ↓ ✗ 趋势偏弱      NaN
512580     环保ETF 1.368 1.330 1.383 1.392  1.374  -1.7%  1.01       是       ↑ ✗ 趋势偏弱      NaN
513180 恒生科技ETF 0.590 0.595 0.616 0.625  0.656  -5.6%  0.66       是       ↓ ✗ 趋势偏弱      NaN
512010     医药ETF 0.323 0.327 0.334 0.354  0.365  -8.8%  0.58       是       ↑ ✗ 趋势偏弱      NaN
512200   房地产ETF 1.259 1.269 1.320 1.371  1.432  -8.2%  0.71       是       ↓ ✗ 趋势偏弱      NaN

────────────────────────────────────────────────────────────
  扫描: 27  成功: 27  异常: 0
  ★买入: 3  ▲支撑: 1  ◇多头: 6  ⬆突破: 3

  📕 小红书日志已保存: scan_20260616_xhs.txt

============================================================
  🔍 尾盘对比 (14:45 vs 15:00)
============================================================
  尾盘无显著变化，行情平稳收尾

  📨 已推送飞书
