--- 2026-06-23 10:28:10 ---
🌅 Argus 早盘分析(实时数据)...

  [1/28] 沪深300ETF (在线)
  [2/28] 中证500ETF (在线)
  [3/28] 中证1000ETF (在线)
  [4/28] 创业板ETF (在线)
  [5/28] 科创50ETF (在线)
  [6/28] 半导体ETF (在线)
  [7/28] 芯片ETF (在线)
  [8/28] 通信ETF (在线)
  [9/28] 稀有金属ETF (在线)
  [10/28] 人工智能ETF (在线)
  [11/28] 医药ETF (在线)
  [12/28] 酒ETF (在线)
  [13/28] 汽车ETF (在线)
  [14/28] 银行ETF (在线)
  [15/28] 证券ETF (在线)
  [16/28] 房地产ETF (在线)
  [17/28] 有色金属ETF (在线)
  [18/28] 黄金股ETF (在线)
  [19/28] 新能源ETF (在线)
  [20/28] 光伏ETF (在线)
  [21/28] 传媒ETF (在线)
  [22/28] 军工ETF (在线)
  [23/28] 游戏ETF (在线)
  [24/28] 环保ETF (在线)
  [25/28] 恒生科技ETF (在线)
  [26/28] 红利ETF (在线)
  [27/28] 红利低波ETF (在线)
  [28/28] 机器人ETF (在线)
  完成! (在线: 28, 缓存: 0)

============================================================
  ★ 买入信号  (1只)
============================================================
  代码       名称  现价  昨收 开盘涨跌 早盘涨跌  早盘量能 距MA50  量比 MA5拐头       状态        信号评估                   场外基金
510300 沪深300ETF 5.054 5.091   -0.24%   -0.73%      4.88  +4.1%  1.18       ↑ ★ 买入信号 强|近期阴多阳少 002987 广发沪深300ETF联接C

============================================================
  ◆ 趋势持有  (1只)
============================================================
  代码    名称  现价  昨收 开盘涨跌 早盘涨跌  早盘量能 距MA50  量比 MA5拐头       状态                     信号评估                场外基金
512880 证券ETF 1.145 1.131   -0.35%   +1.24%       4.5  +8.0%  1.11       ↑ ◆ 趋势持有 中|长期均线未理顺,距高点-15% 007993 华夏证券ETF联接C

============================================================
  ◇ 多头排列  (10只)
============================================================
  代码        名称  现价  昨收 开盘涨跌 早盘涨跌  早盘量能 距MA50  量比 MA5拐头       状态
515070 人工智能ETF 2.685 2.693   -0.52%   -0.30%      2.15 +12.4%  0.53       ↑ ◇ 多头排列
562800 稀有金属ETF 1.191 1.241   +0.73%   -4.03%      5.43  +7.6%  1.34       ↑ ◇ 多头排列
515880     通信ETF 1.853 1.859   -0.70%   -0.32%      1.77 +23.4%  0.43       ↑ ◇ 多头排列
159995     芯片ETF 2.956 2.920   -0.75%   +1.23%      1.82 +29.2%  0.44       ↑ ◇ 多头排列
562500   机器人ETF 1.154 1.170   +0.17%   -1.37%      3.80  +5.1%  0.97       ↑ ◇ 多头排列
588000   科创50ETF 2.088 2.056   -0.78%   +1.56%      1.70 +19.9%  0.41       ↑ ◇ 多头排列
159915   创业板ETF 4.331 4.379   +0.00%   -1.10%      2.02 +11.7%  0.49       ↑ ◇ 多头排列
512100 中证1000ETF 3.574 3.580   -0.50%   -0.17%      1.10  +4.9%  0.27       ↑ ◇ 多头排列
510500  中证500ETF 9.006 9.007   -0.30%   -0.01%      2.09  +6.0%  0.50       ↑ ◇ 多头排列
512480   半导体ETF 2.596 2.552   -0.86%   +1.72%      1.84 +29.8%  0.45       ↑ ◇ 多头排列

============================================================
  ✗ 趋势偏弱  (16只)
============================================================
  代码        名称  现价  昨收 开盘涨跌 早盘涨跌  早盘量能 距MA50  量比 MA5拐头       状态
510880     红利ETF 3.136 3.125   -0.16%   +0.35%      1.89  -3.3%  0.47       ↓ ✗ 趋势偏弱
513180 恒生科技ETF 0.574 0.582   -0.69%   -1.37%      1.79  -7.9%  0.45       ↓ ✗ 趋势偏弱
512580     环保ETF 1.356 1.380   +0.00%   -1.74%      2.44  -3.0%  0.61       ↑ ✗ 趋势偏弱
159869     游戏ETF 1.080 1.085   -0.74%   -0.46%      2.04 -11.5%  0.51       ↑ ✗ 趋势偏弱
512660     军工ETF 1.278 1.298   -0.23%   -1.54%      1.42  -5.2%  0.36       ↑ ✗ 趋势偏弱
512980     传媒ETF 0.843 0.853   -1.17%   -1.17%      1.66 -11.2%  0.42       ↑ ✗ 趋势偏弱
515790     光伏ETF 1.021 1.043   -0.48%   -2.11%      1.46  -4.5%  0.37       ↑ ✗ 趋势偏弱
517520   黄金股ETF 1.770 1.869   -1.12%   -5.30%      1.21 -13.9%  0.30       ↓ ✗ 趋势偏弱
512400 有色金属ETF 2.044 2.155   -0.28%   -5.15%      3.12  -0.9%  0.77       ↓ ✗ 趋势偏弱
512200   房地产ETF 1.249 1.241   -0.64%   +0.64%      1.44  -8.5%  0.35       ↓ ✗ 趋势偏弱
512890 红利低波ETF 1.118 1.114   -0.27%   +0.36%      2.43  -4.4%  0.62       ↓ ✗ 趋势偏弱
516110     汽车ETF 1.143 1.152   -0.35%   -0.78%      1.77 -10.3%  0.43       ↓ ✗ 趋势偏弱
512690       酒ETF 0.405 0.407   -0.74%   -0.49%      2.17 -11.4%  0.53       ↓ ✗ 趋势偏弱
512010     医药ETF 0.338 0.333   -0.30%   +1.50%      4.09  -3.6%  1.01       ↑ ✗ 趋势偏弱
516160   新能源ETF 3.039 3.118   -0.19%   -2.53%      1.72  -3.1%  0.43       ↑ ✗ 趋势偏弱
512800     银行ETF 0.775 0.771   -0.26%   +0.52%      2.19  -1.5%  0.54       ↓ ✗ 趋势偏弱

────────────────────────────────────────────────────────────
  扫描: 28  成功: 28  异常: 0
  ★买入: 1  ◆持有: 1  ▲支撑: 0  ◇多头: 10

============================================================
  🌅 早盘概览
============================================================
  ↑涨 9 只  ↓跌 19 只  平 0 只
  领涨: 半导体ETF +1.72%  量能 1.84x
  领跌: 黄金股ETF -5.30%  量能 1.21x
  量能异常(>2x): 稀有金属ETF(5.43)  沪深300ETF(4.88)  证券ETF(4.5)  医药ETF(4.09)  机器人ETF(3.8)  有色金属ETF(3.12)  环保ETF(2.44)  红利低波ETF(2.43)  银行ETF(2.19)  酒ETF(2.17)  人工智能ETF(2.15)  中证500ETF(2.09)  游戏ETF(2.04)  创业板ETF(2.02)


============================================================
  💰 定投模块
============================================================
  红利低波 512890(A类007466) 宽基/红利
  窗口② 6/16-6/28  剩5天到兜底 | 本窗口:✅已投
  现价1.117 | 分位7% | 距MA20 -3.3% | 趋势:空头排列
  → ✅ 本窗口已定投(2026-06-17)，下次窗口见
  📨 已推送飞书
