--- 2026-06-16 10:28:09 ---
🌅 Argus 早盘分析(实时数据)...

  [1/27] 沪深300ETF (在线)
  [2/27] 中证500ETF (在线)
  [3/27] 中证1000ETF (在线)
  [4/27] 创业板ETF (在线)
  [5/27] 科创50ETF (在线)
  [6/27] 半导体ETF (在线)
  [7/27] 芯片ETF (在线)
  [8/27] 通信ETF (在线)
  [9/27] 稀有金属ETF (在线)
  [10/27] 人工智能ETF (在线)
  [11/27] 医药ETF (在线)
  [12/27] 酒ETF (在线)
  [13/27] 汽车ETF (在线)
  [14/27] 银行ETF (在线)
  [15/27] 证券ETF (在线)
  [16/27] 房地产ETF (在线)
  [17/27] 有色金属ETF (在线)
  [18/27] 黄金股ETF (在线)
  [19/27] 新能源ETF (在线)
  [20/27] 光伏ETF (在线)
  [21/27] 传媒ETF (在线)
  [22/27] 军工ETF (在线)
  [23/27] 游戏ETF (在线)
  [24/27] 环保ETF (在线)
  [25/27] 恒生科技ETF (在线)
  [26/27] 红利ETF (在线)
  [27/27] 机器人ETF (在线)
  完成! (在线: 27, 缓存: 0)

============================================================
  ▲ 接近支撑  (1只)
============================================================
  代码      名称  现价  昨收 开盘涨跌 早盘涨跌  早盘量能 距MA50  量比 MA5拐头       状态 试探
562500 机器人ETF 1.121 1.087   +0.37%   +3.13%       2.4  +3.9%   0.6       ↓ ▲ 接近支撑     

============================================================
  ◇ 多头排列  (9只)
============================================================
  代码        名称  现价  昨收 开盘涨跌 早盘涨跌  早盘量能 距MA50  量比 MA5拐头       状态                  突破
562800 稀有金属ETF 1.164 1.147   -0.70%   +1.48%      2.98  +6.5%  0.72       ↑ ◇ 多头排列 ⬆ 突破(3/5日在MA50下)
515880     通信ETF 1.715 1.689   +0.18%   +1.54%      2.01 +18.7%  0.49       ↑ ◇ 多头排列                      
159995     芯片ETF 2.528 2.514   +0.44%   +0.56%      1.58 +15.3%  0.38       ↑ ◇ 多头排列                      
512480   半导体ETF 2.248 2.231   +0.27%   +0.76%      1.17 +17.3%  0.28       ↑ ◇ 多头排列                      
510300  沪深300ETF 4.918 4.919   +0.02%   -0.02%      1.44  +2.2%  0.35       ↑ ◇ 多头排列                      
159915   创业板ETF 4.098 4.045   +0.57%   +1.31%      1.52  +8.1%  0.37       ↑ ◇ 多头排列                      
512100 中证1000ETF 3.467 3.439   +0.29%   +0.81%      2.18  +2.9%  0.53       ↑ ◇ 多头排列 ⬆ 突破(3/5日在MA50下)
510500  中证500ETF 8.594 8.544   +0.07%   +0.59%      1.24  +2.3%  0.30       ↑ ◇ 多头排列 ⬆ 突破(4/5日在MA50下)
588000   科创50ETF 1.843 1.844   +0.05%   -0.05%      1.26  +9.2%  0.30       ↑ ◇ 多头排列                      

============================================================
  - 趋势完好  (2只)
============================================================
  代码        名称  现价  昨收 开盘涨跌 早盘涨跌  早盘量能 距MA50  量比 MA5拐头       状态
512800     银行ETF 0.795 0.802   -0.25%   -0.87%      1.59  +0.8%  0.39       ↑ - 趋势完好
515070 人工智能ETF 2.472 2.474   +0.32%   -0.08%      1.49  +6.2%  0.37       ↑ - 趋势完好

============================================================
  ✗ 趋势偏弱  (15只)
============================================================
  代码        名称  现价  昨收 开盘涨跌 早盘涨跌  早盘量能 距MA50  量比 MA5拐头       状态
512690       酒ETF 0.419 0.426   -0.23%   -1.64%      1.06  -9.8%  0.26       ↓ ✗ 趋势偏弱
516110     汽车ETF 1.181 1.193   +0.00%   -1.01%      1.12  -8.2%  0.27       ↓ ✗ 趋势偏弱
510880     红利ETF 3.207 3.249   -0.31%   -1.29%      2.44  -1.4%  0.61       ↓ ✗ 趋势偏弱
512880     证券ETF 1.080 1.072   -0.84%   +0.75%      1.98  +2.5%  0.49       ↑ ✗ 趋势偏弱
512200   房地产ETF 1.262 1.285   -0.08%   -1.79%      0.68  -7.9%  0.17       ↓ ✗ 趋势偏弱
517520   黄金股ETF 1.894 1.918   -0.63%   -1.25%      1.40  -9.4%  0.34       ↑ ✗ 趋势偏弱
516160   新能源ETF 3.041 2.968   +0.47%   +2.46%      1.59  -2.7%  0.39       ↑ ✗ 趋势偏弱
515790     光伏ETF 1.038 1.018   -0.20%   +1.96%      0.99  -2.7%  0.24       ↑ ✗ 趋势偏弱
512980     传媒ETF 0.835 0.842   -0.71%   -0.83%      1.01 -13.1%  0.25       ↓ ✗ 趋势偏弱
512660     军工ETF 1.267 1.266   +0.08%   +0.08%      1.35  -6.0%  0.34       ↑ ✗ 趋势偏弱
159869     游戏ETF 1.070 1.078   -0.28%   -0.74%      1.22 -13.7%  0.31       ↓ ✗ 趋势偏弱
512580     环保ETF 1.368 1.340   +1.04%   +2.09%      2.65  -1.7%  0.66       ↑ ✗ 趋势偏弱
513180 恒生科技ETF 0.594 0.602   +0.00%   -1.33%      1.26  -5.0%  0.31       ↓ ✗ 趋势偏弱
512010     医药ETF 0.325 0.329   -0.30%   -1.22%      1.15  -8.2%  0.28       ↑ ✗ 趋势偏弱
512400 有色金属ETF 2.071 2.063   -1.11%   +0.39%      3.06  +0.6%  0.75       ↑ ✗ 趋势偏弱

────────────────────────────────────────────────────────────
  扫描: 27  成功: 27  异常: 0
  ★买入: 0  ▲支撑: 1  ◇多头: 9  ⬆突破: 3

============================================================
  🌅 早盘概览
============================================================
  ↑涨 14 只  ↓跌 13 只  平 0 只
  领涨: 机器人ETF +3.13%  量能 2.4x
  领跌: 房地产ETF -1.79%  量能 0.68x
  量能异常(>2x): 有色金属ETF(3.06)  稀有金属ETF(2.98)  环保ETF(2.65)  红利ETF(2.44)  机器人ETF(2.4)  中证1000ETF(2.18)  通信ETF(2.01)

  📨 已推送飞书
