--- 2026-06-17 15:34:11 ---
🔭 Argus 正在扫描...

  [1/28] 沪深300ETF (在线)
  [2/28] 中证500ETF (在线)
  [3/28] 中证1000ETF (在线)
  [4/28] 创业板ETF (在线)
  [5/28] 科创50ETF (在线)
  [6/28] 半导体ETF (在线)
  [7/28] 芯片ETF (在线)
  [8/28] 通信ETF (在线)
  [9/28] 稀有金属ETF (在线)
  [10/28] 人工智能ETF (在线)
  [11/28] 医药ETF (在线)
  [12/28] 酒ETF (在线)
  [13/28] 汽车ETF (在线)
  [14/28] 银行ETF (在线)
  [15/28] 证券ETF (在线)
  [16/28] 房地产ETF (在线)
  [17/28] 有色金属ETF (在线)
  [18/28] 黄金股ETF (在线)
  [19/28] 新能源ETF (在线)
  [20/28] 光伏ETF (在线)
  [21/28] 传媒ETF (在线)
  [22/28] 军工ETF (在线)
  [23/28] 游戏ETF (在线)
  [24/28] 环保ETF (在线)
  [25/28] 恒生科技ETF (在线)
  [26/28] 红利ETF (在线)
  [27/28] 红利低波ETF (在线)
  [28/28] 机器人ETF (在线)
  完成! (在线: 28, 缓存: 0)

============================================================
  ★ 买入信号  (4只)
============================================================
  代码        名称  现价   MA5  MA20  MA50  MA100 距MA50  量比 回踩MA50 MA5拐头       状态                  突破 风险等级    信号评估                    场外基金
510300  沪深300ETF 4.958 4.871 4.880 4.821  4.742  +2.8%  1.65       是       ↑ ★ 买入信号                           低位 中|均线紊乱  002987 广发沪深300ETF联接C
588000   科创50ETF 1.939 1.830 1.835 1.699  1.599 +14.1%  0.99       是       ↑ ★ 买入信号                       高位博弈 中|均线紊乱   011613 华夏科创50ETF联接C
562800 稀有金属ETF 1.159 1.097 1.069 1.093  1.078  +6.1%  1.53       是       ↑ ★ 买入信号 ⬆ 突破(3/5日在MA50下)     追涨 中|均线紊乱 014111 嘉实稀有金属ETF联接C
515070 人工智能ETF 2.541 2.439 2.488 2.342  2.168  +8.5%  0.87       是       ↑ ★ 买入信号                           追涨 中|均线紊乱 008586 华夏人工智能ETF联接C

============================================================
  ◇ 多头排列  (6只)
============================================================
  代码        名称  现价   MA5  MA20  MA50  MA100 距MA50  量比 回踩MA50 MA5拐头       状态                  突破 风险等级
510500  中证500ETF 8.763 8.463 8.462 8.422  8.347  +4.0%  0.50       是       ↑ ◇ 多头排列 ⬆ 突破(3/5日在MA50下)      NaN
512100 中证1000ETF 3.519 3.409 3.403 3.378  3.318  +4.2%  0.45       是       ↑ ◇ 多头排列 ⬆ 突破(3/5日在MA50下)      NaN
159915   创业板ETF 4.183 4.003 4.003 3.810  3.547  +9.8%  0.75       是       ↑ ◇ 多头排列                            NaN
512480   半导体ETF 2.387 2.222 2.179 1.936  1.768 +23.3%  0.89       否       ↑ ◇ 多头排列                            NaN
159995     芯片ETF 2.690 2.504 2.499 2.213  2.041 +21.5%  1.02       否       ↑ ◇ 多头排列                            NaN
515880     通信ETF 1.758 1.673 1.617 1.459  1.537 +20.5%  0.97       否       ↑ ◇ 多头排列                            NaN

============================================================
  - 趋势完好  (1只)
============================================================
  代码      名称  现价   MA5  MA20  MA50  MA100 距MA50  量比 回踩MA50 MA5拐头       状态 风险等级
562500 机器人ETF 1.142 1.114 1.151 1.083  1.059  +5.4%  0.61       是       ↓ - 趋势完好      NaN

============================================================
  ✗ 趋势偏弱  (17只)
============================================================
  代码        名称  现价   MA5  MA20  MA50  MA100 距MA50  量比 回踩MA50 MA5拐头       状态 风险等级
512690       酒ETF 0.413 0.422 0.437 0.463  0.492 -10.7%  0.84       是       ↓ ✗ 趋势偏弱      NaN
510880     红利ETF 3.160 3.234 3.243 3.249  3.232  -2.8%  1.38       是       ↓ ✗ 趋势偏弱      NaN
513180 恒生科技ETF 0.591 0.593 0.614 0.625  0.654  -5.4%  0.60       是       ↓ ✗ 趋势偏弱      NaN
512580     环保ETF 1.361 1.341 1.379 1.393  1.374  -2.3%  0.96       是       ↑ ✗ 趋势偏弱      NaN
159869     游戏ETF 1.044 1.059 1.125 1.234  1.354 -15.4%  0.81       是       ↓ ✗ 趋势偏弱      NaN
512660     军工ETF 1.289 1.257 1.285 1.348  1.397  -4.4%  0.97       是       ↑ ✗ 趋势偏弱      NaN
512980     传媒ETF 0.822 0.830 0.883 0.958  1.038 -14.2%  1.00       是       ↓ ✗ 趋势偏弱      NaN
512010     医药ETF 0.323 0.326 0.333 0.353  0.365  -8.5%  0.58       是       ↓ ✗ 趋势偏弱      NaN
515790     光伏ETF 1.027 1.015 1.057 1.067  1.088  -3.8%  0.82       是       ↑ ✗ 趋势偏弱      NaN
517520   黄金股ETF 1.891 1.841 1.872 2.084  2.295  -9.3%  1.12       是       ↑ ✗ 趋势偏弱      NaN
512400 有色金属ETF 2.045 2.003 1.975 2.059  2.129  -0.7%  1.03       是       ↑ ✗ 趋势偏弱      NaN
512200   房地产ETF 1.257 1.268 1.312 1.369  1.430  -8.2%  2.51       是       ↓ ✗ 趋势偏弱      NaN
512880     证券ETF 1.081 1.058 1.037 1.055  1.099  +2.4%  0.93       是       ↑ ✗ 趋势偏弱      NaN
512890 红利低波ETF 1.140 1.156 1.161 1.174  1.176  -2.9%  1.07       是       ↓ ✗ 趋势偏弱      NaN
516110     汽车ETF 1.161 1.173 1.231 1.283  1.322  -9.5%  0.28       是       ↓ ✗ 趋势偏弱      NaN
516160   新能源ETF 3.033 2.961 3.036 3.127  3.101  -3.0%  0.64       是       ↑ ✗ 趋势偏弱      NaN
512800     银行ETF 0.785 0.799 0.784 0.788  0.787  -0.4%  1.14       是       ↓ ✗ 趋势偏弱      NaN

────────────────────────────────────────────────────────────
  扫描: 28  成功: 28  异常: 0
  ★买入: 4  ▲支撑: 0  ◇多头: 6  ⬆突破: 3


============================================================
  💰 定投模块
============================================================
  红利低波 512890(A类007466) 宽基/红利
  窗口② 6/16-6/28  剩11天到兜底 | 本窗口:✅已投
  现价1.14 | 分位0% | 距MA20 -1.8% | 趋势:空头排列
  → ✅ 本窗口已定投(2026-06-17)，下次窗口见
  📕 小红书日志已保存: scan_20260617_xhs.txt

============================================================
  🔍 尾盘对比 (14:45 vs 15:00)
============================================================
  尾盘无显著变化，行情平稳收尾

  📨 已推送飞书
