--- 2026-06-26 16:33:45 ---
🔭 Argus 正在扫描...

  [1/28] 沪深300ETF (缓存)
  [2/28] 中证500ETF (缓存)
  [3/28] 中证1000ETF (缓存)
  [4/28] 创业板ETF (缓存)
  [5/28] 科创50ETF (缓存)
  [6/28] 半导体ETF (缓存)
  [7/28] 芯片ETF (缓存)
  [8/28] 通信ETF (缓存)
  [9/28] 稀有金属ETF (缓存)
  [10/28] 人工智能ETF (缓存)
  [11/28] 医药ETF (缓存)
  [12/28] 酒ETF (缓存)
  [13/28] 汽车ETF (缓存)
  [14/28] 银行ETF (缓存)
  [15/28] 证券ETF (缓存)
  [16/28] 房地产ETF (缓存)
  [17/28] 有色金属ETF (缓存)
  [18/28] 黄金股ETF (缓存)
  [19/28] 新能源ETF (缓存)
  [20/28] 光伏ETF (缓存)
  [21/28] 传媒ETF (缓存)
  [22/28] 军工ETF (缓存)
  [23/28] 游戏ETF (缓存)
  [24/28] 环保ETF (缓存)
  [25/28] 恒生科技ETF (缓存)
  [26/28] 红利ETF (缓存)
  [27/28] 红利低波ETF (缓存)
  [28/28] 机器人ETF (缓存)
  完成! (在线: 0, 缓存: 28)

============================================================
  ◇ 多头排列  (3只)
============================================================
  代码      名称  现价 距MA50  量比 MA5拐头       状态
588000 科创50ETF 2.133 +19.7%  1.15       ↑ ◇ 多头排列
512480 半导体ETF 2.747 +32.7%  1.19       ↑ ◇ 多头排列
159995   芯片ETF 3.127 +32.2%  1.39       ↑ ◇ 多头排列

============================================================
  - 趋势完好  (9只)
============================================================
  代码        名称  现价 距MA50  量比 MA5拐头       状态
510300  沪深300ETF 4.907  +0.7%  0.84       ↓ - 趋势完好
512880     证券ETF 1.107  +4.1%  1.43       ↑ - 趋势完好
515070 人工智能ETF 2.627  +8.2%  1.09       ↓ - 趋势完好
562800 稀有金属ETF 1.172  +5.4%  0.89       ↑ - 趋势完好
562500   机器人ETF 1.141  +3.0%  0.65       ↓ - 趋势完好
159915   创业板ETF 4.215  +7.3%  1.07       ↓ - 趋势完好
512100 中证1000ETF 3.484  +1.7%  0.64       ↓ - 趋势完好
510500  中证500ETF 8.861  +3.7%  0.95       ↑ - 趋势完好
515880     通信ETF 1.757 +14.4%  1.67       ↓ - 趋势完好

============================================================
  ✗ 趋势偏弱  (16只)
============================================================
  代码        名称  现价 距MA50  量比 MA5拐头       状态
510880     红利ETF 2.954  -8.5%  1.47       ↓ ✗ 趋势偏弱
513180 恒生科技ETF 0.542 -12.4%  1.15       ↓ ✗ 趋势偏弱
512580     环保ETF 1.301  -6.8%  1.22       ↓ ✗ 趋势偏弱
159869     游戏ETF 1.066 -11.5%  1.76       ↑ ✗ 趋势偏弱
512660     军工ETF 1.241  -7.6%  0.79       ↓ ✗ 趋势偏弱
512980     传媒ETF 0.799 -14.7%  1.06       ↓ ✗ 趋势偏弱
515790     光伏ETF 1.003  -6.0%  1.04       ↓ ✗ 趋势偏弱
517520   黄金股ETF 1.587 -21.2%  0.89       ↓ ✗ 趋势偏弱
512400 有色金属ETF 1.839 -10.3%  1.26       ↓ ✗ 趋势偏弱
512200   房地产ETF 1.191 -12.2%  1.09       ↓ ✗ 趋势偏弱
512890 红利低波ETF 1.081  -7.2%  0.82       ↓ ✗ 趋势偏弱
516110     汽车ETF 1.073 -14.9%  0.88       ↓ ✗ 趋势偏弱
512690       酒ETF 0.388 -14.0%  0.88       ↓ ✗ 趋势偏弱
512010     医药ETF 0.335  -3.9%  1.17       ↑ ✗ 趋势偏弱
516160   新能源ETF 2.889  -7.7%  2.33       ↓ ✗ 趋势偏弱
512800     银行ETF 0.746  -5.0%  0.71       ↓ ✗ 趋势偏弱

────────────────────────────────────────────────────────────
  扫描: 28  成功: 28  异常: 0
  ★买入: 0  ◆持有: 0  ▲支撑: 0  ◇多头: 3


============================================================
  📊 持仓监控 (2 只)
============================================================
  🟡 关注 稀有金属ETF(014111 嘉实中证稀有金属主题ETF发起联接C)
     ◇ 多头排列 → - 趋势完好  距MA50 +5.4%  → 趋势转弱，密切关注
  🟡 关注 沪深300ETF(006131 华泰柏瑞沪深300ETF联接C)
     - 趋势完好 → - 趋势完好  距MA50 +0.7%  → 趋势转弱，密切关注

============================================================
  💰 定投模块
============================================================
  红利低波 512890(A类007466) 宽基/红利
  窗口② 6/16-6/28  剩2天到兜底 | 本窗口:✅已投
  现价1.081 | 分位0% | 距MA20 -5.7% | 趋势:空头排列
  → ✅ 本窗口已定投(2026-06-17)，下次窗口见
  📨 已推送飞书
