--- 2026-06-04 15:34:08 ---
🔭 Argus 正在扫描...

  [1/27] 沪深300ETF (在线)
  [2/27] 中证500ETF (在线)
  [3/27] 中证1000ETF (在线)
  [4/27] 创业板ETF (在线)
  [5/27] 科创50ETF (在线)
  [6/27] 半导体ETF (在线)
  [7/27] 芯片ETF (在线)
  [8/27] 通信ETF (在线)
  [9/27] 稀有金属ETF (在线)
  [10/27] 人工智能ETF (在线)
  [11/27] 医药ETF (在线)
  [12/27] 酒ETF (在线)
  [13/27] 汽车ETF (在线)
  [14/27] 银行ETF (在线)
  [15/27] 证券ETF (在线)
  [16/27] 房地产ETF (在线)
  [17/27] 有色金属ETF (在线)
  [18/27] 黄金股ETF (在线)
  [19/27] 新能源ETF (在线)
  [20/27] 光伏ETF (在线)
  [21/27] 传媒ETF (在线)
  [22/27] 军工ETF (在线)
  [23/27] 游戏ETF (在线)
  [24/27] 环保ETF (在线)
  [25/27] 恒生科技ETF (在线)
  [26/27] 红利ETF (在线)
  [27/27] 机器人ETF (在线)
  完成! (在线: 27, 缓存: 0)

============================================================
  ▲ 接近支撑  (2只)
============================================================
  代码        名称  现价   MA5  MA20  MA50  MA100 距MA50  量比 回踩MA50 MA5拐头       状态         试探
510500  中证500ETF 8.448 8.424 8.655 8.309  8.322  +1.7%  0.52       是       ↓ ▲ 接近支撑             
512100 中证1000ETF 3.385 3.377 3.478 3.324  3.308  +1.9%  0.88       是       ↓ ▲ 接近支撑 ◆ 安全垫0.5%

============================================================
  ◇ 多头排列  (5只)
============================================================
  代码        名称  现价   MA5  MA20  MA50  MA100 距MA50  量比 回踩MA50 MA5拐头       状态
510300  沪深300ETF 4.926 4.924 4.915 4.759  4.745  +3.5%  0.62       否       ↓ ◇ 多头排列
159915   创业板ETF 4.100 4.067 3.993 3.680  3.487 +11.4%  0.74       否       ↓ ◇ 多头排列
510880     红利ETF 3.327 3.294 3.232 3.249  3.228  +2.4%  0.94       是       ↑ ◇ 多头排列
515070 人工智能ETF 2.566 2.513 2.515 2.239  2.133 +14.6%  0.74       否       ↓ ◇ 多头排列
515880     通信ETF 1.708 1.636 1.548 1.353  1.671 +26.3%  1.05       否       ↑ ◇ 多头排列

============================================================
  - 趋势完好  (4只)
============================================================
  代码      名称  现价   MA5  MA20  MA50  MA100 距MA50  量比 回踩MA50 MA5拐头       状态
562500 机器人ETF 1.127 1.127 1.156 1.046  1.052  +7.7%  0.71       否       ↓ - 趋势完好
512480 半导体ETF 2.193 2.126 2.135 1.809  1.716 +21.2%  0.66       否       ↓ - 趋势完好
588000 科创50ETF 1.832 1.807 1.851 1.621  1.575 +13.0%  0.62       否       ↓ - 趋势完好
159995   芯片ETF 2.530 2.451 2.456 2.074  1.988 +22.0%  0.66       否       ↓ - 趋势完好

============================================================
  ✗ 趋势偏弱  (16只)
============================================================
  代码        名称  现价   MA5  MA20  MA50  MA100 距MA50  量比 回踩MA50 MA5拐头       状态
562800 稀有金属ETF 1.074 1.060 1.107 1.077  1.071  -0.3%  0.97       是       ↓ ✗ 趋势偏弱
513180 恒生科技ETF 0.631 0.634 0.631 0.628  0.669  +0.6%  0.64       是       ↑ ✗ 趋势偏弱
512580     环保ETF 1.378 1.402 1.431 1.399  1.373  -1.5%  1.05       是       ↓ ✗ 趋势偏弱
159869     游戏ETF 1.110 1.134 1.221 1.270  1.399 -12.6%  0.65       是       ↓ ✗ 趋势偏弱
512660     军工ETF 1.278 1.274 1.365 1.357  1.420  -5.8%  0.57       是       ↓ ✗ 趋势偏弱
512980     传媒ETF 0.875 0.902 0.953 0.982  1.065 -10.9%  0.65       是       ↓ ✗ 趋势偏弱
515790     光伏ETF 1.066 1.065 1.104 1.080  1.088  -1.3%  0.72       是       ↓ ✗ 趋势偏弱
517520   黄金股ETF 1.863 1.902 2.023 2.156  2.330 -13.6%  0.55       是       ↓ ✗ 趋势偏弱
512400 有色金属ETF 1.970 1.986 2.049 2.061  2.140  -4.4%  0.81       是       ↓ ✗ 趋势偏弱
512200   房地产ETF 1.306 1.333 1.398 1.386  1.454  -5.8%  0.50       是       ↓ ✗ 趋势偏弱
512880     证券ETF 1.022 1.032 1.053 1.056  1.118  -3.2%  0.90       是       ↓ ✗ 趋势偏弱
516110     汽车ETF 1.225 1.235 1.285 1.303  1.345  -6.0%  0.60       是       ↓ ✗ 趋势偏弱
512690       酒ETF 0.433 0.448 0.454 0.475  0.503  -8.8%  0.83       是       ↓ ✗ 趋势偏弱
512010     医药ETF 0.325 0.335 0.348 0.360  0.371  -9.7%  0.84       是       ↓ ✗ 趋势偏弱
516160   新能源ETF 3.009 3.069 3.187 3.153  3.105  -4.6%  0.78       是       ↓ ✗ 趋势偏弱
512800     银行ETF 0.774 0.782 0.776 0.788  0.788  -1.8%  0.65       是       ↑ ✗ 趋势偏弱

────────────────────────────────────────────────────────────
  扫描: 27  成功: 27  异常: 0
  ★买入: 0  ▲支撑: 2  ◇多头: 5  ◆试探: 1


============================================================
  📊 持仓监控 (3 只)
============================================================
  🔵 持有 中证500ETF(004348 南方中证500C)
     ◇ 多头排列 → ▲ 接近支撑  距MA50 +1.7%  → 持有观望
  🔴 止损 环保ETF(002984 广发中证环保ETF联接C)
     ▲ 接近支撑 → ✗ 趋势偏弱  距MA50 -1.5%  → 趋势走坏，建议止损
  🔴 止损 新能源ETF(012832 南方中证新能源ETF联接C)
     ▲ 接近支撑 → ✗ 趋势偏弱  距MA50 -4.6%  → 趋势走坏，建议止损
  📕 小红书日志已保存: scan_20260604_xhs.txt

============================================================
  🔍 尾盘对比 (14:45 vs 15:00)
============================================================
  尾盘无显著变化，行情平稳收尾

  📨 已推送飞书
