--- 2026-06-24 10:28:11 ---
🌅 Argus 早盘分析(实时数据)...

  [1/28] 沪深300ETF (在线)
  [2/28] 中证500ETF (在线)
  [3/28] 中证1000ETF (在线)
  [4/28] 创业板ETF (在线)
  [5/28] 科创50ETF (在线)
  [6/28] 半导体ETF (在线)
  [7/28] 芯片ETF (在线)
  [8/28] 通信ETF (在线)
  [9/28] 稀有金属ETF (在线)
  [10/28] 人工智能ETF (在线)
  [11/28] 医药ETF (在线)
  [12/28] 酒ETF (在线)
  [13/28] 汽车ETF (在线)
  [14/28] 银行ETF (在线)
  [15/28] 证券ETF (在线)
  [16/28] 房地产ETF (在线)
  [17/28] 有色金属ETF (在线)
  [18/28] 黄金股ETF (在线)
  [19/28] 新能源ETF (在线)
  [20/28] 光伏ETF (在线)
  [21/28] 传媒ETF (在线)
  [22/28] 军工ETF (在线)
  [23/28] 游戏ETF (在线)
  [24/28] 环保ETF (在线)
  [25/28] 恒生科技ETF (在线)
  [26/28] 红利ETF (在线)
  [27/28] 红利低波ETF (在线)
  [28/28] 机器人ETF (在线)
  完成! (在线: 28, 缓存: 0)

============================================================
  ◇ 多头排列  (7只)
============================================================
  代码        名称  现价  昨收 开盘涨跌 早盘涨跌  早盘量能 距MA50  量比 MA5拐头       状态
510500  中证500ETF 8.896 8.815   -0.44%   +0.92%      1.68  +4.5%  0.41       ↑ ◇ 多头排列
512880     证券ETF 1.109 1.131   -0.62%   -1.95%      2.48  +4.5%  0.63       ↑ ◇ 多头排列
515070 人工智能ETF 2.633 2.593   -1.27%   +1.54%      2.05  +9.7%  0.52       ↑ ◇ 多头排列
588000   科创50ETF 2.080 2.023   -1.14%   +2.82%      1.91 +18.7%  0.47       ↑ ◇ 多头排列
512480   半导体ETF 2.604 2.512   -1.63%   +3.66%      2.13 +28.9%  0.52       ↑ ◇ 多头排列
159995     芯片ETF 2.951 2.853   -1.51%   +3.43%      2.21 +27.8%  0.54       ↑ ◇ 多头排列
515880     通信ETF 1.824 1.794   -0.89%   +1.67%      1.38 +20.6%  0.34       ↑ ◇ 多头排列

============================================================
  - 趋势完好  (5只)
============================================================
  代码        名称  现价  昨收 开盘涨跌 早盘涨跌  早盘量能 距MA50  量比 MA5拐头       状态
510300  沪深300ETF 4.959 4.942   -0.26%   +0.34%      1.76  +2.1%  0.43       ↑ - 趋势完好
562500   机器人ETF 1.140 1.137   -0.79%   +0.26%      1.26  +3.2%  0.34       ↓ - 趋势完好
159915   创业板ETF 4.242 4.210   -0.10%   +0.76%      1.93  +9.0%  0.47       ↑ - 趋势完好
512100 中证1000ETF 3.516 3.510   -0.09%   +0.17%      1.58  +3.0%  0.38       ↑ - 趋势完好
562800 稀有金属ETF 1.153 1.154   -1.65%   -0.09%      3.37  +4.0%  0.84       ↓ - 趋势完好

============================================================
  ✗ 趋势偏弱  (16只)
============================================================
  代码        名称  现价  昨收 开盘涨跌 早盘涨跌  早盘量能 距MA50  量比 MA5拐头       状态
510880     红利ETF 3.056 3.104   +0.03%   -1.55%      2.83  -5.7%  0.76       ↓ ✗ 趋势偏弱
513180 恒生科技ETF 0.567 0.559   +0.54%   +1.43%      1.78  -8.8%  0.47       ↓ ✗ 趋势偏弱
512580     环保ETF 1.321 1.329   -0.30%   -0.60%      1.10  -5.4%  0.29       ↓ ✗ 趋势偏弱
159869     游戏ETF 1.056 1.059   +0.00%   -0.28%      2.28 -13.1%  0.60       ↓ ✗ 趋势偏弱
512660     军工ETF 1.252 1.252   -0.48%   +0.00%      1.55  -7.0%  0.41       ↓ ✗ 趋势偏弱
512980     传媒ETF 0.819 0.825   +0.00%   -0.73%      1.08 -13.3%  0.28       ↓ ✗ 趋势偏弱
515790     光伏ETF 0.985 0.998   -0.80%   -1.30%      1.51  -7.8%  0.39       ↓ ✗ 趋势偏弱
516160   新能源ETF 2.950 2.970   -1.01%   -0.67%      1.76  -5.9%  0.45       ↓ ✗ 趋势偏弱
512400 有色金属ETF 1.945 1.976   -1.62%   -1.57%      2.57  -5.5%  0.66       ↓ ✗ 趋势偏弱
512200   房地产ETF 1.204 1.233   -0.08%   -2.35%      1.29 -11.6%  0.33       ↓ ✗ 趋势偏弱
512890 红利低波ETF 1.104 1.118   +0.00%   -1.25%      1.79  -5.5%  0.48       ↓ ✗ 趋势偏弱
516110     汽车ETF 1.116 1.124   -0.27%   -0.71%      1.75 -12.2%  0.44       ↓ ✗ 趋势偏弱
512690       酒ETF 0.392 0.399   +0.00%   -1.75%      1.75 -13.9%  0.45       ↓ ✗ 趋势偏弱
512010     医药ETF 0.341 0.333   +0.00%   +2.40%      3.78  -2.6%  0.96       ↑ ✗ 趋势偏弱
517520   黄金股ETF 1.684 1.710   -0.88%   -1.52%      1.71 -17.5%  0.44       ↓ ✗ 趋势偏弱
512800     银行ETF 0.765 0.778   +0.13%   -1.67%      1.93  -2.8%  0.49       ↓ ✗ 趋势偏弱

────────────────────────────────────────────────────────────
  扫描: 28  成功: 28  异常: 0
  ★买入: 0  ◆持有: 0  ▲支撑: 0  ◇多头: 7

============================================================
  🌅 早盘概览
============================================================
  ↑涨 12 只  ↓跌 15 只  平 1 只
  领涨: 半导体ETF +3.66%  量能 2.13x
  领跌: 房地产ETF -2.35%  量能 1.29x
  量能异常(>2x): 医药ETF(3.78)  稀有金属ETF(3.37)  红利ETF(2.83)  有色金属ETF(2.57)  证券ETF(2.48)  游戏ETF(2.28)  芯片ETF(2.21)  半导体ETF(2.13)  人工智能ETF(2.05)


============================================================
  💰 定投模块
============================================================
  红利低波 512890(A类007466) 宽基/红利
  窗口② 6/16-6/28  剩4天到兜底 | 本窗口:✅已投
  现价1.104 | 分位0% | 距MA20 -4.2% | 趋势:空头排列
  → ✅ 本窗口已定投(2026-06-17)，下次窗口见
  📨 已推送飞书
