--- 2026-05-15 10:28:03 ---
🌅 Argus 早盘分析(实时数据)...

  [1/25] 沪深300ETF (在线)
  [2/25] 中证500ETF (在线)
  [3/25] 中证1000ETF (在线)
  [4/25] 创业板ETF (在线)
  [5/25] 科创50ETF (在线)
  [6/25] 半导体ETF (在线)
  [7/25] 芯片ETF (在线)
  [8/25] 通信ETF (在线)
  [9/25] 5GETF (在线)
  [10/25] 机器人ETF (在线)
  [11/25] 人工智能ETF (在线)
  [12/25] 医药ETF (在线)
  [13/25] 酒ETF (在线)
  [14/25] 汽车ETF (在线)
  [15/25] 银行ETF (在线)
  [16/25] 证券ETF (在线)
  [17/25] 房地产ETF (在线)
  [18/25] 有色金属ETF (在线)
  [19/25] 黄金股ETF (在线)
  [20/25] 新能源ETF (在线)
  [21/25] 光伏ETF (在线)
  [22/25] 传媒ETF (在线)
  [23/25] 军工ETF (在线)
  [24/25] 游戏ETF (在线)
  [25/25] 环保ETF (在线)
  完成! (在线: 25, 缓存: 0)

============================================================
  ▲ 接近支撑  (3只)
============================================================
  代码      名称  现价  昨收 开盘涨跌 早盘涨跌  早盘量能 距MA50  量比 MA5拐头       状态
512580   环保ETF 1.413 1.436   -0.70%   -1.60%      1.20  +1.8%  0.31       ↓ ▲ 接近支撑
516160 新能源ETF 3.171 3.223   -0.06%   -1.61%      2.10  +0.8%  0.53       ↓ ▲ 接近支撑
562800 机器人ETF 1.132 1.182   -0.59%   -4.23%      4.71  +4.7%  1.18       ↓ ▲ 接近支撑

============================================================
  - 趋势完好  (10只)
============================================================
  代码        名称  现价  昨收 开盘涨跌 早盘涨跌  早盘量能 距MA50  量比 MA5拐头       状态
515790     光伏ETF 1.092 1.128   -0.27%   -3.19%      5.33  +0.1%  1.36       ↓ - 趋势完好
515070 人工智能ETF 2.485 2.522   -0.20%   -1.47%      2.44 +19.6%  0.61       ↑ - 趋势完好
515050       5GETF 1.116 1.133   -0.53%   -1.50%     73.33 +24.7% 18.03       ↑ - 趋势完好
510300  沪深300ETF 4.895 4.941   -0.12%   -0.93%      1.34  +4.4%  0.32       ↑ - 趋势完好
512480   半导体ETF 2.035 2.043   -0.44%   -0.39%      2.60 +24.6%  0.63       ↑ - 趋势完好
588000   科创50ETF 1.791 1.815   -0.44%   -1.32%      2.47 +19.0%  0.60       ↑ - 趋势完好
159915   创业板ETF 3.925 3.961   +0.00%   -0.91%      2.61 +13.0%  0.63       ↑ - 趋势完好
510500  中证500ETF 8.655 8.772   -0.14%   -1.33%      3.23  +5.3%  0.78       ↓ - 趋势完好
512100 中证1000ETF 3.505 3.529   -0.09%   -0.68%      2.41  +7.2%  0.58       ↓ - 趋势完好
159995     芯片ETF 2.309 2.321   -0.69%   -0.52%      2.16 +23.1%  0.52       ↑ - 趋势完好

============================================================
  ✗ 趋势偏弱  (12只)
============================================================
  代码        名称  现价  昨收 开盘涨跌 早盘涨跌  早盘量能 距MA50  量比 MA5拐头       状态
515880     通信ETF 1.511 1.544   +0.06%   -2.14%      3.04 +24.3%  0.74       ↑ ✗ 趋势偏弱
512660     军工ETF 1.396 1.419   -0.21%   -1.62%      1.93  +0.4%  0.50       ↓ ✗ 趋势偏弱
512980     传媒ETF 0.991 0.979   -0.51%   +1.23%      2.47  -2.7%  0.64       ↓ ✗ 趋势偏弱
560080   黄金股ETF 0.987 0.994   -0.20%   -0.70%      3.90  -2.4%  0.99       ↓ ✗ 趋势偏弱
512880     证券ETF 1.059 1.071   -0.09%   -1.12%      1.77  -1.7%  0.45       ↓ ✗ 趋势偏弱
512200   房地产ETF 1.454 1.456   -0.34%   -0.14%      1.72  +2.9%  0.44       ↓ ✗ 趋势偏弱
512800     银行ETF 0.783 0.784   -0.26%   -0.13%      2.23  -1.2%  0.56       ↓ ✗ 趋势偏弱
516110     汽车ETF 1.289 1.294   -0.08%   -0.39%      2.26  -2.5%  0.57       ↓ ✗ 趋势偏弱
159869     游戏ETF 1.280 1.281   -0.08%   -0.08%      1.70  -3.6%  0.44       ↓ ✗ 趋势偏弱
512010     医药ETF 0.359 0.360   -0.28%   -0.28%      1.84  -2.3%  0.46       ↓ ✗ 趋势偏弱
512400 有色金属ETF 2.068 2.130   -1.17%   -2.91%      2.25  -2.3%  0.57       ↓ ✗ 趋势偏弱
512690       酒ETF 0.458 0.466   -0.43%   -1.72%      2.22  -6.9%  0.55       ↓ ✗ 趋势偏弱

────────────────────────────────────────────────────────────
  扫描: 25  成功: 25  异常: 0
  ★买入: 0  ▲支撑: 3  ◇多头: 0

============================================================
  🌅 早盘概览
============================================================
  ↑涨 1 只  ↓跌 24 只  平 0 只
  领涨: 传媒ETF +1.23%  量能 2.47x
  领跌: 机器人ETF -4.23%  量能 4.71x
  量能异常(>2x): 5GETF(73.33)  光伏ETF(5.33)  机器人ETF(4.71)  黄金股ETF(3.9)  中证500ETF(3.23)  通信ETF(3.04)  创业板ETF(2.61)  半导体ETF(2.6)  科创50ETF(2.47)  传媒ETF(2.47)  人工智能ETF(2.44)  中证1000ETF(2.41)  汽车ETF(2.26)  有色金属ETF(2.25)  银行ETF(2.23)  酒ETF(2.22)  芯片ETF(2.16)  新能源ETF(2.1)


============================================================
  📊 持仓监控 (1 只)
============================================================
  🟡 关注 中证500ETF(004348 南方中证500C)
     ★ 买入信号 → - 趋势完好  距MA50 +5.3%  → 趋势转弱，密切关注
  📨 已推送飞书
