--- 2026-06-09 10:28:11 ---
🌅 Argus 早盘分析(实时数据)...

  [1/27] 沪深300ETF (在线)
  [2/27] 中证500ETF (在线)
  [3/27] 中证1000ETF (在线)
  [4/27] 创业板ETF (在线)
  [5/27] 科创50ETF (在线)
  [6/27] 半导体ETF (在线)
  [7/27] 芯片ETF (在线)
  [8/27] 通信ETF (在线)
  [9/27] 稀有金属ETF (在线)
  [10/27] 人工智能ETF (在线)
  [11/27] 医药ETF (在线)
  [12/27] 酒ETF (在线)
  [13/27] 汽车ETF (在线)
  [14/27] 银行ETF (在线)
  [15/27] 证券ETF (在线)
  [16/27] 房地产ETF (在线)
  [17/27] 有色金属ETF (在线)
  [18/27] 黄金股ETF (在线)
  [19/27] 新能源ETF (在线)
  [20/27] 光伏ETF (在线)
  [21/27] 传媒ETF (在线)
  [22/27] 军工ETF (在线)
  [23/27] 游戏ETF (在线)
  [24/27] 环保ETF (在线)
  [25/27] 恒生科技ETF (在线)
  [26/27] 红利ETF (在线)
  [27/27] 机器人ETF (在线)
  完成! (在线: 27, 缓存: 0)

============================================================
  ▲ 接近支撑  (2只)
============================================================
  代码      名称  现价  昨收 开盘涨跌 早盘涨跌  早盘量能 距MA50  量比 MA5拐头       状态 试探
588000 科创50ETF 1.707 1.683   +2.26%   +1.43%      1.17  +3.9%  0.28       ↓ ▲ 接近支撑     
159915 创业板ETF 3.862 3.827   +1.31%   +0.91%      1.99  +3.9%  0.48       ↓ ▲ 接近支撑     

============================================================
  ◇ 多头排列  (2只)
============================================================
  代码      名称  现价  昨收 开盘涨跌 早盘涨跌  早盘量能 距MA50  量比 MA5拐头       状态                  突破
512800   银行ETF 0.796 0.789   -0.51%   +0.89%      3.62  +1.0%  0.89       ↑ ◇ 多头排列 ⬆ 突破(3/5日在MA50下)
562500 机器人ETF 1.165 1.168   +0.00%   -0.26%      1.49  +9.5%  0.38       ↑ ◇ 多头排列                      

============================================================
  - 趋势完好  (5只)
============================================================
  代码        名称  现价  昨收 开盘涨跌 早盘涨跌  早盘量能 距MA50  量比 MA5拐头       状态
512480   半导体ETF 2.035 1.995   +2.66%   +2.01%      1.16 +10.4%  0.28       ↓ - 趋势完好
159995     芯片ETF 2.333 2.293   +2.97%   +1.74%      1.27 +10.4%  0.31       ↓ - 趋势完好
515880     通信ETF 1.635 1.601   +1.94%   +2.12%      2.09 +17.9%  0.50       ↓ - 趋势完好
515070 人工智能ETF 2.405 2.379   +1.35%   +1.09%      1.69  +5.9%  0.42       ↓ - 趋势完好
510880     红利ETF 3.287 3.304   -0.73%   -0.51%      1.45  +1.1%  0.37       ↓ - 趋势完好

============================================================
  ✗ 趋势偏弱  (18只)
============================================================
  代码        名称  现价  昨收 开盘涨跌 早盘涨跌  早盘量能 距MA50  量比 MA5拐头       状态
510500  中证500ETF 8.100 8.068   +0.64%   +0.40%      1.17  -2.9%  0.28       ↓ ✗ 趋势偏弱
513180 恒生科技ETF 0.608 0.603   +0.17%   +0.83%      1.46  -3.0%  0.36       ↓ ✗ 趋势偏弱
512580     环保ETF 1.303 1.297   +0.54%   +0.46%      1.35  -6.6%  0.34       ↓ ✗ 趋势偏弱
159869     游戏ETF 1.108 1.096   +0.82%   +1.09%      1.48 -12.1%  0.37       ↓ ✗ 趋势偏弱
512660     军工ETF 1.217 1.220   +0.49%   -0.25%      1.15 -10.1%  0.29       ↓ ✗ 趋势偏弱
512980     传媒ETF 0.867 0.854   +0.82%   +1.52%      1.66 -11.1%  0.41       ↓ ✗ 趋势偏弱
515790     光伏ETF 0.991 0.987   +0.91%   +0.41%      1.05  -7.6%  0.26       ↓ ✗ 趋势偏弱
516160   新能源ETF 2.824 2.811   +0.46%   +0.46%      1.31 -10.0%  0.33       ↓ ✗ 趋势偏弱
512200   房地产ETF 1.251 1.262   +0.32%   -0.87%      1.51  -9.3%  0.38       ↓ ✗ 趋势偏弱
512400 有色金属ETF 1.811 1.820   +0.49%   -0.49%      2.18 -12.0%  0.55       ↓ ✗ 趋势偏弱
512100 中证1000ETF 3.278 3.258   +0.77%   +0.61%      2.55  -1.8%  0.62       ↓ ✗ 趋势偏弱
512880     证券ETF 1.002 1.001   +0.00%   +0.10%      1.46  -4.9%  0.36       ↓ ✗ 趋势偏弱
516110     汽车ETF 1.205 1.209   +0.00%   -0.33%      1.55  -7.2%  0.38       ↓ ✗ 趋势偏弱
512690       酒ETF 0.422 0.425   +0.00%   -0.71%      1.36 -10.4%  0.34       ↓ ✗ 趋势偏弱
512010     医药ETF 0.318 0.322   -0.62%   -1.24%      2.24 -11.2%  0.55       ↓ ✗ 趋势偏弱
562800 稀有金属ETF 0.988 1.041   -2.98%   -5.09%      3.66  -8.7%  0.90       ↓ ✗ 趋势偏弱
517520   黄金股ETF 1.712 1.716   +0.41%   -0.23%      1.85 -19.8%  0.46       ↓ ✗ 趋势偏弱
510300  沪深300ETF 4.747 4.739   +0.53%   +0.17%      0.85  -0.6%  0.21       ↓ ✗ 趋势偏弱

────────────────────────────────────────────────────────────
  扫描: 27  成功: 27  异常: 0
  ★买入: 0  ▲支撑: 2  ◇多头: 2  ⬆突破: 1

============================================================
  🌅 早盘概览
============================================================
  ↑涨 17 只  ↓跌 10 只  平 0 只
  领涨: 通信ETF +2.12%  量能 2.09x
  领跌: 稀有金属ETF -5.09%  量能 3.66x
  量能异常(>2x): 稀有金属ETF(3.66)  银行ETF(3.62)  中证1000ETF(2.55)  医药ETF(2.24)  有色金属ETF(2.18)  通信ETF(2.09)

  📨 已推送飞书
