--- 2026-05-21 15:38:21 ---
🔭 Argus 正在扫描...

  [1/27] 沪深300ETF (在线)
  [2/27] 中证500ETF (在线)
  [3/27] 中证1000ETF (在线)
  [4/27] 创业板ETF (在线)
  [5/27] 科创50ETF (在线)
  [6/27] 半导体ETF (在线)
  [7/27] 芯片ETF (在线)
  [8/27] 通信ETF (在线)
  [9/27] 稀有金属ETF (在线)
  [10/27] 人工智能ETF (在线)
  [11/27] 医药ETF (在线)
  [12/27] 酒ETF (在线)
  [13/27] 汽车ETF (在线)
  [14/27] 银行ETF (在线)
  [15/27] 证券ETF (在线)
  [16/27] 房地产ETF (在线)
  [17/27] 有色金属ETF (在线)
  [18/27] 黄金股ETF (在线)
  [19/27] 新能源ETF (在线)
  [20/27] 光伏ETF (在线)
  [21/27] 传媒ETF (在线)
  [22/27] 军工ETF (在线)
  [23/27] 游戏ETF (在线)
  [24/27] 环保ETF (在线)
  [25/27] 恒生科技ETF (在线)
  [26/27] 红利ETF (在线)
  [27/27] 机器人ETF (在线)
  完成! (在线: 27, 缓存: 0)

============================================================
  ▲ 接近支撑  (1只)
============================================================
  代码      名称  现价   MA5  MA20  MA50  MA100 距MA50  量比 回踩MA50 MA5拐头       状态
516160 新能源ETF 3.231 3.209 3.258 3.155  3.071  +2.4%  0.86       是       ↓ ▲ 接近支撑

============================================================
  ◇ 多头排列  (7只)
============================================================
  代码        名称  现价   MA5  MA20  MA50  MA100 距MA50  量比 回踩MA50 MA5拐头       状态
562500   机器人ETF 1.187 1.185 1.095 1.019  1.034 +16.5%  1.53       否       ↑ ◇ 多头排列
512100 中证1000ETF 3.545 3.521 3.442 3.287  3.262  +7.8%  0.72       否       ↓ ◇ 多头排列
515790     光伏ETF 1.126 1.116 1.093 1.091  1.073  +3.2%  1.06       是       ↓ ◇ 多头排列
588000   科创50ETF 1.931 1.841 1.696 1.528  1.524 +26.3%  1.23       否       ↑ ◇ 多头排列
512480   半导体ETF 2.227 2.099 1.886 1.667  1.633 +33.6%  0.98       否       ↑ ◇ 多头排列
159995     芯片ETF 2.547 2.391 2.153 1.913  1.897 +33.2%  0.95       否       ↑ ◇ 多头排列
515070 人工智能ETF 2.536 2.507 2.359 2.111  2.065 +20.1%  0.82       否       ↓ ◇ 多头排列

============================================================
  - 趋势完好  (4只)
============================================================
  代码       名称  现价   MA5  MA20  MA50  MA100 距MA50  量比 回踩MA50 MA5拐头       状态
512580    环保ETF 1.449 1.436 1.434 1.395  1.356  +3.9%  0.99       否       ↓ - 趋势完好
510300 沪深300ETF 4.871 4.882 4.859 4.702  4.724  +3.6%  0.83       否       ↓ - 趋势完好
510500 中证500ETF 8.748 8.693 8.589 8.241  8.194  +6.2%  0.67       否       ↓ - 趋势完好
159915  创业板ETF 3.932 3.942 3.812 3.518  3.392 +11.8%  0.86       否       ↓ - 趋势完好

============================================================
  ✗ 趋势偏弱  (15只)
============================================================
  代码        名称  现价   MA5  MA20  MA50  MA100 距MA50  量比 回踩MA50 MA5拐头       状态
512010     医药ETF 0.347 0.352 0.364 0.367  0.376  -5.3%  1.04       是       ↓ ✗ 趋势偏弱
513180 恒生科技ETF 0.621 0.627 0.636 0.633  0.680  -1.9%  0.83       是       ↓ ✗ 趋势偏弱
159869     游戏ETF 1.248 1.265 1.301 1.320  1.428  -5.4%  0.75       是       ↓ ✗ 趋势偏弱
512660     军工ETF 1.371 1.385 1.417 1.383  1.416  -0.9%  0.51       是       ↓ ✗ 趋势偏弱
512980     传媒ETF 0.969 0.981 1.007 1.013  1.070  -4.4%  0.98       是       ↓ ✗ 趋势偏弱
562800 稀有金属ETF 1.053 1.080 1.135 1.074  1.056  -2.0%  1.07       是       ↓ ✗ 趋势偏弱
515880     通信ETF 1.517 1.518 1.424 1.241  1.832 +22.2%  1.03       否       ↓ ✗ 趋势偏弱
512400 有色金属ETF 1.985 2.029 2.126 2.094  2.122  -5.2%  0.91       是       ↓ ✗ 趋势偏弱
512200   房地产ETF 1.416 1.429 1.433 1.410  1.468  +0.4%  0.95       是       ↓ ✗ 趋势偏弱
512880     证券ETF 1.049 1.054 1.072 1.072  1.137  -2.2%  0.67       是       ↓ ✗ 趋势偏弱
510880     红利ETF 3.215 3.220 3.268 3.268  3.222  -1.6%  0.93       是       ↓ ✗ 趋势偏弱
516110     汽车ETF 1.277 1.291 1.319 1.319  1.360  -3.2%  1.24       是       ↓ ✗ 趋势偏弱
512690       酒ETF 0.455 0.456 0.474 0.488  0.514  -6.8%  0.89       是       ↓ ✗ 趋势偏弱
517520   黄金股ETF 1.949 2.029 2.186 2.265  2.340 -14.0%  0.92       是       ↓ ✗ 趋势偏弱
512800     银行ETF 0.768 0.775 0.790 0.792  0.793  -3.0%  1.22       是       ↓ ✗ 趋势偏弱

────────────────────────────────────────────────────────────
  扫描: 27  成功: 27  异常: 0
  ★买入: 0  ▲支撑: 1  ◇多头: 7


============================================================
  📊 持仓监控 (1 只)
============================================================
  🟡 关注 中证500ETF(004348 南方中证500C)
     ★ 买入信号 → - 趋势完好  距MA50 +6.2%  → 趋势转弱，密切关注
  📕 小红书日志已保存: scan_20260521_xhs.txt

============================================================
  🔍 尾盘对比 (14:45 vs 15:00)
============================================================
       名称  盘中价  收盘价   涨跌  量比变化                信号变化
    通信ETF   1.448   1.517 +4.77% 1.33→1.03                       —
  半导体ETF   2.142   2.227 +3.97% 1.09→0.98                       —
  房地产ETF   1.367   1.416 +3.58% 0.68→0.95                       —
人工智能ETF   2.459   2.536 +3.13% 0.96→0.82 - 趋势完好 → ◇ 多头排列
  科创50ETF   1.873   1.931 +3.10% 1.24→1.23                       —
中证1000ETF   3.442   3.545 +2.99% 0.89→0.72 ▲ 接近支撑 → ◇ 多头排列
    光伏ETF   1.096   1.126 +2.74% 1.28→1.06 - 趋势完好 → ◇ 多头排列
    芯片ETF   2.482   2.547 +2.62% 1.17→0.95                       —
 中证500ETF   8.541   8.748 +2.42% 0.67→0.67 ▲ 接近支撑 → - 趋势完好
    游戏ETF   1.219   1.248 +2.38% 0.83→0.75                       —
  新能源ETF   3.160   3.231 +2.25%  0.9→0.86                       —
    军工ETF   1.341   1.371 +2.24% 0.81→0.51                       —
    传媒ETF   0.948   0.969 +2.22% 0.92→0.98                       —
  黄金股ETF   1.909   1.949 +2.10% 1.26→0.92                       —
    环保ETF   1.420   1.449 +2.04% 0.65→0.99 ▲ 接近支撑 → - 趋势完好
恒生科技ETF   0.609   0.621 +1.97% 1.04→0.83                       —
    汽车ETF   1.302   1.277 -1.92% 1.74→1.24                       —
  创业板ETF   3.865   3.932 +1.73% 1.24→0.86                       —
有色金属ETF   1.954   1.985 +1.59% 0.93→0.91                       —
    红利ETF   3.174   3.215 +1.29%  1.4→0.93                       —
 沪深300ETF   4.823   4.871 +1.00% 0.98→0.83 ▲ 接近支撑 → - 趋势完好
    医药ETF   0.350   0.347 -0.86%  1.4→1.04                       —
    证券ETF   1.056   1.049 -0.66% 1.89→0.67                       —
  机器人ETF   1.192   1.187 -0.42%  1.4→1.53                       —
    银行ETF   0.771   0.768 -0.39% 1.12→1.22                       —

────────────────────────────────────────────────────────────
  尾盘异动: 25 只  信号翻转: 6 只  大幅波动(≥1%): 21 只
  ⚠ 信号翻转:
    人工智能ETF: - 趋势完好 → ◇ 多头排列
    中证1000ETF: ▲ 接近支撑 → ◇ 多头排列
    光伏ETF: - 趋势完好 → ◇ 多头排列
    中证500ETF: ▲ 接近支撑 → - 趋势完好
    环保ETF: ▲ 接近支撑 → - 趋势完好
    沪深300ETF: ▲ 接近支撑 → - 趋势完好
  ⚠ 大幅波动:
    通信ETF: +4.77%
    半导体ETF: +3.97%
    房地产ETF: +3.58%
    人工智能ETF: +3.13%
    科创50ETF: +3.10%
    中证1000ETF: +2.99%
    光伏ETF: +2.74%
    芯片ETF: +2.62%
    中证500ETF: +2.42%
    游戏ETF: +2.38%
    新能源ETF: +2.25%
    军工ETF: +2.24%
    传媒ETF: +2.22%
    黄金股ETF: +2.10%
    环保ETF: +2.04%
    恒生科技ETF: +1.97%
    汽车ETF: -1.92%
    创业板ETF: +1.73%
    有色金属ETF: +1.59%
    红利ETF: +1.29%
    沪深300ETF: +1.00%

  📨 已推送飞书
