--- 2026-05-14 15:32:49 ---
  缓存已清除

🔭 Argus 正在扫描...

  [1/25] 沪深300ETF (在线)
  [2/25] 中证500ETF (在线)
  [3/25] 中证1000ETF (在线)
  [4/25] 创业板ETF (在线)
  [5/25] 科创50ETF (在线)
  [6/25] 半导体ETF (在线)
  [7/25] 芯片ETF (在线)
  [8/25] 通信ETF (在线)
  [9/25] 5GETF (在线)
  [10/25] 机器人ETF (在线)
  [11/25] 人工智能ETF (在线)
  [12/25] 医药ETF (在线)
  [13/25] 酒ETF (在线)
  [14/25] 汽车ETF (在线)
  [15/25] 银行ETF (在线)
  [16/25] 证券ETF (在线)
  [17/25] 房地产ETF (在线)
  [18/25] 有色金属ETF (在线)
  [19/25] 黄金股ETF (在线)
  [20/25] 新能源ETF (在线)
  [21/25] 光伏ETF (在线)
  [22/25] 传媒ETF (在线)
  [23/25] 军工ETF (在线)
  [24/25] 游戏ETF (在线)
  [25/25] 环保ETF (在线)
  完成! (在线: 25, 缓存: 0)

============================================================
  ▲ 接近支撑  (1只)
============================================================
  代码        名称  现价 距MA50  量比 MA5拐头       状态
512400 有色金属ETF  2.13  +0.2%  1.16       ↓ ▲ 接近支撑

============================================================
  ◇ 多头排列  (6只)
============================================================
  代码        名称  现价 距MA50  量比 MA5拐头       状态
515790     光伏ETF 1.128  +3.3%  1.87       ↑ ◇ 多头排列
159915   创业板ETF 3.961 +14.5%  1.11       ↑ ◇ 多头排列
588000   科创50ETF 1.815 +21.0%  1.18       ↑ ◇ 多头排列
512480   半导体ETF 2.043 +25.7%  0.97       ↑ ◇ 多头排列
159995     芯片ETF 2.321 +24.2%  0.94       ↑ ◇ 多头排列
515070 人工智能ETF 2.522 +22.0%  0.93       ↑ ◇ 多头排列

============================================================
  - 趋势完好  (7只)
============================================================
  代码        名称  现价 距MA50  量比 MA5拐头       状态
510300  沪深300ETF 4.941  +5.4%  0.93       ↑ - 趋势完好
512660     军工ETF 1.419  +1.8%  1.31       ↓ - 趋势完好
516160   新能源ETF 3.223  +2.5%  0.93       ↓ - 趋势完好
512580     环保ETF 1.436  +3.5%  0.74       ↓ - 趋势完好
512100 中证1000ETF 3.529  +8.0%  0.71       ↑ - 趋势完好
510500  中证500ETF 8.772  +6.7%  1.29       ↑ - 趋势完好
562800   机器人ETF 1.132  +4.7%  1.18       ↓ - 趋势完好

============================================================
  ✗ 趋势偏弱  (10只)
============================================================
  代码      名称  现价 距MA50  量比 MA5拐头       状态
512010   医药ETF 0.360  -2.1%  1.81       ↓ ✗ 趋势偏弱
159869   游戏ETF 1.281  -3.8%  1.07       ↓ ✗ 趋势偏弱
516110   汽车ETF 1.294  -2.2%  0.78       ↓ ✗ 趋势偏弱
512800   银行ETF 0.784  -1.1%  1.19       ↓ ✗ 趋势偏弱
512880   证券ETF 1.071  -0.7%  1.19       ↓ ✗ 趋势偏弱
512200 房地产ETF 1.456  +3.0%  0.76       ↓ ✗ 趋势偏弱
560080 黄金股ETF 0.994  -1.9%  0.77       ↓ ✗ 趋势偏弱
515880   通信ETF 1.544 +27.9%  1.24       ↑ ✗ 趋势偏弱
512980   传媒ETF 0.979  -4.1%  1.56       ↓ ✗ 趋势偏弱
512690     酒ETF 0.466  -5.5%  1.95       ↓ ✗ 趋势偏弱

============================================================
  ⚠ 异常  (1只)
============================================================
  代码  名称                         状态
515050 5GETF ⚠ 数据异常(价格偏离MA5超30%)

────────────────────────────────────────────────────────────
  扫描: 25  成功: 24  异常: 1
  ★买入: 0  ▲支撑: 1  ◎等待: 0  ◇多头: 6

  📨 已推送飞书
