--- 2026-06-23 15:34:09 ---
🔭 Argus 正在扫描...

  [1/28] 沪深300ETF (在线)
  [2/28] 中证500ETF (在线)
  [3/28] 中证1000ETF (在线)
  [4/28] 创业板ETF (在线)
  [5/28] 科创50ETF (在线)
  [6/28] 半导体ETF (在线)
  [7/28] 芯片ETF (在线)
  [8/28] 通信ETF (在线)
  [9/28] 稀有金属ETF (在线)
  [10/28] 人工智能ETF (在线)
  [11/28] 医药ETF (在线)
  [12/28] 酒ETF (在线)
  [13/28] 汽车ETF (在线)
  [14/28] 银行ETF (在线)
  [15/28] 证券ETF (在线)
  [16/28] 房地产ETF (在线)
  [17/28] 有色金属ETF (在线)
  [18/28] 黄金股ETF (在线)
  [19/28] 新能源ETF (在线)
  [20/28] 光伏ETF (在线)
  [21/28] 传媒ETF (在线)
  [22/28] 军工ETF (在线)
  [23/28] 游戏ETF (在线)
  [24/28] 环保ETF (在线)
  [25/28] 恒生科技ETF (在线)
  [26/28] 红利ETF (在线)
  [27/28] 红利低波ETF (在线)
  [28/28] 机器人ETF (在线)
  完成! (在线: 28, 缓存: 0)

============================================================
  ◆ 趋势持有  (1只)
============================================================
  代码    名称  现价   MA5  MA20  MA50  MA100 距MA50  量比 回踩MA50 MA5拐头       状态 风险等级                     信号评估                场外基金
512880 证券ETF 1.131 1.095 1.046  1.06  1.096  +6.7%  1.74       是       ↑ ◆ 趋势持有     追涨 中|长期均线未理顺,距高点-16% 007993 华夏证券ETF联接C

============================================================
  ◇ 多头排列  (7只)
============================================================
  代码        名称  现价   MA5  MA20  MA50  MA100 距MA50  量比 回踩MA50 MA5拐头       状态 风险等级
562500   机器人ETF 1.154 1.146 1.145 1.098  1.061  +5.1%  0.97       否       ↑ ◇ 多头排列      NaN
510500  中证500ETF 8.815 8.809 8.497 8.490  8.363  +3.8%  1.19       否       ↑ ◇ 多头排列      NaN
588000   科创50ETF 2.023 1.978 1.852 1.739  1.612 +16.3%  1.05       否       ↑ ◇ 多头排列      NaN
512480   半导体ETF 2.512 2.437 2.223 1.999  1.793 +25.6%  0.91       否       ↑ ◇ 多头排列      NaN
159995     芯片ETF 2.853 2.763 2.542 2.285  2.068 +24.9%  0.89       否       ↑ ◇ 多头排列      NaN
515880     通信ETF 1.794 1.792 1.666 1.500  1.497 +19.6%  1.13       否       ↑ ◇ 多头排列      NaN
562800 稀有金属ETF 1.241 1.172 1.086 1.104  1.082 +12.4%  1.66       否       ↑ ◇ 多头排列      NaN

============================================================
  - 趋势完好  (4只)
============================================================
  代码        名称  现价   MA5  MA20  MA50  MA100 距MA50  量比 回踩MA50 MA5拐头       状态 风险等级
515070 人工智能ETF 2.593 2.595 2.508 2.388  2.184  +8.6%  1.03       否       ↑ - 趋势完好      NaN
510300  沪深300ETF 4.942 4.977 4.901 4.851  4.747  +1.9%  2.82       是       ↑ - 趋势完好      NaN
512100 中证1000ETF 3.510 3.529 3.412 3.405  3.325  +3.1%  0.69       否       ↑ - 趋势完好      NaN
159915   创业板ETF 4.210 4.230 4.055 3.875  3.575  +8.7%  1.31       否       ↑ - 趋势完好      NaN

============================================================
  ✗ 趋势偏弱  (16只)
============================================================
  代码        名称  现价   MA5  MA20  MA50  MA100 距MA50  量比 回踩MA50 MA5拐头       状态 风险等级
512010     医药ETF 0.333 0.328 0.331 0.351  0.362  -5.0%  1.45       是       ↑ ✗ 趋势偏弱      NaN
510880     红利ETF 3.104 3.137 3.234 3.242  3.230  -4.3%  0.93       是       ↓ ✗ 趋势偏弱      NaN
513180 恒生科技ETF 0.559 0.580 0.608 0.623  0.648 -10.2%  1.22       是       ↓ ✗ 趋势偏弱      NaN
512580     环保ETF 1.329 1.356 1.368 1.397  1.375  -4.8%  1.15       是       ↓ ✗ 趋势偏弱      NaN
159869     游戏ETF 1.059 1.059 1.104 1.220  1.337 -13.2%  1.08       是       ↓ ✗ 趋势偏弱      NaN
512660     军工ETF 1.252 1.279 1.273 1.348  1.390  -7.1%  0.77       是       ↓ ✗ 趋势偏弱      NaN
512980     传媒ETF 0.825 0.832 0.867 0.949  1.027 -13.0%  0.71       是       ↓ ✗ 趋势偏弱      NaN
516160   新能源ETF 2.970 3.032 3.015 3.135  3.100  -5.3%  1.16       是       ↑ ✗ 趋势偏弱      NaN
517520   黄金股ETF 1.710 1.839 1.851 2.055  2.279 -16.8%  1.16       是       ↓ ✗ 趋势偏弱      NaN
512400 有色金属ETF 1.976 2.055 1.984 2.061  2.125  -4.1%  1.53       是       ↓ ✗ 趋势偏弱      NaN
512200   房地产ETF 1.233 1.247 1.292 1.364  1.421  -9.6%  0.82       是       ↓ ✗ 趋势偏弱      NaN
512890 红利低波ETF 1.118 1.126 1.155 1.170  1.175  -4.4%  1.16       是       ↓ ✗ 趋势偏弱      NaN
516110     汽车ETF 1.124 1.154 1.208 1.275  1.313 -11.8%  0.77       是       ↓ ✗ 趋势偏弱      NaN
512690       酒ETF 0.399 0.408 0.430 0.457  0.488 -12.7%  0.94       是       ↓ ✗ 趋势偏弱      NaN
515790     光伏ETF 0.998 1.024 1.043 1.068  1.087  -6.6%  0.80       是       ↓ ✗ 趋势偏弱      NaN
512800     银行ETF 0.778 0.778 0.784 0.787  0.786  -1.1%  1.03       是       ↓ ✗ 趋势偏弱      NaN

────────────────────────────────────────────────────────────
  扫描: 28  成功: 28  异常: 0
  ★买入: 0  ◆持有: 1  ▲支撑: 0  ◇多头: 7


============================================================
  💰 定投模块
============================================================
  红利低波 512890(A类007466) 宽基/红利
  窗口② 6/16-6/28  剩5天到兜底 | 本窗口:✅已投
  现价1.118 | 分位7% | 距MA20 -3.2% | 趋势:空头排列
  → ✅ 本窗口已定投(2026-06-17)，下次窗口见
  📕 小红书日志已保存: scan_20260623_xhs.txt

============================================================
  🔍 尾盘对比 (14:45 vs 15:00)
============================================================
  尾盘无显著变化，行情平稳收尾

  📨 已推送飞书
