--- 2026-05-26 11:08:15 ---
🌅 Argus 早盘分析(实时数据)...



============================================================
  ▲ 接近支撑  (5只)
============================================================
  代码        名称  现价  昨收 开盘涨跌 早盘涨跌  早盘量能 距MA50  量比 MA5拐头       状态
510500  中证500ETF 8.637 8.786   -0.49%   -1.70%      0.46  +4.6%  0.19       ↓ ▲ 接近支撑
512100 中证1000ETF 3.464 3.539   -0.68%   -2.12%      0.73  +5.0%  0.30       ↓ ▲ 接近支撑
512580     环保ETF 1.422 1.423   -0.21%   -0.07%      0.75  +1.7%  0.31       ↓ ▲ 接近支撑
516160   新能源ETF 3.160 3.174   -0.47%   -0.44%      1.15  +0.0%  0.48       ↓ ▲ 接近支撑
562800 稀有金属ETF 1.085 1.093   -0.91%   -0.73%      1.10  +1.1%  0.45       ↓ ▲ 接近支撑

============================================================
  ◇ 多头排列  (7只)
============================================================
  代码        名称  现价  昨收 开盘涨跌 早盘涨跌  早盘量能 距MA50  量比 MA5拐头       状态
510300  沪深300ETF 4.924 4.937   -0.51%   -0.26%      0.60  +4.3%  0.24       ↑ ◇ 多头排列
515070 人工智能ETF 2.557 2.605   -0.19%   -1.84%      1.41 +18.6%  0.58       ↑ ◇ 多头排列
562500   机器人ETF 1.216 1.208   +0.50%   +0.66%      2.77 +18.5%  1.16       ↑ ◇ 多头排列
159995     芯片ETF 2.649 2.727   +0.04%   -2.86%      1.61 +34.2%  0.66       ↑ ◇ 多头排列
512480   半导体ETF 2.269 2.348   -0.17%   -3.36%      1.64 +31.9%  0.67       ↑ ◇ 多头排列
159915   创业板ETF 4.008 4.034   -0.55%   -0.64%      1.82 +12.2%  0.74       ↑ ◇ 多头排列
588000   科创50ETF 1.939 1.998   -0.75%   -2.95%      1.49 +24.0%  0.61       ↑ ◇ 多头排列

============================================================
  - 趋势完好  (1只)
============================================================
  代码    名称  现价  昨收 开盘涨跌 早盘涨跌  早盘量能 距MA50  量比 MA5拐头       状态
515790 光伏ETF 1.108 1.123   -0.62%   -1.34%      1.22  +1.9%  0.51       ↓ - 趋势完好

============================================================
  ✗ 趋势偏弱  (14只)
============================================================
  代码        名称  现价  昨收 开盘涨跌 早盘涨跌  早盘量能 距MA50  量比 MA5拐头       状态
513180 恒生科技ETF 0.628 0.617   +1.13%   +1.78%      2.35  -0.4%  0.99       ↓ ✗ 趋势偏弱
159869     游戏ETF 1.174 1.183   -0.42%   -0.76%      0.98  -9.8%  0.41       ↓ ✗ 趋势偏弱
512660     军工ETF 1.335 1.376   -0.51%   -2.98%      1.13  -2.6%  0.47       ↓ ✗ 趋势偏弱
512980     传媒ETF 0.913 0.932   -0.75%   -2.04%      1.39  -8.8%  0.58       ↓ ✗ 趋势偏弱
517520   黄金股ETF 2.018 1.980   -0.81%   +1.92%      1.04  -9.0%  0.43       ↓ ✗ 趋势偏弱
512400 有色金属ETF 2.047 2.025   -0.79%   +1.09%      1.64  -1.3%  0.68       ↑ ✗ 趋势偏弱
512200   房地产ETF 1.356 1.382   -0.43%   -1.88%      0.89  -3.3%  0.37       ↓ ✗ 趋势偏弱
512880     证券ETF 1.055 1.045   -0.19%   +0.96%      1.93  -1.1%  0.81       ↓ ✗ 趋势偏弱
510880     红利ETF 3.173 3.185   -0.22%   -0.38%      1.10  -2.6%  0.46       ↓ ✗ 趋势偏弱
516110     汽车ETF 1.303 1.300   -0.15%   +0.23%      1.88  -0.9%  0.77       ↑ ✗ 趋势偏弱
512690       酒ETF 0.445 0.448   -0.67%   -0.67%      1.42  -8.0%  0.59       ↓ ✗ 趋势偏弱
512010     医药ETF 0.339 0.340   +0.00%   -0.29%      1.43  -6.9%  0.59       ↓ ✗ 趋势偏弱
515880     通信ETF 1.524 1.562   -1.02%   -2.43%      1.20 +19.5%  0.50       ↑ ✗ 趋势偏弱
512800     银行ETF 0.771 0.767   +0.00%   +0.52%      1.42  -2.5%  0.58       ↓ ✗ 趋势偏弱

────────────────────────────────────────────────────────────
  扫描: 27  成功: 27  异常: 0
  ★买入: 0  ▲支撑: 5  ◇多头: 7

============================================================
  🌅 早盘概览
============================================================
  ↑涨 7 只  ↓跌 20 只  平 0 只
  领涨: 黄金股ETF +1.92%  量能 1.04x
  领跌: 半导体ETF -3.36%  量能 1.64x
  量能异常(>2x): 机器人ETF(2.77)  恒生科技ETF(2.35)


============================================================
  📊 持仓监控 (1 只)
============================================================
  🔵 持有 中证500ETF(004348 南方中证500C)
     ★ 买入信号 → ▲ 接近支撑  距MA50 +4.6%  → 持有观望
  📨 已推送飞书
