--- 2026-06-05 15:46:58 ---
🔭 Argus 正在扫描...

  [1/27] 沪深300ETF (缓存)
  [2/27] 中证500ETF (缓存)
  [3/27] 中证1000ETF (缓存)
  [4/27] 创业板ETF (缓存)
  [5/27] 科创50ETF (缓存)
  [6/27] 半导体ETF (缓存)
  [7/27] 芯片ETF (缓存)
  [8/27] 通信ETF (缓存)
  [9/27] 稀有金属ETF (缓存)
  [10/27] 人工智能ETF (缓存)
  [11/27] 医药ETF (缓存)
  [12/27] 酒ETF (缓存)
  [13/27] 汽车ETF (缓存)
  [14/27] 银行ETF (缓存)
  [15/27] 证券ETF (缓存)
  [16/27] 房地产ETF (缓存)
  [17/27] 有色金属ETF (缓存)
  [18/27] 黄金股ETF (缓存)
  [19/27] 新能源ETF (缓存)
  [20/27] 光伏ETF (缓存)
  [21/27] 传媒ETF (缓存)
  [22/27] 军工ETF (缓存)
  [23/27] 游戏ETF (缓存)
  [24/27] 环保ETF (缓存)
  [25/27] 恒生科技ETF (缓存)
  [26/27] 红利ETF (缓存)
  [27/27] 机器人ETF (缓存)
  完成! (在线: 0, 缓存: 27)

============================================================
  ▲ 接近支撑  (3只)
============================================================
  代码        名称  现价 距MA50  量比 MA5拐头       状态                试探
510300  沪深300ETF 4.843  +1.6%  0.65       ↓ ▲ 接近支撑 ◇ 待验证 安全垫0.4%
510500  中证500ETF 8.339  +0.2%  0.81       ↓ ▲ 接近支撑                    
512100 中证1000ETF 3.358  +0.8%  0.87       ↓ ▲ 接近支撑        ◆ 安全垫0.6%

============================================================
  ◇ 多头排列  (2只)
============================================================
  代码    名称  现价 距MA50  量比 MA5拐头       状态
510880 红利ETF 3.321  +2.1%  1.22       ↑ ◇ 多头排列
515880 通信ETF 1.663 +21.8%  1.52       ↑ ◇ 多头排列

============================================================
  - 趋势完好  (6只)
============================================================
  代码        名称  现价 距MA50  量比 MA5拐头       状态
515070 人工智能ETF 2.477 +10.0%  0.93       ↓ - 趋势完好
562500   机器人ETF 1.129  +7.6%  0.60       ↓ - 趋势完好
512480   半导体ETF 2.091 +14.8%  0.71       ↓ - 趋势完好
588000   科创50ETF 1.763  +8.2%  0.82       ↓ - 趋势完好
159915   创业板ETF 3.977  +7.6%  1.00       ↓ - 趋势完好
159995     芯片ETF 2.403 +15.1%  0.90       ↓ - 趋势完好

============================================================
  ✗ 趋势偏弱  (16只)
============================================================
  代码        名称  现价 距MA50  量比 MA5拐头       状态
513180 恒生科技ETF 0.621  -1.1%  0.73       ↑ ✗ 趋势偏弱
512580     环保ETF 1.345  -3.8%  1.27       ↓ ✗ 趋势偏弱
159869     游戏ETF 1.122 -11.5%  1.01       ↓ ✗ 趋势偏弱
512660     军工ETF 1.274  -6.1%  0.91       ↓ ✗ 趋势偏弱
512980     传媒ETF 0.874 -10.9%  0.62       ↓ ✗ 趋势偏弱
515790     光伏ETF 1.040  -3.5%  0.65       ↓ ✗ 趋势偏弱
516160   新能源ETF 2.938  -6.7%  0.86       ↓ ✗ 趋势偏弱
512400 有色金属ETF 1.926  -6.7%  0.78       ↓ ✗ 趋势偏弱
512200   房地产ETF 1.297  -6.3%  0.72       ↓ ✗ 趋势偏弱
512880     证券ETF 1.016  -3.7%  0.84       ↓ ✗ 趋势偏弱
516110     汽车ETF 1.226  -5.8%  0.66       ↓ ✗ 趋势偏弱
512690       酒ETF 0.433  -8.6%  0.81       ↓ ✗ 趋势偏弱
512010     医药ETF 0.327  -9.0%  1.01       ↓ ✗ 趋势偏弱
562800 稀有金属ETF 1.054  -2.3%  0.68       ↓ ✗ 趋势偏弱
517520   黄金股ETF 1.829 -15.0%  0.55       ↓ ✗ 趋势偏弱
512800     银行ETF 0.784  -0.5%  0.99       ↑ ✗ 趋势偏弱

────────────────────────────────────────────────────────────
  扫描: 27  成功: 27  异常: 0
  ★买入: 0  ▲支撑: 3  ◇多头: 2  ◆试探: 2

  📕 小红书日志已保存: scan_20260605_xhs.txt
  📨 已推送飞书
