--- 2026-06-04 10:28:04 ---
🌅 Argus 早盘分析(实时数据)...

  [1/27] 沪深300ETF (在线)
  [2/27] 中证500ETF (在线)
  [3/27] 中证1000ETF (在线)
  [4/27] 创业板ETF (在线)
  [5/27] 科创50ETF (在线)
  [6/27] 半导体ETF (在线)
  [7/27] 芯片ETF (在线)
  [8/27] 通信ETF (在线)
  [9/27] 稀有金属ETF (在线)
  [10/27] 人工智能ETF (在线)
  [11/27] 医药ETF (在线)
  [12/27] 酒ETF (在线)
  [13/27] 汽车ETF (在线)
  [14/27] 银行ETF (在线)
  [15/27] 证券ETF (在线)
  [16/27] 房地产ETF (在线)
  [17/27] 有色金属ETF (在线)
  [18/27] 黄金股ETF (在线)
  [19/27] 新能源ETF (在线)
  [20/27] 光伏ETF (在线)
  [21/27] 传媒ETF (在线)
  [22/27] 军工ETF (在线)
  [23/27] 游戏ETF (在线)
  [24/27] 环保ETF (在线)
  [25/27] 恒生科技ETF (在线)
  [26/27] 红利ETF (在线)
  [27/27] 机器人ETF (在线)
  完成! (在线: 27, 缓存: 0)

============================================================
  ▲ 接近支撑  (2只)
============================================================
  代码        名称  现价  昨收 开盘涨跌 早盘涨跌  早盘量能 距MA50  量比 MA5拐头       状态         试探
510500  中证500ETF 8.444 8.455   -0.99%   -0.13%      1.00  +1.6%  0.24       ↓ ▲ 接近支撑             
512100 中证1000ETF 3.389 3.389   -1.15%   +0.00%      1.26  +2.0%  0.30       ↓ ▲ 接近支撑 ◆ 安全垫0.5%

============================================================
  ◇ 多头排列  (5只)
============================================================
  代码        名称  现价  昨收 开盘涨跌 早盘涨跌  早盘量能 距MA50  量比 MA5拐头       状态
510300  沪深300ETF 4.937 4.965   -0.93%   -0.56%      0.68  +3.7%  0.16       ↑ ◇ 多头排列
159915   创业板ETF 4.102 4.145   -1.71%   -1.04%      1.63 +11.4%  0.39       ↓ ◇ 多头排列
510880     红利ETF 3.315 3.324   -0.18%   -0.27%      1.61  +2.0%  0.40       ↑ ◇ 多头排列
515070 人工智能ETF 2.566 2.583   -1.59%   -0.66%      2.06 +14.6%  0.51       ↓ ◇ 多头排列
515880     通信ETF 1.703 1.716   -2.39%   -0.76%      2.10 +25.9%  0.51       ↑ ◇ 多头排列

============================================================
  - 趋势完好  (4只)
============================================================
  代码      名称  现价  昨收 开盘涨跌 早盘涨跌  早盘量能 距MA50  量比 MA5拐头       状态
562500 机器人ETF 1.140 1.127   -1.42%   +1.15%      1.13  +8.6%  0.29       ↓ - 趋势完好
512480 半导体ETF 2.190 2.150   -1.86%   +1.86%      1.42 +21.1%  0.34       ↓ - 趋势完好
588000 科创50ETF 1.840 1.823   -1.59%   +0.93%      1.29 +13.5%  0.31       ↓ - 趋势完好
159995   芯片ETF 2.531 2.483   -1.93%   +1.93%      1.69 +22.1%  0.41       ↓ - 趋势完好

============================================================
  ✗ 趋势偏弱  (16只)
============================================================
  代码        名称  现价  昨收 开盘涨跌 早盘涨跌  早盘量能 距MA50  量比 MA5拐头       状态
562800 稀有金属ETF 1.074 1.052   -0.67%   +2.09%      3.93  -0.3%  0.97       ↓ ✗ 趋势偏弱
513180 恒生科技ETF 0.631 0.641   -1.25%   -1.56%      1.06  +0.6%  0.26       ↑ ✗ 趋势偏弱
512580     环保ETF 1.383 1.400   -1.07%   -1.21%      1.42  -1.2%  0.36       ↓ ✗ 趋势偏弱
159869     游戏ETF 1.116 1.124   -0.36%   -0.71%      1.13 -12.2%  0.28       ↓ ✗ 趋势偏弱
512660     军工ETF 1.278 1.273   -0.79%   +0.39%      1.11  -5.8%  0.28       ↓ ✗ 趋势偏弱
512980     传媒ETF 0.878 0.891   -0.79%   -1.46%      1.24 -10.6%  0.31       ↓ ✗ 趋势偏弱
515790     光伏ETF 1.061 1.065   -1.13%   -0.38%      0.99  -1.7%  0.25       ↓ ✗ 趋势偏弱
517520   黄金股ETF 1.870 1.918   -0.94%   -2.50%      0.87 -13.3%  0.22       ↓ ✗ 趋势偏弱
512400 有色金属ETF 1.968 2.032   -1.38%   -3.15%      1.88  -4.5%  0.47       ↓ ✗ 趋势偏弱
512200   房地产ETF 1.316 1.316   -0.61%   +0.00%      0.87  -5.0%  0.21       ↓ ✗ 趋势偏弱
512880     证券ETF 1.027 1.035   -0.68%   -0.77%      1.35  -2.7%  0.33       ↓ ✗ 趋势偏弱
516110     汽车ETF 1.235 1.234   -0.32%   +0.08%      1.35  -5.2%  0.33       ↓ ✗ 趋势偏弱
512690       酒ETF 0.440 0.444   -0.68%   -0.90%      1.10  -7.4%  0.27       ↓ ✗ 趋势偏弱
512010     医药ETF 0.327 0.330   -0.61%   -0.91%      1.15  -9.1%  0.28       ↓ ✗ 趋势偏弱
516160   新能源ETF 3.019 3.060   -0.85%   -1.34%      1.12  -4.2%  0.28       ↓ ✗ 趋势偏弱
512800     银行ETF 0.778 0.783   -0.13%   -0.64%      1.14  -1.3%  0.28       ↑ ✗ 趋势偏弱

────────────────────────────────────────────────────────────
  扫描: 27  成功: 27  异常: 0
  ★买入: 0  ▲支撑: 2  ◇多头: 5  ◆试探: 1

============================================================
  🌅 早盘概览
============================================================
  ↑涨 7 只  ↓跌 18 只  平 2 只
  领涨: 稀有金属ETF +2.09%  量能 3.93x
  领跌: 有色金属ETF -3.15%  量能 1.88x
  量能异常(>2x): 稀有金属ETF(3.93)  通信ETF(2.1)  人工智能ETF(2.06)


============================================================
  📊 持仓监控 (3 只)
============================================================
  🔵 持有 中证500ETF(004348 南方中证500C)
     ◇ 多头排列 → ▲ 接近支撑  距MA50 +1.6%  → 持有观望
  🔴 止损 环保ETF(002984 广发中证环保ETF联接C)
     ▲ 接近支撑 → ✗ 趋势偏弱  距MA50 -1.2%  → 趋势走坏，建议止损
  🔴 止损 新能源ETF(012832 南方中证新能源ETF联接C)
     ▲ 接近支撑 → ✗ 趋势偏弱  距MA50 -4.2%  → 趋势走坏，建议止损
  📨 已推送飞书
