--- 2026-06-24 15:34:11 ---
🔭 Argus 正在扫描...

  [1/28] 沪深300ETF (在线)
  [2/28] 中证500ETF (在线)
  [3/28] 中证1000ETF (在线)
  [4/28] 创业板ETF (在线)
  [5/28] 科创50ETF (在线)
  [6/28] 半导体ETF (在线)
  [7/28] 芯片ETF (在线)
  [8/28] 通信ETF (在线)
  [9/28] 稀有金属ETF (在线)
  [10/28] 人工智能ETF (在线)
  [11/28] 医药ETF (在线)
  [12/28] 酒ETF (在线)
  [13/28] 汽车ETF (在线)
  [14/28] 银行ETF (在线)
  [15/28] 证券ETF (在线)
  [16/28] 房地产ETF (在线)
  [17/28] 有色金属ETF (在线)
  [18/28] 黄金股ETF (在线)
  [19/28] 新能源ETF (在线)
  [20/28] 光伏ETF (在线)
  [21/28] 传媒ETF (在线)
  [22/28] 军工ETF (在线)
  [23/28] 游戏ETF (在线)
  [24/28] 环保ETF (在线)
  [25/28] 恒生科技ETF (在线)
  [26/28] 红利ETF (在线)
  [27/28] 红利低波ETF (在线)
  [28/28] 机器人ETF (在线)
  完成! (在线: 28, 缓存: 0)

============================================================
  ★ 买入信号  (1只)
============================================================
  代码    名称  现价   MA5  MA20  MA50  MA100 距MA50  量比 回踩MA50 MA5拐头       状态 风险等级                     信号评估                场外基金
512880 证券ETF 1.111 1.101 1.049 1.061  1.095  +4.7%  1.21       是       ↑ ★ 买入信号     低位 中|长期均线未理顺,距高点-18% 007993 华夏证券ETF联接C

============================================================
  ▲ 接近支撑  (1只)
============================================================
  代码      名称  现价   MA5  MA20  MA50  MA100 距MA50  量比 回踩MA50 MA5拐头       状态 试探 风险等级
562500 机器人ETF 1.137 1.149 1.141 1.101  1.062  +3.3%  0.68       否       ↑ ▲ 接近支撑           NaN

============================================================
  ◇ 多头排列  (7只)
============================================================
  代码        名称  现价   MA5  MA20  MA50  MA100 距MA50  量比 回踩MA50 MA5拐头       状态 风险等级
510500  中证500ETF 8.985 8.880 8.509 8.511  8.370  +5.6%  0.79       否       ↑ ◇ 多头排列      NaN
512100 中证1000ETF 3.551 3.541 3.414 3.413  3.328  +4.0%  1.02       否       ↑ ◇ 多头排列      NaN
588000   科创50ETF 2.096 2.026 1.859 1.753  1.618 +19.6%  1.21       否       ↑ ◇ 多头排列      NaN
512480   半导体ETF 2.652 2.517 2.239 2.022  1.803 +31.2%  1.05       否       ↑ ◇ 多头排列      NaN
159995     芯片ETF 3.012 2.858 2.557 2.310  2.078 +30.4%  1.14       否       ↑ ◇ 多头排列      NaN
515880     通信ETF 1.827 1.812 1.680 1.512  1.484 +20.8%  0.88       否       ↑ ◇ 多头排列      NaN
515070 人工智能ETF 2.656 2.630 2.511 2.401  2.190 +10.6%  1.04       否       ↑ ◇ 多头排列      NaN

============================================================
  - 趋势完好  (3只)
============================================================
  代码        名称  现价   MA5  MA20  MA50  MA100 距MA50  量比 回踩MA50 MA5拐头       状态 风险等级
510300  沪深300ETF 4.967 4.988 4.901 4.859  4.750  +2.2%  2.57       否       ↑ - 趋势完好      NaN
159915   创业板ETF 4.258 4.260 4.065 3.894  3.585  +9.4%  1.15       否       ↑ - 趋势完好      NaN
562800 稀有金属ETF 1.154 1.173 1.089 1.106  1.083  +4.3%  2.35       否       ↑ - 趋势完好      NaN

============================================================
  ✗ 趋势偏弱  (16只)
============================================================
  代码        名称  现价   MA5  MA20  MA50  MA100 距MA50  量比 回踩MA50 MA5拐头       状态 风险等级
512010     医药ETF 0.341 0.331 0.331 0.350  0.362  -2.6%  1.70       是       ↑ ✗ 趋势偏弱      NaN
510880     红利ETF 3.048 3.107 3.227 3.239  3.229  -5.9%  1.47       是       ↓ ✗ 趋势偏弱      NaN
513180 恒生科技ETF 0.570 0.576 0.605 0.622  0.647  -8.3%  1.27       是       ↓ ✗ 趋势偏弱      NaN
512580     环保ETF 1.335 1.350 1.363 1.397  1.375  -4.5%  0.75       是       ↓ ✗ 趋势偏弱      NaN
159869     游戏ETF 1.063 1.059 1.098 1.215  1.331 -12.5%  1.22       是       ↓ ✗ 趋势偏弱      NaN
512660     军工ETF 1.262 1.278 1.269 1.347  1.388  -6.3%  0.74       是       ↓ ✗ 趋势偏弱      NaN
512980     传媒ETF 0.821 0.830 0.862 0.945  1.023 -13.1%  0.56       是       ↓ ✗ 趋势偏弱      NaN
516160   新能源ETF 2.996 3.023 3.006 3.136  3.100  -4.5%  1.03       是       ↓ ✗ 趋势偏弱      NaN
517520   黄金股ETF 1.711 1.804 1.834 2.042  2.272 -16.2%  0.94       是       ↓ ✗ 趋势偏弱      NaN
512400 有色金属ETF 1.980 2.041 1.978 2.059  2.123  -3.8%  1.18       是       ↓ ✗ 趋势偏弱      NaN
512200   房地产ETF 1.212 1.237 1.284 1.362  1.418 -11.0%  1.10       是       ↓ ✗ 趋势偏弱      NaN
512890 红利低波ETF 1.099 1.117 1.152 1.168  1.174  -5.9%  1.02       是       ↓ ✗ 趋势偏弱      NaN
516110     汽车ETF 1.111 1.142 1.198 1.271  1.310 -12.6%  0.84       是       ↓ ✗ 趋势偏弱      NaN
512690       酒ETF 0.390 0.403 0.427 0.455  0.487 -14.3%  1.01       是       ↓ ✗ 趋势偏弱      NaN
515790     光伏ETF 0.998 1.017 1.037 1.068  1.086  -6.6%  0.67       是       ↓ ✗ 趋势偏弱      NaN
512800     银行ETF 0.761 0.772 0.784 0.787  0.786  -3.2%  1.00       是       ↓ ✗ 趋势偏弱      NaN

────────────────────────────────────────────────────────────
  扫描: 28  成功: 28  异常: 0
  ★买入: 1  ◆持有: 0  ▲支撑: 1  ◇多头: 7


============================================================
  💰 定投模块
============================================================
  红利低波 512890(A类007466) 宽基/红利
  窗口② 6/16-6/28  剩4天到兜底 | 本窗口:✅已投
  现价1.099 | 分位0% | 距MA20 -4.6% | 趋势:空头排列
  → ✅ 本窗口已定投(2026-06-17)，下次窗口见
  📕 小红书日志已保存: scan_20260624_xhs.txt

============================================================
  🔍 尾盘对比 (14:45 vs 15:00)
============================================================
  尾盘无显著变化，行情平稳收尾

  📨 已推送飞书
