--- 2026-06-02 10:28:06 ---
🌅 Argus 早盘分析(实时数据)...

  [1/27] 沪深300ETF (在线)
  [2/27] 中证500ETF (在线)
  [3/27] 中证1000ETF (在线)
  [4/27] 创业板ETF (在线)
  [5/27] 科创50ETF (在线)
  [6/27] 半导体ETF (在线)
  [7/27] 芯片ETF (在线)
  [8/27] 通信ETF (在线)
  [9/27] 稀有金属ETF (在线)
  [10/27] 人工智能ETF (在线)
  [11/27] 医药ETF (在线)
  [12/27] 酒ETF (在线)
  [13/27] 汽车ETF (在线)
  [14/27] 银行ETF (在线)
  [15/27] 证券ETF (在线)
  [16/27] 房地产ETF (在线)
  [17/27] 有色金属ETF (在线)
  [18/27] 黄金股ETF (在线)
  [19/27] 新能源ETF (在线)
  [20/27] 光伏ETF (在线)
  [21/27] 传媒ETF (在线)
  [22/27] 军工ETF (在线)
  [23/27] 游戏ETF (在线)
  [24/27] 环保ETF (在线)
  [25/27] 恒生科技ETF (在线)
  [26/27] 红利ETF (在线)
  [27/27] 机器人ETF (在线)
  完成! (在线: 27, 缓存: 0)

============================================================
  ▲ 接近支撑  (3只)
============================================================
  代码        名称  现价  昨收 开盘涨跌 早盘涨跌  早盘量能 距MA50  量比 MA5拐头       状态         试探
510300  沪深300ETF 4.892 4.868   -0.02%   +0.49%      0.72  +3.1%  0.17       ↓ ▲ 接近支撑             
510500  中证500ETF 8.348 8.370   -0.02%   -0.26%      1.52  +0.8%  0.37       ↓ ▲ 接近支撑             
512100 中证1000ETF 3.349 3.359   -0.03%   -0.30%      2.93  +1.1%  0.71       ↓ ▲ 接近支撑 ◆ 安全垫0.4%

============================================================
  ◇ 多头排列  (1只)
============================================================
  代码    名称  现价  昨收 开盘涨跌 早盘涨跌  早盘量能 距MA50  量比 MA5拐头       状态                  突破
510880 红利ETF 3.321 3.307   +0.00%   +0.42%      5.11  +2.2%  1.28       ↑ ◇ 多头排列 ⬆ 突破(4/5日在MA50下)

============================================================
  - 趋势完好  (6只)
============================================================
  代码        名称  现价  昨收 开盘涨跌 早盘涨跌  早盘量能 距MA50  量比 MA5拐头       状态
515070 人工智能ETF 2.458 2.426   +0.37%   +1.32%      3.19 +11.1%  0.78       ↓ - 趋势完好
159995     芯片ETF 2.374 2.357   +0.04%   +0.72%      2.40 +16.2%  0.58       ↓ - 趋势完好
562500   机器人ETF 1.102 1.118   -0.72%   -1.43%      2.70  +5.9%  0.68       ↓ - 趋势完好
588000   科创50ETF 1.762 1.754   +0.11%   +0.46%      1.86  +9.9%  0.45       ↓ - 趋势完好
159915   创业板ETF 4.013 3.964   +0.43%   +1.24%      2.12 +10.0%  0.51       ↓ - 趋势完好
512480   半导体ETF 2.064 2.046   +0.05%   +0.88%      1.84 +15.8%  0.45       ↓ - 趋势完好

============================================================
  ✗ 趋势偏弱  (17只)
============================================================
  代码        名称  现价  昨收 开盘涨跌 早盘涨跌  早盘量能 距MA50  量比 MA5拐头       状态
515880     通信ETF 1.590 1.532   +0.20%   +3.79%      2.70 +19.9%  0.65       ↓ ✗ 趋势偏弱
513180 恒生科技ETF 0.646 0.628   +0.16%   +2.87%      2.32  +2.9%  0.58       ↑ ✗ 趋势偏弱
512580     环保ETF 1.394 1.412   +0.00%   -1.27%      1.64  -0.3%  0.41       ↓ ✗ 趋势偏弱
159869     游戏ETF 1.134 1.164   +0.17%   -2.58%      2.51 -11.3%  0.63       ↓ ✗ 趋势偏弱
512660     军工ETF 1.256 1.269   +0.08%   -1.02%      2.72  -7.6%  0.68       ↓ ✗ 趋势偏弱
512980     传媒ETF 0.903 0.933   +0.11%   -3.22%      2.76  -8.5%  0.69       ↓ ✗ 趋势偏弱
515790     光伏ETF 1.044 1.066   -0.19%   -2.06%      1.45  -3.5%  0.36       ↓ ✗ 趋势偏弱
516160   新能源ETF 3.036 3.085   -0.16%   -1.59%      1.40  -3.7%  0.35       ↓ ✗ 趋势偏弱
512400 有色金属ETF 1.965 1.949   +0.31%   +0.82%      1.34  -4.5%  0.33       ↓ ✗ 趋势偏弱
512200   房地产ETF 1.341 1.357   -0.15%   -1.18%      1.22  -3.5%  0.30       ↓ ✗ 趋势偏弱
512880     证券ETF 1.031 1.035   -0.19%   -0.39%      1.40  -2.6%  0.35       ↓ ✗ 趋势偏弱
516110     汽车ETF 1.240 1.230   +0.16%   +0.81%      0.98  -5.0%  0.24       ↓ ✗ 趋势偏弱
512690       酒ETF 0.452 0.456   -0.44%   -0.88%      2.05  -5.3%  0.51       ↑ ✗ 趋势偏弱
512010     医药ETF 0.335 0.340   -0.29%   -1.47%      2.78  -7.3%  0.68       ↓ ✗ 趋势偏弱
562800 稀有金属ETF 1.026 1.034   +0.00%   -0.77%      1.27  -4.5%  0.31       ↓ ✗ 趋势偏弱
517520   黄金股ETF 1.892 1.899   -0.58%   -0.37%      0.84 -12.7%  0.21       ↓ ✗ 趋势偏弱
512800     银行ETF 0.789 0.785   -0.13%   +0.51%      2.67  +0.0%  0.66       ↑ ✗ 趋势偏弱

────────────────────────────────────────────────────────────
  扫描: 27  成功: 27  异常: 0
  ★买入: 0  ▲支撑: 3  ◇多头: 1  ◆试探: 1  ⬆突破: 1

============================================================
  🌅 早盘概览
============================================================
  ↑涨 12 只  ↓跌 15 只  平 0 只
  领涨: 通信ETF +3.79%  量能 2.7x
  领跌: 传媒ETF -3.22%  量能 2.76x
  量能异常(>2x): 红利ETF(5.11)  人工智能ETF(3.19)  中证1000ETF(2.93)  医药ETF(2.78)  传媒ETF(2.76)  军工ETF(2.72)  机器人ETF(2.7)  通信ETF(2.7)  银行ETF(2.67)  游戏ETF(2.51)  芯片ETF(2.4)  恒生科技ETF(2.32)  创业板ETF(2.12)  酒ETF(2.05)


============================================================
  📊 持仓监控 (3 只)
============================================================
  🔵 持有 中证500ETF(004348 南方中证500C)
     ◇ 多头排列 → ▲ 接近支撑  距MA50 +0.8%  → 持有观望
  🔴 止损 环保ETF(002984 广发中证环保ETF联接C)
     ▲ 接近支撑 → ✗ 趋势偏弱  距MA50 -0.3%  → 趋势走坏，建议止损
  🔴 止损 新能源ETF(012832 南方中证新能源ETF联接C)
     ▲ 接近支撑 → ✗ 趋势偏弱  距MA50 -3.7%  → 趋势走坏，建议止损
  📨 已推送飞书
