--- 2026-06-15 10:28:11 ---
🌅 Argus 早盘分析(实时数据)...

  [1/27] 沪深300ETF (在线)
  [2/27] 中证500ETF (在线)
  [3/27] 中证1000ETF (在线)
  [4/27] 创业板ETF (在线)
  [5/27] 科创50ETF (在线)
  [6/27] 半导体ETF (在线)
  [7/27] 芯片ETF (在线)
  [8/27] 通信ETF (在线)
  [9/27] 稀有金属ETF (在线)
  [10/27] 人工智能ETF (在线)
  [11/27] 医药ETF (在线)
  [12/27] 酒ETF (在线)
  [13/27] 汽车ETF (在线)
  [14/27] 银行ETF (在线)
  [15/27] 证券ETF (在线)
  [16/27] 房地产ETF (在线)
  [17/27] 有色金属ETF (在线)
  [18/27] 黄金股ETF (在线)
  [19/27] 新能源ETF (在线)
  [20/27] 光伏ETF (在线)
  [21/27] 传媒ETF (在线)
  [22/27] 军工ETF (在线)
  [23/27] 游戏ETF (在线)
  [24/27] 环保ETF (在线)
  [25/27] 恒生科技ETF (在线)
  [26/27] 红利ETF (在线)
  [27/27] 机器人ETF (在线)
  完成! (在线: 27, 缓存: 0)

============================================================
  ★ 买入信号  (1只)
============================================================
  代码        名称  现价  昨收 开盘涨跌 早盘涨跌  早盘量能 距MA50  量比 MA5拐头       状态                  突破    信号评估                    场外基金
562800 稀有金属ETF 1.114 1.097   +2.19%   +1.55%      4.91  +2.3%  1.21       ↑ ★ 买入信号 ⬆ 突破(4/5日在MA50下) 中|均线紊乱 014111 嘉实稀有金属ETF联接C

============================================================
  ▲ 接近支撑  (1只)
============================================================
  代码      名称  现价  昨收 开盘涨跌 早盘涨跌  早盘量能 距MA50  量比 MA5拐头       状态         试探
562500 机器人ETF 1.107 1.087   +0.37%   +1.84%      0.97  +2.6%  0.25       ↓ ▲ 接近支撑 ◆ 安全垫1.9%

============================================================
  ◇ 多头排列  (5只)
============================================================
  代码        名称  现价  昨收 开盘涨跌 早盘涨跌  早盘量能 距MA50  量比 MA5拐头       状态                  突破
512480   半导体ETF 2.194 2.106   +1.42%   +4.18%      1.75 +15.5%  0.42       ↑ ◇ 多头排列                      
510300  沪深300ETF 4.884 4.818   +0.83%   +1.37%      3.72  +1.7%  0.90       ↓ ◇ 多头排列                      
512800     银行ETF 0.808 0.814   -0.25%   -0.74%      2.39  +2.4%  0.59       ↑ ◇ 多头排列                      
512100 中证1000ETF 3.406 3.309   +1.06%   +2.93%      2.25  +1.4%  0.54       ↓ ◇ 多头排列 ⬆ 突破(4/5日在MA50下)
510500  中证500ETF 8.467 8.242   +0.97%   +2.73%      4.57  +1.0%  1.10       ↓ ◇ 多头排列 ⬆ 突破(5/5日在MA50下)

============================================================
  - 趋势完好  (6只)
============================================================
  代码        名称  现价  昨收 开盘涨跌 早盘涨跌  早盘量能 距MA50  量比 MA5拐头       状态
159915   创业板ETF 3.967 3.846   +1.72%   +3.15%      2.10  +5.2%  0.51       ↓ - 趋势完好
510880     红利ETF 3.260 3.303   -0.36%   -1.30%      1.93  +0.2%  0.49       ↓ - 趋势完好
588000   科创50ETF 1.824 1.756   +1.48%   +3.87%      1.65  +8.8%  0.40       ↓ - 趋势完好
515880     通信ETF 1.638 1.584   +1.14%   +3.41%      2.45 +14.4%  0.60       ↓ - 趋势完好
159995     芯片ETF 2.478 2.383   +1.30%   +3.99%      1.86 +14.0%  0.45       ↓ - 趋势完好
515070 人工智能ETF 2.433 2.349   +0.81%   +3.58%      1.86  +5.1%  0.46       ↓ - 趋势完好

============================================================
  ✗ 趋势偏弱  (14只)
============================================================
  代码        名称  现价  昨收 开盘涨跌 早盘涨跌  早盘量能 距MA50  量比 MA5拐头       状态
512010     医药ETF 0.329 0.332   +0.00%   -0.90%      1.43  -7.4%  0.35       ↑ ✗ 趋势偏弱
513180 恒生科技ETF 0.603 0.595   +1.51%   +1.34%      1.15  -3.6%  0.29       ↓ ✗ 趋势偏弱
512580     环保ETF 1.331 1.328   +1.13%   +0.23%      1.81  -4.3%  0.46       ↓ ✗ 趋势偏弱
159869     游戏ETF 1.072 1.063   +0.56%   +0.85%      1.53 -13.9%  0.39       ↓ ✗ 趋势偏弱
512660     军工ETF 1.255 1.246   +0.00%   +0.72%      1.35  -7.0%  0.34       ↓ ✗ 趋势偏弱
512980     传媒ETF 0.837 0.830   +0.48%   +0.84%      1.53 -13.2%  0.38       ↓ ✗ 趋势偏弱
516160   新能源ETF 2.934 2.908   +0.65%   +0.89%      1.27  -6.1%  0.32       ↓ ✗ 趋势偏弱
517520   黄金股ETF 1.894 1.807   +4.81%   +4.81%      3.32  -9.8%  0.83       ↓ ✗ 趋势偏弱
512400 有色金属ETF 2.031 1.976   +3.19%   +2.78%      4.95  -1.3%  1.24       ↑ ✗ 趋势偏弱
512880     证券ETF 1.073 1.045   +0.48%   +2.68%      5.10  +1.9%  1.28       ↑ ✗ 趋势偏弱
516110     汽车ETF 1.189 1.175   +0.51%   +1.19%      1.09  -7.7%  0.27       ↓ ✗ 趋势偏弱
512690       酒ETF 0.424 0.428   +0.00%   -0.93%      1.38  -9.0%  0.34       ↓ ✗ 趋势偏弱
515790     光伏ETF 1.006 0.996   +0.40%   +1.00%      1.13  -5.7%  0.28       ↓ ✗ 趋势偏弱
512200   房地产ETF 1.279 1.277   +0.70%   +0.16%      0.81  -6.8%  0.20       ↓ ✗ 趋势偏弱

────────────────────────────────────────────────────────────
  扫描: 27  成功: 27  异常: 0
  ★买入: 1  ▲支撑: 1  ◇多头: 5  ◆试探: 1  ⬆突破: 3

============================================================
  🌅 早盘概览
============================================================
  ↑涨 23 只  ↓跌 4 只  平 0 只
  领涨: 黄金股ETF +4.81%  量能 3.32x
  领跌: 红利ETF -1.30%  量能 1.93x
  量能异常(>2x): 证券ETF(5.1)  有色金属ETF(4.95)  稀有金属ETF(4.91)  中证500ETF(4.57)  沪深300ETF(3.72)  黄金股ETF(3.32)  通信ETF(2.45)  银行ETF(2.39)  中证1000ETF(2.25)  创业板ETF(2.1)

  📨 已推送飞书
