--- 2026-05-19 10:51:39 ---
🌅 Argus 早盘分析(实时数据)...

  [1/27] 沪深300ETF (在线)
  [2/27] 中证500ETF (在线)
  [3/27] 中证1000ETF (在线)
  [4/27] 创业板ETF (在线)
  [5/27] 科创50ETF (在线)
  [6/27] 半导体ETF (在线)
  [7/27] 芯片ETF (在线)
  [8/27] 通信ETF (在线)
  [9/27] 稀有金属ETF (在线)
  [10/27] 人工智能ETF (在线)
  [11/27] 医药ETF (在线)
  [12/27] 酒ETF (在线)
  [13/27] 汽车ETF (在线)
  [14/27] 银行ETF (在线)
  [15/27] 证券ETF (在线)
  [16/27] 房地产ETF (在线)
  [17/27] 有色金属ETF (在线)
  [18/27] 黄金股ETF (在线)
  [19/27] 新能源ETF (在线)
  [20/27] 光伏ETF (在线)
  [21/27] 传媒ETF (在线)
  [22/27] 军工ETF (在线)
  [23/27] 游戏ETF (在线)
  [24/27] 环保ETF (在线)
  [25/27] 恒生科技ETF (在线)
  [26/27] 红利ETF (在线)
  [27/27] 机器人ETF (在线)
  完成! (在线: 27, 缓存: 0)

============================================================
  ▲ 接近支撑  (3只)
============================================================
  代码       名称  现价  昨收 开盘涨跌 早盘涨跌  早盘量能 距MA50  量比 MA5拐头       状态
510300 沪深300ETF 4.812 4.852   -0.19%   -0.82%      0.78  +2.5%  0.26       ↓ ▲ 接近支撑
512580    环保ETF 1.423 1.426   -0.49%   -0.21%      1.26  +2.2%  0.44       ↓ ▲ 接近支撑
516160  新能源ETF 3.155 3.196   -0.59%   -1.28%      0.96  +0.1%  0.33       ↓ ▲ 接近支撑

============================================================
  ◇ 多头排列  (2只)
============================================================
  代码      名称  现价  昨收 开盘涨跌 早盘涨跌  早盘量能 距MA50  量比 MA5拐头       状态
159995   芯片ETF 2.343 2.344   -1.58%   -0.04%      1.39 +23.5%  0.48       ↑ ◇ 多头排列
562500 机器人ETF 1.185 1.183   +0.17%   +0.17%      2.11 +17.1%  0.74       ↑ ◇ 多头排列

============================================================
  - 趋势完好  (7只)
============================================================
  代码        名称  现价  昨收 开盘涨跌 早盘涨跌  早盘量能 距MA50  量比 MA5拐头       状态
512480   半导体ETF 2.055 2.058   -1.31%   -0.15%      2.28 +24.3%  0.78       ↑ - 趋势完好
159915   创业板ETF 3.853 3.923   -0.56%   -1.78%      1.65 +10.0%  0.56       ↓ - 趋势完好
510500  中证500ETF 8.560 8.631   -0.21%   -0.82%      1.21  +4.0%  0.41       ↓ - 趋势完好
515070 人工智能ETF 2.442 2.486   -0.56%   -1.77%      1.23 +16.4%  0.42       ↓ - 趋势完好
515790     光伏ETF 1.101 1.101   +0.09%   +0.00%      1.42  +0.9%  0.50       ↓ - 趋势完好
512100 中证1000ETF 3.482 3.503   -0.09%   -0.60%      0.86  +6.2%  0.29       ↓ - 趋势完好
588000   科创50ETF 1.802 1.803   -0.89%   -0.06%      1.78 +18.7%  0.61       ↓ - 趋势完好

============================================================
  ✗ 趋势偏弱  (15只)
============================================================
  代码        名称  现价  昨收 开盘涨跌 早盘涨跌  早盘量能 距MA50  量比 MA5拐头       状态
513180 恒生科技ETF 0.616 0.617   -0.16%   -0.16%      1.58  -2.7%  0.55       ↓ ✗ 趋势偏弱
159869     游戏ETF 1.263 1.250   +0.40%   +1.04%      1.71  -4.5%  0.60       ↓ ✗ 趋势偏弱
512660     军工ETF 1.354 1.375   +0.07%   -1.53%      1.22  -2.2%  0.43       ↓ ✗ 趋势偏弱
512980     传媒ETF 0.993 0.976   +0.31%   +1.74%      2.40  -2.2%  0.84       ↓ ✗ 趋势偏弱
517520   黄金股ETF 1.969 2.009   +0.10%   -1.99%      1.86 -13.6%  0.64       ↓ ✗ 趋势偏弱
512200   房地产ETF 1.404 1.415   -0.07%   -0.78%      2.11  -0.5%  0.73       ↓ ✗ 趋势偏弱
512880     证券ETF 1.040 1.047   +0.00%   -0.67%      1.00  -3.1%  0.35       ↓ ✗ 趋势偏弱
510880     红利ETF 3.215 3.217   +0.00%   -0.06%      1.14  -1.7%  0.40       ↓ ✗ 趋势偏弱
516110     汽车ETF 1.284 1.290   -0.23%   -0.47%      1.49  -2.7%  0.52       ↓ ✗ 趋势偏弱
512690       酒ETF 0.454 0.451   +0.22%   +0.67%      1.41  -7.2%  0.49       ↓ ✗ 趋势偏弱
512010     医药ETF 0.349 0.349   +0.00%   +0.00%      1.45  -4.9%  0.49       ↓ ✗ 趋势偏弱
562800 稀有金属ETF 1.056 1.098   -0.64%   -3.83%      1.69  -1.9%  0.58       ↓ ✗ 趋势偏弱
515880     通信ETF 1.461 1.517   -0.99%   -3.69%      1.92 +18.6%  0.65       ↓ ✗ 趋势偏弱
512400 有色金属ETF 1.956 2.009   -0.15%   -2.64%      1.22  -6.9%  0.42       ↓ ✗ 趋势偏弱
512800     银行ETF 0.777 0.771   +0.00%   +0.78%      1.59  -1.9%  0.55       ↓ ✗ 趋势偏弱

────────────────────────────────────────────────────────────
  扫描: 27  成功: 27  异常: 0
  ★买入: 0  ▲支撑: 3  ◇多头: 2

============================================================
  🌅 早盘概览
============================================================
  ↑涨 5 只  ↓跌 20 只  平 2 只
  领涨: 传媒ETF +1.74%  量能 2.4x
  领跌: 稀有金属ETF -3.83%  量能 1.69x
  量能异常(>2x): 传媒ETF(2.4)  半导体ETF(2.28)  机器人ETF(2.11)  房地产ETF(2.11)


============================================================
  📊 持仓监控 (1 只)
============================================================
  🟡 关注 中证500ETF(004348 南方中证500C)
     ★ 买入信号 → - 趋势完好  距MA50 +4.0%  → 趋势转弱，密切关注
  📨 已推送飞书
