--- 2026-05-29 14:43:30 ---
🔭 Argus 正在扫描...

  [1/27] 沪深300ETF (在线)
  [2/27] 中证500ETF (在线)
  [3/27] 中证1000ETF (在线)
  [4/27] 创业板ETF (在线)
  [5/27] 科创50ETF (在线)
  [6/27] 半导体ETF (在线)
  [7/27] 芯片ETF (在线)
  [8/27] 通信ETF (在线)
  [9/27] 稀有金属ETF (在线)
  [10/27] 人工智能ETF (在线)
  [11/27] 医药ETF (在线)
  [12/27] 酒ETF (在线)
  [13/27] 汽车ETF (在线)
  [14/27] 银行ETF (在线)
  [15/27] 证券ETF (在线)
  [16/27] 房地产ETF (在线)
  [17/27] 有色金属ETF (在线)
  [18/27] 黄金股ETF (在线)
  [19/27] 新能源ETF (在线)
  [20/27] 光伏ETF (在线)
  [21/27] 传媒ETF (在线)
  [22/27] 军工ETF (在线)
  [23/27] 游戏ETF (在线)
  [24/27] 环保ETF (在线)
  [25/27] 恒生科技ETF (在线)
  [26/27] 红利ETF (在线)
  [27/27] 机器人ETF (在线)
  完成! (在线: 27, 缓存: 0)

============================================================
  ▲ 接近支撑  (3只)
============================================================
  代码        名称  现价   MA5  MA20  MA50  MA100 距MA50  量比 回踩MA50 MA5拐头       状态                试探
510500  中证500ETF 8.413 8.643 8.684 8.274  8.287  +1.7%  0.39       否       ↓ ▲ 接近支撑                    
512100 中证1000ETF 3.372 3.464 3.484 3.308  3.296  +1.9%  1.15       否       ↓ ▲ 接近支撑 ◇ 待验证 安全垫0.4%
512580     环保ETF 1.413 1.429 1.441 1.398  1.368  +1.1%  1.07       是       ↓ ▲ 接近支撑        ◆ 安全垫2.2%

============================================================
  - 趋势完好  (7只)
============================================================
  代码        名称  现价   MA5  MA20  MA50  MA100 距MA50  量比 回踩MA50 MA5拐头       状态
510300  沪深300ETF 4.919 4.938 4.902 4.734  4.739  +3.9%  0.49       否       ↑ - 趋势完好
515070 人工智能ETF 2.481 2.560 2.472 2.192  2.110 +13.2%  1.10       否       ↓ - 趋势完好
159995     芯片ETF 2.477 2.636 2.391 2.021  1.960 +22.6%  0.85       否       ↓ - 趋势完好
562500   机器人ETF 1.165 1.191 1.139 1.036  1.046 +12.5%  0.93       否       ↓ - 趋势完好
588000   科创50ETF 1.826 1.929 1.828 1.590  1.560 +14.8%  1.16       否       ↓ - 趋势完好
159915   创业板ETF 4.039 4.064 3.929 3.620  3.453 +11.6%  1.09       否       ↑ - 趋势完好
512480   半导体ETF 2.146 2.275 2.082 1.762  1.691 +21.8%  0.99       否       ↓ - 趋势完好

============================================================
  ✗ 趋势偏弱  (17只)
============================================================
  代码        名称  现价   MA5  MA20  MA50  MA100 距MA50  量比 回踩MA50 MA5拐头       状态
515880     通信ETF 1.581 1.570 1.488 1.305  1.730 +21.1%  1.25       否       ↑ ✗ 趋势偏弱
513180 恒生科技ETF 0.618 0.621 0.630 0.628  0.673  -1.7%  1.00       是       ↓ ✗ 趋势偏弱
159869     游戏ETF 1.136 1.164 1.258 1.288  1.411 -11.8%  0.73       是       ↓ ✗ 趋势偏弱
512660     军工ETF 1.276 1.333 1.393 1.364  1.423  -6.5%  1.05       是       ↓ ✗ 趋势偏弱
512980     传媒ETF 0.903 0.913 0.974 0.992  1.068  -9.0%  0.96       是       ↓ ✗ 趋势偏弱
515790     光伏ETF 1.071 1.111 1.107 1.084  1.084  -1.2%  1.08       是       ↓ ✗ 趋势偏弱
516160   新能源ETF 3.102 3.167 3.241 3.155  3.098  -1.7%  1.03       是       ↓ ✗ 趋势偏弱
512400 有色金属ETF 1.956 2.016 2.083 2.062  2.136  -5.2%  0.78       是       ↓ ✗ 趋势偏弱
512200   房地产ETF 1.347 1.354 1.422 1.395  1.460  -3.4%  1.11       是       ↓ ✗ 趋势偏弱
512880     证券ETF 1.032 1.039 1.064 1.062  1.125  -2.8%  1.25       是       ↓ ✗ 趋势偏弱
510880     红利ETF 3.205 3.183 3.234 3.248  3.223  -1.3%  1.26       是       ↓ ✗ 趋势偏弱
516110     汽车ETF 1.234 1.275 1.302 1.310  1.353  -5.8%  0.62       是       ↓ ✗ 趋势偏弱
512690       酒ETF 0.458 0.449 0.462 0.480  0.507  -4.6%  2.06       是       ↓ ✗ 趋势偏弱
512010     医药ETF 0.344 0.340 0.356 0.363  0.373  -5.1%  1.34       是       ↓ ✗ 趋势偏弱
562800 稀有金属ETF 1.050 1.081 1.125 1.074  1.067  -2.2%  0.85       是       ↓ ✗ 趋势偏弱
517520   黄金股ETF 1.881 1.952 2.083 2.186  2.335 -13.9%  0.63       是       ↓ ✗ 趋势偏弱
512800     银行ETF 0.777 0.769 0.778 0.789  0.790  -1.6%  1.14       是       ↓ ✗ 趋势偏弱

────────────────────────────────────────────────────────────
  扫描: 27  成功: 27  异常: 0
  ★买入: 0  ▲支撑: 3  ◇多头: 0  ◆试探: 2


============================================================
  📊 持仓监控 (3 只)
============================================================
  🔵 持有 中证500ETF(004348 南方中证500C)
     ◇ 多头排列 → ▲ 接近支撑  距MA50 +1.7%  → 持有观望
  🔵 持有 环保ETF(002984 广发中证环保ETF联接C)
     ▲ 接近支撑 → ▲ 接近支撑  距MA50 +1.1%  → 持有观望
  🔴 止损 新能源ETF(012832 南方中证新能源ETF联接C)
     ▲ 接近支撑 → ✗ 趋势偏弱  距MA50 -1.7%  → 趋势走坏，建议止损
  📨 已推送飞书
