--- 2026-05-21 14:48:01 ---
🔭 Argus 正在扫描...

  [1/27] 沪深300ETF (缓存)
  [2/27] 中证500ETF (缓存)
  [3/27] 中证1000ETF (缓存)
  [4/27] 创业板ETF (缓存)
  [5/27] 科创50ETF (缓存)
  [6/27] 半导体ETF (缓存)
  [7/27] 芯片ETF (缓存)
  [8/27] 通信ETF (缓存)
  [9/27] 稀有金属ETF (缓存)
  [10/27] 人工智能ETF (缓存)
  [11/27] 医药ETF (缓存)
  [12/27] 酒ETF (缓存)
  [13/27] 汽车ETF (缓存)
  [14/27] 银行ETF (缓存)
  [15/27] 证券ETF (缓存)
  [16/27] 房地产ETF (缓存)
  [17/27] 有色金属ETF (缓存)
  [18/27] 黄金股ETF (缓存)
  [19/27] 新能源ETF (缓存)
  [20/27] 光伏ETF (缓存)
  [21/27] 传媒ETF (缓存)
  [22/27] 军工ETF (缓存)
  [23/27] 游戏ETF (缓存)
  [24/27] 环保ETF (缓存)
  [25/27] 恒生科技ETF (缓存)
  [26/27] 红利ETF (缓存)
  [27/27] 机器人ETF (缓存)
  完成! (在线: 0, 缓存: 27)

============================================================
  ▲ 接近支撑  (5只)
============================================================
  代码        名称  现价 距MA50  量比 MA5拐头       状态
510300  沪深300ETF 4.823  +2.5%  0.98       ↓ ▲ 接近支撑
510500  中证500ETF 8.541  +3.6%  0.67       ↓ ▲ 接近支撑
512100 中证1000ETF 3.442  +4.6%  0.89       ↓ ▲ 接近支撑
512580     环保ETF 1.420  +1.7%  0.65       ↓ ▲ 接近支撑
516160   新能源ETF 3.160  +0.1%  0.90       ↓ ▲ 接近支撑

============================================================
  ◇ 多头排列  (4只)
============================================================
  代码      名称  现价 距MA50  量比 MA5拐头       状态
159995   芯片ETF 2.482 +28.9%  1.17       ↑ ◇ 多头排列
562500 机器人ETF 1.192 +17.0%  1.40       ↑ ◇ 多头排列
588000 科创50ETF 1.873 +21.9%  1.24       ↑ ◇ 多头排列
512480 半导体ETF 2.142 +27.6%  1.09       ↑ ◇ 多头排列

============================================================
  - 趋势完好  (3只)
============================================================
  代码        名称  现价 距MA50  量比 MA5拐头       状态
515070 人工智能ETF 2.459 +15.9%  0.96       ↓ - 趋势完好
159915   创业板ETF 3.865  +9.5%  1.24       ↓ - 趋势完好
515790     光伏ETF 1.096  +0.5%  1.28       ↓ - 趋势完好

============================================================
  ✗ 趋势偏弱  (15只)
============================================================
  代码        名称  现价 距MA50  量比 MA5拐头       状态
515880     通信ETF 1.448 +16.0%  1.33       ↓ ✗ 趋势偏弱
513180 恒生科技ETF 0.609  -3.7%  1.04       ↓ ✗ 趋势偏弱
159869     游戏ETF 1.219  -7.4%  0.83       ↓ ✗ 趋势偏弱
512660     军工ETF 1.341  -2.8%  0.81       ↓ ✗ 趋势偏弱
512980     传媒ETF 0.948  -6.2%  0.92       ↓ ✗ 趋势偏弱
512400 有色金属ETF 1.954  -6.4%  0.93       ↓ ✗ 趋势偏弱
512200   房地产ETF 1.367  -2.9%  0.68       ↓ ✗ 趋势偏弱
512880     证券ETF 1.056  -1.4%  1.89       ↓ ✗ 趋势偏弱
510880     红利ETF 3.174  -2.8%  1.40       ↓ ✗ 趋势偏弱
516110     汽车ETF 1.302  -1.2%  1.74       ↓ ✗ 趋势偏弱
512690       酒ETF 0.454  -6.8%  0.87       ↓ ✗ 趋势偏弱
512010     医药ETF 0.350  -4.4%  1.40       ↓ ✗ 趋势偏弱
562800 稀有金属ETF 1.056  -1.7%  0.98       ↓ ✗ 趋势偏弱
517520   黄金股ETF 1.909 -15.3%  1.26       ↓ ✗ 趋势偏弱
512800     银行ETF 0.771  -2.6%  1.12       ↓ ✗ 趋势偏弱

────────────────────────────────────────────────────────────
  扫描: 27  成功: 27  异常: 0
  ★买入: 0  ▲支撑: 5  ◇多头: 4


============================================================
  📊 持仓监控 (1 只)
============================================================
  🔵 持有 中证500ETF(004348 南方中证500C)
     ★ 买入信号 → ▲ 接近支撑  距MA50 +3.6%  → 持有观望
  📕 小红书日志已保存: scan_20260521_xhs.txt

============================================================
  🔍 尾盘对比 (14:45 vs 15:00)
============================================================
  尾盘无显著变化，行情平稳收尾

  📨 已推送飞书
