--- 2026-05-25 15:34:09 ---
🔭 Argus 正在扫描...

  [1/27] 沪深300ETF (在线)
  [2/27] 中证500ETF (在线)
  [3/27] 中证1000ETF (在线)
  [4/27] 创业板ETF (在线)
  [5/27] 科创50ETF (在线)
  [6/27] 半导体ETF (在线)
  [7/27] 芯片ETF (在线)
  [8/27] 通信ETF (在线)
  [9/27] 稀有金属ETF (在线)
  [10/27] 人工智能ETF (在线)
  [11/27] 医药ETF (在线)
  [12/27] 酒ETF (在线)
  [13/27] 汽车ETF (在线)
  [14/27] 银行ETF (在线)
  [15/27] 证券ETF (在线)
  [16/27] 房地产ETF (在线)
  [17/27] 有色金属ETF (在线)
  [18/27] 黄金股ETF (在线)
  [19/27] 新能源ETF (在线)
  [20/27] 光伏ETF (在线)
  [21/27] 传媒ETF (在线)
  [22/27] 军工ETF (在线)
  [23/27] 游戏ETF (在线)
  [24/27] 环保ETF (在线)
  [25/27] 恒生科技ETF (在线)
  [26/27] 红利ETF (在线)
  [27/27] 机器人ETF (在线)
  完成! (在线: 27, 缓存: 0)

============================================================
  ▲ 接近支撑  (4只)
============================================================
  代码        名称  现价   MA5  MA20  MA50  MA100 距MA50  量比 回踩MA50 MA5拐头       状态
510300  沪深300ETF 4.862 4.852 4.865 4.709  4.727  +3.2%  1.10       否       ↓ ▲ 接近支撑
512580     环保ETF 1.431 1.432 1.435 1.397  1.359  +2.4%  0.74       是       ↓ ▲ 接近支撑
516160   新能源ETF 3.196 3.193 3.253 3.159  3.079  +1.2%  1.12       是       ↓ ▲ 接近支撑
562800 稀有金属ETF 1.084 1.076 1.132 1.074  1.058  +0.9%  0.74       是       ↓ ▲ 接近支撑

============================================================
  ◇ 多头排列  (6只)
============================================================
  代码        名称  现价   MA5  MA20  MA50  MA100 距MA50  量比 回踩MA50 MA5拐头       状态
515070 人工智能ETF 2.505 2.499 2.387 2.131  2.077 +17.5%  1.00       否       ↓ ◇ 多头排列
159995     芯片ETF 2.536 2.467 2.216 1.940  1.914 +30.8%  0.94       否       ↑ ◇ 多头排列
562500   机器人ETF 1.208 1.194 1.105 1.023  1.036 +18.1%  1.11       否       ↑ ◇ 多头排列
588000   科创50ETF 1.887 1.870 1.732 1.544  1.533 +22.2%  0.95       否       ↑ ◇ 多头排列
159915   创业板ETF 3.946 3.914 3.833 3.545  3.407 +11.3%  1.05       否       ↓ ◇ 多头排列
512480   半导体ETF 2.189 2.147 1.938 1.691  1.648 +29.4%  0.95       否       ↑ ◇ 多头排列

============================================================
  - 趋势完好  (3只)
============================================================
  代码        名称  现价   MA5  MA20  MA50  MA100 距MA50  量比 回踩MA50 MA5拐头       状态
510500  中证500ETF 8.658 8.649 8.613 8.249  8.222  +5.0%  1.06       否       ↓ - 趋势完好
515790     光伏ETF 1.111 1.110 1.095 1.090  1.076  +2.0%  0.81       是       ↓ - 趋势完好
512100 中证1000ETF 3.495 3.503 3.454 3.294  3.272  +6.1%  1.07       否       ↓ - 趋势完好

============================================================
  ✗ 趋势偏弱  (14只)
============================================================
  代码        名称  现价   MA5  MA20  MA50  MA100 距MA50  量比 回踩MA50 MA5拐头       状态
515880     通信ETF 1.505 1.498 1.437 1.257  1.803 +19.7%  1.06       否       ↓ ✗ 趋势偏弱
513180 恒生科技ETF 0.618 0.617 0.632 0.632  0.678  -2.2%  0.91       是       ↓ ✗ 趋势偏弱
159869     游戏ETF 1.213 1.240 1.290 1.312  1.424  -7.5%  0.82       是       ↓ ✗ 趋势偏弱
512660     军工ETF 1.357 1.363 1.410 1.376  1.419  -1.4%  0.99       是       ↓ ✗ 趋势偏弱
512980     传媒ETF 0.941 0.965 0.997 1.008  1.070  -6.6%  0.88       是       ↓ ✗ 趋势偏弱
512400 有色金属ETF 2.019 1.988 2.106 2.083  2.127  -3.1%  0.88       是       ↓ ✗ 趋势偏弱
512200   房地产ETF 1.372 1.399 1.430 1.406  1.466  -2.5%  0.92       是       ↓ ✗ 趋势偏弱
512880     证券ETF 1.037 1.049 1.070 1.069  1.134  -3.0%  1.14       是       ↓ ✗ 趋势偏弱
510880     红利ETF 3.156 3.196 3.260 3.263  3.222  -3.3%  1.12       是       ↓ ✗ 趋势偏弱
516110     汽车ETF 1.304 1.293 1.315 1.318  1.358  -1.0%  1.15       是       ↑ ✗ 趋势偏弱
512690       酒ETF 0.444 0.451 0.471 0.486  0.512  -8.7%  0.91       是       ↓ ✗ 趋势偏弱
512010     医药ETF 0.345 0.348 0.362 0.366  0.375  -5.6%  1.00       是       ↓ ✗ 趋势偏弱
517520   黄金股ETF 1.957 1.961 2.147 2.241  2.340 -12.7%  0.86       是       ↓ ✗ 趋势偏弱
512800     银行ETF 0.769 0.771 0.786 0.791  0.793  -2.8%  0.90       是       ↓ ✗ 趋势偏弱

────────────────────────────────────────────────────────────
  扫描: 27  成功: 27  异常: 0
  ★买入: 0  ▲支撑: 4  ◇多头: 6


============================================================
  📊 持仓监控 (1 只)
============================================================
  🟡 关注 中证500ETF(004348 南方中证500C)
     ★ 买入信号 → - 趋势完好  距MA50 +5.0%  → 趋势转弱，密切关注
  📕 小红书日志已保存: scan_20260525_xhs.txt

============================================================
  🔍 尾盘对比 (14:45 vs 15:00)
============================================================
       名称  盘中价  收盘价   涨跌  量比变化                信号变化
  半导体ETF   2.344   2.189 -6.61% 0.94→0.95                       —
    芯片ETF   2.712   2.536 -6.49% 1.01→0.94                       —
  科创50ETF   1.995   1.887 -5.41% 1.15→0.95                       —
人工智能ETF   2.597   2.505 -3.54%  0.96→1.0                       —
    通信ETF   1.560   1.505 -3.53% 0.99→1.06                       —
    游戏ETF   1.180   1.213 +2.80% 1.43→0.82                       —
  创业板ETF   4.026   3.946 -1.99% 0.95→1.05                       —
    医药ETF   0.340   0.345 +1.47%  1.17→1.0                       —
    军工ETF   1.376   1.357 -1.38% 0.99→0.99                       —
 中证500ETF   8.778   8.658 -1.37% 0.77→1.06 ◇ 多头排列 → - 趋势完好
 沪深300ETF   4.929   4.862 -1.36%  1.22→1.1 ◇ 多头排列 → ▲ 接近支撑
    传媒ETF   0.930   0.941 +1.18% 0.83→0.88                       —
中证1000ETF   3.535   3.495 -1.13% 0.81→1.07 ◇ 多头排列 → - 趋势完好
    光伏ETF   1.123   1.111 -1.07% 0.71→0.81 ◇ 多头排列 → - 趋势完好
    红利ETF   3.185   3.156 -0.91% 1.23→1.12                       —
  黄金股ETF   1.975   1.957 -0.91% 0.65→0.86                       —
  新能源ETF   3.171   3.196 +0.79% 0.84→1.12                       —
    证券ETF   1.045   1.037 -0.77% 0.78→1.14                       —
    环保ETF   1.421   1.431 +0.70% 0.98→0.74                       —
      酒ETF   0.447   0.444 -0.67% 1.06→0.91                       —
稀有金属ETF   1.091   1.084 -0.64%  0.5→0.74                       —
  房地产ETF   1.380   1.372 -0.58% 1.08→0.92                       —
恒生科技ETF   0.615   0.618 +0.49% 0.37→0.91                       —
    汽车ETF   1.299   1.304 +0.38% 0.98→1.15                       —
  机器人ETF   1.212   1.208 -0.33% 1.08→1.11                       —

────────────────────────────────────────────────────────────
  尾盘异动: 25 只  信号翻转: 4 只  大幅波动(≥1%): 14 只
  ⚠ 信号翻转:
    中证500ETF: ◇ 多头排列 → - 趋势完好
    沪深300ETF: ◇ 多头排列 → ▲ 接近支撑
    中证1000ETF: ◇ 多头排列 → - 趋势完好
    光伏ETF: ◇ 多头排列 → - 趋势完好
  ⚠ 大幅波动:
    半导体ETF: -6.61%
    芯片ETF: -6.49%
    科创50ETF: -5.41%
    人工智能ETF: -3.54%
    通信ETF: -3.53%
    游戏ETF: +2.80%
    创业板ETF: -1.99%
    医药ETF: +1.47%
    军工ETF: -1.38%
    中证500ETF: -1.37%
    沪深300ETF: -1.36%
    传媒ETF: +1.18%
    中证1000ETF: -1.13%
    光伏ETF: -1.07%

  📨 已推送飞书
