--- 2026-05-22 10:28:12 ---
🌅 Argus 早盘分析(实时数据)...

  [1/27] 沪深300ETF (在线)
  [2/27] 中证500ETF (在线)
  [3/27] 中证1000ETF (在线)
  [4/27] 创业板ETF (在线)
  [5/27] 科创50ETF (在线)
  [6/27] 半导体ETF (在线)
  [7/27] 芯片ETF (在线)
  [8/27] 通信ETF (在线)
  [9/27] 稀有金属ETF (在线)
  [10/27] 人工智能ETF (在线)
  [11/27] 医药ETF (在线)
  [12/27] 酒ETF (在线)
  [13/27] 汽车ETF (在线)
  [14/27] 银行ETF (在线)
  [15/27] 证券ETF (在线)
  [16/27] 房地产ETF (在线)
  [17/27] 有色金属ETF (在线)
  [18/27] 黄金股ETF (在线)
  [19/27] 新能源ETF (在线)
  [20/27] 光伏ETF (在线)
  [21/27] 传媒ETF (在线)
  [22/27] 军工ETF (在线)
  [23/27] 游戏ETF (在线)
  [24/27] 环保ETF (在线)
  [25/27] 恒生科技ETF (在线)
  [26/27] 红利ETF (在线)
  [27/27] 机器人ETF (在线)
  完成! (在线: 27, 缓存: 0)

============================================================
  ▲ 接近支撑  (5只)
============================================================
  代码        名称  现价  昨收 开盘涨跌 早盘涨跌  早盘量能 距MA50  量比 MA5拐头       状态
510300  沪深300ETF 4.819 4.808   +0.42%   +0.23%      0.91  +2.4%  0.22       ↓ ▲ 接近支撑
510500  中证500ETF 8.526 8.503   +0.59%   +0.27%      2.10  +3.4%  0.51       ↓ ▲ 接近支撑
512100 中证1000ETF 3.437 3.432   +0.41%   +0.15%      1.61  +4.4%  0.39       ↓ ▲ 接近支撑
512580     环保ETF 1.415 1.414   -0.07%   +0.07%      0.59  +1.3%  0.15       ↓ ▲ 接近支撑
515790     光伏ETF 1.092 1.093   +0.09%   -0.09%      1.40  +0.2%  0.35       ↓ ▲ 接近支撑

============================================================
  ◇ 多头排列  (1只)
============================================================
  代码    名称  现价  昨收 开盘涨跌 早盘涨跌  早盘量能 距MA50  量比 MA5拐头       状态
159995 芯片ETF 2.455 2.477   +0.73%   -0.89%      2.29 +26.7%  0.55       ↑ ◇ 多头排列

============================================================
  - 趋势完好  (5只)
============================================================
  代码        名称  现价  昨收 开盘涨跌 早盘涨跌  早盘量能 距MA50  量比 MA5拐头       状态
515070 人工智能ETF 2.454 2.442   +0.57%   +0.49%      2.02 +15.2%  0.50       ↓ - 趋势完好
562500   机器人ETF 1.180 1.187   +0.00%   -0.59%      2.16 +15.4%  0.55       ↑ - 趋势完好
512480   半导体ETF 2.120 2.132   +0.66%   -0.56%      1.91 +25.5%  0.46       ↑ - 趋势完好
159915   创业板ETF 3.872 3.846   +0.81%   +0.68%      2.15  +9.3%  0.52       ↓ - 趋势完好
588000   科创50ETF 1.844 1.860   +0.70%   -0.86%      2.09 +19.5%  0.50       ↑ - 趋势完好

============================================================
  ✗ 趋势偏弱  (16只)
============================================================
  代码        名称  现价  昨收 开盘涨跌 早盘涨跌  早盘量能 距MA50  量比 MA5拐头       状态
562800 稀有金属ETF 1.058 1.053   -0.09%   +0.47%      0.91  -1.4%  0.22       ↓ ✗ 趋势偏弱
513180 恒生科技ETF 0.611 0.608   +0.99%   +0.49%      1.70  -3.3%  0.43       ↓ ✗ 趋势偏弱
159869     游戏ETF 1.202 1.214   +0.25%   -0.99%      1.29  -8.3%  0.32       ↓ ✗ 趋势偏弱
512660     军工ETF 1.340 1.337   +0.52%   +0.22%      1.27  -2.6%  0.32       ↓ ✗ 趋势偏弱
512980     传媒ETF 0.929 0.943   +0.42%   -1.48%      1.39  -7.8%  0.35       ↓ ✗ 趋势偏弱
516160   新能源ETF 3.151 3.146   +0.10%   +0.16%      2.91  -0.2%  0.73       ↓ ✗ 趋势偏弱
517520   黄金股ETF 1.919 1.905   +0.47%   +0.73%      1.05 -14.3%  0.26       ↓ ✗ 趋势偏弱
512400 有色金属ETF 1.965 1.947   +0.21%   +0.92%      1.51  -5.6%  0.38       ↓ ✗ 趋势偏弱
512200   房地产ETF 1.363 1.364   +0.07%   -0.07%      1.55  -3.1%  0.39       ↓ ✗ 趋势偏弱
512880     证券ETF 1.035 1.054   +0.09%   -1.80%      2.55  -3.2%  0.63       ↓ ✗ 趋势偏弱
510880     红利ETF 3.150 3.172   +0.03%   -0.69%      2.83  -3.5%  0.72       ↓ ✗ 趋势偏弱
516110     汽车ETF 1.292 1.300   -0.08%   -0.62%      2.55  -1.9%  0.63       ↓ ✗ 趋势偏弱
512690       酒ETF 0.445 0.454   +0.00%   -1.98%      1.92  -8.5%  0.47       ↓ ✗ 趋势偏弱
512010     医药ETF 0.345 0.349   +0.00%   -1.15%      1.55  -5.6%  0.38       ↓ ✗ 趋势偏弱
515880     通信ETF 1.458 1.440   +0.97%   +1.25%      1.84 +16.0%  0.45       ↓ ✗ 趋势偏弱
512800     银行ETF 0.770 0.771   -0.26%   -0.13%      1.77  -2.7%  0.44       ↓ ✗ 趋势偏弱

────────────────────────────────────────────────────────────
  扫描: 27  成功: 27  异常: 0
  ★买入: 0  ▲支撑: 5  ◇多头: 1

============================================================
  🌅 早盘概览
============================================================
  ↑涨 13 只  ↓跌 14 只  平 0 只
  领涨: 通信ETF +1.25%  量能 1.84x
  领跌: 酒ETF -1.98%  量能 1.92x
  量能异常(>2x): 新能源ETF(2.91)  红利ETF(2.83)  证券ETF(2.55)  汽车ETF(2.55)  芯片ETF(2.29)  机器人ETF(2.16)  创业板ETF(2.15)  中证500ETF(2.1)  科创50ETF(2.09)  人工智能ETF(2.02)


============================================================
  📊 持仓监控 (1 只)
============================================================
  🔵 持有 中证500ETF(004348 南方中证500C)
     ★ 买入信号 → ▲ 接近支撑  距MA50 +3.4%  → 持有观望
  📨 已推送飞书
