--- 2026-05-19 14:43:11 ---
🔭 Argus 正在扫描...

  [1/27] 沪深300ETF (在线)
  [2/27] 中证500ETF (在线)
  [3/27] 中证1000ETF (在线)
  [4/27] 创业板ETF (在线)
  [5/27] 科创50ETF (在线)
  [6/27] 半导体ETF (在线)
  [7/27] 芯片ETF (在线)
  [8/27] 通信ETF (在线)
  [9/27] 稀有金属ETF (在线)
  [10/27] 人工智能ETF (在线)
  [11/27] 医药ETF (在线)
  [12/27] 酒ETF (在线)
  [13/27] 汽车ETF (在线)
  [14/27] 银行ETF (在线)
  [15/27] 证券ETF (在线)
  [16/27] 房地产ETF (在线)
  [17/27] 有色金属ETF (在线)
  [18/27] 黄金股ETF (在线)
  [19/27] 新能源ETF (在线)
  [20/27] 光伏ETF (在线)
  [21/27] 传媒ETF (在线)
  [22/27] 军工ETF (在线)
  [23/27] 游戏ETF (在线)
  [24/27] 环保ETF (在线)
  [25/27] 恒生科技ETF (在线)
  [26/27] 红利ETF (在线)
  [27/27] 机器人ETF (在线)
  完成! (在线: 27, 缓存: 0)

============================================================
  ▲ 接近支撑  (1只)
============================================================
  代码      名称  现价   MA5  MA20  MA50  MA100 距MA50  量比 回踩MA50 MA5拐头       状态
516160 新能源ETF 3.193 3.228 3.256 3.152  3.066  +1.3%  0.73       是       ↓ ▲ 接近支撑

============================================================
  ◇ 多头排列  (6只)
============================================================
  代码        名称  现价   MA5  MA20  MA50  MA100 距MA50  量比 回踩MA50 MA5拐头       状态
562500   机器人ETF 1.197 1.166 1.078 1.012  1.029 +18.3%  1.09       否       ↑ ◇ 多头排列
512100 中证1000ETF 3.534 3.530 3.431 3.281  3.256  +7.7%  0.61       否       ↓ ◇ 多头排列
588000   科创50ETF 1.863 1.827 1.674 1.519  1.518 +22.6%  1.15       否       ↓ ◇ 多头排列
512480   半导体ETF 2.123 2.069 1.856 1.654  1.625 +28.3%  1.20       否       ↑ ◇ 多头排列
159995     芯片ETF 2.423 2.357 2.117 1.899  1.888 +27.6%  0.92       否       ↑ ◇ 多头排列
515070 人工智能ETF 2.524 2.515 2.341 2.100  2.058 +20.2%  0.77       否       ↑ ◇ 多头排列

============================================================
  - 趋势完好  (5只)
============================================================
  代码       名称  现价   MA5  MA20  MA50  MA100 距MA50  量比 回踩MA50 MA5拐头       状态
512580    环保ETF 1.438 1.440 1.431 1.393  1.354  +3.3%  0.77       否       ↓ - 趋势完好
515790    光伏ETF 1.118 1.120 1.090 1.091  1.071  +2.5%  0.98       是       ↓ - 趋势完好
510300 沪深300ETF 4.862 4.910 4.852 4.697  4.722  +3.5%  0.80       否       ↓ - 趋势完好
510500 中证500ETF 8.692 8.743 8.566 8.234  8.179  +5.6%  0.80       否       ↓ - 趋势完好
159915  创业板ETF 3.922 3.965 3.798 3.503  3.384 +11.9%  0.99       否       ↓ - 趋势完好

============================================================
  ✗ 趋势偏弱  (15只)
============================================================
  代码        名称  现价   MA5  MA20  MA50  MA100 距MA50  量比 回踩MA50 MA5拐头       状态
512010     医药ETF 0.349 0.357 0.365 0.367  0.377  -4.9%  1.01       是       ↓ ✗ 趋势偏弱
513180 恒生科技ETF 0.620 0.632 0.637 0.633  0.682  -2.0%  0.95       是       ↓ ✗ 趋势偏弱
159869     游戏ETF 1.271 1.280 1.305 1.323  1.429  -3.9%  0.82       是       ↓ ✗ 趋势偏弱
512660     军工ETF 1.376 1.409 1.418 1.386  1.415  -0.7%  0.67       是       ↓ ✗ 趋势偏弱
512980     传媒ETF 0.996 0.991 1.010 1.015  1.070  -1.9%  1.14       是       ↓ ✗ 趋势偏弱
562800 稀有金属ETF 1.065 1.116 1.140 1.076  1.051  -1.1%  1.37       是       ↓ ✗ 趋势偏弱
515880     通信ETF 1.510 1.526 1.415 1.233  1.845 +22.5%  1.03       否       ↑ ✗ 趋势偏弱
512400 有色金属ETF 1.979 2.073 2.135 2.101  2.120  -5.8%  0.71       是       ↓ ✗ 趋势偏弱
512200   房地产ETF 1.426 1.444 1.432 1.411  1.468  +1.1%  1.40       是       ↓ ✗ 趋势偏弱
512880     证券ETF 1.057 1.064 1.074 1.074  1.139  -1.6%  0.84       是       ↓ ✗ 趋势偏弱
510880     红利ETF 3.222 3.226 3.268 3.270  3.221  -1.5%  0.63       是       ↓ ✗ 趋势偏弱
516110     汽车ETF 1.291 1.299 1.322 1.320  1.361  -2.2%  0.67       是       ↓ ✗ 趋势偏弱
512690       酒ETF 0.453 0.457 0.476 0.489  0.515  -7.5%  0.67       是       ↓ ✗ 趋势偏弱
517520   黄金股ETF 1.983 2.086 2.203 2.278  2.341 -12.9%  1.20       是       ↓ ✗ 趋势偏弱
512800     银行ETF 0.774 0.778 0.791 0.792  0.794  -2.3%  0.72       是       ↓ ✗ 趋势偏弱

────────────────────────────────────────────────────────────
  扫描: 27  成功: 27  异常: 0
  ★买入: 0  ▲支撑: 1  ◇多头: 6


============================================================
  📊 持仓监控 (1 只)
============================================================
  🟡 关注 中证500ETF(004348 南方中证500C)
     ★ 买入信号 → - 趋势完好  距MA50 +5.6%  → 趋势转弱，密切关注
  📨 已推送飞书
