--- 2026-05-29 16:00:14 ---
🔭 Argus 正在扫描...

  [1/27] 沪深300ETF (缓存)
  [2/27] 中证500ETF (缓存)
  [3/27] 中证1000ETF (缓存)
  [4/27] 创业板ETF (缓存)
  [5/27] 科创50ETF (缓存)
  [6/27] 半导体ETF (缓存)
  [7/27] 芯片ETF (缓存)
  [8/27] 通信ETF (缓存)
  [9/27] 稀有金属ETF (缓存)
  [10/27] 人工智能ETF (缓存)
  [11/27] 医药ETF (缓存)
  [12/27] 酒ETF (缓存)
  [13/27] 汽车ETF (缓存)
  [14/27] 银行ETF (缓存)
  [15/27] 证券ETF (缓存)
  [16/27] 房地产ETF (缓存)
  [17/27] 有色金属ETF (缓存)
  [18/27] 黄金股ETF (缓存)
  [19/27] 新能源ETF (缓存)
  [20/27] 光伏ETF (缓存)
  [21/27] 传媒ETF (缓存)
  [22/27] 军工ETF (缓存)
  [23/27] 游戏ETF (缓存)
  [24/27] 环保ETF (缓存)
  [25/27] 恒生科技ETF (缓存)
  [26/27] 红利ETF (缓存)
  [27/27] 机器人ETF (缓存)
  完成! (在线: 0, 缓存: 27)

============================================================
  ▲ 接近支撑  (4只)
============================================================
  代码        名称  现价 距MA50  量比 MA5拐头       状态                试探
510500  中证500ETF 8.443  +2.0%  0.48       ↓ ▲ 接近支撑                    
512100 中证1000ETF 3.383  +2.3%  1.48       ↓ ▲ 接近支撑 ◇ 待验证 安全垫0.4%
512580     环保ETF 1.416  +1.3%  1.12       ↓ ▲ 接近支撑        ◆ 安全垫2.2%
562800 稀有金属ETF 1.085  +1.1%  0.60       ↓ ▲ 接近支撑                    

============================================================
  - 趋势完好  (7只)
============================================================
  代码        名称  现价 距MA50  量比 MA5拐头       状态
510300  沪深300ETF 4.923  +4.0%  0.55       ↑ - 趋势完好
515070 人工智能ETF 2.494 +13.8%  1.17       ↓ - 趋势完好
562500   机器人ETF 1.165 +12.5%  0.93       ↓ - 趋势完好
512480   半导体ETF 2.160 +22.6%  1.10       ↓ - 趋势完好
588000   科创50ETF 1.844 +15.9%  1.25       ↓ - 趋势完好
159915   创业板ETF 4.053 +12.0%  1.15       ↑ - 趋势完好
159995     芯片ETF 2.491 +23.3%  0.92       ↓ - 趋势完好

============================================================
  ✗ 趋势偏弱  (16只)
============================================================
  代码        名称  现价 距MA50  量比 MA5拐头       状态
515880     通信ETF 1.590 +21.8%  1.38       ↑ ✗ 趋势偏弱
513180 恒生科技ETF 0.620  -1.4%  1.03       ↑ ✗ 趋势偏弱
159869     游戏ETF 1.140 -11.5%  0.77       ↓ ✗ 趋势偏弱
512660     军工ETF 1.284  -5.9%  1.10       ↓ ✗ 趋势偏弱
512980     传媒ETF 0.903  -9.0%  0.99       ↓ ✗ 趋势偏弱
515790     光伏ETF 1.075  -0.9%  1.15       ↓ ✗ 趋势偏弱
516160   新能源ETF 3.117  -1.2%  1.07       ↓ ✗ 趋势偏弱
512400 有色金属ETF 1.965  -4.7%  0.83       ↓ ✗ 趋势偏弱
512200   房地产ETF 1.354  -2.9%  1.14       ↓ ✗ 趋势偏弱
512880     证券ETF 1.033  -2.7%  1.31       ↓ ✗ 趋势偏弱
510880     红利ETF 3.206  -1.3%  1.33       ↓ ✗ 趋势偏弱
516110     汽车ETF 1.236  -5.7%  0.71       ↓ ✗ 趋势偏弱
512690       酒ETF 0.457  -4.8%  2.14       ↓ ✗ 趋势偏弱
512010     医药ETF 0.344  -5.1%  1.41       ↓ ✗ 趋势偏弱
517520   黄金股ETF 1.890 -13.6%  0.65       ↓ ✗ 趋势偏弱
512800     银行ETF 0.776  -1.7%  1.33       ↓ ✗ 趋势偏弱

────────────────────────────────────────────────────────────
  扫描: 27  成功: 27  异常: 0
  ★买入: 0  ▲支撑: 4  ◇多头: 0  ◆试探: 2


============================================================
  📊 持仓监控 (3 只)
============================================================
  🔵 持有 中证500ETF(004348 南方中证500C)
     ◇ 多头排列 → ▲ 接近支撑  距MA50 +2.0%  → 持有观望
  🔵 持有 环保ETF(002984 广发中证环保ETF联接C)
     ▲ 接近支撑 → ▲ 接近支撑  距MA50 +1.3%  → 持有观望
  🔴 止损 新能源ETF(012832 南方中证新能源ETF联接C)
     ▲ 接近支撑 → ✗ 趋势偏弱  距MA50 -1.2%  → 趋势走坏，建议止损
  📕 小红书日志已保存: scan_20260529_xhs.txt

============================================================
  🔍 尾盘对比 (14:45 vs 15:00)
============================================================
       名称  盘中价  收盘价   涨跌  量比变化                信号变化
稀有金属ETF   1.050   1.085 +3.33%  0.85→0.6 ✗ 趋势偏弱 → ▲ 接近支撑
  科创50ETF   1.826   1.844 +0.99% 1.16→1.25                       —
  半导体ETF   2.146   2.160 +0.65%  0.99→1.1                       —
    军工ETF   1.276   1.284 +0.63%  1.05→1.1                       —
    芯片ETF   2.477   2.491 +0.57% 0.85→0.92                       —
    通信ETF   1.581   1.590 +0.57% 1.25→1.38                       —
人工智能ETF   2.481   2.494 +0.52%  1.1→1.17                       —
  房地产ETF   1.347   1.354 +0.52% 1.11→1.14                       —
  新能源ETF   3.102   3.117 +0.48% 1.03→1.07                       —
  黄金股ETF   1.881   1.890 +0.48% 0.63→0.65                       —
有色金属ETF   1.956   1.965 +0.46% 0.78→0.83                       —
    光伏ETF   1.071   1.075 +0.37% 1.08→1.15                       —
 中证500ETF   8.413   8.443 +0.36% 0.39→0.48                       —
  创业板ETF   4.039   4.053 +0.35% 1.09→1.15                       —
    游戏ETF   1.136   1.140 +0.35% 0.73→0.77                       —
中证1000ETF   3.372   3.383 +0.33% 1.15→1.48                       —
恒生科技ETF   0.618   0.620 +0.32%  1.0→1.03                       —

────────────────────────────────────────────────────────────
  尾盘异动: 17 只  信号翻转: 1 只  大幅波动(≥1%): 1 只
  ⚠ 信号翻转:
    稀有金属ETF: ✗ 趋势偏弱 → ▲ 接近支撑
  ⚠ 大幅波动:
    稀有金属ETF: +3.33%

  📨 已推送飞书
