--- 2026-06-18 10:28:02 ---
🌅 Argus 早盘分析(实时数据)...

  [1/28] 沪深300ETF (在线)
  [2/28] 中证500ETF (在线)
  [3/28] 中证1000ETF (在线)
  [4/28] 创业板ETF (在线)
  [5/28] 科创50ETF (在线)
  [6/28] 半导体ETF (在线)
  [7/28] 芯片ETF (在线)
  [8/28] 通信ETF (在线)
  [9/28] 稀有金属ETF (在线)
  [10/28] 人工智能ETF (在线)
  [11/28] 医药ETF (在线)
  [12/28] 酒ETF (在线)
  [13/28] 汽车ETF (在线)
  [14/28] 银行ETF (在线)
  [15/28] 证券ETF (在线)
  [16/28] 房地产ETF (在线)
  [17/28] 有色金属ETF (在线)
  [18/28] 黄金股ETF (在线)
  [19/28] 新能源ETF (在线)
  [20/28] 光伏ETF (在线)
  [21/28] 传媒ETF (在线)
  [22/28] 军工ETF (在线)
  [23/28] 游戏ETF (在线)
  [24/28] 环保ETF (在线)
  [25/28] 恒生科技ETF (在线)
  [26/28] 红利ETF (在线)
  [27/28] 红利低波ETF (在线)
  [28/28] 机器人ETF (在线)
  完成! (在线: 28, 缓存: 0)

============================================================
  ◇ 多头排列  (10只)
============================================================
  代码        名称  现价  昨收 开盘涨跌 早盘涨跌  早盘量能 距MA50  量比 MA5拐头       状态
510300  沪深300ETF 4.988 4.958   -0.30%   +0.61%      1.96  +3.2%  0.47       ↑ ◇ 多头排列
510500  中证500ETF 8.833 8.763   -0.42%   +0.80%      0.94  +4.6%  0.23       ↑ ◇ 多头排列
512100 中证1000ETF 3.549 3.519   -0.51%   +0.85%      0.58  +4.7%  0.14       ↑ ◇ 多头排列
159915   创业板ETF 4.254 4.183   -0.33%   +1.70%      1.38 +11.0%  0.33       ↑ ◇ 多头排列
588000   科创50ETF 1.994 1.939   -0.21%   +2.84%      1.68 +16.4%  0.41       ↑ ◇ 多头排列
512480   半导体ETF 2.450 2.387   -0.13%   +2.64%      1.81 +25.2%  0.44       ↑ ◇ 多头排列
159995     芯片ETF 2.777 2.690   +0.00%   +3.23%      3.02 +24.2%  0.73       ↑ ◇ 多头排列
515880     通信ETF 1.811 1.758   -0.85%   +3.01%      1.60 +23.0%  0.39       ↑ ◇ 多头排列
562800 稀有金属ETF 1.161 1.148   -0.96%   +1.13%      2.29  +5.6%  0.55       ↑ ◇ 多头排列
515070 人工智能ETF 2.639 2.541   -0.04%   +3.86%      2.88 +11.9%  0.71       ↑ ◇ 多头排列

============================================================
  - 趋势完好  (1只)
============================================================
  代码      名称  现价  昨收 开盘涨跌 早盘涨跌  早盘量能 距MA50  量比 MA5拐头       状态
562500 机器人ETF 1.144 1.142   -0.70%   +0.18%      2.17  +5.2%  0.55       ↓ - 趋势完好

============================================================
  ✗ 趋势偏弱  (17只)
============================================================
  代码        名称  现价  昨收 开盘涨跌 早盘涨跌  早盘量能 距MA50  量比 MA5拐头       状态
512690       酒ETF 0.409 0.413   -0.24%   -0.97%      1.72 -11.3%  0.42       ↓ ✗ 趋势偏弱
510880     红利ETF 3.121 3.160   +0.00%   -1.23%      3.19  -3.9%  0.80       ↓ ✗ 趋势偏弱
513180 恒生科技ETF 0.583 0.591   -0.85%   -1.35%      1.68  -6.7%  0.42       ↓ ✗ 趋势偏弱
512580     环保ETF 1.354 1.361   -0.81%   -0.51%      0.83  -2.9%  0.21       ↑ ✗ 趋势偏弱
159869     游戏ETF 1.054 1.044   -0.10%   +0.96%      1.92 -14.3%  0.48       ↓ ✗ 趋势偏弱
512660     军工ETF 1.304 1.289   -0.93%   +1.16%      1.72  -3.3%  0.43       ↑ ✗ 趋势偏弱
512980     传媒ETF 0.835 0.822   -0.36%   +1.58%      2.27 -12.6%  0.57       ↓ ✗ 趋势偏弱
512010     医药ETF 0.330 0.323   -0.31%   +2.17%      2.41  -6.3%  0.59       ↓ ✗ 趋势偏弱
515790     光伏ETF 1.022 1.027   -0.68%   -0.49%      1.15  -4.3%  0.29       ↑ ✗ 趋势偏弱
517520   黄金股ETF 1.872 1.891   -1.80%   -1.00%      2.03  -9.8%  0.50       ↑ ✗ 趋势偏弱
512400 有色金属ETF 2.058 2.045   -1.42%   +0.64%      2.27  -0.1%  0.56       ↑ ✗ 趋势偏弱
512200   房地产ETF 1.254 1.257   -0.40%   -0.24%      4.10  -8.4%  1.01       ↓ ✗ 趋势偏弱
512880     证券ETF 1.065 1.081   -0.46%   -1.48%      1.75  +0.8%  0.43       ↑ ✗ 趋势偏弱
512890 红利低波ETF 1.123 1.140   -0.18%   -1.49%      2.73  -4.2%  0.68       ↓ ✗ 趋势偏弱
516110     汽车ETF 1.162 1.161   +0.09%   +0.09%      1.78  -9.3%  0.44       ↓ ✗ 趋势偏弱
516160   新能源ETF 3.010 3.033   -0.36%   -0.76%      1.11  -3.9%  0.28       ↑ ✗ 趋势偏弱
512800     银行ETF 0.771 0.785   +0.00%   -1.78%      2.79  -2.1%  0.69       ↓ ✗ 趋势偏弱

────────────────────────────────────────────────────────────
  扫描: 28  成功: 28  异常: 0
  ★买入: 0  ▲支撑: 0  ◇多头: 10

============================================================
  🌅 早盘概览
============================================================
  ↑涨 17 只  ↓跌 11 只  平 0 只
  领涨: 人工智能ETF +3.86%  量能 2.88x
  领跌: 银行ETF -1.78%  量能 2.79x
  量能异常(>2x): 房地产ETF(4.1)  红利ETF(3.19)  芯片ETF(3.02)  人工智能ETF(2.88)  银行ETF(2.79)  红利低波ETF(2.73)  医药ETF(2.41)  稀有金属ETF(2.29)  传媒ETF(2.27)  有色金属ETF(2.27)  机器人ETF(2.17)  黄金股ETF(2.03)


============================================================
  💰 定投模块
============================================================
  红利低波 512890(A类007466) 宽基/红利
  窗口② 6/16-6/28  剩10天到兜底 | 本窗口:✅已投
  现价1.123 | 分位0% | 距MA20 -3.1% | 趋势:空头排列
  → ✅ 本窗口已定投(2026-06-17)，下次窗口见
  📨 已推送飞书
