--- 2026-06-11 15:34:11 ---
🔭 Argus 正在扫描...

  [1/27] 沪深300ETF (在线)
  [2/27] 中证500ETF (在线)
  [3/27] 中证1000ETF (在线)
  [4/27] 创业板ETF (在线)
  [5/27] 科创50ETF (在线)
  [6/27] 半导体ETF (在线)
  [7/27] 芯片ETF (在线)
  [8/27] 通信ETF (在线)
  [9/27] 稀有金属ETF (在线)
  [10/27] 人工智能ETF (在线)
  [11/27] 医药ETF (在线)
  [12/27] 酒ETF (在线)
  [13/27] 汽车ETF (在线)
  [14/27] 银行ETF (在线)
  [15/27] 证券ETF (在线)
  [16/27] 房地产ETF (在线)
  [17/27] 有色金属ETF (在线)
  [18/27] 黄金股ETF (在线)
  [19/27] 新能源ETF (在线)
  [20/27] 光伏ETF (在线)
  [21/27] 传媒ETF (在线)
  [22/27] 军工ETF (在线)
  [23/27] 游戏ETF (在线)
  [24/27] 环保ETF (在线)
  [25/27] 恒生科技ETF (在线)
  [26/27] 红利ETF (在线)
  [27/27] 机器人ETF (在线)
  完成! (在线: 27, 缓存: 0)

============================================================
  ▲ 接近支撑  (2只)
============================================================
  代码        名称  现价   MA5  MA20  MA50  MA100 距MA50  量比 回踩MA50 MA5拐头       状态                试探
515070 人工智能ETF 2.352 2.417 2.496 2.293  2.154  +2.6%  0.88       否       ↓ ▲ 接近支撑 ◇ 待验证 安全垫6.4%
159915   创业板ETF 3.830 3.895 3.982 3.743  3.518  +2.3%  1.01       否       ↓ ▲ 接近支撑 ◇ 待验证 安全垫6.4%

============================================================
  ◇ 多头排列  (1只)
============================================================
  代码    名称  现价   MA5  MA20  MA50  MA100 距MA50  量比 回踩MA50 MA5拐头       状态
512800 银行ETF 0.802 0.795 0.779 0.789  0.787  +1.7%  1.54       是       ↑ ◇ 多头排列

============================================================
  - 趋势完好  (6只)
============================================================
  代码      名称  现价   MA5  MA20  MA50  MA100 距MA50  量比 回踩MA50 MA5拐头       状态
510880   红利ETF 3.260 3.287 3.241 3.252  3.232  +0.2%  0.49       是       ↓ - 趋势完好
515880   通信ETF 1.603 1.638 1.582 1.410  1.597 +13.7%  1.41       否       ↓ - 趋势完好
159995   芯片ETF 2.399 2.378 2.475 2.143  2.015 +11.9%  0.57       否       ↓ - 趋势完好
562500 机器人ETF 1.132 1.154 1.162 1.069  1.058  +5.9%  0.93       否       ↑ - 趋势完好
588000 科创50ETF 1.756 1.740 1.835 1.659  1.588  +5.8%  0.73       是       ↓ - 趋势完好
512480 半导体ETF 2.130 2.085 2.153 1.871  1.743 +13.8%  0.65       否       ↓ - 趋势完好

============================================================
  ✗ 趋势偏弱  (18只)
============================================================
  代码        名称  现价   MA5  MA20  MA50  MA100 距MA50  量比 回踩MA50 MA5拐头       状态
513180 恒生科技ETF 0.589 0.604 0.620 0.626  0.661  -5.9%  0.83       是       ↓ ✗ 趋势偏弱
512580     环保ETF 1.306 1.317 1.396 1.392  1.373  -6.2%  0.67       是       ↓ ✗ 趋势偏弱
159869     游戏ETF 1.049 1.093 1.165 1.253  1.378 -16.3%  1.43       是       ↓ ✗ 趋势偏弱
512660     军工ETF 1.219 1.234 1.307 1.351  1.410  -9.8%  0.74       是       ↓ ✗ 趋势偏弱
512980     传媒ETF 0.823 0.854 0.913 0.970  1.055 -15.2%  0.99       是       ↓ ✗ 趋势偏弱
515790     光伏ETF 0.998 1.008 1.075 1.069  1.088  -6.6%  0.64       是       ↓ ✗ 趋势偏弱
516160   新能源ETF 2.859 2.872 3.080 3.129  3.102  -8.6%  0.62       是       ↓ ✗ 趋势偏弱
517520   黄金股ETF 1.698 1.737 1.896 2.116  2.311 -19.8%  1.47       是       ↓ ✗ 趋势偏弱
512400 有色金属ETF 1.880 1.868 1.969 2.057  2.133  -8.6%  1.18       是       ↓ ✗ 趋势偏弱
512880     证券ETF 1.008 1.010 1.033 1.052  1.106  -4.2%  0.87       是       ↓ ✗ 趋势偏弱
510500  中证500ETF 8.133 8.196 8.488 8.358  8.338  -2.7%  0.39       是       ↓ ✗ 趋势偏弱
516110     汽车ETF 1.166 1.200 1.254 1.293  1.333  -9.8%  0.87       是       ↓ ✗ 趋势偏弱
512690       酒ETF 0.424 0.426 0.443 0.469  0.497  -9.5%  0.57       是       ↓ ✗ 趋势偏弱
512010     医药ETF 0.325 0.324 0.337 0.357  0.368  -8.9%  0.74       是       ↓ ✗ 趋势偏弱
512100 中证1000ETF 3.286 3.309 3.419 3.349  3.315  -1.9%  0.57       是       ↓ ✗ 趋势偏弱
562800 稀有金属ETF 1.023 1.028 1.066 1.084  1.074  -5.7%  0.95       是       ↓ ✗ 趋势偏弱
512200   房地产ETF 1.260 1.269 1.343 1.376  1.441  -8.4%  0.82       是       ↓ ✗ 趋势偏弱
510300  沪深300ETF 4.751 4.789 4.874 4.788  4.741  -0.8%  0.53       是       ↓ ✗ 趋势偏弱

────────────────────────────────────────────────────────────
  扫描: 27  成功: 27  异常: 0
  ★买入: 0  ▲支撑: 2  ◇多头: 1  ◆试探: 2

  📕 小红书日志已保存: scan_20260611_xhs.txt

============================================================
  🔍 尾盘对比 (14:45 vs 15:00)
============================================================
  尾盘无显著变化，行情平稳收尾

  📨 已推送飞书
