--- 2026-05-27 14:43:11 ---
🔭 Argus 正在扫描...

  [1/27] 沪深300ETF (在线)
  [2/27] 中证500ETF (在线)
  [3/27] 中证1000ETF (在线)
  [4/27] 创业板ETF (在线)
  [5/27] 科创50ETF (在线)
  [6/27] 半导体ETF (在线)
  [7/27] 芯片ETF (在线)
  [8/27] 通信ETF (在线)
  [9/27] 稀有金属ETF (在线)
  [10/27] 人工智能ETF (在线)
  [11/27] 医药ETF (在线)
  [12/27] 酒ETF (在线)
  [13/27] 汽车ETF (在线)
  [14/27] 银行ETF (在线)
  [15/27] 证券ETF (在线)
  [16/27] 房地产ETF (在线)
  [17/27] 有色金属ETF (在线)
  [18/27] 黄金股ETF (在线)
  [19/27] 新能源ETF (在线)
  [20/27] 光伏ETF (在线)
  [21/27] 传媒ETF (在线)
  [22/27] 军工ETF (在线)
  [23/27] 游戏ETF (在线)
  [24/27] 环保ETF (在线)
  [25/27] 恒生科技ETF (在线)
  [26/27] 红利ETF (在线)
  [27/27] 机器人ETF (在线)
  完成! (在线: 27, 缓存: 0)

============================================================
  ▲ 接近支撑  (5只)
============================================================
  代码        名称  现价   MA5  MA20  MA50  MA100 距MA50  量比 回踩MA50 MA5拐头       状态
510500  中证500ETF 8.637 8.667 8.664 8.265  8.265  +4.5%  0.41       否       ↓ ▲ 接近支撑
512100 中证1000ETF 3.444 3.482 3.474 3.303  3.288  +4.3%  0.70       否       ↓ ▲ 接近支撑
512580     环保ETF 1.437 1.426 1.438 1.398  1.365  +2.8%  0.98       是       ↓ ▲ 接近支撑
562800 稀有金属ETF 1.074 1.082 1.128 1.073  1.064  +0.1%  0.60       是       ↓ ▲ 接近支撑
516160   新能源ETF 3.184 3.176 3.246 3.158  3.092  +0.8%  0.77       是       ↓ ▲ 接近支撑

============================================================
  ◇ 多头排列  (6只)
============================================================
  代码        名称  现价   MA5  MA20  MA50  MA100 距MA50  量比 回踩MA50 MA5拐头       状态
510300  沪深300ETF 4.943 4.904 4.888 4.725  4.735  +4.6%  0.47       否       ↑ ◇ 多头排列
159915   创业板ETF 4.068 3.990 3.883 3.589  3.435 +13.3%  1.24       否       ↑ ◇ 多头排列
512480   半导体ETF 2.274 2.253 2.035 1.735  1.675 +31.0%  1.02       否       ↑ ◇ 多头排列
159995     芯片ETF 2.646 2.619 2.336 1.991  1.944 +32.9%  1.31       否       ↑ ◇ 多头排列
515790     光伏ETF 1.122 1.113 1.102 1.086  1.082  +3.3%  1.15       是       ↓ ◇ 多头排列
515070 人工智能ETF 2.552 2.539 2.440 2.168  2.098 +17.7%  1.05       否       ↑ ◇ 多头排列

============================================================
  - 趋势完好  (2只)
============================================================
  代码      名称  现价   MA5  MA20  MA50  MA100 距MA50  量比 回踩MA50 MA5拐头       状态
562500 机器人ETF 1.165 1.196 1.132 1.033  1.044 +12.8%  1.13       否       ↓ - 趋势完好
588000 科创50ETF 1.920 1.927 1.798 1.573  1.551 +22.0%  1.00       否       ↓ - 趋势完好

============================================================
  ✗ 趋势偏弱  (14只)
============================================================
  代码        名称  现价   MA5  MA20  MA50  MA100 距MA50  量比 回踩MA50 MA5拐头       状态
516110     汽车ETF 1.276 1.297 1.309 1.314  1.355  -2.9%  1.69       是       ↓ ✗ 趋势偏弱
510880     红利ETF 3.171 3.174 3.245 3.254  3.222  -2.6%  1.11       是       ↓ ✗ 趋势偏弱
512880     证券ETF 1.043 1.047 1.067 1.065  1.129  -2.0%  0.94       是       ↓ ✗ 趋势偏弱
512200   房地产ETF 1.327 1.363 1.425 1.400  1.463  -5.2%  0.59       是       ↓ ✗ 趋势偏弱
512400 有色金属ETF 2.009 2.019 2.093 2.070  2.134  -2.9%  1.06       是       ↑ ✗ 趋势偏弱
517520   黄金股ETF 1.958 1.969 2.110 2.207  2.339 -11.3%  1.19       是       ↑ ✗ 趋势偏弱
512010     医药ETF 0.342 0.343 0.359 0.364  0.374  -6.0%  1.29       是       ↓ ✗ 趋势偏弱
515880     通信ETF 1.550 1.521 1.463 1.285  1.760 +20.6%  1.01       否       ↑ ✗ 趋势偏弱
512980     传媒ETF 0.908 0.929 0.982 0.998  1.069  -9.0%  1.16       是       ↓ ✗ 趋势偏弱
512660     军工ETF 1.323 1.348 1.400 1.368  1.422  -3.3%  0.69       是       ↓ ✗ 趋势偏弱
159869     游戏ETF 1.163 1.191 1.271 1.297  1.417 -10.3%  0.95       是       ↓ ✗ 趋势偏弱
513180 恒生科技ETF 0.620 0.619 0.631 0.630  0.675  -1.6%  0.80       是       ↓ ✗ 趋势偏弱
512690       酒ETF 0.452 0.448 0.465 0.483  0.509  -6.3%  2.14       是       ↓ ✗ 趋势偏弱
512800     银行ETF 0.767 0.769 0.781 0.790  0.791  -3.0%  0.77       是       ↓ ✗ 趋势偏弱

────────────────────────────────────────────────────────────
  扫描: 27  成功: 27  异常: 0
  ★买入: 0  ▲支撑: 5  ◇多头: 6


============================================================
  📊 持仓监控 (1 只)
============================================================
  🔵 持有 中证500ETF(004348 南方中证500C)
     ◇ 多头排列 → ▲ 接近支撑  距MA50 +4.5%  → 持有观望
  📨 已推送飞书
