--- 2026-06-11 10:28:08 ---
🌅 Argus 早盘分析(实时数据)...

  [1/27] 沪深300ETF (在线)
  [2/27] 中证500ETF (在线)
  [3/27] 中证1000ETF (在线)
  [4/27] 创业板ETF (在线)
  [5/27] 科创50ETF (在线)
  [6/27] 半导体ETF (在线)
  [7/27] 芯片ETF (在线)
  [8/27] 通信ETF (在线)
  [9/27] 稀有金属ETF (在线)
  [10/27] 人工智能ETF (在线)
  [11/27] 医药ETF (在线)
  [12/27] 酒ETF (在线)
  [13/27] 汽车ETF (在线)
  [14/27] 银行ETF (在线)
  [15/27] 证券ETF (在线)
  [16/27] 房地产ETF (在线)
  [17/27] 有色金属ETF (在线)
  [18/27] 黄金股ETF (在线)
  [19/27] 新能源ETF (在线)
  [20/27] 光伏ETF (在线)
  [21/27] 传媒ETF (在线)
  [22/27] 军工ETF (在线)
  [23/27] 游戏ETF (在线)
  [24/27] 环保ETF (在线)
  [25/27] 恒生科技ETF (在线)
  [26/27] 红利ETF (在线)
  [27/27] 机器人ETF (在线)
  完成! (在线: 27, 缓存: 0)

============================================================
  ▲ 接近支撑  (3只)
============================================================
  代码        名称  现价  昨收 开盘涨跌 早盘涨跌  早盘量能 距MA50  量比 MA5拐头       状态                试探
515070 人工智能ETF 2.367 2.414   -1.04%   -1.95%      1.18  +3.2%  0.29       ↓ ▲ 接近支撑                    
159915   创业板ETF 3.837 3.870   -0.70%   -0.85%      1.62  +2.5%  0.39       ↓ ▲ 接近支撑 ◇ 待验证 安全垫6.4%
588000   科创50ETF 1.735 1.744   -0.97%   -0.52%      1.24  +4.6%  0.30       ↓ ▲ 接近支撑                    

============================================================
  ◇ 多头排列  (1只)
============================================================
  代码    名称  现价  昨收 开盘涨跌 早盘涨跌  早盘量能 距MA50  量比 MA5拐头       状态
512800 银行ETF 0.803 0.806   +0.25%   -0.37%      2.79  +1.8%  0.69       ↑ ◇ 多头排列

============================================================
  - 趋势完好  (5只)
============================================================
  代码      名称  现价  昨收 开盘涨跌 早盘涨跌  早盘量能 距MA50  量比 MA5拐头       状态
510880   红利ETF 3.257 3.261   +0.21%   -0.12%      1.05  +0.1%  0.27       ↓ - 趋势完好
515880   通信ETF 1.621 1.630   -0.86%   -0.55%      1.79 +14.9%  0.44       ↓ - 趋势完好
562500 机器人ETF 1.132 1.179   -1.19%   -3.99%      3.64  +5.9%  0.93       ↑ - 趋势完好
512480 半导体ETF 2.099 2.100   -0.86%   -0.05%      1.33 +12.2%  0.32       ↓ - 趋势完好
159995   芯片ETF 2.373 2.387   -1.05%   -0.59%      1.35 +10.8%  0.33       ↓ - 趋势完好

============================================================
  ✗ 趋势偏弱  (18只)
============================================================
  代码        名称  现价  昨收 开盘涨跌 早盘涨跌  早盘量能 距MA50  量比 MA5拐头       状态
513180 恒生科技ETF 0.588 0.599   -0.17%   -1.84%      1.33  -6.0%  0.34       ↓ ✗ 趋势偏弱
512580     环保ETF 1.299 1.308   -0.31%   -0.69%      1.31  -6.7%  0.33       ↓ ✗ 趋势偏弱
159869     游戏ETF 1.055 1.091   -0.18%   -3.30%      1.96 -15.8%  0.49       ↓ ✗ 趋势偏弱
512660     军工ETF 1.207 1.222   -1.15%   -1.23%      1.60 -10.7%  0.40       ↓ ✗ 趋势偏弱
512980     传媒ETF 0.823 0.853   -0.59%   -3.52%      2.67 -15.2%  0.67       ↓ ✗ 趋势偏弱
515790     光伏ETF 0.991 1.001   -1.30%   -1.00%      1.18  -7.3%  0.29       ↓ ✗ 趋势偏弱
516160   新能源ETF 2.835 2.849   -1.51%   -0.49%      1.02  -9.4%  0.25       ↓ ✗ 趋势偏弱
517520   黄金股ETF 1.687 1.699   -2.30%   -0.71%      3.65 -20.3%  0.91       ↓ ✗ 趋势偏弱
512400 有色金属ETF 1.861 1.843   -0.98%   +0.98%      1.78  -9.5%  0.44       ↓ ✗ 趋势偏弱
512880     证券ETF 1.008 1.018   -0.29%   -0.98%      1.69  -4.2%  0.41       ↓ ✗ 趋势偏弱
510500  中证500ETF 8.091 8.171   -0.47%   -0.98%      0.64  -3.2%  0.15       ↓ ✗ 趋势偏弱
516110     汽车ETF 1.158 1.183   -0.34%   -2.11%      1.41 -10.4%  0.35       ↓ ✗ 趋势偏弱
512690       酒ETF 0.422 0.426   -0.47%   -0.94%      1.10  -9.9%  0.27       ↓ ✗ 趋势偏弱
512010     医药ETF 0.323 0.325   -0.62%   -0.62%      1.12  -9.4%  0.27       ↓ ✗ 趋势偏弱
512100 中证1000ETF 3.271 3.303   -0.73%   -0.97%      0.87  -2.3%  0.21       ↓ ✗ 趋势偏弱
562800 稀有金属ETF 1.038 1.023   -0.78%   +1.47%      1.23  -4.3%  0.30       ↓ ✗ 趋势偏弱
512200   房地产ETF 1.261 1.264   -0.24%   -0.24%      2.40  -8.4%  0.59       ↓ ✗ 趋势偏弱
510300  沪深300ETF 4.748 4.784   -0.38%   -0.75%      0.72  -0.8%  0.17       ↓ ✗ 趋势偏弱

────────────────────────────────────────────────────────────
  扫描: 27  成功: 27  异常: 0
  ★买入: 0  ▲支撑: 3  ◇多头: 1  ◆试探: 1

============================================================
  🌅 早盘概览
============================================================
  ↑涨 2 只  ↓跌 25 只  平 0 只
  领涨: 稀有金属ETF +1.47%  量能 1.23x
  领跌: 机器人ETF -3.99%  量能 3.64x
  量能异常(>2x): 黄金股ETF(3.65)  机器人ETF(3.64)  银行ETF(2.79)  传媒ETF(2.67)  房地产ETF(2.4)

  📨 已推送飞书
