--- 2026-06-25 10:28:11 ---
🌅 Argus 早盘分析(实时数据)...

  [1/28] 沪深300ETF (在线)
  [2/28] 中证500ETF (在线)
  [3/28] 中证1000ETF (在线)
  [4/28] 创业板ETF (在线)
  [5/28] 科创50ETF (在线)
  [6/28] 半导体ETF (在线)
  [7/28] 芯片ETF (在线)
  [8/28] 通信ETF (在线)
  [9/28] 稀有金属ETF (在线)
  [10/28] 人工智能ETF (在线)
  [11/28] 医药ETF (在线)
  [12/28] 酒ETF (在线)
  [13/28] 汽车ETF (在线)
  [14/28] 银行ETF (在线)
  [15/28] 证券ETF (在线)
  [16/28] 房地产ETF (在线)
  [17/28] 有色金属ETF (在线)
  [18/28] 黄金股ETF (在线)
  [19/28] 新能源ETF (在线)
  [20/28] 光伏ETF (在线)
  [21/28] 传媒ETF (在线)
  [22/28] 军工ETF (在线)
  [23/28] 游戏ETF (在线)
  [24/28] 环保ETF (在线)
  [25/28] 恒生科技ETF (在线)
  [26/28] 红利ETF (在线)
  [27/28] 红利低波ETF (在线)
  [28/28] 机器人ETF (在线)
  完成! (在线: 28, 缓存: 0)

============================================================
  ◇ 多头排列  (9只)
============================================================
  代码        名称  现价  昨收 开盘涨跌 早盘涨跌  早盘量能 距MA50  量比 MA5拐头       状态
510300  沪深300ETF 5.001 4.967   +0.12%   +0.68%      3.02  +2.8%  0.73       ↑ ◇ 多头排列
510500  中证500ETF 8.974 8.985   -0.01%   -0.12%      1.17  +5.2%  0.28       ↑ ◇ 多头排列
512880     证券ETF 1.138 1.111   -0.18%   +2.43%      3.07  +7.1%  0.76       ↑ ◇ 多头排列
159915   创业板ETF 4.280 4.258   +0.68%   +0.52%      1.74  +9.4%  0.42       ↑ ◇ 多头排列
588000   科创50ETF 2.134 2.096   +0.86%   +1.81%      1.84 +20.8%  0.45       ↑ ◇ 多头排列
512480   半导体ETF 2.713 2.652   +1.81%   +2.30%      2.11 +32.7%  0.51       ↑ ◇ 多头排列
159995     芯片ETF 3.103 3.012   +1.33%   +3.02%      2.41 +32.8%  0.58       ↑ ◇ 多头排列
515880     通信ETF 1.835 1.827   +0.93%   +0.44%      1.65 +20.4%  0.40       ↑ ◇ 多头排列
515070 人工智能ETF 2.686 2.656   +0.19%   +1.13%      2.18 +11.2%  0.54       ↑ ◇ 多头排列

============================================================
  - 趋势完好  (3只)
============================================================
  代码        名称  现价  昨收 开盘涨跌 早盘涨跌  早盘量能 距MA50  量比 MA5拐头       状态
562500   机器人ETF 1.145 1.146   -0.17%   -0.09%      1.34  +3.3%  0.34       ↑ - 趋势完好
512100 中证1000ETF 3.544 3.551   -0.06%   -0.20%      0.96  +3.6%  0.23       ↑ - 趋势完好
562800 稀有金属ETF 1.171 1.180   -1.27%   -0.76%      2.12  +5.3%  0.52       ↑ - 趋势完好

============================================================
  ✗ 趋势偏弱  (16只)
============================================================
  代码        名称  现价  昨收 开盘涨跌 早盘涨跌  早盘量能 距MA50  量比 MA5拐头       状态
512010     医药ETF 0.337 0.341   -1.17%   -1.17%      2.11  -3.5%  0.52       ↑ ✗ 趋势偏弱
510880     红利ETF 3.019 3.048   -0.20%   -0.95%      2.31  -6.7%  0.59       ↓ ✗ 趋势偏弱
513180 恒生科技ETF 0.557 0.570   +0.00%   -2.28%      1.70 -10.2%  0.42       ↓ ✗ 趋势偏弱
512580     环保ETF 1.328 1.335   +0.07%   -0.52%      1.08  -4.9%  0.27       ↓ ✗ 趋势偏弱
159869     游戏ETF 1.088 1.063   -0.66%   +2.35%      5.15 -10.0%  1.29       ↑ ✗ 趋势偏弱
512660     军工ETF 1.254 1.262   -0.79%   -0.63%      1.52  -6.8%  0.38       ↓ ✗ 趋势偏弱
512980     传媒ETF 0.820 0.821   -0.12%   -0.12%      1.76 -12.8%  0.44       ↓ ✗ 趋势偏弱
516160   新能源ETF 2.975 2.996   -0.33%   -0.70%      1.45  -5.1%  0.36       ↓ ✗ 趋势偏弱
517520   黄金股ETF 1.639 1.711   -2.81%   -4.21%      2.57 -19.2%  0.64       ↓ ✗ 趋势偏弱
512400 有色金属ETF 1.930 1.980   -2.27%   -2.53%      2.10  -6.1%  0.52       ↓ ✗ 趋势偏弱
512200   房地产ETF 1.197 1.212   -0.33%   -1.24%      2.39 -11.9%  0.59       ↓ ✗ 趋势偏弱
512890 红利低波ETF 1.091 1.099   -0.55%   -0.73%      1.66  -6.5%  0.42       ↓ ✗ 趋势偏弱
516110     汽车ETF 1.102 1.111   -0.27%   -0.81%      2.05 -13.0%  0.50       ↓ ✗ 趋势偏弱
512690       酒ETF 0.391 0.390   -0.77%   +0.26%      1.71 -13.7%  0.42       ↓ ✗ 趋势偏弱
515790     光伏ETF 0.997 0.998   -0.40%   -0.10%      1.30  -6.6%  0.33       ↓ ✗ 趋势偏弱
512800     银行ETF 0.760 0.761   -0.53%   -0.13%      1.86  -3.3%  0.46       ↓ ✗ 趋势偏弱

────────────────────────────────────────────────────────────
  扫描: 28  成功: 28  异常: 0
  ★买入: 0  ◆持有: 0  ▲支撑: 0  ◇多头: 9

============================================================
  🌅 早盘概览
============================================================
  ↑涨 10 只  ↓跌 18 只  平 0 只
  领涨: 芯片ETF +3.02%  量能 2.41x
  领跌: 黄金股ETF -4.21%  量能 2.57x
  量能异常(>2x): 游戏ETF(5.15)  证券ETF(3.07)  沪深300ETF(3.02)  黄金股ETF(2.57)  芯片ETF(2.41)  房地产ETF(2.39)  红利ETF(2.31)  人工智能ETF(2.18)  稀有金属ETF(2.12)  半导体ETF(2.11)  医药ETF(2.11)  有色金属ETF(2.1)  汽车ETF(2.05)


============================================================
  💰 定投模块
============================================================
  红利低波 512890(A类007466) 宽基/红利
  窗口② 6/16-6/28  剩3天到兜底 | 本窗口:✅已投
  现价1.091 | 分位0% | 距MA20 -5.1% | 趋势:空头排列
  → ✅ 本窗口已定投(2026-06-17)，下次窗口见
  📨 已推送飞书
