--- 2026-06-10 10:28:08 ---
🌅 Argus 早盘分析(实时数据)...

  [1/27] 沪深300ETF (在线)
  [2/27] 中证500ETF (在线)
  [3/27] 中证1000ETF (在线)
  [4/27] 创业板ETF (在线)
  [5/27] 科创50ETF (在线)
  [6/27] 半导体ETF (在线)
  [7/27] 芯片ETF (在线)
  [8/27] 通信ETF (在线)
  [9/27] 稀有金属ETF (在线)
  [10/27] 人工智能ETF (在线)
  [11/27] 医药ETF (在线)
  [12/27] 酒ETF (在线)
  [13/27] 汽车ETF (在线)
  [14/27] 银行ETF (在线)
  [15/27] 证券ETF (在线)
  [16/27] 房地产ETF (在线)
  [17/27] 有色金属ETF (在线)
  [18/27] 黄金股ETF (在线)
  [19/27] 新能源ETF (在线)
  [20/27] 光伏ETF (在线)
  [21/27] 传媒ETF (在线)
  [22/27] 军工ETF (在线)
  [23/27] 游戏ETF (在线)
  [24/27] 环保ETF (在线)
  [25/27] 恒生科技ETF (在线)
  [26/27] 红利ETF (在线)
  [27/27] 机器人ETF (在线)
  完成! (在线: 27, 缓存: 0)

============================================================
  ▲ 接近支撑  (1只)
============================================================
  代码      名称  现价  昨收 开盘涨跌 早盘涨跌  早盘量能 距MA50  量比 MA5拐头       状态 试探
159915 创业板ETF 3.883 3.972   -1.18%   -2.24%      1.42  +4.0%  0.34       ↓ ▲ 接近支撑     

============================================================
  ◇ 多头排列  (1只)
============================================================
  代码    名称  现价  昨收 开盘涨跌 早盘涨跌  早盘量能 距MA50  量比 MA5拐头       状态                  突破
512800 银行ETF 0.803 0.792   +0.00%   +1.39%      2.57  +1.9%  0.63       ↑ ◇ 多头排列 ⬆ 突破(3/5日在MA50下)

============================================================
  - 趋势完好  (7只)
============================================================
  代码        名称  现价  昨收 开盘涨跌 早盘涨跌  早盘量能 距MA50  量比 MA5拐头       状态
510880     红利ETF 3.272 3.291   -0.52%   -0.58%      0.99  +0.6%  0.25       ↓ - 趋势完好
515070 人工智能ETF 2.432 2.461   -1.26%   -1.18%      1.71  +6.5%  0.42       ↓ - 趋势完好
515880     通信ETF 1.636 1.695   -2.06%   -3.48%      2.17 +16.9%  0.52       ↓ - 趋势完好
159995     芯片ETF 2.409 2.410   -0.79%   -0.04%      1.94 +13.2%  0.47       ↓ - 趋势完好
562500   机器人ETF 1.142 1.179   -1.19%   -3.14%      1.69  +6.8%  0.42       ↑ - 趋势完好
588000   科创50ETF 1.763 1.755   -0.40%   +0.46%      1.97  +6.7%  0.48       ↓ - 趋势完好
512480   半导体ETF 2.108 2.109   -1.52%   -0.05%      1.76 +13.4%  0.42       ↓ - 趋势完好

============================================================
  ✗ 趋势偏弱  (18只)
============================================================
  代码        名称  现价  昨收 开盘涨跌 早盘涨跌  早盘量能 距MA50  量比 MA5拐头       状态
513180 恒生科技ETF 0.599 0.610   -1.15%   -1.80%      1.51  -4.4%  0.38       ↓ ✗ 趋势偏弱
512580     环保ETF 1.296 1.329   -1.20%   -2.48%      1.32  -7.0%  0.33       ↓ ✗ 趋势偏弱
159869     游戏ETF 1.099 1.107   -0.99%   -0.72%      1.34 -12.6%  0.34       ↓ ✗ 趋势偏弱
512660     军工ETF 1.214 1.235   -0.65%   -1.70%      1.83 -10.2%  0.46       ↓ ✗ 趋势偏弱
512980     传媒ETF 0.861 0.868   -0.92%   -0.81%      0.95 -11.6%  0.24       ↓ ✗ 趋势偏弱
515790     光伏ETF 0.979 1.014   -1.48%   -3.45%      1.11  -8.6%  0.28       ↓ ✗ 趋势偏弱
516160   新能源ETF 2.827 2.902   -1.17%   -2.58%      1.37  -9.8%  0.34       ↓ ✗ 趋势偏弱
517520   黄金股ETF 1.670 1.744   -3.38%   -4.24%      1.41 -21.4%  0.35       ↓ ✗ 趋势偏弱
512400 有色金属ETF 1.826 1.869   -2.46%   -2.30%      1.61 -11.3%  0.40       ↓ ✗ 趋势偏弱
512880     证券ETF 1.004 1.005   -0.50%   -0.10%      1.80  -4.6%  0.44       ↓ ✗ 趋势偏弱
510500  中证500ETF 8.137 8.270   -1.04%   -1.61%      1.02  -2.6%  0.25       ↓ ✗ 趋势偏弱
516110     汽车ETF 1.185 1.214   -0.33%   -2.39%      1.02  -8.6%  0.25       ↓ ✗ 趋势偏弱
512690       酒ETF 0.428 0.421   -0.24%   +1.66%      1.83  -8.9%  0.45       ↓ ✗ 趋势偏弱
512010     医药ETF 0.322 0.320   -0.63%   +0.63%      1.60  -9.9%  0.39       ↓ ✗ 趋势偏弱
512100 中证1000ETF 3.291 3.341   -1.23%   -1.50%      1.37  -1.6%  0.33       ↓ ✗ 趋势偏弱
562800 稀有金属ETF 1.019 1.035   -1.35%   -1.55%      1.76  -6.0%  0.43       ↓ ✗ 趋势偏弱
512200   房地产ETF 1.257 1.263   -0.48%   -0.48%      1.07  -8.8%  0.26       ↓ ✗ 趋势偏弱
510300  沪深300ETF 4.781 4.826   -0.75%   -0.93%      0.56  -0.1%  0.14       ↓ ✗ 趋势偏弱

────────────────────────────────────────────────────────────
  扫描: 27  成功: 27  异常: 0
  ★买入: 0  ▲支撑: 1  ◇多头: 1  ⬆突破: 1

============================================================
  🌅 早盘概览
============================================================
  ↑涨 4 只  ↓跌 23 只  平 0 只
  领涨: 酒ETF +1.66%  量能 1.83x
  领跌: 黄金股ETF -4.24%  量能 1.41x
  量能异常(>2x): 银行ETF(2.57)  通信ETF(2.17)

  📨 已推送飞书
