--- 2026-05-29 10:28:10 ---
🌅 Argus 早盘分析(实时数据)...

  [1/27] 沪深300ETF (在线)
  [2/27] 中证500ETF (在线)
  [3/27] 中证1000ETF (在线)
  [4/27] 创业板ETF (在线)
  [5/27] 科创50ETF (在线)
  [6/27] 半导体ETF (在线)
  [7/27] 芯片ETF (在线)
  [8/27] 通信ETF (在线)
  [9/27] 稀有金属ETF (在线)
  [10/27] 人工智能ETF (在线)
  [11/27] 医药ETF (在线)
  [12/27] 酒ETF (在线)
  [13/27] 汽车ETF (在线)
  [14/27] 银行ETF (在线)
  [15/27] 证券ETF (在线)
  [16/27] 房地产ETF (在线)
  [17/27] 有色金属ETF (在线)
  [18/27] 黄金股ETF (在线)
  [19/27] 新能源ETF (在线)
  [20/27] 光伏ETF (在线)
  [21/27] 传媒ETF (在线)
  [22/27] 军工ETF (在线)
  [23/27] 游戏ETF (在线)
  [24/27] 环保ETF (在线)
  [25/27] 恒生科技ETF (在线)
  [26/27] 红利ETF (在线)
  [27/27] 机器人ETF (在线)
  完成! (在线: 27, 缓存: 0)

============================================================
  ▲ 接近支撑  (4只)
============================================================
  代码        名称  现价  昨收 开盘涨跌 早盘涨跌  早盘量能 距MA50  量比 MA5拐头       状态         试探
510500  中证500ETF 8.525 8.649   +0.13%   -1.43%      0.76  +3.0%  0.18       ↓ ▲ 接近支撑             
512100 中证1000ETF 3.422 3.472   +0.20%   -1.44%      1.24  +3.4%  0.30       ↓ ▲ 接近支撑             
512580     环保ETF 1.432 1.450   +0.00%   -1.24%      2.02  +2.4%  0.52       ↑ ▲ 接近支撑 ◆ 安全垫2.2%
515790     光伏ETF 1.091 1.128   +0.00%   -3.28%      1.82  +0.6%  0.47       ↓ ▲ 接近支撑             

============================================================
  ◇ 多头排列  (1只)
============================================================
  代码      名称  现价  昨收 开盘涨跌 早盘涨跌  早盘量能 距MA50  量比 MA5拐头       状态
159915 创业板ETF 4.109 4.138   +0.12%   -0.70%      2.08 +13.5%   0.5       ↑ ◇ 多头排列

============================================================
  - 趋势完好  (6只)
============================================================
  代码        名称  现价  昨收 开盘涨跌 早盘涨跌  早盘量能 距MA50  量比 MA5拐头       状态
510300  沪深300ETF 4.934 4.932   +0.28%   +0.04%      0.71  +4.2%  0.17       ↑ - 趋势完好
515070 人工智能ETF 2.526 2.585   +0.19%   -2.28%      2.73 +15.2%  0.68       ↑ - 趋势完好
562500   机器人ETF 1.140 1.165   +0.34%   -2.15%      1.31  +9.8%  0.34       ↓ - 趋势完好
159995     芯片ETF 2.547 2.637   +0.53%   -3.41%      1.83 +26.0%  0.45       ↑ - 趋势完好
588000   科创50ETF 1.877 1.942   +0.10%   -3.35%      1.84 +17.9%  0.45       ↓ - 趋势完好
512480   半导体ETF 2.206 2.294   +0.13%   -3.84%      2.02 +25.1%  0.50       ↑ - 趋势完好

============================================================
  ✗ 趋势偏弱  (16只)
============================================================
  代码        名称  现价  昨收 开盘涨跌 早盘涨跌  早盘量能 距MA50  量比 MA5拐头       状态
562800 稀有金属ETF 1.073 1.085   +0.46%   -1.11%      1.51  -0.1%  0.38       ↓ ✗ 趋势偏弱
513180 恒生科技ETF 0.618 0.618   +0.81%   +0.00%      1.29  -1.7%  0.34       ↓ ✗ 趋势偏弱
159869     游戏ETF 1.149 1.157   +0.17%   -0.69%      1.19 -10.8%  0.31       ↓ ✗ 趋势偏弱
512660     军工ETF 1.305 1.344   +0.07%   -2.90%      1.71  -4.4%  0.44       ↓ ✗ 趋势偏弱
512980     传媒ETF 0.910 0.902   +0.11%   +0.89%      1.99  -8.3%  0.51       ↓ ✗ 趋势偏弱
516160   新能源ETF 3.154 3.201   +0.00%   -1.47%      1.51  -0.1%  0.39       ↓ ✗ 趋势偏弱
517520   黄金股ETF 1.890 1.893   +1.90%   -0.16%      1.34 -13.6%  0.34       ↓ ✗ 趋势偏弱
512400 有色金属ETF 1.988 1.991   +1.05%   -0.15%      1.56  -3.6%  0.40       ↓ ✗ 趋势偏弱
512200   房地产ETF 1.370 1.341   +0.00%   +2.16%      1.99  -1.8%  0.51       ↓ ✗ 趋势偏弱
512880     证券ETF 1.033 1.021   +0.20%   +1.18%      3.38  -2.7%  0.86       ↓ ✗ 趋势偏弱
510880     红利ETF 3.197 3.170   -0.16%   +0.85%      2.15  -1.6%  0.56       ↓ ✗ 趋势偏弱
516110     汽车ETF 1.243 1.256   +0.00%   -1.04%      1.75  -5.1%  0.44       ↓ ✗ 趋势偏弱
512690       酒ETF 0.452 0.443   -0.45%   +2.03%      2.80  -5.8%  0.70       ↓ ✗ 趋势偏弱
512010     医药ETF 0.338 0.336   +0.00%   +0.60%      1.87  -6.8%  0.47       ↓ ✗ 趋势偏弱
515880     通信ETF 1.604 1.619   +0.12%   -0.93%      2.46 +22.8%  0.60       ↑ ✗ 趋势偏弱
512800     银行ETF 0.771 0.761   -0.13%   +1.31%      1.86  -2.3%  0.47       ↓ ✗ 趋势偏弱

────────────────────────────────────────────────────────────
  扫描: 27  成功: 27  异常: 0
  ★买入: 0  ▲支撑: 4  ◇多头: 1  ◆试探: 1

============================================================
  🌅 早盘概览
============================================================
  ↑涨 8 只  ↓跌 18 只  平 1 只
  领涨: 房地产ETF +2.16%  量能 1.99x
  领跌: 半导体ETF -3.84%  量能 2.02x
  量能异常(>2x): 证券ETF(3.38)  酒ETF(2.8)  人工智能ETF(2.73)  通信ETF(2.46)  红利ETF(2.15)  创业板ETF(2.08)  环保ETF(2.02)  半导体ETF(2.02)


============================================================
  📊 持仓监控 (3 只)
============================================================
  🔵 持有 中证500ETF(004348 南方中证500C)
     ◇ 多头排列 → ▲ 接近支撑  距MA50 +3.0%  → 持有观望
  🟢 加仓 环保ETF(002984 广发中证环保ETF联接C)
     ▲ 接近支撑 → ▲ 接近支撑  距MA50 +2.4%  → 支撑位企稳，MA5拐头，可加仓 [低位]
  🔴 止损 新能源ETF(012832 南方中证新能源ETF联接C)
     ▲ 接近支撑 → ✗ 趋势偏弱  距MA50 -0.1%  → 趋势走坏，建议止损
  📨 已推送飞书
