--- 2026-06-08 10:28:11 ---
🌅 Argus 早盘分析(实时数据)...

  [1/27] 沪深300ETF (在线)
  [2/27] 中证500ETF (在线)
  [3/27] 中证1000ETF (在线)
  [4/27] 创业板ETF (在线)
  [5/27] 科创50ETF (在线)
  [6/27] 半导体ETF (在线)
  [7/27] 芯片ETF (在线)
  [8/27] 通信ETF (在线)
  [9/27] 稀有金属ETF (在线)
  [10/27] 人工智能ETF (在线)
  [11/27] 医药ETF (在线)
  [12/27] 酒ETF (在线)
  [13/27] 汽车ETF (在线)
  [14/27] 银行ETF (在线)
  [15/27] 证券ETF (在线)
  [16/27] 房地产ETF (在线)
  [17/27] 有色金属ETF (在线)
  [18/27] 黄金股ETF (在线)
  [19/27] 新能源ETF (在线)
  [20/27] 光伏ETF (在线)
  [21/27] 传媒ETF (在线)
  [22/27] 军工ETF (在线)
  [23/27] 游戏ETF (在线)
  [24/27] 环保ETF (在线)
  [25/27] 恒生科技ETF (在线)
  [26/27] 红利ETF (在线)
  [27/27] 机器人ETF (在线)
  完成! (在线: 27, 缓存: 0)

============================================================
  ▲ 接近支撑  (3只)
============================================================
  代码       名称  现价  昨收 开盘涨跌 早盘涨跌  早盘量能 距MA50  量比 MA5拐头       状态         试探
510300 沪深300ETF 4.783 4.843   -1.09%   -1.24%      1.52  +0.2%  0.37       ↓ ▲ 接近支撑 ◆ 安全垫0.6%
588000  科创50ETF 1.710 1.763   -4.14%   -3.01%      1.73  +4.5%  0.42       ↓ ▲ 接近支撑             
159915  创业板ETF 3.891 3.977   -3.70%   -2.16%      2.28  +4.9%  0.55       ↓ ▲ 接近支撑             

============================================================
  ◇ 多头排列  (2只)
============================================================
  代码      名称  现价  昨收 开盘涨跌 早盘涨跌  早盘量能 距MA50  量比 MA5拐头       状态                  突破
512800   银行ETF 0.789 0.784   +0.26%   +0.64%      2.33  +0.1%  0.57       ↑ ◇ 多头排列 ⬆ 突破(4/5日在MA50下)
562500 机器人ETF 1.173 1.163   -2.92%   +0.86%      2.76 +10.7%  0.70       ↑ ◇ 多头排列                      

============================================================
  - 趋势完好  (4只)
============================================================
  代码        名称  现价  昨收 开盘涨跌 早盘涨跌  早盘量能 距MA50  量比 MA5拐头       状态
512480   半导体ETF 2.031 2.091   -5.02%   -2.87%      1.52 +10.8%  0.37       ↓ - 趋势完好
159995     芯片ETF 2.335 2.403   -6.12%   -2.83%      2.49 +11.1%  0.60       ↓ - 趋势完好
515070 人工智能ETF 2.422 2.477   -4.04%   -2.22%      2.18  +7.1%  0.54       ↓ - 趋势完好
510880     红利ETF 3.313 3.321   -0.36%   -0.24%      2.11  +1.9%  0.54       ↑ - 趋势完好

============================================================
  ✗ 趋势偏弱  (18只)
============================================================
  代码        名称  现价  昨收 开盘涨跌 早盘涨跌  早盘量能 距MA50  量比 MA5拐头       状态
513180 恒生科技ETF 0.609 0.621   -2.25%   -1.93%      1.54  -3.0%  0.38       ↓ ✗ 趋势偏弱
512580     环保ETF 1.322 1.345   -1.34%   -1.71%      1.02  -5.4%  0.25       ↓ ✗ 趋势偏弱
159869     游戏ETF 1.113 1.122   -1.69%   -0.80%      1.65 -12.0%  0.41       ↓ ✗ 趋势偏弱
512660     军工ETF 1.247 1.274   -1.88%   -2.12%      1.71  -8.1%  0.43       ↓ ✗ 趋势偏弱
512980     传媒ETF 0.863 0.874   -2.40%   -1.26%      1.70 -11.8%  0.42       ↓ ✗ 趋势偏弱
515790     光伏ETF 1.014 1.040   -2.12%   -2.50%      1.15  -5.8%  0.29       ↓ ✗ 趋势偏弱
516160   新能源ETF 2.876 2.938   -1.77%   -2.11%      1.35  -8.6%  0.34       ↓ ✗ 趋势偏弱
517520   黄金股ETF 1.757 1.829   -4.26%   -3.94%      1.75 -18.1%  0.44       ↓ ✗ 趋势偏弱
510500  中证500ETF 8.200 8.339   -2.15%   -1.67%      1.58  -1.6%  0.38       ↓ ✗ 趋势偏弱
512100 中证1000ETF 3.310 3.358   -2.03%   -1.43%      2.54  -0.8%  0.61       ↓ ✗ 趋势偏弱
512880     证券ETF 1.009 1.016   -0.98%   -0.69%      1.74  -4.3%  0.43       ↓ ✗ 趋势偏弱
516110     汽车ETF 1.219 1.226   -0.08%   -0.57%      1.21  -6.3%  0.30       ↓ ✗ 趋势偏弱
512690       酒ETF 0.429 0.433   -0.23%   -0.92%      1.98  -9.2%  0.49       ↓ ✗ 趋势偏弱
512010     医药ETF 0.323 0.327   -0.61%   -1.22%      1.66 -10.0%  0.41       ↓ ✗ 趋势偏弱
562800 稀有金属ETF 1.041 1.054   -1.04%   -1.23%      3.76  -3.8%  0.92       ↓ ✗ 趋势偏弱
515880     通信ETF 1.641 1.663   -4.99%   -1.32%      3.04 +19.2%  0.73       ↑ ✗ 趋势偏弱
512400 有色金属ETF 1.856 1.926   -4.26%   -3.63%      1.94 -10.0%  0.48       ↓ ✗ 趋势偏弱
512200   房地产ETF 1.285 1.297   -1.31%   -0.93%      0.81  -7.1%  0.20       ↓ ✗ 趋势偏弱

────────────────────────────────────────────────────────────
  扫描: 27  成功: 27  异常: 0
  ★买入: 0  ▲支撑: 3  ◇多头: 2  ◆试探: 1  ⬆突破: 1

============================================================
  🌅 早盘概览
============================================================
  ↑涨 2 只  ↓跌 25 只  平 0 只
  领涨: 机器人ETF +0.86%  量能 2.76x
  领跌: 黄金股ETF -3.94%  量能 1.75x
  量能异常(>2x): 稀有金属ETF(3.76)  通信ETF(3.04)  机器人ETF(2.76)  中证1000ETF(2.54)  芯片ETF(2.49)  银行ETF(2.33)  创业板ETF(2.28)  人工智能ETF(2.18)  红利ETF(2.11)

  📨 已推送飞书
