--- 2026-05-28 10:28:11 ---
🌅 Argus 早盘分析(实时数据)...

  [1/27] 沪深300ETF (在线)
  [2/27] 中证500ETF (在线)
  [3/27] 中证1000ETF (在线)
  [4/27] 创业板ETF (在线)
  [5/27] 科创50ETF (在线)
  [6/27] 半导体ETF (在线)
  [7/27] 芯片ETF (在线)
  [8/27] 通信ETF (在线)
  [9/27] 稀有金属ETF (在线)
  [10/27] 人工智能ETF (在线)
  [11/27] 医药ETF (在线)
  [12/27] 酒ETF (在线)
  [13/27] 汽车ETF (在线)
  [14/27] 银行ETF (在线)
  [15/27] 证券ETF (在线)
  [16/27] 房地产ETF (在线)
  [17/27] 有色金属ETF (在线)
  [18/27] 黄金股ETF (在线)
  [19/27] 新能源ETF (在线)
  [20/27] 光伏ETF (在线)
  [21/27] 传媒ETF (在线)
  [22/27] 军工ETF (在线)
  [23/27] 游戏ETF (在线)
  [24/27] 环保ETF (在线)
  [25/27] 恒生科技ETF (在线)
  [26/27] 红利ETF (在线)
  [27/27] 机器人ETF (在线)
  完成! (在线: 27, 缓存: 0)

============================================================
  ▲ 接近支撑  (4只)
============================================================
  代码        名称  现价  昨收 开盘涨跌 早盘涨跌  早盘量能 距MA50  量比 MA5拐头       状态         试探
510300  沪深300ETF 4.882 4.932   -0.30%   -1.01%      0.68  +3.2%  0.16       ↑ ▲ 接近支撑             
510500  中证500ETF 8.557 8.614   -0.45%   -0.66%      0.61  +3.5%  0.15       ↓ ▲ 接近支撑             
512100 中证1000ETF 3.418 3.437   +0.00%   -0.55%      1.36  +3.4%  0.33       ↓ ▲ 接近支撑             
512580     环保ETF 1.433 1.436   +0.00%   -0.21%      2.29  +2.5%  0.58       ↓ ▲ 接近支撑 ◆ 安全垫2.3%

============================================================
  ◇ 多头排列  (1只)
============================================================
  代码    名称  现价  昨收 开盘涨跌 早盘涨跌  早盘量能 距MA50  量比 MA5拐头       状态
515790 光伏ETF 1.119  1.12   -0.36%   -0.09%      1.29  +3.1%  0.32       ↓ ◇ 多头排列

============================================================
  - 趋势完好  (6只)
============================================================
  代码        名称  现价  昨收 开盘涨跌 早盘涨跌  早盘量能 距MA50  量比 MA5拐头       状态
515070 人工智能ETF 2.502 2.540   -0.63%   -1.50%      1.59 +14.8%  0.39       ↑ - 趋势完好
562500   机器人ETF 1.163 1.205   -1.41%   -3.49%      4.83 +12.6%  1.23       ↓ - 趋势完好
512480   半导体ETF 2.271 2.265   -1.59%   +0.26%      1.85 +29.8%  0.46       ↑ - 趋势完好
159915   创业板ETF 4.012 4.056   -0.42%   -1.08%      2.01 +11.3%  0.49       ↑ - 趋势完好
588000   科创50ETF 1.924 1.911   -0.94%   +0.68%      1.82 +21.6%  0.44       ↓ - 趋势完好
159995     芯片ETF 2.623 2.631   -1.98%   -0.30%      2.15 +30.7%  0.53       ↑ - 趋势完好

============================================================
  ✗ 趋势偏弱  (16只)
============================================================
  代码        名称  现价  昨收 开盘涨跌 早盘涨跌  早盘量能 距MA50  量比 MA5拐头       状态
515880     通信ETF 1.527 1.539   -0.58%   -0.78%      1.36 +18.1%  0.34       ↑ ✗ 趋势偏弱
513180 恒生科技ETF 0.617 0.620   -0.16%   -0.48%      1.20  -2.0%  0.31       ↓ ✗ 趋势偏弱
159869     游戏ETF 1.142 1.165   -0.52%   -1.97%      1.25 -11.6%  0.32       ↓ ✗ 趋势偏弱
512660     军工ETF 1.336 1.323   -0.30%   +0.98%      1.49  -2.2%  0.37       ↓ ✗ 趋势偏弱
512980     传媒ETF 0.889 0.909   -0.77%   -2.20%      2.63 -10.7%  0.66       ↓ ✗ 趋势偏弱
516160   新能源ETF 3.156 3.180   +0.09%   -0.75%      1.15  -0.0%  0.29       ↓ ✗ 趋势偏弱
512400 有色金属ETF 1.959 2.013   -1.49%   -2.68%      2.39  -5.1%  0.60       ↑ ✗ 趋势偏弱
512200   房地产ETF 1.334 1.329   -0.30%   +0.38%      0.58  -4.5%  0.15       ↓ ✗ 趋势偏弱
512880     证券ETF 1.023 1.043   -0.19%   -1.92%      2.10  -3.8%  0.53       ↓ ✗ 趋势偏弱
510880     红利ETF 3.187 3.170   -0.22%   +0.54%      1.82  -2.0%  0.46       ↓ ✗ 趋势偏弱
516110     汽车ETF 1.246 1.279   -0.08%   -2.58%      1.19  -5.0%  0.29       ↓ ✗ 趋势偏弱
512690       酒ETF 0.446 0.453   -1.10%   -1.55%      2.12  -7.3%  0.52       ↓ ✗ 趋势偏弱
512010     医药ETF 0.337 0.342   -0.29%   -1.46%      1.52  -7.2%  0.37       ↓ ✗ 趋势偏弱
562800 稀有金属ETF 1.060 1.071   -0.75%   -1.03%      0.85  -1.2%  0.21       ↓ ✗ 趋势偏弱
517520   黄金股ETF 1.885 1.957   -1.79%   -3.68%      2.04 -14.2%  0.51       ↓ ✗ 趋势偏弱
512800     银行ETF 0.768 0.767   -0.13%   +0.13%      1.15  -2.8%  0.29       ↓ ✗ 趋势偏弱

────────────────────────────────────────────────────────────
  扫描: 27  成功: 27  异常: 0
  ★买入: 0  ▲支撑: 4  ◇多头: 1  ◆试探: 1

============================================================
  🌅 早盘概览
============================================================
  ↑涨 6 只  ↓跌 21 只  平 0 只
  领涨: 军工ETF +0.98%  量能 1.49x
  领跌: 黄金股ETF -3.68%  量能 2.04x
  量能异常(>2x): 机器人ETF(4.83)  传媒ETF(2.63)  有色金属ETF(2.39)  环保ETF(2.29)  芯片ETF(2.15)  酒ETF(2.12)  证券ETF(2.1)  黄金股ETF(2.04)  创业板ETF(2.01)


============================================================
  📊 持仓监控 (1 只)
============================================================
  🔵 持有 中证500ETF(004348 南方中证500C)
     ◇ 多头排列 → ▲ 接近支撑  距MA50 +3.5%  → 持有观望
  📨 已推送飞书
