--- 2026-05-26 15:34:10 ---
🔭 Argus 正在扫描...

  [1/27] 沪深300ETF (在线)
  [2/27] 中证500ETF (在线)
  [3/27] 中证1000ETF (在线)
  [4/27] 创业板ETF (在线)
  [5/27] 科创50ETF (在线)
  [6/27] 半导体ETF (在线)
  [7/27] 芯片ETF (在线)
  [8/27] 通信ETF (在线)
  [9/27] 稀有金属ETF (在线)
  [10/27] 人工智能ETF (在线)
  [11/27] 医药ETF (在线)
  [12/27] 酒ETF (在线)
  [13/27] 汽车ETF (在线)
  [14/27] 银行ETF (在线)
  [15/27] 证券ETF (在线)
  [16/27] 房地产ETF (在线)
  [17/27] 有色金属ETF (在线)
  [18/27] 黄金股ETF (在线)
  [19/27] 新能源ETF (在线)
  [20/27] 光伏ETF (在线)
  [21/27] 传媒ETF (在线)
  [22/27] 军工ETF (在线)
  [23/27] 游戏ETF (在线)
  [24/27] 环保ETF (在线)
  [25/27] 恒生科技ETF (在线)
  [26/27] 红利ETF (在线)
  [27/27] 机器人ETF (在线)
  完成! (在线: 27, 缓存: 0)

============================================================
  ▲ 接近支撑  (3只)
============================================================
  代码        名称  现价   MA5  MA20  MA50  MA100 距MA50  量比 回踩MA50 MA5拐头       状态
512580     环保ETF 1.423 1.431 1.436 1.398  1.361  +1.8%  1.00       是       ↓ ▲ 接近支撑
516160   新能源ETF 3.174 3.189 3.249 3.160  3.084  +0.4%  0.87       是       ↓ ▲ 接近支撑
562800 稀有金属ETF 1.093 1.075 1.130 1.073  1.060  +1.8%  0.53       是       ↓ ▲ 接近支撑

============================================================
  ◇ 多头排列  (10只)
============================================================
  代码        名称  现价   MA5  MA20  MA50  MA100 距MA50  量比 回踩MA50 MA5拐头       状态
510300  沪深300ETF 4.937 4.869 4.872 4.714  4.730  +4.7%  1.31       否       ↓ ◇ 多头排列
515790     光伏ETF 1.123 1.114 1.097 1.089  1.078  +3.1%  0.76       是       ↑ ◇ 多头排列
515070 人工智能ETF 2.605 2.522 2.405 2.144  2.085 +21.5%  1.02       否       ↑ ◇ 多头排列
562500   机器人ETF 1.216 1.200 1.115 1.026  1.039 +18.5%  1.16       否       ↑ ◇ 多头排列
512480   半导体ETF 2.348 2.205 1.971 1.706  1.658 +37.6%  1.03       否       ↑ ◇ 多头排列
588000   科创50ETF 1.998 1.909 1.756 1.554  1.540 +28.6%  1.25       否       ↑ ◇ 多头排列
510500  中证500ETF 8.786 8.680 8.629 8.255  8.238  +6.4%  0.81       否       ↑ ◇ 多头排列
512100 中证1000ETF 3.539 3.511 3.461 3.298  3.278  +7.3%  0.91       否       ↑ ◇ 多头排列
159995     芯片ETF 2.727 2.543 2.258 1.957  1.924 +39.3%  1.08       否       ↑ ◇ 多头排列
159915   创业板ETF 4.034 3.936 3.847 3.560  3.417 +13.3%  1.01       否       ↓ ◇ 多头排列

============================================================
  ✗ 趋势偏弱  (14只)
============================================================
  代码        名称  现价   MA5  MA20  MA50  MA100 距MA50  量比 回踩MA50 MA5拐头       状态
515880     通信ETF 1.562 1.507 1.445 1.267  1.789 +23.3%  1.05       否       ↑ ✗ 趋势偏弱
513180 恒生科技ETF 0.617 0.617 0.631 0.631  0.677  -2.2%  0.44       是       ↓ ✗ 趋势偏弱
159869     游戏ETF 1.183 1.226 1.283 1.307  1.422  -9.5%  1.48       是       ↓ ✗ 趋势偏弱
512660     军工ETF 1.376 1.364 1.407 1.374  1.420  +0.2%  1.11       是       ↓ ✗ 趋势偏弱
512980     传媒ETF 0.932 0.957 0.992 1.005  1.070  -7.2%  0.87       是       ↓ ✗ 趋势偏弱
512400 有色金属ETF 2.025 1.991 2.098 2.078  2.129  -2.5%  1.21       是       ↓ ✗ 趋势偏弱
512200   房地产ETF 1.382 1.392 1.429 1.405  1.466  -1.6%  1.14       是       ↓ ✗ 趋势偏弱
512880     证券ETF 1.045 1.048 1.068 1.068  1.132  -2.1%  0.84       是       ↓ ✗ 趋势偏弱
510880     红利ETF 3.185 3.190 3.256 3.261  3.222  -2.3%  1.28       是       ↓ ✗ 趋势偏弱
516110     汽车ETF 1.300 1.295 1.313 1.317  1.357  -1.3%  1.11       是       ↑ ✗ 趋势偏弱
512690       酒ETF 0.448 0.451 0.469 0.485  0.511  -7.6%  1.09       是       ↓ ✗ 趋势偏弱
512010     医药ETF 0.340 0.346 0.361 0.365  0.375  -6.8%  1.22       是       ↓ ✗ 趋势偏弱
517520   黄金股ETF 1.980 1.955 2.131 2.229  2.340 -11.2%  0.69       是       ↓ ✗ 趋势偏弱
512800     银行ETF 0.767 0.770 0.785 0.791  0.792  -3.1%  0.63       是       ↓ ✗ 趋势偏弱

────────────────────────────────────────────────────────────
  扫描: 27  成功: 27  异常: 0
  ★买入: 0  ▲支撑: 3  ◇多头: 10


============================================================
  📊 持仓监控 (1 只)
============================================================
  🟢 加仓 中证500ETF(004348 南方中证500C)
     ◇ 多头排列 → ◇ 多头排列  距MA50 +6.4%  → 多头排列，可加仓 [追涨]
  📕 小红书日志已保存: scan_20260526_xhs.txt

============================================================
  🔍 尾盘对比 (14:45 vs 15:00)
============================================================
       名称  盘中价  收盘价   涨跌  量比变化                信号变化
有色金属ETF   2.097   2.025 -3.43% 1.39→1.21                       —
  黄金股ETF   2.044   1.980 -3.13% 0.83→0.69                       —
    军工ETF   1.347   1.376 +2.15% 0.85→1.11                       —
恒生科技ETF   0.629   0.617 -1.91% 1.46→0.44                       —
    传媒ETF   0.918   0.932 +1.53% 0.84→0.87                       —
  房地产ETF   1.364   1.382 +1.32% 0.85→1.14                       —
  半导体ETF   2.319   2.348 +1.25% 1.02→1.03                       —
  科创50ETF   1.974   1.998 +1.22% 0.97→1.25                       —
中证1000ETF   3.497   3.539 +1.20%  0.5→0.91 - 趋势完好 → ◇ 多头排列
稀有金属ETF   1.104   1.093 -1.00% 0.71→0.53                       —
    光伏ETF   1.113   1.123 +0.90% 0.73→0.76 - 趋势完好 → ◇ 多头排列
      酒ETF   0.444   0.448 +0.90% 0.91→1.09                       —
    通信ETF   1.550   1.562 +0.77% 0.79→1.05                       —
    芯片ETF   2.708   2.727 +0.70% 1.04→1.08                       —
  创业板ETF   4.062   4.034 -0.69% 1.12→1.01                       —
    证券ETF   1.052   1.045 -0.67% 1.13→0.84                       —
 沪深300ETF   4.968   4.937 -0.62%  0.7→1.31                       —
人工智能ETF   2.590   2.605 +0.58% 0.89→1.02                       —
    游戏ETF   1.177   1.183 +0.51% 0.69→1.48                       —
 中证500ETF   8.746   8.786 +0.46% 0.28→0.81                       —
    环保ETF   1.429   1.423 -0.42%  0.59→1.0                       —
    银行ETF   0.770   0.767 -0.39% 0.78→0.63                       —
    汽车ETF   1.305   1.300 -0.38%  1.3→1.11                       —

────────────────────────────────────────────────────────────
  尾盘异动: 23 只  信号翻转: 2 只  大幅波动(≥1%): 10 只
  ⚠ 信号翻转:
    中证1000ETF: - 趋势完好 → ◇ 多头排列
    光伏ETF: - 趋势完好 → ◇ 多头排列
  ⚠ 大幅波动:
    有色金属ETF: -3.43%
    黄金股ETF: -3.13%
    军工ETF: +2.15%
    恒生科技ETF: -1.91%
    传媒ETF: +1.53%
    房地产ETF: +1.32%
    半导体ETF: +1.25%
    科创50ETF: +1.22%
    中证1000ETF: +1.20%
    稀有金属ETF: -1.00%

  📨 已推送飞书
