--- 2026-05-25 14:43:10 ---
🔭 Argus 正在扫描...

  [1/27] 沪深300ETF (在线)
  [2/27] 中证500ETF (在线)
  [3/27] 中证1000ETF (在线)
  [4/27] 创业板ETF (在线)
  [5/27] 科创50ETF (在线)
  [6/27] 半导体ETF (在线)
  [7/27] 芯片ETF (在线)
  [8/27] 通信ETF (在线)
  [9/27] 稀有金属ETF (在线)
  [10/27] 人工智能ETF (在线)
  [11/27] 医药ETF (在线)
  [12/27] 酒ETF (在线)
  [13/27] 汽车ETF (在线)
  [14/27] 银行ETF (在线)
  [15/27] 证券ETF (在线)
  [16/27] 房地产ETF (在线)
  [17/27] 有色金属ETF (在线)
  [18/27] 黄金股ETF (在线)
  [19/27] 新能源ETF (在线)
  [20/27] 光伏ETF (在线)
  [21/27] 传媒ETF (在线)
  [22/27] 军工ETF (在线)
  [23/27] 游戏ETF (在线)
  [24/27] 环保ETF (在线)
  [25/27] 恒生科技ETF (在线)
  [26/27] 红利ETF (在线)
  [27/27] 机器人ETF (在线)
  完成! (在线: 27, 缓存: 0)

============================================================
  ▲ 接近支撑  (3只)
============================================================
  代码        名称  现价   MA5  MA20  MA50  MA100 距MA50  量比 回踩MA50 MA5拐头       状态
512580     环保ETF 1.421 1.431 1.436 1.398  1.361  +1.6%  0.98       是       ↓ ▲ 接近支撑
516160   新能源ETF 3.171 3.188 3.249 3.160  3.084  +0.3%  0.84       是       ↓ ▲ 接近支撑
562800 稀有金属ETF 1.091 1.075 1.130 1.073  1.060  +1.6%  0.50       是       ↓ ▲ 接近支撑

============================================================
  ◇ 多头排列  (10只)
============================================================
  代码        名称  现价   MA5  MA20  MA50  MA100 距MA50  量比 回踩MA50 MA5拐头       状态
510300  沪深300ETF 4.929 4.868 4.871 4.714  4.730  +4.6%  1.22       否       ↓ ◇ 多头排列
515790     光伏ETF 1.123 1.114 1.097 1.089  1.078  +3.1%  0.71       是       ↑ ◇ 多头排列
515070 人工智能ETF 2.597 2.521 2.404 2.144  2.085 +21.1%  0.96       否       ↑ ◇ 多头排列
562500   机器人ETF 1.212 1.200 1.115 1.026  1.039 +18.1%  1.08       否       ↑ ◇ 多头排列
512480   半导体ETF 2.344 2.205 1.971 1.706  1.658 +37.4%  0.94       否       ↑ ◇ 多头排列
588000   科创50ETF 1.995 1.909 1.755 1.554  1.540 +28.4%  1.15       否       ↑ ◇ 多头排列
510500  中证500ETF 8.778 8.678 8.629 8.255  8.238  +6.3%  0.77       否       ↑ ◇ 多头排列
512100 中证1000ETF 3.535 3.510 3.461 3.298  3.278  +7.2%  0.81       否       ↑ ◇ 多头排列
159995     芯片ETF 2.712 2.540 2.257 1.957  1.924 +38.6%  1.01       否       ↑ ◇ 多头排列
159915   创业板ETF 4.026 3.934 3.847 3.560  3.417 +13.1%  0.95       否       ↓ ◇ 多头排列

============================================================
  ✗ 趋势偏弱  (14只)
============================================================
  代码        名称  现价   MA5  MA20  MA50  MA100 距MA50  量比 回踩MA50 MA5拐头       状态
515880     通信ETF 1.560 1.507 1.445 1.267  1.789 +23.2%  0.99       否       ↑ ✗ 趋势偏弱
513180 恒生科技ETF 0.615 0.616 0.631 0.631  0.677  -2.5%  0.37       是       ↓ ✗ 趋势偏弱
159869     游戏ETF 1.180 1.226 1.283 1.307  1.422  -9.7%  1.43       是       ↓ ✗ 趋势偏弱
512660     军工ETF 1.376 1.364 1.407 1.374  1.420  +0.2%  0.99       是       ↓ ✗ 趋势偏弱
512980     传媒ETF 0.930 0.956 0.992 1.004  1.070  -7.4%  0.83       是       ↓ ✗ 趋势偏弱
512400 有色金属ETF 2.024 1.991 2.098 2.078  2.129  -2.6%  1.16       是       ↓ ✗ 趋势偏弱
512200   房地产ETF 1.380 1.392 1.429 1.405  1.466  -1.8%  1.08       是       ↓ ✗ 趋势偏弱
512880     证券ETF 1.045 1.048 1.068 1.068  1.132  -2.1%  0.78       是       ↓ ✗ 趋势偏弱
510880     红利ETF 3.185 3.190 3.256 3.261  3.222  -2.3%  1.23       是       ↓ ✗ 趋势偏弱
516110     汽车ETF 1.299 1.295 1.313 1.317  1.357  -1.3%  0.98       是       ↑ ✗ 趋势偏弱
512690       酒ETF 0.447 0.450 0.469 0.485  0.511  -7.8%  1.06       是       ↓ ✗ 趋势偏弱
512010     医药ETF 0.340 0.346 0.361 0.365  0.375  -6.8%  1.17       是       ↓ ✗ 趋势偏弱
517520   黄金股ETF 1.975 1.954 2.131 2.229  2.340 -11.4%  0.65       是       ↓ ✗ 趋势偏弱
512800     银行ETF 0.768 0.770 0.785 0.791  0.792  -2.9%  0.58       是       ↓ ✗ 趋势偏弱

────────────────────────────────────────────────────────────
  扫描: 27  成功: 27  异常: 0
  ★买入: 0  ▲支撑: 3  ◇多头: 10


============================================================
  📊 持仓监控 (1 只)
============================================================
  🟢 加仓 中证500ETF(004348 南方中证500C)
     ★ 买入信号 → ◇ 多头排列  距MA50 +6.3%  → 多头排列，可加仓 [追涨]
  📨 已推送飞书
