--- 2026-05-14 22:30:11 ---
🔭 Argus 正在扫描...



============================================================
  ▲ 接近支撑  (3只)
============================================================
  代码        名称  现价   MA5  MA20  MA50  MA100 距MA50  量比 回踩MA50 MA5拐头       状态
516160   新能源ETF 3.223 3.298 3.250 3.143  3.054  +2.5%  0.93       是       ↓ ▲ 接近支撑
562800   机器人ETF 1.132 1.176 1.140 1.081  1.044  +4.7%  1.18       是       ↓ ▲ 接近支撑
512400 有色金属ETF 2.130 2.188 2.154 2.125  2.112  +0.2%  1.16       是       ↓ ▲ 接近支撑

============================================================
  ◇ 多头排列  (7只)
============================================================
  代码        名称  现价   MA5  MA20  MA50  MA100 距MA50  量比 回踩MA50 MA5拐头       状态
515790     光伏ETF 1.128 1.123 1.084 1.092  1.067  +3.3%  1.87       是       ↑ ◇ 多头排列
159915   创业板ETF 3.961 3.940 3.742 3.460  3.361 +14.5%  1.11       否       ↑ ◇ 多头排列
588000   科创50ETF 1.815 1.807 1.625 1.500  1.506 +21.0%  1.18       否       ↑ ◇ 多头排列
512480   半导体ETF 2.043 2.015 1.786 1.626  1.606 +25.7%  0.97       否       ↑ ◇ 多头排列
159995     芯片ETF 2.321 2.303 2.037 1.869  1.868 +24.2%  0.94       否       ↑ ◇ 多头排列
515050       5GETF 1.133 1.111 1.014 0.889  0.830 +27.5%  3.38       否       ↑ ◇ 多头排列
515070 人工智能ETF 2.522 2.489 2.281 2.068  2.041 +22.0%  0.93       否       ↑ ◇ 多头排列

============================================================
  - 趋势完好  (5只)
============================================================
  代码        名称  现价   MA5  MA20  MA50  MA100 距MA50  量比 回踩MA50 MA5拐头       状态
510300  沪深300ETF 4.941 4.955 4.830 4.686  4.717  +5.4%  0.93       否       ↑ - 趋势完好
512660     军工ETF 1.419 1.467 1.417 1.394  1.410  +1.8%  1.31       是       ↓ - 趋势完好
512580     环保ETF 1.436 1.457 1.423 1.387  1.349  +3.5%  0.74       是       ↓ - 趋势完好
512100 中证1000ETF 3.529 3.546 3.395 3.269  3.240  +8.0%  0.71       是       ↑ - 趋势完好
510500  中证500ETF 8.772 8.865 8.495 8.223  8.137  +6.7%  1.29       是       ↑ - 趋势完好

============================================================
  ✗ 趋势偏弱  (10只)
============================================================
  代码      名称  现价   MA5  MA20  MA50  MA100 距MA50  量比 回踩MA50 MA5拐头       状态
516110   汽车ETF 1.294 1.322 1.328 1.323  1.364  -2.2%  0.78       是       ↓ ✗ 趋势偏弱
512800   银行ETF 0.784 0.783 0.795 0.792  0.795  -1.1%  1.19       是       ↓ ✗ 趋势偏弱
512880   证券ETF 1.071 1.089 1.078 1.079  1.143  -0.7%  1.19       是       ↓ ✗ 趋势偏弱
512200 房地产ETF 1.456 1.491 1.426 1.414  1.470  +3.0%  0.76       是       ↓ ✗ 趋势偏弱
512010   医药ETF 0.360 0.368 0.369 0.368  0.378  -2.1%  1.81       是       ↓ ✗ 趋势偏弱
560080 黄金股ETF 0.987 0.998 0.998 1.011  1.036  -2.4%  0.99       是       ↓ ✗ 趋势偏弱
515880   通信ETF 1.544 1.503 1.374 1.207  1.890 +27.9%  1.24       否       ↑ ✗ 趋势偏弱
512980   传媒ETF 0.979 1.014 1.015 1.021  1.069  -4.1%  1.56       是       ↓ ✗ 趋势偏弱
159869   游戏ETF 1.281 1.320 1.314 1.332  1.433  -3.8%  1.07       是       ↓ ✗ 趋势偏弱
512690     酒ETF 0.466 0.470 0.481 0.493  0.518  -5.5%  1.95       是       ↓ ✗ 趋势偏弱

────────────────────────────────────────────────────────────
  扫描: 25  成功: 25  异常: 0
  ★买入: 0  ▲支撑: 3  ◇多头: 7


============================================================
  📊 持仓监控 (1 只)
============================================================
  🟡 关注 中证500ETF(004348 南方中证500C)
     ★ 买入信号 → - 趋势完好  距MA50 +6.7%  → 趋势转弱，密切关注
  📕 小红书日志已保存: scan_0514_xhs.txt

============================================================
  🔍 尾盘对比 (14:45 vs 15:00)
============================================================
     名称  盘中价  收盘价   涨跌  量比变化                信号变化
黄金股ETF   0.994   0.987 -0.70% 0.77→0.99                       —
新能源ETF   3.223   3.223 +0.00% 0.93→0.93 - 趋势完好 → ▲ 接近支撑
机器人ETF   1.132   1.132 +0.00% 1.18→1.18 - 趋势完好 → ▲ 接近支撑

────────────────────────────────────────────────────────────
  尾盘异动: 3 只  信号翻转: 2 只  大幅波动(≥1%): 0 只
  ⚠ 信号翻转:
    新能源ETF: - 趋势完好 → ▲ 接近支撑
    机器人ETF: - 趋势完好 → ▲ 接近支撑

  📨 已推送飞书
