--- 2026-06-12 15:34:10 ---
🔭 Argus 正在扫描...

  [1/27] 沪深300ETF (在线)
  [2/27] 中证500ETF (在线)
  [3/27] 中证1000ETF (在线)
  [4/27] 创业板ETF (在线)
  [5/27] 科创50ETF (在线)
  [6/27] 半导体ETF (在线)
  [7/27] 芯片ETF (在线)
  [8/27] 通信ETF (在线)
  [9/27] 稀有金属ETF (在线)
  [10/27] 人工智能ETF (在线)
  [11/27] 医药ETF (在线)
  [12/27] 酒ETF (在线)
  [13/27] 汽车ETF (在线)
  [14/27] 银行ETF (在线)
  [15/27] 证券ETF (在线)
  [16/27] 房地产ETF (在线)
  [17/27] 有色金属ETF (在线)
  [18/27] 黄金股ETF (在线)
  [19/27] 新能源ETF (在线)
  [20/27] 光伏ETF (在线)
  [21/27] 传媒ETF (在线)
  [22/27] 军工ETF (在线)
  [23/27] 游戏ETF (在线)
  [24/27] 环保ETF (在线)
  [25/27] 恒生科技ETF (在线)
  [26/27] 红利ETF (在线)
  [27/27] 机器人ETF (在线)
  完成! (在线: 27, 缓存: 0)

============================================================
  ★ 买入信号  (2只)
============================================================
  代码        名称  现价   MA5  MA20  MA50  MA100 距MA50  量比 回踩MA50 MA5拐头       状态                  突破 风险等级                     信号评估                    场外基金
512800     银行ETF 0.814 0.801 0.781 0.789  0.787  +3.2%  1.49       是       ↑ ★ 买入信号                           低位 中|长期均线未理顺,距高点-54%     001595 天弘银行ETF联接C
562800 稀有金属ETF 1.097 1.040 1.062 1.086  1.076  +1.0%  1.56       是       ↑ ★ 买入信号 ⬆ 突破(5/5日在MA50下)     低位                  中|均线紊乱 014111 嘉实稀有金属ETF联接C

============================================================
  ▲ 接近支撑  (4只)
============================================================
  代码        名称  现价   MA5  MA20  MA50  MA100 距MA50  量比 回踩MA50 MA5拐头       状态                试探 风险等级
515070 人工智能ETF 2.349 2.391 2.490 2.302  2.157  +2.0%  0.76       否       ↓ ▲ 接近支撑 ◇ 待验证 安全垫6.8%      NaN
510300  沪深300ETF 4.818 4.784 4.871 4.795  4.741  +0.5%  1.01       是       ↓ ▲ 接近支撑        ◆ 安全垫1.1%      NaN
562500   机器人ETF 1.087 1.131 1.157 1.075  1.059  +1.1%  0.71       是       ↓ ▲ 接近支撑        ◆ 安全垫1.6%      NaN
159915   创业板ETF 3.846 3.869 3.975 3.755  3.523  +2.4%  0.85       否       ↓ ▲ 接近支撑 ◇ 待验证 安全垫6.6%      NaN

============================================================
  ◇ 多头排列  (1只)
============================================================
  代码    名称  现价   MA5  MA20  MA50  MA100 距MA50  量比 回踩MA50 MA5拐头       状态 风险等级
510880 红利ETF 3.303 3.284 3.245 3.252  3.233  +1.6%  0.74       是       ↓ ◇ 多头排列      NaN

============================================================
  - 趋势完好  (4只)
============================================================
  代码      名称  现价   MA5  MA20  MA50  MA100 距MA50  量比 回踩MA50 MA5拐头       状态 风险等级
588000 科创50ETF 1.756 1.739 1.833 1.667  1.590  +5.3%  0.90       是       ↓ - 趋势完好      NaN
159995   芯片ETF 2.383 2.374 2.478 2.157  2.020 +10.5%  0.83       否       ↓ - 趋势完好      NaN
512480 半导体ETF 2.106 2.088 2.156 1.884  1.748 +11.8%  0.77       否       ↓ - 趋势完好      NaN
515880   通信ETF 1.584 1.623 1.586 1.420  1.581 +11.5%  1.34       否       ↓ - 趋势完好      NaN

============================================================
  ✗ 趋势偏弱  (16只)
============================================================
  代码        名称  现价   MA5  MA20  MA50  MA100 距MA50  量比 回踩MA50 MA5拐头       状态 风险等级
512100 中证1000ETF 3.309 3.299 3.410 3.353  3.315  -1.3%  0.72       是       ↓ ✗ 趋势偏弱      NaN
513180 恒生科技ETF 0.595 0.599 0.618 0.626  0.660  -4.9%  0.67       是       ↓ ✗ 趋势偏弱      NaN
512580     环保ETF 1.328 1.314 1.391 1.391  1.373  -4.5%  0.76       是       ↓ ✗ 趋势偏弱      NaN
159869     游戏ETF 1.063 1.081 1.154 1.249  1.373 -14.9%  1.30       是       ↓ ✗ 趋势偏弱      NaN
512660     军工ETF 1.246 1.228 1.300 1.350  1.407  -7.7%  1.23       是       ↓ ✗ 趋势偏弱      NaN
512980     传媒ETF 0.830 0.846 0.905 0.967  1.052 -14.2%  1.24       是       ↓ ✗ 趋势偏弱      NaN
515790     光伏ETF 0.996 0.999 1.070 1.067  1.088  -6.7%  0.92       是       ↓ ✗ 趋势偏弱      NaN
517520   黄金股ETF 1.807 1.733 1.884 2.107  2.307 -14.2%  1.55       是       ↓ ✗ 趋势偏弱      NaN
512400 有色金属ETF 1.976 1.878 1.966 2.056  2.132  -3.9%  1.51       是       ↓ ✗ 趋势偏弱      NaN
512880     证券ETF 1.045 1.015 1.033 1.053  1.104  -0.7%  1.66       是       ↓ ✗ 趋势偏弱      NaN
516110     汽车ETF 1.175 1.189 1.248 1.291  1.330  -9.0%  0.57       是       ↓ ✗ 趋势偏弱      NaN
512690       酒ETF 0.428 0.425 0.442 0.467  0.496  -8.4%  0.88       是       ↓ ✗ 趋势偏弱      NaN
512010     医药ETF 0.332 0.325 0.336 0.356  0.367  -6.7%  1.08       是       ↓ ✗ 趋势偏弱      NaN
510500  中证500ETF 8.242 8.177 8.469 8.367  8.338  -1.5%  0.75       是       ↓ ✗ 趋势偏弱      NaN
516160   新能源ETF 2.908 2.866 3.066 3.125  3.101  -6.9%  0.79       是       ↓ ✗ 趋势偏弱      NaN
512200   房地产ETF 1.277 1.265 1.335 1.374  1.438  -7.1%  1.38       是       ↓ ✗ 趋势偏弱      NaN

────────────────────────────────────────────────────────────
  扫描: 27  成功: 27  异常: 0
  ★买入: 2  ▲支撑: 4  ◇多头: 1  ◆试探: 4  ⬆突破: 1

  📕 小红书日志已保存: scan_20260612_xhs.txt

============================================================
  🔍 尾盘对比 (14:45 vs 15:00)
============================================================
  尾盘无显著变化，行情平稳收尾

  📨 已推送飞书
