--- 2026-06-22 10:28:10 ---
🌅 Argus 早盘分析(实时数据)...

  [1/28] 沪深300ETF (在线)
  [2/28] 中证500ETF (在线)
  [3/28] 中证1000ETF (在线)
  [4/28] 创业板ETF (在线)
  [5/28] 科创50ETF (在线)
  [6/28] 半导体ETF (在线)
  [7/28] 芯片ETF (在线)
  [8/28] 通信ETF (在线)
  [9/28] 稀有金属ETF (在线)
  [10/28] 人工智能ETF (在线)
  [11/28] 医药ETF (在线)
  [12/28] 酒ETF (在线)
  [13/28] 汽车ETF (在线)
  [14/28] 银行ETF (在线)
  [15/28] 证券ETF (在线)
  [16/28] 房地产ETF (在线)
  [17/28] 有色金属ETF (在线)
  [18/28] 黄金股ETF (在线)
  [19/28] 新能源ETF (在线)
  [20/28] 光伏ETF (在线)
  [21/28] 传媒ETF (在线)
  [22/28] 军工ETF (在线)
  [23/28] 游戏ETF (在线)
  [24/28] 环保ETF (在线)
  [25/28] 恒生科技ETF (在线)
  [26/28] 红利ETF (在线)
  [27/28] 红利低波ETF (在线)
  [28/28] 机器人ETF (在线)
  完成! (在线: 28, 缓存: 0)

============================================================
  ★ 买入信号  (1只)
============================================================
  代码        名称  现价  昨收 开盘涨跌 早盘涨跌  早盘量能 距MA50  量比 MA5拐头       状态                 信号评估                    场外基金
515070 人工智能ETF 2.648 2.667   +0.04%   -0.71%      3.57 +11.5%  0.88       ↑ ★ 买入信号 中|均线紊乱,近期阴多阳少 008586 华夏人工智能ETF联接C

============================================================
  ▲ 接近支撑  (1只)
============================================================
  代码      名称  现价  昨收 开盘涨跌 早盘涨跌  早盘量能 距MA50  量比 MA5拐头       状态 试探
562500 机器人ETF 1.136  1.17   +0.17%   -2.91%      1.88  +3.5%  0.48       ↑ ▲ 接近支撑     

============================================================
  ◇ 多头排列  (9只)
============================================================
  代码        名称  现价  昨收 开盘涨跌 早盘涨跌  早盘量能 距MA50  量比 MA5拐头       状态
562800 稀有金属ETF 1.190 1.165   +0.00%   +2.15%      2.67  +7.9%  0.66       ↑ ◇ 多头排列
515880     通信ETF 1.825 1.822   +0.99%   +0.16%      1.59 +22.7%  0.38       ↑ ◇ 多头排列
159995     芯片ETF 2.849 2.816   +1.49%   +1.17%      2.58 +26.0%  0.62       ↑ ◇ 多头排列
510300  沪深300ETF 4.980 4.984   -0.02%   -0.08%      1.82  +2.9%  0.44       ↑ ◇ 多头排列
588000   科创50ETF 2.014 2.017   +0.45%   -0.15%      1.73 +16.6%  0.42       ↑ ◇ 多头排列
159915   创业板ETF 4.289 4.269   +0.52%   +0.47%      1.79 +11.2%  0.43       ↑ ◇ 多头排列
512100 中证1000ETF 3.508 3.544   +0.31%   -1.02%      1.14  +3.2%  0.27       ↑ ◇ 多头排列
510500  中证500ETF 8.801 8.828   +0.14%   -0.31%      1.44  +3.9%  0.35       ↑ ◇ 多头排列
512480   半导体ETF 2.490 2.481   +1.25%   +0.36%      1.72 +25.9%  0.42       ↑ ◇ 多头排列

============================================================
  ✗ 趋势偏弱  (17只)
============================================================
  代码        名称  现价  昨收 开盘涨跌 早盘涨跌  早盘量能 距MA50  量比 MA5拐头       状态
510880     红利ETF 3.068 3.098   +0.03%   -0.97%      2.99  -5.4%  0.75       ↓ ✗ 趋势偏弱
513180 恒生科技ETF 0.573 0.580   +0.34%   -1.21%      2.04  -8.2%  0.51       ↓ ✗ 趋势偏弱
512580     环保ETF 1.351 1.343   -0.37%   +0.60%      1.79  -3.2%  0.45       ↑ ✗ 趋势偏弱
159869     游戏ETF 1.054 1.046   -0.76%   +0.76%      2.35 -14.0%  0.59       ↓ ✗ 趋势偏弱
512660     军工ETF 1.270 1.290   +0.00%   -1.55%      1.80  -5.8%  0.45       ↑ ✗ 趋势偏弱
512980     传媒ETF 0.827 0.827   -1.21%   +0.00%      1.98 -13.2%  0.50       ↓ ✗ 趋势偏弱
515790     光伏ETF 1.019 1.017   -0.10%   +0.20%      1.47  -4.7%  0.37       ↑ ✗ 趋势偏弱
512400 有色金属ETF 2.074 2.050   -0.78%   +1.17%      2.40  +0.6%  0.59       ↑ ✗ 趋势偏弱
517520   黄金股ETF 1.804 1.838   -1.85%   -1.85%      1.22 -12.7%  0.30       ↓ ✗ 趋势偏弱
512200   房地产ETF 1.210 1.243   -0.08%   -2.65%      4.59 -11.4%  1.13       ↓ ✗ 趋势偏弱
512880     证券ETF 1.061 1.050   -0.48%   +1.05%      1.99  +0.4%  0.49       ↑ ✗ 趋势偏弱
512890 红利低波ETF 1.099 1.115   -0.45%   -1.43%      2.96  -6.2%  0.75       ↓ ✗ 趋势偏弱
516110     汽车ETF 1.126 1.161   +0.00%   -3.01%      1.32 -11.9%  0.32       ↓ ✗ 趋势偏弱
512690       酒ETF 0.400 0.404   -0.74%   -0.99%      2.24 -12.9%  0.55       ↓ ✗ 趋势偏弱
512010     医药ETF 0.321 0.326   -0.31%   -1.53%      1.85  -8.6%  0.45       ↓ ✗ 趋势偏弱
516160   新能源ETF 3.027 3.000   -0.17%   +0.90%      1.39  -3.4%  0.35       ↑ ✗ 趋势偏弱
512800     银行ETF 0.761 0.766   -0.39%   -0.65%      1.96  -3.3%  0.48       ↓ ✗ 趋势偏弱

────────────────────────────────────────────────────────────
  扫描: 28  成功: 28  异常: 0
  ★买入: 1  ▲支撑: 1  ◇多头: 9

============================================================
  🌅 早盘概览
============================================================
  ↑涨 11 只  ↓跌 16 只  平 1 只
  领涨: 稀有金属ETF +2.15%  量能 2.67x
  领跌: 汽车ETF -3.01%  量能 1.32x
  量能异常(>2x): 房地产ETF(4.59)  人工智能ETF(3.57)  红利ETF(2.99)  红利低波ETF(2.96)  稀有金属ETF(2.67)  芯片ETF(2.58)  有色金属ETF(2.4)  游戏ETF(2.35)  酒ETF(2.24)  恒生科技ETF(2.04)


============================================================
  💰 定投模块
============================================================
  红利低波 512890(A类007466) 宽基/红利
  窗口② 6/16-6/28  剩6天到兜底 | 本窗口:✅已投
  现价1.099 | 分位0% | 距MA20 -4.9% | 趋势:空头排列
  → ✅ 本窗口已定投(2026-06-17)，下次窗口见
  📨 已推送飞书
