--- 2026-06-18 15:34:02 ---
🔭 Argus 正在扫描...

  [1/28] 沪深300ETF (在线)
  [2/28] 中证500ETF (在线)
  [3/28] 中证1000ETF (在线)
  [4/28] 创业板ETF (在线)
  [5/28] 科创50ETF (在线)
  [6/28] 半导体ETF (在线)
  [7/28] 芯片ETF (在线)
  [8/28] 通信ETF (在线)
  [9/28] 稀有金属ETF (在线)
  [10/28] 人工智能ETF (在线)
  [11/28] 医药ETF (在线)
  [12/28] 酒ETF (在线)
  [13/28] 汽车ETF (在线)
  [14/28] 银行ETF (在线)
  [15/28] 证券ETF (在线)
  [16/28] 房地产ETF (在线)
  [17/28] 有色金属ETF (在线)
  [18/28] 黄金股ETF (在线)
  [19/28] 新能源ETF (在线)
  [20/28] 光伏ETF (在线)
  [21/28] 传媒ETF (在线)
  [22/28] 军工ETF (在线)
  [23/28] 游戏ETF (在线)
  [24/28] 环保ETF (在线)
  [25/28] 恒生科技ETF (在线)
  [26/28] 红利ETF (在线)
  [27/28] 红利低波ETF (在线)
  [28/28] 机器人ETF (在线)
  完成! (在线: 28, 缓存: 0)

============================================================
  ★ 买入信号  (4只)
============================================================
  代码        名称  现价   MA5  MA20  MA50  MA100 距MA50  量比 回踩MA50 MA5拐头       状态 风险等级          信号评估                    场外基金
510300  沪深300ETF 4.984 4.918 4.889 4.831  4.743  +3.2%  1.52       是       ↑ ★ 买入信号     低位       中|均线紊乱  002987 广发沪深300ETF联接C
588000   科创50ETF 2.017 1.882 1.843 1.713  1.603 +17.7%  1.17       是       ↑ ★ 买入信号 高位博弈       中|均线紊乱   011613 华夏科创50ETF联接C
562800 稀有金属ETF 1.148 1.122 1.073 1.096  1.079  +4.8%  1.43       是       ↑ ★ 买入信号     低位 强|长期均线未理顺 014111 嘉实稀有金属ETF联接C
515070 人工智能ETF 2.667 2.502 2.499 2.359  2.173 +13.1%  1.35       是       ↑ ★ 买入信号 高位博弈       中|均线紊乱 008586 华夏人工智能ETF联接C

============================================================
  ◇ 多头排列  (6只)
============================================================
  代码        名称  现价   MA5  MA20  MA50  MA100 距MA50  量比 回踩MA50 MA5拐头       状态 风险等级
510500  中证500ETF 8.828 8.602 8.479 8.447  8.352  +4.5%  0.66       是       ↑ ◇ 多头排列      NaN
512100 中证1000ETF 3.544 3.460 3.409 3.388  3.320  +4.6%  0.47       是       ↑ ◇ 多头排列      NaN
159915   创业板ETF 4.269 4.091 4.025 3.833  3.556 +11.4%  0.75       是       ↑ ◇ 多头排列      NaN
512480   半导体ETF 2.481 2.292 2.196 1.957  1.776 +26.8%  0.90       否       ↑ ◇ 多头排列      NaN
159995     芯片ETF 2.816 2.588 2.516 2.237  2.049 +25.9%  1.32       否       ↑ ◇ 多头排列      NaN
515880     通信ETF 1.822 1.716 1.636 1.473  1.524 +23.7%  0.78       否       ↑ ◇ 多头排列      NaN

============================================================
  - 趋势完好  (1只)
============================================================
  代码      名称  现价   MA5  MA20  MA50  MA100 距MA50  量比 回踩MA50 MA5拐头       状态 风险等级
562500 机器人ETF 1.144 1.117 1.148 1.088   1.06  +5.2%  0.55       是       ↓ - 趋势完好      NaN

============================================================
  ✗ 趋势偏弱  (17只)
============================================================
  代码        名称  现价   MA5  MA20  MA50  MA100 距MA50  量比 回踩MA50 MA5拐头       状态 风险等级
512690       酒ETF 0.404 0.418 0.434 0.461  0.491 -12.3%  1.24       是       ↓ ✗ 趋势偏弱      NaN
510880     红利ETF 3.098 3.201 3.239 3.247  3.231  -4.6%  2.04       是       ↓ ✗ 趋势偏弱      NaN
513180 恒生科技ETF 0.580 0.592 0.613 0.624  0.652  -7.1%  0.90       是       ↓ ✗ 趋势偏弱      NaN
512580     环保ETF 1.343 1.348 1.375 1.394  1.375  -3.7%  0.77       是       ↑ ✗ 趋势偏弱      NaN
159869     游戏ETF 1.046 1.059 1.116 1.230  1.348 -14.9%  0.95       是       ↓ ✗ 趋势偏弱      NaN
512660     军工ETF 1.290 1.272 1.282 1.349  1.395  -4.4%  0.93       是       ↑ ✗ 趋势偏弱      NaN
512980     传媒ETF 0.827 0.831 0.877 0.955  1.034 -13.4%  0.95       是       ↓ ✗ 趋势偏弱      NaN
512010     医药ETF 0.326 0.327 0.332 0.352  0.364  -7.5%  0.98       是       ↓ ✗ 趋势偏弱      NaN
515790     光伏ETF 1.017 1.018 1.053 1.068  1.088  -4.8%  0.67       是       ↑ ✗ 趋势偏弱      NaN
517520   黄金股ETF 1.838 1.869 1.869 2.076  2.290 -11.4%  1.21       是       ↑ ✗ 趋势偏弱      NaN
512400 有色金属ETF 2.050 2.037 1.980 2.061  2.128  -0.5%  1.32       是       ↑ ✗ 趋势偏弱      NaN
512200   房地产ETF 1.243 1.264 1.306 1.368  1.427  -9.2%  1.42       是       ↓ ✗ 趋势偏弱      NaN
512880     证券ETF 1.050 1.066 1.037 1.056  1.097  -0.6%  1.14       是       ↑ ✗ 趋势偏弱      NaN
512890 红利低波ETF 1.115 1.147 1.159 1.173  1.175  -4.9%  1.94       是       ↓ ✗ 趋势偏弱      NaN
516110     汽车ETF 1.161 1.172 1.224 1.281  1.320  -9.3%  1.31       是       ↓ ✗ 趋势偏弱      NaN
516160   新能源ETF 3.000 2.990 3.029 3.130  3.100  -4.2%  0.66       是       ↑ ✗ 趋势偏弱      NaN
512800     银行ETF 0.766 0.792 0.784 0.788  0.786  -2.8%  1.60       是       ↓ ✗ 趋势偏弱      NaN

────────────────────────────────────────────────────────────
  扫描: 28  成功: 28  异常: 0
  ★买入: 4  ▲支撑: 0  ◇多头: 6


============================================================
  💰 定投模块
============================================================
  红利低波 512890(A类007466) 宽基/红利
  窗口② 6/16-6/28  剩10天到兜底 | 本窗口:✅已投
  现价1.115 | 分位0% | 距MA20 -3.8% | 趋势:空头排列
  → ✅ 本窗口已定投(2026-06-17)，下次窗口见
  📕 小红书日志已保存: scan_20260618_xhs.txt

============================================================
  🔍 尾盘对比 (14:45 vs 15:00)
============================================================
  尾盘无显著变化，行情平稳收尾

  📨 已推送飞书
