--- 2026-06-02 15:34:10 ---
🔭 Argus 正在扫描...

  [1/27] 沪深300ETF (在线)
  [2/27] 中证500ETF (在线)
  [3/27] 中证1000ETF (在线)
  [4/27] 创业板ETF (在线)
  [5/27] 科创50ETF (在线)
  [6/27] 半导体ETF (在线)
  [7/27] 芯片ETF (在线)
  [8/27] 通信ETF (在线)
  [9/27] 稀有金属ETF (在线)
  [10/27] 人工智能ETF (在线)
  [11/27] 医药ETF (在线)
  [12/27] 酒ETF (在线)
  [13/27] 汽车ETF (在线)
  [14/27] 银行ETF (在线)
  [15/27] 证券ETF (在线)
  [16/27] 房地产ETF (在线)
  [17/27] 有色金属ETF (在线)
  [18/27] 黄金股ETF (在线)
  [19/27] 新能源ETF (在线)
  [20/27] 光伏ETF (在线)
  [21/27] 传媒ETF (在线)
  [22/27] 军工ETF (在线)
  [23/27] 游戏ETF (在线)
  [24/27] 环保ETF (在线)
  [25/27] 恒生科技ETF (在线)
  [26/27] 红利ETF (在线)
  [27/27] 机器人ETF (在线)
  完成! (在线: 27, 缓存: 0)

============================================================
  ▲ 接近支撑  (3只)
============================================================
  代码        名称  现价   MA5  MA20  MA50  MA100 距MA50  量比 回踩MA50 MA5拐头       状态         试探
510500  中证500ETF 8.406 8.496 8.681 8.286  8.304  +1.4%  0.71       是       ↓ ▲ 接近支撑             
512100 中证1000ETF 3.368 3.404 3.486 3.314  3.302  +1.6%  1.45       是       ↓ ▲ 接近支撑 ◆ 安全垫0.4%
512580     环保ETF 1.405 1.424 1.439 1.399  1.371  +0.4%  0.93       是       ↓ ▲ 接近支撑 ◆ 安全垫2.1%

============================================================
  ◇ 多头排列  (4只)
============================================================
  代码       名称  现价   MA5  MA20  MA50  MA100 距MA50  量比 回踩MA50 MA5拐头       状态                  突破
510300 沪深300ETF 4.936 4.918 4.911 4.744  4.741  +4.0%  0.61       是       ↓ ◇ 多头排列                      
510880    红利ETF 3.308 3.232 3.230 3.248  3.225  +1.8%  1.78       是       ↑ ◇ 多头排列 ⬆ 突破(4/5日在MA50下)
512800    银行ETF 0.790 0.776 0.777 0.789  0.789  +0.2%  1.22       是       ↑ ◇ 多头排列 ⬆ 突破(5/5日在MA50下)
159915  创业板ETF 4.071 4.056 3.962 3.648  3.469 +11.6%  1.03       否       ↓ ◇ 多头排列                      

============================================================
  - 趋势完好  (5只)
============================================================
  代码        名称  现价   MA5  MA20  MA50  MA100 距MA50  量比 回踩MA50 MA5拐头       状态
159995     芯片ETF 2.396 2.502 2.428 2.044  1.973 +17.2%  0.97       否       ↓ - 趋势完好
512480   半导体ETF 2.080 2.169 2.111 1.782  1.703 +16.7%  0.91       否       ↓ - 趋势完好
588000   科创50ETF 1.781 1.846 1.844 1.604  1.567 +11.0%  0.96       否       ↓ - 趋势完好
562500   机器人ETF 1.102 1.151 1.148 1.040  1.049  +5.9%  0.68       否       ↓ - 趋势完好
515070 人工智能ETF 2.495 2.508 2.495 2.213  2.121 +12.7%  1.32       否       ↓ - 趋势完好

============================================================
  ✗ 趋势偏弱  (15只)
============================================================
  代码        名称  现价   MA5  MA20  MA50  MA100 距MA50  量比 回踩MA50 MA5拐头       状态
512690       酒ETF 0.448 0.451 0.458 0.477  0.505  -6.2%  0.89       是       ↑ ✗ 趋势偏弱
516110     汽车ETF 1.250 1.250 1.294 1.306  1.349  -4.3%  0.57       是       ↓ ✗ 趋势偏弱
512880     证券ETF 1.037 1.034 1.059 1.058  1.122  -2.0%  0.91       是       ↓ ✗ 趋势偏弱
512200   房地产ETF 1.332 1.343 1.414 1.390  1.457  -4.2%  0.92       是       ↓ ✗ 趋势偏弱
562800 稀有金属ETF 1.034 1.070 1.119 1.074  1.068  -3.7%  0.55       是       ↓ ✗ 趋势偏弱
517520   黄金股ETF 1.940 1.916 2.059 2.168  2.332 -10.5%  0.62       是       ↓ ✗ 趋势偏弱
516160   新能源ETF 3.075 3.132 3.220 3.154  3.102  -2.5%  0.76       是       ↓ ✗ 趋势偏弱
515790     光伏ETF 1.055 1.089 1.107 1.082  1.086  -2.5%  0.69       是       ↓ ✗ 趋势偏弱
512980     传媒ETF 0.906 0.911 0.967 0.987  1.067  -8.2%  1.05       是       ↓ ✗ 趋势偏弱
512660     军工ETF 1.267 1.297 1.381 1.359  1.422  -6.8%  1.13       是       ↓ ✗ 趋势偏弱
159869     游戏ETF 1.133 1.152 1.242 1.279  1.405 -11.4%  0.99       是       ↓ ✗ 趋势偏弱
515880     通信ETF 1.635 1.583 1.515 1.327  1.699 +23.2%  1.46       否       ↓ ✗ 趋势偏弱
513180 恒生科技ETF 0.652 0.628 0.631 0.628  0.671  +3.9%  1.46       是       ↑ ✗ 趋势偏弱
512010     医药ETF 0.336 0.340 0.352 0.361  0.372  -7.0%  1.07       是       ↓ ✗ 趋势偏弱
512400 有色金属ETF 2.015 1.987 2.069 2.058  2.138  -2.1%  1.01       是       ↓ ✗ 趋势偏弱

────────────────────────────────────────────────────────────
  扫描: 27  成功: 27  异常: 0
  ★买入: 0  ▲支撑: 3  ◇多头: 4  ◆试探: 2  ⬆突破: 2


============================================================
  📊 持仓监控 (3 只)
============================================================
  🔵 持有 中证500ETF(004348 南方中证500C)
     ◇ 多头排列 → ▲ 接近支撑  距MA50 +1.4%  → 持有观望
  🔵 持有 环保ETF(002984 广发中证环保ETF联接C)
     ▲ 接近支撑 → ▲ 接近支撑  距MA50 +0.4%  → 持有观望
  🔴 止损 新能源ETF(012832 南方中证新能源ETF联接C)
     ▲ 接近支撑 → ✗ 趋势偏弱  距MA50 -2.5%  → 趋势走坏，建议止损
  📕 小红书日志已保存: scan_20260602_xhs.txt

============================================================
  🔍 尾盘对比 (14:45 vs 15:00)
============================================================
  尾盘无显著变化，行情平稳收尾

  📨 已推送飞书
