--- 2026-06-01 10:28:11 ---
🌅 Argus 早盘分析(实时数据)...

  [1/27] 沪深300ETF (在线)
  [2/27] 中证500ETF (在线)
  [3/27] 中证1000ETF (在线)
  [4/27] 创业板ETF (在线)
  [5/27] 科创50ETF (在线)
  [6/27] 半导体ETF (在线)
  [7/27] 芯片ETF (在线)
  [8/27] 通信ETF (在线)
  [9/27] 稀有金属ETF (在线)
  [10/27] 人工智能ETF (在线)
  [11/27] 医药ETF (在线)
  [12/27] 酒ETF (在线)
  [13/27] 汽车ETF (在线)
  [14/27] 银行ETF (在线)
  [15/27] 证券ETF (在线)
  [16/27] 房地产ETF (在线)
  [17/27] 有色金属ETF (在线)
  [18/27] 黄金股ETF (在线)
  [19/27] 新能源ETF (在线)
  [20/27] 光伏ETF (在线)
  [21/27] 传媒ETF (在线)
  [22/27] 军工ETF (在线)
  [23/27] 游戏ETF (在线)
  [24/27] 环保ETF (在线)
  [25/27] 恒生科技ETF (在线)
  [26/27] 红利ETF (在线)
  [27/27] 机器人ETF (在线)
  完成! (在线: 27, 缓存: 0)

============================================================
  ▲ 接近支撑  (4只)
============================================================
  代码        名称  现价  昨收 开盘涨跌 早盘涨跌  早盘量能 距MA50  量比 MA5拐头       状态                试探
510500  中证500ETF 8.492 8.443   -0.11%   +0.58%      1.19  +2.5%  0.29       ↓ ▲ 接近支撑                    
512100 中证1000ETF 3.407 3.383   -0.44%   +0.71%      2.37  +2.9%  0.57       ↓ ▲ 接近支撑 ◇ 待验证 安全垫0.4%
512580     环保ETF 1.430 1.416   -0.14%   +0.99%      1.33  +2.2%  0.34       ↓ ▲ 接近支撑        ◆ 安全垫2.1%
515790     光伏ETF 1.089 1.075   +0.28%   +1.30%      1.61  +0.5%  0.40       ↓ ▲ 接近支撑                    

============================================================
  ◇ 多头排列  (1只)
============================================================
  代码    名称  现价  昨收 开盘涨跌 早盘涨跌  早盘量能 距MA50  量比 MA5拐头       状态
510880 红利ETF 3.253 3.206   +0.19%   +1.47%      2.65  +0.2%  0.67       ↑ ◇ 多头排列

============================================================
  - 趋势完好  (7只)
============================================================
  代码        名称  现价  昨收 开盘涨跌 早盘涨跌  早盘量能 距MA50  量比 MA5拐头       状态
510300  沪深300ETF 4.925 4.923   +0.00%   +0.04%      0.66  +3.9%  0.16       ↓ - 趋势完好
515070 人工智能ETF 2.502 2.494   -0.44%   +0.32%      2.16 +13.5%  0.53       ↓ - 趋势完好
562500   机器人ETF 1.124 1.118   -0.72%   +0.54%      1.29  +8.0%  0.33       ↓ - 趋势完好
159995     芯片ETF 2.457 2.491   -0.24%   -1.36%      1.58 +20.8%  0.38       ↓ - 趋势完好
159915   创业板ETF 4.064 4.053   -0.15%   +0.27%      1.59 +11.8%  0.38       ↑ - 趋势完好
512480   半导体ETF 2.137 2.160   -0.32%   -1.06%      1.88 +20.5%  0.45       ↓ - 趋势完好
588000   科创50ETF 1.821 1.844   -0.16%   -1.25%      1.62 +13.9%  0.39       ↓ - 趋势完好

============================================================
  ✗ 趋势偏弱  (15只)
============================================================
  代码        名称  现价  昨收 开盘涨跌 早盘涨跌  早盘量能 距MA50  量比 MA5拐头       状态
562800 稀有金属ETF 1.054 1.055   -0.57%   -0.09%      0.83  -1.9%  0.20       ↓ ✗ 趋势偏弱
513180 恒生科技ETF 0.632 0.620   -0.16%   +1.94%      2.21  +0.7%  0.56       ↑ ✗ 趋势偏弱
159869     游戏ETF 1.174 1.140   +0.18%   +2.98%      1.93  -8.6%  0.49       ↓ ✗ 趋势偏弱
512660     军工ETF 1.288 1.284   -0.55%   +0.31%      1.66  -5.5%  0.42       ↓ ✗ 趋势偏弱
512980     传媒ETF 0.939 0.903   +0.55%   +3.99%      2.80  -5.2%  0.71       ↓ ✗ 趋势偏弱
516160   新能源ETF 3.144 3.117   +0.06%   +0.87%      1.49  -0.4%  0.37       ↓ ✗ 趋势偏弱
517520   黄金股ETF 1.915 1.890   -0.05%   +1.32%      0.80 -12.0%  0.20       ↓ ✗ 趋势偏弱
512400 有色金属ETF 1.975 1.965   -0.20%   +0.51%      1.15  -4.1%  0.29       ↓ ✗ 趋势偏弱
512200   房地产ETF 1.363 1.354   -0.66%   +0.66%      1.61  -2.1%  0.40       ↓ ✗ 趋势偏弱
512880     证券ETF 1.036 1.033   -0.19%   +0.29%      1.23  -2.2%  0.31       ↓ ✗ 趋势偏弱
516110     汽车ETF 1.239 1.236   +0.00%   +0.24%      1.34  -5.3%  0.33       ↓ ✗ 趋势偏弱
512690       酒ETF 0.456 0.457   -0.66%   -0.22%      1.75  -4.8%  0.44       ↑ ✗ 趋势偏弱
512010     医药ETF 0.342 0.344   -0.29%   -0.58%      2.10  -5.5%  0.52       ↓ ✗ 趋势偏弱
515880     通信ETF 1.578 1.590   -0.82%   -0.75%      2.07 +19.9%  0.50       ↑ ✗ 趋势偏弱
512800     银行ETF 0.778 0.776   -0.13%   +0.26%      2.13  -1.4%  0.53       ↑ ✗ 趋势偏弱

────────────────────────────────────────────────────────────
  扫描: 27  成功: 27  异常: 0
  ★买入: 0  ▲支撑: 4  ◇多头: 1  ◆试探: 2

============================================================
  🌅 早盘概览
============================================================
  ↑涨 20 只  ↓跌 7 只  平 0 只
  领涨: 传媒ETF +3.99%  量能 2.8x
  领跌: 芯片ETF -1.36%  量能 1.58x
  量能异常(>2x): 传媒ETF(2.8)  红利ETF(2.65)  中证1000ETF(2.37)  恒生科技ETF(2.21)  人工智能ETF(2.16)  银行ETF(2.13)  医药ETF(2.1)  通信ETF(2.07)


============================================================
  📊 持仓监控 (3 只)
============================================================
  🔵 持有 中证500ETF(004348 南方中证500C)
     ◇ 多头排列 → ▲ 接近支撑  距MA50 +2.5%  → 持有观望
  🔵 持有 环保ETF(002984 广发中证环保ETF联接C)
     ▲ 接近支撑 → ▲ 接近支撑  距MA50 +2.2%  → 持有观望
  🔴 止损 新能源ETF(012832 南方中证新能源ETF联接C)
     ▲ 接近支撑 → ✗ 趋势偏弱  距MA50 -0.4%  → 趋势走坏，建议止损
  📨 已推送飞书
