--- 2026-05-27 10:28:09 ---
🌅 Argus 早盘分析(实时数据)...

  [1/27] 沪深300ETF (在线)
  [2/27] 中证500ETF (在线)
  [3/27] 中证1000ETF (在线)
  [4/27] 创业板ETF (在线)
  [5/27] 科创50ETF (在线)
  [6/27] 半导体ETF (在线)
  [7/27] 芯片ETF (在线)
  [8/27] 通信ETF (在线)
  [9/27] 稀有金属ETF (在线)
  [10/27] 人工智能ETF (在线)
  [11/27] 医药ETF (在线)
  [12/27] 酒ETF (在线)
  [13/27] 汽车ETF (在线)
  [14/27] 银行ETF (在线)
  [15/27] 证券ETF (在线)
  [16/27] 房地产ETF (在线)
  [17/27] 有色金属ETF (在线)
  [18/27] 黄金股ETF (在线)
  [19/27] 新能源ETF (在线)
  [20/27] 光伏ETF (在线)
  [21/27] 传媒ETF (在线)
  [22/27] 军工ETF (在线)
  [23/27] 游戏ETF (在线)
  [24/27] 环保ETF (在线)
  [25/27] 恒生科技ETF (在线)
  [26/27] 红利ETF (在线)
  [27/27] 机器人ETF (在线)
  完成! (在线: 27, 缓存: 0)

============================================================
  ▲ 接近支撑  (2只)
============================================================
  代码        名称  现价  昨收 开盘涨跌 早盘涨跌  早盘量能 距MA50  量比 MA5拐头       状态
516160   新能源ETF 3.241 3.180   +0.00%   +1.92%      1.73  +2.6%  0.43       ↓ ▲ 接近支撑
562800 稀有金属ETF 1.093 1.105   -0.90%   -1.09%      0.99  +1.8%  0.24       ↑ ▲ 接近支撑

============================================================
  ◇ 多头排列  (10只)
============================================================
  代码        名称  现价  昨收 开盘涨跌 早盘涨跌  早盘量能 距MA50  量比 MA5拐头       状态
510300  沪深300ETF 4.975 4.972   -0.18%   +0.06%      0.84  +5.3%  0.20       ↑ ◇ 多头排列
512580     环保ETF 1.460 1.425   +0.28%   +2.46%      2.29  +4.4%  0.57       ↓ ◇ 多头排列
515790     光伏ETF 1.142 1.114   +0.09%   +2.51%      2.66  +5.1%  0.65       ↓ ◇ 多头排列
515070 人工智能ETF 2.624 2.590   +0.08%   +1.31%      2.01 +20.9%  0.49       ↑ ◇ 多头排列
562500   机器人ETF 1.205 1.216   -0.08%   -0.90%      5.79 +17.0%  1.45       ↑ ◇ 多头排列
512480   半导体ETF 2.372 2.321   +0.34%   +2.20%      1.84 +36.5%  0.44       ↑ ◇ 多头排列
588000   科创50ETF 1.997 1.968   +0.20%   +1.47%      1.41 +26.8%  0.34       ↑ ◇ 多头排列
510500  中证500ETF 8.777 8.752   -0.14%   +0.29%      0.51  +6.2%  0.12       ↑ ◇ 多头排列
159995     芯片ETF 2.758 2.707   +0.85%   +1.88%      2.74 +38.4%  0.66       ↑ ◇ 多头排列
159915   创业板ETF 4.141 4.055   -0.05%   +2.12%      2.62 +15.3%  0.63       ↑ ◇ 多头排列

============================================================
  - 趋势完好  (1只)
============================================================
  代码        名称  现价  昨收 开盘涨跌 早盘涨跌  早盘量能 距MA50  量比 MA5拐头       状态
512100 中证1000ETF 3.499 3.499   -0.23%   +0.00%      0.97  +5.9%  0.23       ↓ - 趋势完好

============================================================
  ✗ 趋势偏弱  (14只)
============================================================
  代码        名称  现价  昨收 开盘涨跌 早盘涨跌  早盘量能 距MA50  量比 MA5拐头       状态
515880     通信ETF 1.580 1.548   -1.03%   +2.07%      1.72 +22.9%  0.42       ↑ ✗ 趋势偏弱
513180 恒生科技ETF 0.630 0.630   -0.16%   +0.00%      1.48  -0.0%  0.37       ↑ ✗ 趋势偏弱
159869     游戏ETF 1.183 1.180   -0.08%   +0.25%      1.88  -8.8%  0.47       ↓ ✗ 趋势偏弱
512660     军工ETF 1.348 1.348   +0.00%   +0.00%      1.58  -1.5%  0.39       ↓ ✗ 趋势偏弱
512980     传媒ETF 0.926 0.921   +0.33%   +0.54%      3.51  -7.3%  0.88       ↓ ✗ 趋势偏弱
512400 有色金属ETF 2.039 2.095   -0.48%   -2.67%      2.23  -1.5%  0.55       ↑ ✗ 趋势偏弱
512200   房地产ETF 1.342 1.369   -0.58%   -1.97%      1.05  -4.2%  0.26       ↓ ✗ 趋势偏弱
512880     证券ETF 1.051 1.056   -0.47%   -0.47%      1.66  -1.3%  0.41       ↓ ✗ 趋势偏弱
510880     红利ETF 3.147 3.186   -0.19%   -1.22%      2.35  -3.3%  0.59       ↓ ✗ 趋势偏弱
516110     汽车ETF 1.295 1.305   +0.15%   -0.77%      1.70  -1.5%  0.42       ↑ ✗ 趋势偏弱
512690       酒ETF 0.438 0.444   -0.45%   -1.35%      1.97  -9.2%  0.48       ↓ ✗ 趋势偏弱
512010     医药ETF 0.338 0.340   +0.00%   -0.59%      1.47  -7.0%  0.36       ↓ ✗ 趋势偏弱
517520   黄金股ETF 1.976 2.047   -1.17%   -3.47%      1.79 -10.5%  0.44       ↑ ✗ 趋势偏弱
512800     银行ETF 0.769 0.771   -0.13%   -0.26%      1.17  -2.7%  0.29       ↓ ✗ 趋势偏弱

────────────────────────────────────────────────────────────
  扫描: 27  成功: 27  异常: 0
  ★买入: 0  ▲支撑: 2  ◇多头: 10

============================================================
  🌅 早盘概览
============================================================
  ↑涨 13 只  ↓跌 11 只  平 3 只
  领涨: 光伏ETF +2.51%  量能 2.66x
  领跌: 黄金股ETF -3.47%  量能 1.79x
  量能异常(>2x): 机器人ETF(5.79)  传媒ETF(3.51)  芯片ETF(2.74)  光伏ETF(2.66)  创业板ETF(2.62)  红利ETF(2.35)  环保ETF(2.29)  有色金属ETF(2.23)  人工智能ETF(2.01)


============================================================
  📊 持仓监控 (1 只)
============================================================
  🟢 加仓 中证500ETF(004348 南方中证500C)
     ◇ 多头排列 → ◇ 多头排列  距MA50 +6.2%  → 多头排列，可加仓 [追涨]
  📨 已推送飞书
