--- 2026-05-26 14:43:11 ---
🔭 Argus 正在扫描...

  [1/27] 沪深300ETF (在线)
  [2/27] 中证500ETF (在线)
  [3/27] 中证1000ETF (在线)
  [4/27] 创业板ETF (在线)
  [5/27] 科创50ETF (在线)
  [6/27] 半导体ETF (在线)
  [7/27] 芯片ETF (在线)
  [8/27] 通信ETF (在线)
  [9/27] 稀有金属ETF (在线)
  [10/27] 人工智能ETF (在线)
  [11/27] 医药ETF (在线)
  [12/27] 酒ETF (在线)
  [13/27] 汽车ETF (在线)
  [14/27] 银行ETF (在线)
  [15/27] 证券ETF (在线)
  [16/27] 房地产ETF (在线)
  [17/27] 有色金属ETF (在线)
  [18/27] 黄金股ETF (在线)
  [19/27] 新能源ETF (在线)
  [20/27] 光伏ETF (在线)
  [21/27] 传媒ETF (在线)
  [22/27] 军工ETF (在线)
  [23/27] 游戏ETF (在线)
  [24/27] 环保ETF (在线)
  [25/27] 恒生科技ETF (在线)
  [26/27] 红利ETF (在线)
  [27/27] 机器人ETF (在线)
  完成! (在线: 27, 缓存: 0)

============================================================
  ▲ 接近支撑  (3只)
============================================================
  代码        名称  现价   MA5  MA20  MA50  MA100 距MA50  量比 回踩MA50 MA5拐头       状态
512580     环保ETF 1.429 1.429 1.437 1.398  1.363  +2.2%  0.59       是       ↓ ▲ 接近支撑
516160   新能源ETF 3.179 3.185 3.248 3.159  3.088  +0.6%  0.76       是       ↓ ▲ 接近支撑
562800 稀有金属ETF 1.104 1.083 1.131 1.073  1.062  +2.9%  0.71       是       ↓ ▲ 接近支撑

============================================================
  ◇ 多头排列  (8只)
============================================================
  代码        名称  现价   MA5  MA20  MA50  MA100 距MA50  量比 回踩MA50 MA5拐头       状态
510300  沪深300ETF 4.968 4.889 4.880 4.720  4.733  +5.3%  0.70       否       ↑ ◇ 多头排列
515070 人工智能ETF 2.590 2.536 2.422 2.156  2.092 +20.1%  0.89       否       ↑ ◇ 多头排列
159995     芯片ETF 2.708 2.599 2.299 1.975  1.935 +37.1%  1.04       否       ↑ ◇ 多头排列
562500   机器人ETF 1.216 1.200 1.115 1.026  1.039 +18.5%  1.16       否       ↑ ◇ 多头排列
588000   科创50ETF 1.974 1.930 1.779 1.564  1.546 +26.2%  0.97       否       ↑ ◇ 多头排列
159915   创业板ETF 4.062 3.964 3.864 3.574  3.426 +13.6%  1.12       否       ↑ ◇ 多头排列
510500  中证500ETF 8.746 8.688 8.648 8.261  8.252  +5.9%  0.28       否       ↑ ◇ 多头排列
512480   半导体ETF 2.319 2.243 2.005 1.721  1.667 +34.8%  1.02       否       ↑ ◇ 多头排列

============================================================
  - 趋势完好  (2只)
============================================================
  代码        名称  现价   MA5  MA20  MA50  MA100 距MA50  量比 回踩MA50 MA5拐头       状态
515790     光伏ETF 1.113 1.113 1.099 1.088  1.080  +2.3%  0.73       是       ↓ - 趋势完好
512100 中证1000ETF 3.497 3.502 3.468 3.301  3.283  +6.0%  0.50       否       ↓ - 趋势完好

============================================================
  ✗ 趋势偏弱  (14只)
============================================================
  代码        名称  现价   MA5  MA20  MA50  MA100 距MA50  量比 回踩MA50 MA5拐头       状态
515880     通信ETF 1.550 1.515 1.453 1.276  1.775 +21.5%  0.79       否       ↑ ✗ 趋势偏弱
513180 恒生科技ETF 0.629 0.619 0.631 0.631  0.676  -0.2%  1.46       是       ↓ ✗ 趋势偏弱
159869     游戏ETF 1.177 1.207 1.277 1.302  1.419  -9.6%  0.69       是       ↓ ✗ 趋势偏弱
512660     军工ETF 1.347 1.358 1.403 1.371  1.421  -1.8%  0.85       是       ↓ ✗ 趋势偏弱
512980     传媒ETF 0.918 0.941 0.986 1.001  1.069  -8.3%  0.84       是       ↓ ✗ 趋势偏弱
512400 有色金属ETF 2.097 2.015 2.098 2.074  2.132  +1.1%  1.39       是       ↑ ✗ 趋势偏弱
512200   房地产ETF 1.364 1.380 1.428 1.403  1.464  -2.8%  0.85       是       ↓ ✗ 趋势偏弱
512880     证券ETF 1.052 1.047 1.068 1.066  1.131  -1.3%  1.13       是       ↓ ✗ 趋势偏弱
510880     红利ETF 3.182 3.182 3.250 3.259  3.222  -2.4%  0.74       是       ↓ ✗ 趋势偏弱
516110     汽车ETF 1.305 1.297 1.312 1.316  1.357  -0.8%  1.30       是       ↑ ✗ 趋势偏弱
512690       酒ETF 0.444 0.449 0.467 0.484  0.510  -8.2%  0.91       是       ↓ ✗ 趋势偏弱
512010     医药ETF 0.341 0.344 0.360 0.364  0.375  -6.4%  0.80       是       ↓ ✗ 趋势偏弱
517520   黄金股ETF 2.044 1.967 2.122 2.218  2.340  -7.9%  0.83       是       ↓ ✗ 趋势偏弱
512800     银行ETF 0.770 0.769 0.783 0.791  0.792  -2.6%  0.78       是       ↓ ✗ 趋势偏弱

────────────────────────────────────────────────────────────
  扫描: 27  成功: 27  异常: 0
  ★买入: 0  ▲支撑: 3  ◇多头: 8


============================================================
  📊 持仓监控 (1 只)
============================================================
  🟢 加仓 中证500ETF(004348 南方中证500C)
     ◇ 多头排列 → ◇ 多头排列  距MA50 +5.9%  → 多头排列，可加仓 [追涨]
  📨 已推送飞书
