--- 2026-05-20 15:34:10 ---
🔭 Argus 正在扫描...

  [1/27] 沪深300ETF (在线)
  [2/27] 中证500ETF (在线)
  [3/27] 中证1000ETF (在线)
  [4/27] 创业板ETF (在线)
  [5/27] 科创50ETF (在线)
  [6/27] 半导体ETF (在线)
  [7/27] 芯片ETF (在线)
  [8/27] 通信ETF (在线)
  [9/27] 稀有金属ETF (在线)
  [10/27] 人工智能ETF (在线)
  [11/27] 医药ETF (在线)
  [12/27] 酒ETF (在线)
  [13/27] 汽车ETF (在线)
  [14/27] 银行ETF (在线)
  [15/27] 证券ETF (在线)
  [16/27] 房地产ETF (在线)
  [17/27] 有色金属ETF (在线)
  [18/27] 黄金股ETF (在线)
  [19/27] 新能源ETF (在线)
  [20/27] 光伏ETF (在线)
  [21/27] 传媒ETF (在线)
  [22/27] 军工ETF (在线)
  [23/27] 游戏ETF (在线)
  [24/27] 环保ETF (在线)
  [25/27] 恒生科技ETF (在线)
  [26/27] 红利ETF (在线)
  [27/27] 机器人ETF (在线)
  完成! (在线: 27, 缓存: 0)

============================================================
  ▲ 接近支撑  (1只)
============================================================
  代码      名称  现价   MA5  MA20  MA50  MA100 距MA50  量比 回踩MA50 MA5拐头       状态
516160 新能源ETF 3.196 3.228 3.256 3.152  3.066  +1.4%  0.76       是       ↓ ▲ 接近支撑

============================================================
  ◇ 多头排列  (6只)
============================================================
  代码        名称  现价   MA5  MA20  MA50  MA100 距MA50  量比 回踩MA50 MA5拐头       状态
562500   机器人ETF 1.198 1.166 1.078 1.012  1.029 +18.4%  1.19       否       ↑ ◇ 多头排列
512100 中证1000ETF 3.542 3.532 3.432 3.281  3.256  +7.9%  0.70       否       ↓ ◇ 多头排列
588000   科创50ETF 1.871 1.828 1.675 1.519  1.518 +23.1%  1.22       否       ↓ ◇ 多头排列
512480   半导体ETF 2.131 2.071 1.856 1.655  1.625 +28.8%  1.26       否       ↑ ◇ 多头排列
159995     芯片ETF 2.430 2.359 2.118 1.899  1.888 +28.0%  0.98       否       ↑ ◇ 多头排列
515070 人工智能ETF 2.524 2.515 2.341 2.100  2.058 +20.2%  0.82       否       ↑ ◇ 多头排列

============================================================
  - 趋势完好  (5只)
============================================================
  代码       名称  现价   MA5  MA20  MA50  MA100 距MA50  量比 回踩MA50 MA5拐头       状态
512580    环保ETF 1.440 1.440 1.431 1.393  1.354  +3.4%  0.81       否       ↓ - 趋势完好
515790    光伏ETF 1.117 1.120 1.090 1.091  1.071  +2.4%  1.04       是       ↓ - 趋势完好
510300 沪深300ETF 4.869 4.911 4.852 4.698  4.722  +3.6%  0.85       否       ↓ - 趋势完好
510500 中证500ETF 8.703 8.745 8.566 8.234  8.179  +5.7%  0.95       否       ↓ - 趋势完好
159915  创业板ETF 3.922 3.965 3.798 3.503  3.384 +11.9%  1.07       否       ↓ - 趋势完好

============================================================
  ✗ 趋势偏弱  (15只)
============================================================
  代码        名称  现价   MA5  MA20  MA50  MA100 距MA50  量比 回踩MA50 MA5拐头       状态
512010     医药ETF 0.349 0.357 0.365 0.367  0.377  -4.9%  1.07       是       ↓ ✗ 趋势偏弱
513180 恒生科技ETF 0.620 0.632 0.637 0.633  0.682  -2.0%  0.99       是       ↓ ✗ 趋势偏弱
159869     游戏ETF 1.273 1.280 1.306 1.323  1.429  -3.8%  0.87       是       ↓ ✗ 趋势偏弱
512660     军工ETF 1.377 1.409 1.418 1.386  1.415  -0.6%  0.72       是       ↓ ✗ 趋势偏弱
512980     传媒ETF 0.998 0.992 1.010 1.015  1.070  -1.7%  1.21       是       ↓ ✗ 趋势偏弱
562800 稀有金属ETF 1.066 1.116 1.140 1.076  1.051  -1.0%  1.52       是       ↓ ✗ 趋势偏弱
515880     通信ETF 1.511 1.526 1.415 1.233  1.845 +22.6%  1.11       否       ↑ ✗ 趋势偏弱
512400 有色金属ETF 1.981 2.074 2.135 2.101  2.120  -5.7%  0.76       是       ↓ ✗ 趋势偏弱
512200   房地产ETF 1.426 1.444 1.432 1.411  1.468  +1.1%  1.45       是       ↓ ✗ 趋势偏弱
512880     证券ETF 1.056 1.063 1.074 1.074  1.139  -1.6%  0.91       是       ↓ ✗ 趋势偏弱
510880     红利ETF 3.222 3.226 3.268 3.270  3.221  -1.5%  0.67       是       ↓ ✗ 趋势偏弱
516110     汽车ETF 1.294 1.300 1.322 1.320  1.361  -2.0%  0.71       是       ↓ ✗ 趋势偏弱
512690       酒ETF 0.452 0.457 0.476 0.489  0.515  -7.7%  0.71       是       ↓ ✗ 趋势偏弱
517520   黄金股ETF 1.986 2.086 2.203 2.278  2.341 -12.8%  1.26       是       ↓ ✗ 趋势偏弱
512800     银行ETF 0.775 0.778 0.791 0.792  0.794  -2.2%  0.77       是       ↓ ✗ 趋势偏弱

────────────────────────────────────────────────────────────
  扫描: 27  成功: 27  异常: 0
  ★买入: 0  ▲支撑: 1  ◇多头: 6


============================================================
  📊 持仓监控 (1 只)
============================================================
  🟡 关注 中证500ETF(004348 南方中证500C)
     ★ 买入信号 → - 趋势完好  距MA50 +5.7%  → 趋势转弱，密切关注
  📕 小红书日志已保存: scan_20260520_xhs.txt

============================================================
  🔍 尾盘对比 (14:45 vs 15:00)
============================================================
       名称  盘中价  收盘价   涨跌  量比变化                信号变化
    芯片ETF   2.544   2.430 -4.48% 0.89→0.98                       —
  半导体ETF   2.223   2.131 -4.14% 0.93→1.26                       —
    传媒ETF   0.969   0.998 +2.99% 0.93→1.21                       —
  科创50ETF   1.926   1.871 -2.86% 1.16→1.22                       —
    游戏ETF   1.245   1.273 +2.25% 0.71→0.87                       —
  黄金股ETF   1.944   1.986 +2.16% 0.88→1.26                       —
    汽车ETF   1.277   1.294 +1.33% 1.22→0.71                       —
    医药ETF   0.345   0.349 +1.16% 0.94→1.07                       —
  新能源ETF   3.229   3.196 -1.02% 0.82→0.76                       —
    银行ETF   0.769   0.775 +0.78% 1.06→0.77                       —
    光伏ETF   1.125   1.117 -0.71% 1.01→1.04 ◇ 多头排列 → - 趋势完好
      酒ETF   0.455   0.452 -0.66% 0.85→0.71                       —
    证券ETF   1.050   1.056 +0.57% 0.62→0.91                       —
  房地产ETF   1.418   1.426 +0.56% 0.92→1.45                       —
    环保ETF   1.448   1.440 -0.55% 0.92→0.81                       —
    军工ETF   1.370   1.377 +0.51% 0.47→0.72                       —
人工智能ETF   2.534   2.524 -0.39% 0.77→0.82                       —
 中证500ETF   8.732   8.703 -0.33% 0.64→0.95                       —
    通信ETF   1.516   1.511 -0.33% 0.95→1.11                       —

────────────────────────────────────────────────────────────
  尾盘异动: 19 只  信号翻转: 1 只  大幅波动(≥1%): 9 只
  ⚠ 信号翻转:
    光伏ETF: ◇ 多头排列 → - 趋势完好
  ⚠ 大幅波动:
    芯片ETF: -4.48%
    半导体ETF: -4.14%
    传媒ETF: +2.99%
    科创50ETF: -2.86%
    游戏ETF: +2.25%
    黄金股ETF: +2.16%
    汽车ETF: +1.33%
    医药ETF: +1.16%
    新能源ETF: -1.02%

  📨 已推送飞书
