--- 2026-05-20 14:43:14 ---
🔭 Argus 正在扫描...

  [1/27] 沪深300ETF (在线)
  [2/27] 中证500ETF (在线)
  [3/27] 中证1000ETF (在线)
  [4/27] 创业板ETF (在线)
  [5/27] 科创50ETF (在线)
  [6/27] 半导体ETF (在线)
  [7/27] 芯片ETF (在线)
  [8/27] 通信ETF (在线)
  [9/27] 稀有金属ETF (在线)
  [10/27] 人工智能ETF (在线)
  [11/27] 医药ETF (在线)
  [12/27] 酒ETF (在线)
  [13/27] 汽车ETF (在线)
  [14/27] 银行ETF (在线)
  [15/27] 证券ETF (在线)
  [16/27] 房地产ETF (在线)
  [17/27] 有色金属ETF (在线)
  [18/27] 黄金股ETF (在线)
  [19/27] 新能源ETF (在线)
  [20/27] 光伏ETF (在线)
  [21/27] 传媒ETF (在线)
  [22/27] 军工ETF (在线)
  [23/27] 游戏ETF (在线)
  [24/27] 环保ETF (在线)
  [25/27] 恒生科技ETF (在线)
  [26/27] 红利ETF (在线)
  [27/27] 机器人ETF (在线)
  完成! (在线: 27, 缓存: 0)

============================================================
  ▲ 接近支撑  (1只)
============================================================
  代码      名称  现价   MA5  MA20  MA50  MA100 距MA50  量比 回踩MA50 MA5拐头       状态
516160 新能源ETF 3.229 3.209 3.258 3.155  3.071  +2.3%  0.82       是       ↓ ▲ 接近支撑

============================================================
  ◇ 多头排列  (7只)
============================================================
  代码        名称  现价   MA5  MA20  MA50  MA100 距MA50  量比 回踩MA50 MA5拐头       状态
562500   机器人ETF 1.198 1.166 1.078 1.012  1.029 +18.4%  1.19       否       ↑ ◇ 多头排列
512100 中证1000ETF 3.538 3.520 3.442 3.287  3.262  +7.6%  0.70       否       ↓ ◇ 多头排列
515790     光伏ETF 1.125 1.116 1.093 1.091  1.073  +3.1%  1.01       是       ↓ ◇ 多头排列
588000   科创50ETF 1.926 1.840 1.696 1.528  1.524 +26.0%  1.16       否       ↑ ◇ 多头排列
512480   半导体ETF 2.223 2.098 1.886 1.667  1.633 +33.3%  0.93       否       ↑ ◇ 多头排列
159995     芯片ETF 2.544 2.391 2.152 1.913  1.897 +33.0%  0.89       否       ↑ ◇ 多头排列
515070 人工智能ETF 2.534 2.506 2.359 2.111  2.065 +20.0%  0.77       否       ↓ ◇ 多头排列

============================================================
  - 趋势完好  (4只)
============================================================
  代码       名称  现价   MA5  MA20  MA50  MA100 距MA50  量比 回踩MA50 MA5拐头       状态
512580    环保ETF 1.448 1.435 1.434 1.395  1.356  +3.8%  0.92       否       ↓ - 趋势完好
510300 沪深300ETF 4.867 4.881 4.859 4.702  4.724  +3.5%  0.77       否       ↓ - 趋势完好
510500 中证500ETF 8.732 8.690 8.588 8.241  8.194  +6.0%  0.64       否       ↓ - 趋势完好
159915  创业板ETF 3.932 3.942 3.812 3.518  3.392 +11.8%  0.82       否       ↓ - 趋势完好

============================================================
  ✗ 趋势偏弱  (15只)
============================================================
  代码        名称  现价   MA5  MA20  MA50  MA100 距MA50  量比 回踩MA50 MA5拐头       状态
512010     医药ETF 0.345 0.352 0.364 0.366  0.376  -5.9%  0.94       是       ↓ ✗ 趋势偏弱
513180 恒生科技ETF 0.619 0.626 0.636 0.633  0.680  -2.2%  0.78       是       ↓ ✗ 趋势偏弱
159869     游戏ETF 1.245 1.265 1.301 1.320  1.428  -5.7%  0.71       是       ↓ ✗ 趋势偏弱
512660     军工ETF 1.370 1.385 1.417 1.383  1.416  -0.9%  0.47       是       ↓ ✗ 趋势偏弱
512980     传媒ETF 0.969 0.981 1.007 1.013  1.070  -4.4%  0.93       是       ↓ ✗ 趋势偏弱
562800 稀有金属ETF 1.066 1.116 1.140 1.076  1.051  -1.0%  1.52       是       ↓ ✗ 趋势偏弱
515880     通信ETF 1.516 1.518 1.424 1.241  1.832 +22.1%  0.95       否       ↓ ✗ 趋势偏弱
512400 有色金属ETF 1.983 2.028 2.125 2.094  2.122  -5.3%  0.78       是       ↓ ✗ 趋势偏弱
512200   房地产ETF 1.418 1.430 1.433 1.410  1.468  +0.5%  0.92       是       ↓ ✗ 趋势偏弱
512880     证券ETF 1.050 1.054 1.072 1.072  1.137  -2.1%  0.62       是       ↓ ✗ 趋势偏弱
510880     红利ETF 3.215 3.220 3.268 3.268  3.222  -1.6%  0.91       是       ↓ ✗ 趋势偏弱
516110     汽车ETF 1.277 1.291 1.319 1.319  1.360  -3.2%  1.22       是       ↓ ✗ 趋势偏弱
512690       酒ETF 0.455 0.456 0.474 0.488  0.514  -6.8%  0.85       是       ↓ ✗ 趋势偏弱
517520   黄金股ETF 1.944 2.028 2.186 2.265  2.340 -14.2%  0.88       是       ↓ ✗ 趋势偏弱
512800     银行ETF 0.769 0.776 0.790 0.792  0.793  -2.9%  1.06       是       ↓ ✗ 趋势偏弱

────────────────────────────────────────────────────────────
  扫描: 27  成功: 27  异常: 0
  ★买入: 0  ▲支撑: 1  ◇多头: 7


============================================================
  📊 持仓监控 (1 只)
============================================================
  🟡 关注 中证500ETF(004348 南方中证500C)
     ★ 买入信号 → - 趋势完好  距MA50 +6.0%  → 趋势转弱，密切关注
  📨 已推送飞书
