--- 2026-06-09 15:34:07 ---
🔭 Argus 正在扫描...

  [1/27] 沪深300ETF (在线)
  [2/27] 中证500ETF (在线)
  [3/27] 中证1000ETF (在线)
  [4/27] 创业板ETF (在线)
  [5/27] 科创50ETF (在线)
  [6/27] 半导体ETF (在线)
  [7/27] 芯片ETF (在线)
  [8/27] 通信ETF (在线)
  [9/27] 稀有金属ETF (在线)
  [10/27] 人工智能ETF (在线)
  [11/27] 医药ETF (在线)
  [12/27] 酒ETF (在线)
  [13/27] 汽车ETF (在线)
  [14/27] 银行ETF (在线)
  [15/27] 证券ETF (在线)
  [16/27] 房地产ETF (在线)
  [17/27] 有色金属ETF (在线)
  [18/27] 黄金股ETF (在线)
  [19/27] 新能源ETF (在线)
  [20/27] 光伏ETF (在线)
  [21/27] 传媒ETF (在线)
  [22/27] 军工ETF (在线)
  [23/27] 游戏ETF (在线)
  [24/27] 环保ETF (在线)
  [25/27] 恒生科技ETF (在线)
  [26/27] 红利ETF (在线)
  [27/27] 机器人ETF (在线)
  完成! (在线: 27, 缓存: 0)

============================================================
  ▲ 接近支撑  (2只)
============================================================
  代码        名称  现价   MA5  MA20  MA50  MA100 距MA50  量比 回踩MA50 MA5拐头       状态         试探
510300  沪深300ETF 4.826 4.860 4.895 4.778  4.744  +1.0%  0.51       是       ↓ ▲ 接近支撑 ◆ 安全垫0.7%
512100 中证1000ETF 3.341 3.346 3.446 3.340  3.313  +0.0%  1.66       是       ↓ ▲ 接近支撑 ◆ 安全垫0.8%

============================================================
  ◇ 多头排列  (3只)
============================================================
  代码      名称  现价   MA5  MA20  MA50  MA100 距MA50  量比 回踩MA50 MA5拐头       状态                  突破
515880   通信ETF 1.695 1.677 1.575 1.388  1.627 +22.1%  1.12       否       ↑ ◇ 多头排列                      
512800   银行ETF 0.792 0.784 0.777 0.788  0.787  +0.5%  1.92       是       ↑ ◇ 多头排列 ⬆ 突破(3/5日在MA50下)
562500 机器人ETF 1.168 1.142 1.161 1.060  1.056 +10.2%  1.41       否       ↑ ◇ 多头排列                      

============================================================
  - 趋势完好  (6只)
============================================================
  代码        名称  现价   MA5  MA20  MA50  MA100 距MA50  量比 回踩MA50 MA5拐头       状态
159915   创业板ETF 3.972 4.004 3.997 3.721  3.507  +6.8%  1.05       否       ↓ - 趋势完好
510880     红利ETF 3.291 3.313 3.239 3.252  3.232  +1.2%  0.64       是       ↓ - 趋势完好
515070 人工智能ETF 2.461 2.493 2.513 2.272  2.147  +8.3%  0.75       否       ↓ - 趋势完好
588000   科创50ETF 1.755 1.771 1.844 1.644  1.583  +6.8%  0.78       否       ↓ - 趋势完好
159995     芯片ETF 2.410 2.424 2.471 2.114  2.005 +14.0%  0.80       否       ↓ - 趋势完好
512480   半导体ETF 2.109 2.108 2.148 1.845  1.733 +14.3%  0.84       否       ↓ - 趋势完好

============================================================
  ✗ 趋势偏弱  (16只)
============================================================
  代码        名称  现价   MA5  MA20  MA50  MA100 距MA50  量比 回踩MA50 MA5拐头       状态
510500  中证500ETF 8.270 8.316 8.562 8.342  8.335  -0.9%  0.70       是       ↓ ✗ 趋势偏弱
513180 恒生科技ETF 0.610 0.621 0.625 0.627  0.664  -2.7%  0.78       是       ↓ ✗ 趋势偏弱
512580     环保ETF 1.329 1.350 1.410 1.395  1.373  -4.8%  0.81       是       ↓ ✗ 趋势偏弱
159869     游戏ETF 1.107 1.112 1.188 1.261  1.387 -12.2%  0.74       是       ↓ ✗ 趋势偏弱
512660     军工ETF 1.235 1.256 1.330 1.354  1.415  -8.8%  0.67       是       ↓ ✗ 趋势偏弱
512980     传媒ETF 0.868 0.872 0.929 0.976  1.060 -11.0%  0.97       是       ↓ ✗ 趋势偏弱
515790     光伏ETF 1.014 1.034 1.089 1.073  1.089  -5.5%  0.59       是       ↓ ✗ 趋势偏弱
517520   黄金股ETF 1.744 1.814 1.946 2.134  2.319 -18.3%  1.07       是       ↓ ✗ 趋势偏弱
562800 稀有金属ETF 0.988 1.042 1.082 1.082  1.074  -8.7%  0.90       是       ↓ ✗ 趋势偏弱
512400 有色金属ETF 1.869 1.923 1.999 2.060  2.137  -9.3%  1.03       是       ↓ ✗ 趋势偏弱
512880     证券ETF 1.005 1.016 1.040 1.053  1.111  -4.6%  0.77       是       ↓ ✗ 趋势偏弱
516110     汽车ETF 1.214 1.222 1.267 1.298  1.338  -6.5%  0.89       是       ↓ ✗ 趋势偏弱
512690       酒ETF 0.421 0.431 0.447 0.471  0.500 -10.7%  0.71       是       ↓ ✗ 趋势偏弱
512010     医药ETF 0.320 0.325 0.341 0.358  0.369 -10.6%  1.08       是       ↓ ✗ 趋势偏弱
516160   新能源ETF 2.902 2.944 3.122 3.140  3.104  -7.6%  1.03       是       ↓ ✗ 趋势偏弱
512200   房地产ETF 1.263 1.289 1.364 1.380  1.446  -8.5%  0.85       是       ↓ ✗ 趋势偏弱

────────────────────────────────────────────────────────────
  扫描: 27  成功: 27  异常: 0
  ★买入: 0  ▲支撑: 2  ◇多头: 3  ◆试探: 2  ⬆突破: 1

  📕 小红书日志已保存: scan_20260609_xhs.txt

============================================================
  🔍 尾盘对比 (14:45 vs 15:00)
============================================================
  尾盘无显著变化，行情平稳收尾

  📨 已推送飞书
