--- 2026-05-13 22:29:35 ---
🔭 Argus 正在扫描...



============================================================
  ★ 买入信号  (3只)
============================================================
  代码        名称  现价   MA5  MA20  MA50  MA100 距MA50  量比 回踩MA50 MA5拐头       状态                   信号评估                 场外基金
512660     军工ETF 1.488 1.472 1.413 1.397  1.408  +6.5%  1.26       是       ↑ ★ 买入信号 中|长期均线未理顺,MA50下行     003017 广发军工联接A
515790     光伏ETF 1.146 1.118 1.080 1.092  1.065  +5.0%  1.63       是       ↑ ★ 买入信号 中|长期均线未理顺,MA50下行 012679 华泰柏瑞光伏联接A
512400 有色金属ETF 2.209 2.204 2.152 2.130  2.108  +3.7%  1.15       是       ↑ ★ 买入信号     中|MA50下行,距高点-15% 004432 南方有色金属联接A

============================================================
  ◇ 多头排列  (10只)
============================================================
  代码        名称  现价   MA5  MA20  MA50  MA100 距MA50  量比 回踩MA50 MA5拐头       状态
510300  沪深300ETF 5.017 4.949 4.815 4.682  4.714  +7.2%  1.18       否       ↑ ◇ 多头排列
516160   新能源ETF 3.328 3.326 3.244 3.141  3.050  +5.9%  1.05       是       ↓ ◇ 多头排列
515070 人工智能ETF 2.576 2.467 2.257 2.058  2.035 +25.1%  0.99       否       ↑ ◇ 多头排列
512580     环保ETF 1.471 1.463 1.419 1.385  1.348  +6.2%  0.72       是       ↑ ◇ 多头排列
510500  中证500ETF 9.009 8.865 8.458 8.223  8.122  +9.6%  0.77       是       ↑ ◇ 多头排列
512480   半导体ETF 2.088 1.996 1.762 1.618  1.600 +29.0%  1.09       否       ↑ ◇ 多头排列
512100 中证1000ETF 3.598 3.538 3.380 3.267  3.235 +10.1%  0.56       是       ↑ ◇ 多头排列
159915   创业板ETF 4.048 3.917 3.717 3.447  3.353 +17.4%  0.93       否       ↑ ◇ 多头排列
159995     芯片ETF 2.384 2.286 2.010 1.861  1.862 +28.1%  1.14       否       ↑ ◇ 多头排列
588000   科创50ETF 1.865 1.798 1.606 1.495  1.502 +24.8%  1.18       否       ↑ ◇ 多头排列

============================================================
  - 趋势完好  (2只)
============================================================
  代码      名称  现价   MA5  MA20  MA50  MA100 距MA50  量比 回踩MA50 MA5拐头       状态
562800 机器人ETF 1.182 1.189 1.137 1.082  1.042  +9.2%  0.80       是       ↓ - 趋势完好
512200 房地产ETF 1.491 1.494 1.422 1.416  1.471  +5.3%  0.86       是       ↑ - 趋势完好

============================================================
  ✗ 趋势偏弱  (10只)
============================================================
  代码      名称  现价   MA5  MA20  MA50  MA100 距MA50  量比 回踩MA50 MA5拐头       状态
515880   通信ETF 1.557 1.477 1.358 1.199  1.905 +29.9%  0.98       否       ↑ ✗ 趋势偏弱
512980   传媒ETF 1.024 1.026 1.016 1.025  1.069  -0.1%  0.83       是       ↑ ✗ 趋势偏弱
560080 黄金股ETF 0.994 1.000 0.998 1.013  1.037  -1.9%  0.77       是       ↓ ✗ 趋势偏弱
512880   证券ETF 1.095 1.093 1.078 1.081  1.144  +1.3%  1.12       是       ↑ ✗ 趋势偏弱
516110   汽车ETF 1.322 1.329 1.330 1.325  1.364  -0.2%  1.53       是       ↓ ✗ 趋势偏弱
159869   游戏ETF 1.324 1.331 1.316 1.337  1.435  -0.9%  0.82       是       ↑ ✗ 趋势偏弱
512010   医药ETF 0.370 0.369 0.369 0.368  0.378  +0.5%  1.24       是       ↑ ✗ 趋势偏弱
515050     5GETF 1.156 2.825 2.891 2.600  2.455 -55.5%  2.80       是       ↓ ✗ 趋势偏弱
512800   银行ETF 0.780 0.783 0.795 0.792  0.796  -1.5%  1.14       是       ↓ ✗ 趋势偏弱
512690     酒ETF 0.462 0.472 0.483 0.494  0.519  -6.5%  1.21       是       ↓ ✗ 趋势偏弱

────────────────────────────────────────────────────────────
  扫描: 25  成功: 25  异常: 0
  ★买入: 3  ▲支撑: 0  ◎等待: 0  ◇多头: 10

  📕 小红书日志已保存: scan_0513_xhs.txt
  📨 已推送飞书
