--- 2026-05-22 14:43:14 ---
🔭 Argus 正在扫描...

  [1/27] 沪深300ETF (在线)
  [2/27] 中证500ETF (在线)
  [3/27] 中证1000ETF (在线)
  [4/27] 创业板ETF (在线)
  [5/27] 科创50ETF (在线)
  [6/27] 半导体ETF (在线)
  [7/27] 芯片ETF (在线)
  [8/27] 通信ETF (在线)
  [9/27] 稀有金属ETF (在线)
  [10/27] 人工智能ETF (在线)
  [11/27] 医药ETF (在线)
  [12/27] 酒ETF (在线)
  [13/27] 汽车ETF (在线)
  [14/27] 银行ETF (在线)
  [15/27] 证券ETF (在线)
  [16/27] 房地产ETF (在线)
  [17/27] 有色金属ETF (在线)
  [18/27] 黄金股ETF (在线)
  [19/27] 新能源ETF (在线)
  [20/27] 光伏ETF (在线)
  [21/27] 传媒ETF (在线)
  [22/27] 军工ETF (在线)
  [23/27] 游戏ETF (在线)
  [24/27] 环保ETF (在线)
  [25/27] 恒生科技ETF (在线)
  [26/27] 红利ETF (在线)
  [27/27] 机器人ETF (在线)
  完成! (在线: 27, 缓存: 0)

============================================================
  ▲ 接近支撑  (3只)
============================================================
  代码       名称  现价   MA5  MA20  MA50  MA100 距MA50  量比 回踩MA50 MA5拐头       状态
510300 沪深300ETF 4.855 4.851 4.865 4.709  4.727  +3.1%  0.98       否       ↓ ▲ 接近支撑
512580    环保ETF 1.428 1.431 1.435 1.397  1.359  +2.2%  0.70       是       ↓ ▲ 接近支撑
516160  新能源ETF 3.189 3.192 3.252 3.159  3.079  +0.9%  1.10       是       ↓ ▲ 接近支撑

============================================================
  ◇ 多头排列  (5只)
============================================================
  代码        名称  现价   MA5  MA20  MA50  MA100 距MA50  量比 回踩MA50 MA5拐头       状态
515070 人工智能ETF 2.504 2.498 2.387 2.131  2.077 +17.5%  0.91       否       ↓ ◇ 多头排列
159995     芯片ETF 2.528 2.465 2.216 1.939  1.913 +30.4%  0.89       否       ↑ ◇ 多头排列
562500   机器人ETF 1.187 1.185 1.095 1.019  1.034 +16.5%  1.53       否       ↑ ◇ 多头排列
588000   科创50ETF 1.884 1.870 1.732 1.544  1.533 +22.0%  0.90       否       ↑ ◇ 多头排列
512480   半导体ETF 2.185 2.147 1.937 1.691  1.648 +29.2%  0.88       否       ↑ ◇ 多头排列

============================================================
  - 趋势完好  (4只)
============================================================
  代码        名称  现价   MA5  MA20  MA50  MA100 距MA50  量比 回踩MA50 MA5拐头       状态
510500  中证500ETF 8.648 8.647 8.612 8.249  8.222  +4.8%  0.92       否       ↓ - 趋势完好
159915   创业板ETF 3.941 3.913 3.833 3.545  3.407 +11.2%  0.98       否       ↓ - 趋势完好
515790     光伏ETF 1.108 1.109 1.095 1.090  1.076  +1.7%  0.77       是       ↓ - 趋势完好
512100 中证1000ETF 3.492 3.503 3.454 3.294  3.272  +6.0%  0.89       否       ↓ - 趋势完好

============================================================
  ✗ 趋势偏弱  (15只)
============================================================
  代码        名称  现价   MA5  MA20  MA50  MA100 距MA50  量比 回踩MA50 MA5拐头       状态
513180 恒生科技ETF 0.619 0.617 0.632 0.632  0.678  -2.0%  0.85       是       ↓ ✗ 趋势偏弱
159869     游戏ETF 1.210 1.239 1.290 1.312  1.424  -7.8%  0.78       是       ↓ ✗ 趋势偏弱
512660     军工ETF 1.354 1.363 1.409 1.376  1.419  -1.6%  0.74       是       ↓ ✗ 趋势偏弱
512980     传媒ETF 0.937 0.965 0.997 1.008  1.070  -7.0%  0.83       是       ↓ ✗ 趋势偏弱
517520   黄金股ETF 1.955 1.961 2.147 2.241  2.340 -12.8%  0.80       是       ↓ ✗ 趋势偏弱
512400 有色金属ETF 2.017 1.988 2.106 2.083  2.127  -3.2%  0.82       是       ↓ ✗ 趋势偏弱
512880     证券ETF 1.036 1.048 1.070 1.069  1.134  -3.1%  1.01       是       ↓ ✗ 趋势偏弱
510880     红利ETF 3.156 3.196 3.260 3.263  3.222  -3.3%  1.06       是       ↓ ✗ 趋势偏弱
516110     汽车ETF 1.300 1.292 1.315 1.317  1.358  -1.3%  1.13       是       ↑ ✗ 趋势偏弱
512690       酒ETF 0.445 0.451 0.471 0.486  0.512  -8.5%  0.82       是       ↓ ✗ 趋势偏弱
512010     医药ETF 0.344 0.348 0.362 0.366  0.375  -5.9%  0.93       是       ↓ ✗ 趋势偏弱
562800 稀有金属ETF 1.053 1.080 1.135 1.074  1.056  -2.0%  1.07       是       ↓ ✗ 趋势偏弱
515880     通信ETF 1.501 1.497 1.437 1.257  1.803 +19.4%  0.98       否       ↓ ✗ 趋势偏弱
512200   房地产ETF 1.372 1.399 1.430 1.406  1.466  -2.5%  0.89       是       ↓ ✗ 趋势偏弱
512800     银行ETF 0.767 0.770 0.786 0.791  0.793  -3.1%  0.84       是       ↓ ✗ 趋势偏弱

────────────────────────────────────────────────────────────
  扫描: 27  成功: 27  异常: 0
  ★买入: 0  ▲支撑: 3  ◇多头: 5


============================================================
  📊 持仓监控 (1 只)
============================================================
  🟡 关注 中证500ETF(004348 南方中证500C)
     ★ 买入信号 → - 趋势完好  距MA50 +4.8%  → 趋势转弱，密切关注
  📨 已推送飞书
