--- 2026-06-01 15:34:11 ---
🔭 Argus 正在扫描...

  [1/27] 沪深300ETF (在线)
  [2/27] 中证500ETF (在线)
  [3/27] 中证1000ETF (在线)
  [4/27] 创业板ETF (在线)
  [5/27] 科创50ETF (在线)
  [6/27] 半导体ETF (在线)
  [7/27] 芯片ETF (在线)
  [8/27] 通信ETF (在线)
  [9/27] 稀有金属ETF (在线)
  [10/27] 人工智能ETF (在线)
  [11/27] 医药ETF (在线)
  [12/27] 酒ETF (在线)
  [13/27] 汽车ETF (在线)
  [14/27] 银行ETF (在线)
  [15/27] 证券ETF (在线)
  [16/27] 房地产ETF (在线)
  [17/27] 有色金属ETF (在线)
  [18/27] 黄金股ETF (在线)
  [19/27] 新能源ETF (在线)
  [20/27] 光伏ETF (在线)
  [21/27] 传媒ETF (在线)
  [22/27] 军工ETF (在线)
  [23/27] 游戏ETF (在线)
  [24/27] 环保ETF (在线)
  [25/27] 恒生科技ETF (在线)
  [26/27] 红利ETF (在线)
  [27/27] 机器人ETF (在线)
  完成! (在线: 27, 缓存: 0)

============================================================
  ▲ 接近支撑  (4只)
============================================================
  代码        名称  现价   MA5  MA20  MA50  MA100 距MA50  量比 回踩MA50 MA5拐头       状态         试探
510300  沪深300ETF 4.868 4.925 4.905 4.739  4.740  +2.7%  0.43       是       ↓ ▲ 接近支撑             
510500  中证500ETF 8.370 8.566 8.683 8.281  8.296  +1.1%  0.61       是       ↓ ▲ 接近支撑             
512100 中证1000ETF 3.359 3.430 3.485 3.311  3.299  +1.4%  1.32       是       ↓ ▲ 接近支撑 ◆ 安全垫0.4%
512580     环保ETF 1.412 1.428 1.440 1.399  1.370  +0.9%  0.71       是       ↓ ▲ 接近支撑 ◆ 安全垫2.1%

============================================================
  ◇ 多头排列  (1只)
============================================================
  代码    名称  现价   MA5  MA20  MA50  MA100 距MA50  量比 回踩MA50 MA5拐头       状态                  突破
510880 红利ETF 3.307 3.208 3.232 3.248  3.224  +1.8%  2.31       是       ↑ ◇ 多头排列 ⬆ 突破(5/5日在MA50下)

============================================================
  - 趋势完好  (6只)
============================================================
  代码        名称  现价   MA5  MA20  MA50  MA100 距MA50  量比 回踩MA50 MA5拐头       状态
515070 人工智能ETF 2.426 2.527 2.483 2.202  2.115 +10.2%  1.00       否       ↓ - 趋势完好
562500   机器人ETF 1.102 1.151 1.148 1.040  1.049  +5.9%  0.68       否       ↓ - 趋势完好
512480   半导体ETF 2.046 2.217 2.098 1.772  1.696 +15.5%  1.07       否       ↓ - 趋势完好
159915   创业板ETF 3.964 4.053 3.943 3.634  3.460  +9.1%  0.93       否       ↓ - 趋势完好
588000   科创50ETF 1.754 1.884 1.838 1.597  1.563  +9.8%  1.11       否       ↓ - 趋势完好
159995     芯片ETF 2.357 2.565 2.411 2.032  1.966 +16.0%  0.98       否       ↓ - 趋势完好

============================================================
  ✗ 趋势偏弱  (16只)
============================================================
  代码        名称  现价   MA5  MA20  MA50  MA100 距MA50  量比 回踩MA50 MA5拐头       状态
515880     通信ETF 1.532 1.566 1.499 1.316  1.714 +16.4%  1.23       否       ↓ ✗ 趋势偏弱
513180 恒生科技ETF 0.628 0.623 0.630 0.628  0.672  +0.0%  1.11       是       ↑ ✗ 趋势偏弱
159869     游戏ETF 1.164 1.161 1.250 1.284  1.408  -9.3%  0.88       是       ↓ ✗ 趋势偏弱
512660     军工ETF 1.269 1.314 1.388 1.362  1.422  -6.8%  0.94       是       ↓ ✗ 趋势偏弱
512980     传媒ETF 0.933 0.914 0.971 0.990  1.067  -5.8%  1.41       是       ↓ ✗ 趋势偏弱
515790     光伏ETF 1.066 1.101 1.107 1.083  1.085  -1.6%  0.99       是       ↓ ✗ 趋势偏弱
516160   新能源ETF 3.085 3.153 3.231 3.155  3.101  -2.2%  1.02       是       ↓ ✗ 趋势偏弱
512400 有色金属ETF 1.949 2.003 2.074 2.060  2.137  -5.4%  0.73       是       ↓ ✗ 趋势偏弱
512200   房地产ETF 1.357 1.350 1.419 1.392  1.459  -2.5%  0.71       是       ↓ ✗ 趋势偏弱
512880     证券ETF 1.035 1.038 1.062 1.060  1.123  -2.4%  0.64       是       ↓ ✗ 趋势偏弱
516110     汽车ETF 1.230 1.261 1.297 1.308  1.351  -6.0%  0.75       是       ↓ ✗ 趋势偏弱
512690       酒ETF 0.456 0.451 0.460 0.479  0.506  -4.8%  0.90       是       ↑ ✗ 趋势偏弱
512010     医药ETF 0.340 0.340 0.354 0.362  0.373  -6.1%  1.14       是       ↓ ✗ 趋势偏弱
562800 稀有金属ETF 1.055 1.082 1.125 1.074  1.067  -1.8%  0.91       是       ↓ ✗ 趋势偏弱
517520   黄金股ETF 1.899 1.937 2.069 2.177  2.334 -12.8%  0.45       是       ↓ ✗ 趋势偏弱
512800     银行ETF 0.785 0.772 0.777 0.789  0.790  -0.5%  1.17       是       ↑ ✗ 趋势偏弱

────────────────────────────────────────────────────────────
  扫描: 27  成功: 27  异常: 0
  ★买入: 0  ▲支撑: 4  ◇多头: 1  ◆试探: 2  ⬆突破: 1


============================================================
  📊 持仓监控 (3 只)
============================================================
  🔵 持有 中证500ETF(004348 南方中证500C)
     ◇ 多头排列 → ▲ 接近支撑  距MA50 +1.1%  → 持有观望
  🔵 持有 环保ETF(002984 广发中证环保ETF联接C)
     ▲ 接近支撑 → ▲ 接近支撑  距MA50 +0.9%  → 持有观望
  🔴 止损 新能源ETF(012832 南方中证新能源ETF联接C)
     ▲ 接近支撑 → ✗ 趋势偏弱  距MA50 -2.2%  → 趋势走坏，建议止损
  📕 小红书日志已保存: scan_20260601_xhs.txt

============================================================
  🔍 尾盘对比 (14:45 vs 15:00)
============================================================
  尾盘无显著变化，行情平稳收尾

  📨 已推送飞书
