--- 2026-06-22 15:34:09 ---
🔭 Argus 正在扫描...

  [1/28] 沪深300ETF (在线)
  [2/28] 中证500ETF (在线)
  [3/28] 中证1000ETF (在线)
  [4/28] 创业板ETF (在线)
  [5/28] 科创50ETF (在线)
  [6/28] 半导体ETF (在线)
  [7/28] 芯片ETF (在线)
  [8/28] 通信ETF (在线)
  [9/28] 稀有金属ETF (在线)
  [10/28] 人工智能ETF (在线)
  [11/28] 医药ETF (在线)
  [12/28] 酒ETF (在线)
  [13/28] 汽车ETF (在线)
  [14/28] 银行ETF (在线)
  [15/28] 证券ETF (在线)
  [16/28] 房地产ETF (在线)
  [17/28] 有色金属ETF (在线)
  [18/28] 黄金股ETF (在线)
  [19/28] 新能源ETF (在线)
  [20/28] 光伏ETF (在线)
  [21/28] 传媒ETF (在线)
  [22/28] 军工ETF (在线)
  [23/28] 游戏ETF (在线)
  [24/28] 环保ETF (在线)
  [25/28] 恒生科技ETF (在线)
  [26/28] 红利ETF (在线)
  [27/28] 红利低波ETF (在线)
  [28/28] 机器人ETF (在线)
  完成! (在线: 28, 缓存: 0)

============================================================
  ★ 买入信号  (10只)
============================================================
  代码        名称  现价   MA5  MA20  MA50  MA100 距MA50  量比 回踩MA50 MA5拐头       状态                  突破 风险等级                 信号评估                      场外基金
510300  沪深300ETF 5.091 4.972 4.901 4.844  4.745  +5.1%  2.18       是       ↑ ★ 买入信号                           追涨       中|均线紊乱,量偏大    002987 广发沪深300ETF联接C
510500  中证500ETF 9.007 8.755 8.496 8.475  8.359  +6.3%  1.02       是       ↑ ★ 买入信号                           追涨              中|均线紊乱    006382 华夏中证500ETF联接C
512400 有色金属ETF 2.155 2.072 1.987 2.064  2.127  +4.4%  1.34       是       ↑ ★ 买入信号 ⬆ 突破(4/5日在MA50下)     低位   中|均线紊乱,距高点-17%   004433 南方有色金属ETF联接C
159915   创业板ETF 4.379 4.197 4.046 3.857  3.566 +13.5%  1.12       是       ↑ ★ 买入信号                       高位博弈              强|均线紊乱     001593 天弘创业板ETF联接C
588000   科创50ETF 2.056 1.942 1.851 1.728  1.608 +19.0%  1.03       是       ↑ ★ 买入信号                       高位博弈              中|均线紊乱     011613 华夏科创50ETF联接C
512480   半导体ETF 2.552 2.381 2.215 1.980  1.785 +28.9%  0.89       是       ↑ ★ 买入信号                       高位博弈            强|各指标确认   007301 国联安半导体ETF联接C
159995     芯片ETF 2.920 2.695 2.536 2.263  2.059 +29.0%  1.06       是       ↑ ★ 买入信号                       高位博弈              中|均线紊乱 008888 华夏半导体芯片ETF联接C
512880     证券ETF 1.131 1.083 1.042 1.058  1.096  +6.9%  2.16       是       ↑ ★ 买入信号                           追涨 中|长期均线未理顺,量偏大       007993 华夏证券ETF联接C
562800 稀有金属ETF 1.165 1.143 1.078 1.099  1.080  +6.0%  1.42       是       ↑ ★ 买入信号                           追涨        强|长期均线未理顺   014111 嘉实稀有金属ETF联接C
515070 人工智能ETF 2.693 2.571 2.509 2.375  2.179 +13.4%  1.32       是       ↑ ★ 买入信号                       高位博弈              中|均线紊乱   008586 华夏人工智能ETF联接C

============================================================
  ◇ 多头排列  (3只)
============================================================
  代码        名称  现价   MA5  MA20  MA50  MA100 距MA50  量比 回踩MA50 MA5拐头       状态 风险等级
562500   机器人ETF 1.170 1.133 1.148 1.093  1.061  +7.1%  0.79       是       ↑ ◇ 多头排列      NaN
515880     通信ETF 1.859 1.771 1.654 1.488  1.510 +24.9%  0.94       否       ↑ ◇ 多头排列      NaN
512100 中证1000ETF 3.580 3.515 3.413 3.399  3.323  +5.3%  0.68       是       ↑ ◇ 多头排列      NaN

============================================================
  ✗ 趋势偏弱  (15只)
============================================================
  代码        名称  现价   MA5  MA20  MA50  MA100 距MA50  量比 回踩MA50 MA5拐头       状态 风险等级
512690       酒ETF 0.407 0.414 0.433 0.459  0.489 -11.4%  1.21       是       ↓ ✗ 趋势偏弱      NaN
510880     红利ETF 3.125 3.166 3.238 3.245  3.231  -3.7%  1.61       是       ↓ ✗ 趋势偏弱      NaN
513180 恒生科技ETF 0.582 0.589 0.611 0.624  0.650  -6.7%  1.18       是       ↓ ✗ 趋势偏弱      NaN
512580     环保ETF 1.380 1.358 1.372 1.396  1.375  -1.2%  0.88       是       ↑ ✗ 趋势偏弱      NaN
159869     游戏ETF 1.085 1.063 1.110 1.226  1.343 -11.5%  1.42       是       ↓ ✗ 趋势偏弱      NaN
512660     军工ETF 1.298 1.282 1.279 1.349  1.393  -3.8%  1.02       是       ↑ ✗ 趋势偏弱      NaN
512980     传媒ETF 0.853 0.836 0.873 0.953  1.030 -10.5%  0.94       是       ↑ ✗ 趋势偏弱      NaN
515790     光伏ETF 1.043 1.028 1.049 1.069  1.088  -2.4%  0.86       是       ↑ ✗ 趋势偏弱      NaN
516160   新能源ETF 3.118 3.032 3.025 3.135  3.101  -0.6%  0.83       是       ↑ ✗ 趋势偏弱      NaN
517520   黄金股ETF 1.869 1.881 1.864 2.069  2.286  -9.7%  1.01       是       ↑ ✗ 趋势偏弱      NaN
512200   房地产ETF 1.241 1.257 1.300 1.367  1.424  -9.2%  1.84       是       ↓ ✗ 趋势偏弱      NaN
512890 红利低波ETF 1.114 1.135 1.157 1.171  1.175  -4.9%  1.38       是       ↓ ✗ 趋势偏弱      NaN
516110     汽车ETF 1.152 1.168 1.216 1.278  1.317  -9.9%  1.17       是       ↓ ✗ 趋势偏弱      NaN
512010     医药ETF 0.333 0.327 0.331 0.352  0.363  -5.3%  1.02       是       ↑ ✗ 趋势偏弱      NaN
512800     银行ETF 0.771 0.783 0.784 0.787  0.786  -2.1%  1.41       是       ↓ ✗ 趋势偏弱      NaN

────────────────────────────────────────────────────────────
  扫描: 28  成功: 28  异常: 0
  ★买入: 10  ▲支撑: 0  ◇多头: 3  ⬆突破: 1


============================================================
  💰 定投模块
============================================================
  红利低波 512890(A类007466) 宽基/红利
  窗口② 6/16-6/28  剩6天到兜底 | 本窗口:✅已投
  现价1.114 | 分位0% | 距MA20 -3.7% | 趋势:空头排列
  → ✅ 本窗口已定投(2026-06-17)，下次窗口见
  📕 小红书日志已保存: scan_20260622_xhs.txt

============================================================
  🔍 尾盘对比 (14:45 vs 15:00)
============================================================
  尾盘无显著变化，行情平稳收尾

  📨 已推送飞书
